i	j	k	Dose(Gy)       
0	0	0	4.47346e-09    
1	0	0	4.50376e-09    
2	0	0	4.50997e-09    
3	0	0	4.51859e-09    
4	0	0	4.54184e-09    
5	0	0	4.56246e-09    
6	0	0	4.56663e-09    
7	0	0	4.57179e-09    
8	0	0	4.5968e-09     
9	0	0	4.59827e-09    
10	0	0	4.61137e-09    
11	0	0	4.63505e-09    
12	0	0	4.66277e-09    
13	0	0	4.6549e-09     
14	0	0	4.68028e-09    
15	0	0	4.69323e-09    
16	0	0	4.71239e-09    
17	0	0	4.74103e-09    
18	0	0	4.74576e-09    
19	0	0	4.7554e-09     
20	0	0	4.76568e-09    
21	0	0	4.78526e-09    
22	0	0	4.81041e-09    
23	0	0	4.82075e-09    
24	0	0	4.84695e-09    
25	0	0	4.85045e-09    
26	0	0	4.88287e-09    
27	0	0	4.89613e-09    
28	0	0	4.9343e-09     
29	0	0	4.92935e-09    
30	0	0	4.96358e-09    
31	0	0	4.96749e-09    
32	0	0	4.99564e-09    
33	0	0	5.01873e-09    
34	0	0	5.03947e-09    
35	0	0	5.05102e-09    
36	0	0	5.07679e-09    
37	0	0	5.0976e-09     
38	0	0	5.1045e-09     
39	0	0	5.14395e-09    
40	0	0	5.1559e-09     
41	0	0	5.17763e-09    
42	0	0	5.20059e-09    
43	0	0	5.23077e-09    
44	0	0	5.24807e-09    
45	0	0	5.27398e-09    
46	0	0	5.3118e-09     
47	0	0	5.32273e-09    
48	0	0	5.35219e-09    
49	0	0	5.37626e-09    
50	0	0	5.40283e-09    
51	0	0	5.42931e-09    
52	0	0	5.44707e-09    
53	0	0	5.47886e-09    
54	0	0	5.51303e-09    
55	0	0	5.54174e-09    
56	0	0	5.5762e-09     
57	0	0	5.61548e-09    
58	0	0	5.62565e-09    
59	0	0	5.68112e-09    
60	0	0	5.70952e-09    
61	0	0	5.73885e-09    
62	0	0	5.76052e-09    
63	0	0	5.81156e-09    
64	0	0	5.83485e-09    
65	0	0	5.87852e-09    
66	0	0	5.90867e-09    
67	0	0	5.93881e-09    
68	0	0	5.99177e-09    
69	0	0	6.0283e-09     
70	0	0	6.07034e-09    
71	0	0	6.11034e-09    
72	0	0	6.14596e-09    
73	0	0	6.19867e-09    
74	0	0	6.23985e-09    
75	0	0	6.27609e-09    
76	0	0	6.32567e-09    
77	0	0	6.38562e-09    
78	0	0	6.433e-09      
79	0	0	6.50361e-09    
80	0	0	6.55732e-09    
81	0	0	6.60998e-09    
82	0	0	6.65681e-09    
83	0	0	6.71812e-09    
84	0	0	6.78578e-09    
85	0	0	6.83209e-09    
86	0	0	6.91188e-09    
87	0	0	6.95842e-09    
88	0	0	7.03713e-09    
89	0	0	7.10334e-09    
90	0	0	7.17927e-09    
91	0	0	7.26038e-09    
92	0	0	7.34741e-09    
93	0	0	7.4243e-09     
94	0	0	7.53527e-09    
95	0	0	7.60213e-09    
96	0	0	7.70721e-09    
97	0	0	7.81481e-09    
98	0	0	7.91429e-09    
99	0	0	8.01917e-09    
100	0	0	8.11543e-09    
101	0	0	8.22677e-09    
102	0	0	8.3677e-09     
103	0	0	8.50616e-09    
104	0	0	8.63894e-09    
105	0	0	8.78392e-09    
106	0	0	8.9465e-09     
107	0	0	9.1117e-09     
108	0	0	9.29884e-09    
109	0	0	9.49005e-09    
110	0	0	9.69941e-09    
111	0	0	9.92099e-09    
112	0	0	1.0149e-08     
113	0	0	1.04108e-08    
114	0	0	1.07183e-08    
115	0	0	1.10099e-08    
116	0	0	1.13775e-08    
117	0	0	1.1759e-08     
118	0	0	1.2197e-08     
119	0	0	1.27029e-08    
120	0	0	1.32474e-08    
121	0	0	1.39413e-08    
122	0	0	1.47485e-08    
123	0	0	1.57271e-08    
124	0	0	1.69931e-08    
125	0	0	1.87781e-08    
126	0	0	2.13958e-08    
127	0	0	2.52015e-08    
128	0	0	2.92679e-08    
129	0	0	2.99844e-08    
130	0	0	2.28354e-08    
131	0	0	1.19421e-08    
132	0	0	3.89132e-09    
133	0	0	8.37406e-10    
134	0	0	1.10104e-10    
135	0	0	1.95123e-11    
136	0	0	6.48084e-14    
137	0	0	2.58779e-14    
138	0	0	3.19731e-14    
139	0	0	1.79239e-14    
140	0	0	5.18473e-14    
141	0	0	3.32524e-14    
142	0	0	1.64504e-14    
143	0	0	4.54729e-14    
144	0	0	3.06188e-14    
145	0	0	4.7603e-14     
146	0	0	4.65581e-15    
147	0	0	2.28747e-14    
148	0	0	5.77744e-14    
149	0	0	7.31614e-15    
150	0	0	2.15715e-14    
151	0	0	1.0441e-14     
152	0	0	4.16023e-15    
153	0	0	2.86561e-14    
154	0	0	3.02895e-14    
155	0	0	2.07463e-14    
156	0	0	1.13281e-14    
157	0	0	5.71316e-15    
158	0	0	2.2297e-14     
159	0	0	4.32964e-14    
160	0	0	6.40589e-15    
161	0	0	5.41702e-14    
162	0	0	5.09702e-15    
164	0	0	1.84262e-14    
165	0	0	3.0492e-15     
166	0	0	7.28428e-15    
168	0	0	3.96061e-15    
169	0	0	5.59837e-14    
170	0	0	2.51162e-15    
171	0	0	1.27316e-15    
172	0	0	1.96552e-14    
174	0	0	8.78411e-15    
175	0	0	1.42738e-14    
176	0	0	2.82666e-14    
177	0	0	1.42662e-14    
178	0	0	3.60423e-15    
179	0	0	2.4715e-15     
180	0	0	3.61126e-15    
181	0	0	1.74046e-14    
182	0	0	2.98697e-15    
184	0	0	1.52582e-15    
185	0	0	2.5408e-15     
186	0	0	3.14569e-16    
189	0	0	3.5161e-15     
190	0	0	3.2623e-16     
191	0	0	2.72967e-16    
192	0	0	9.38557e-16    
194	0	0	2.54143e-15    
198	0	0	1.86379e-15    