i	j	k	Dose           LDT            LTT            proton_1_D     proton_1_T     O16_D          O16_T          

0	0	0	9134.58        0.457129       0.457137       0.457129       0.457137       0              0              
1	0	0	9159.71        0.458537       0.458546       0.458537       0.458546       0              0              
2	0	0	9187.89        0.459964       0.459973       0.459964       0.459973       0              0              
3	0	0	9205.34        0.461407       0.461415       0.461407       0.461415       0              0              
4	0	0	9235.17        0.462867       0.462875       0.462867       0.462875       0              0              
5	0	0	9275.58        0.464348       0.464356       0.464348       0.464356       0              0              
6	0	0	9295.56        0.465846       0.465855       0.465846       0.465855       0              0              
7	0	0	9325.13        0.467366       0.467371       0.467366       0.467371       0              0              
8	0	0	9351.16        0.4689         0.468907       0.4689         0.468907       0              0              
9	0	0	9397.03        0.470457       0.470466       0.470457       0.470466       0              0              
10	0	0	9400.39        0.472036       0.472042       0.472036       0.472042       0              0              
11	0	0	9439.15        0.473631       0.473638       0.473631       0.473638       0              0              
12	0	0	9493.47        0.475251       0.475259       0.475251       0.475259       0              0              
13	0	0	9519.92        0.476894       0.476902       0.476894       0.476902       0              0              
14	0	0	9597.11        0.478563       0.478573       0.478563       0.478573       0              0              
15	0	0	9608.99        0.480261       0.480266       0.480261       0.480266       0              0              
16	0	0	9611.69        0.481971       0.481978       0.481971       0.481978       0              0              
17	0	0	9662.14        0.483708       0.483715       0.483708       0.483715       0              0              
18	0	0	9694.33        0.485469       0.485477       0.485469       0.485477       0              0              
19	0	0	9736.11        0.487257       0.487263       0.487257       0.487263       0              0              
20	0	0	9760.32        0.489068       0.489076       0.489068       0.489076       0              0              
21	0	0	9770.57        0.4909         0.49091        0.4909         0.49091        0              0              
22	0	0	9849.3         0.492768       0.492775       0.492768       0.492775       0              0              
23	0	0	9896.6         0.494664       0.494672       0.494664       0.494672       0              0              
24	0	0	9920.04        0.496592       0.496595       0.496592       0.496595       0              0              
25	0	0	9961.81        0.498538       0.498549       0.498538       0.498549       0              0              
26	0	0	10000.7        0.500519       0.50053        0.500519       0.50053        0              0              
27	0	0	10067          0.502543       0.502547       0.502543       0.502547       0              0              
28	0	0	10079.3        0.504588       0.504593       0.504588       0.504593       0              0              
29	0	0	10121.4        0.506663       0.506668       0.506663       0.506668       0              0              
30	0	0	10190.2        0.508777       0.508783       0.508777       0.508783       0              0              
31	0	0	10193.6        0.510925       0.510928       0.510925       0.510928       0              0              
32	0	0	10235.6        0.513096       0.513103       0.513096       0.513103       0              0              
33	0	0	10313.4        0.515312       0.51532        0.515312       0.51532        0              0              
34	0	0	10318.4        0.517565       0.517571       0.517565       0.517571       0              0              
35	0	0	10357.7        0.519843       0.519855       0.519843       0.519855       0              0              
36	0	0	10392.4        0.522171       0.522176       0.522171       0.522176       0              0              
37	0	0	10463.5        0.524534       0.524539       0.524534       0.524539       0              0              
38	0	0	10526.6        0.526942       0.526949       0.526942       0.526949       0              0              
39	0	0	10554.3        0.529394       0.5294         0.529394       0.5294         0              0              
40	0	0	10631.3        0.531889       0.531893       0.531889       0.531893       0              0              
41	0	0	10677.2        0.534435       0.534438       0.534435       0.534438       0              0              
42	0	0	10715.3        0.537019       0.537023       0.537019       0.537023       0              0              
43	0	0	10798.3        0.539651       0.539662       0.539651       0.539662       0              0              
44	0	0	10855.9        0.542345       0.542351       0.542345       0.542351       0              0              
45	0	0	10889.1        0.54509        0.545091       0.54509        0.545091       0              0              
46	0	0	10948.1        0.547874       0.54788        0.547874       0.54788        0              0              
47	0	0	10977.4        0.550712       0.550722       0.550712       0.550722       0              0              
48	0	0	11087          0.553615       0.553623       0.553615       0.553623       0              0              
49	0	0	11087.6        0.556575       0.556578       0.556575       0.556578       0              0              
50	0	0	11183.8        0.559593       0.559593       0.559593       0.559593       0              0              
51	0	0	11224.1        0.562667       0.562671       0.562667       0.562671       0              0              
52	0	0	11278.3        0.565807       0.565807       0.565807       0.565807       0              0              
53	0	0	11374.5        0.569008       0.569019       0.569008       0.569019       0              0              
54	0	0	11432.1        0.572298       0.572298       0.572298       0.572298       0              0              
55	0	0	11478.3        0.575642       0.575643       0.575642       0.575643       0              0              
56	0	0	11544.9        0.579062       0.57906        0.579062       0.57906        0              0              
57	0	0	11632.5        0.582561       0.582556       0.582561       0.582556       0              0              
58	0	0	11692.1        0.586135       0.586131       0.586135       0.586131       0              0              
59	0	0	11774.2        0.589791       0.58979        0.589791       0.58979        0              0              
60	0	0	11880.2        0.593549       0.593543       0.593549       0.593543       0              0              
61	0	0	11937.4        0.597386       0.597381       0.597386       0.597381       0              0              
62	0	0	12001.8        0.601317       0.601309       0.601317       0.601309       0              0              
63	0	0	12108          0.605353       0.605339       0.605353       0.605339       0              0              
64	0	0	12164.8        0.609473       0.609465       0.609473       0.609465       0              0              
65	0	0	12280.2        0.613708       0.6137         0.613708       0.6137         0              0              
66	0	0	12337.4        0.61805        0.618042       0.61805        0.618042       0              0              
67	0	0	12427.1        0.622508       0.622493       0.622508       0.622493       0              0              
68	0	0	12509.7        0.627078       0.627062       0.627078       0.627062       0              0              
69	0	0	12617.2        0.631761       0.631756       0.631761       0.631756       0              0              
70	0	0	12698.5        0.636607       0.636582       0.636607       0.636582       0              0              
71	0	0	12803.6        0.641565       0.64154        0.641565       0.64154        0              0              
72	0	0	12942.8        0.646673       0.646652       0.646673       0.646652       0              0              
73	0	0	13035.7        0.651943       0.651917       0.651943       0.651917       0              0              
74	0	0	13158.1        0.657363       0.657341       0.657363       0.657341       0              0              
75	0	0	13274.1        0.662967       0.662931       0.662967       0.662931       0              0              
76	0	0	13346.6        0.668729       0.668691       0.668729       0.668691       0              0              
77	0	0	13488.6        0.674672       0.674633       0.674672       0.674633       0              0              
78	0	0	13621          0.680803       0.680775       0.680803       0.680775       0              0              
79	0	0	13764.7        0.687176       0.687127       0.687176       0.687127       0              0              
80	0	0	13867.1        0.693745       0.693691       0.693745       0.693691       0              0              
81	0	0	14022.8        0.700535       0.700486       0.700535       0.700486       0              0              
82	0	0	14136.8        0.707586       0.707517       0.707586       0.707517       0              0              
83	0	0	14310.1        0.714875       0.714807       0.714875       0.714807       0              0              
84	0	0	14466          0.722467       0.722385       0.722467       0.722385       0              0              
85	0	0	14614.2        0.730326       0.730249       0.730326       0.730249       0              0              
86	0	0	14787.8        0.738501       0.738421       0.738501       0.738421       0              0              
87	0	0	14931.4        0.74702        0.746927       0.74702        0.746927       0              0              
88	0	0	15123.5        0.755895       0.755785       0.755895       0.755785       0              0              
89	0	0	15322.9        0.76515        0.765032       0.76515        0.765032       0              0              
90	0	0	15485.8        0.774826       0.774674       0.774826       0.774674       0              0              
91	0	0	15707.4        0.784906       0.784764       0.784906       0.784764       0              0              
92	0	0	15930.1        0.795483       0.795339       0.795483       0.795339       0              0              
93	0	0	16140.5        0.806601       0.806425       0.806601       0.806425       0              0              
94	0	0	16371          0.818257       0.818066       0.818257       0.818066       0              0              
95	0	0	16618          0.830545       0.830311       0.830545       0.830311       0              0              
96	0	0	16870.9        0.843466       0.843212       0.843466       0.843212       0              0              
97	0	0	17170.1        0.857129       0.856853       0.857129       0.856853       0              0              
98	0	0	17459.3        0.871636       0.871294       0.871636       0.871294       0              0              
99	0	0	17765.4        0.886994       0.886616       0.886994       0.886616       0              0              
100	0	0	18091.8        0.903317       0.902905       0.903317       0.902905       0              0              
101	0	0	18426.8        0.920742       0.920268       0.920742       0.920268       0              0              
102	0	0	18797.1        0.939399       0.938827       0.939399       0.938827       0              0              
103	0	0	19200.2        0.959363       0.958736       0.959363       0.958736       0              0              
104	0	0	19640.7        0.980951       0.98018        0.980951       0.98018        0              0              
105	0	0	20090.6        1.00426        1.00334        1.00426        1.00334        0              0              
106	0	0	20612.9        1.02954        1.02851        1.02954        1.02851        0              0              
107	0	0	21131.5        1.0572         1.05594        1.0572         1.05594        0              0              
108	0	0	21744.9        1.08745        1.08602        1.08745        1.08602        0              0              
109	0	0	22428.3        1.14655        1.11929        1.12104        1.11925        503.644        413.425        
110	0	0	23183.1        1.15841        1.15622        1.15841        1.15622        0              0              
111	0	0	24009          1.20046        1.19769        1.20046        1.19769        0              0              
112	0	0	24943.5        1.24816        1.24465        1.24816        1.24465        0              0              
113	0	0	26031.8        1.30307        1.29851        1.30307        1.29851        0              0              
114	0	0	27281.6        1.36728        1.36117        1.36728        1.36117        0              0              
115	0	0	28792.5        1.46464        1.43557        1.44409        1.4355         508.293        444.557        
116	0	0	30626.3        1.53872        1.52598        1.53872        1.52598        0              0              
117	0	0	32900.6        1.6612         1.64013        1.6612         1.64013        0              0              
118	0	0	35980.8        1.85092        1.79314        1.85092        1.79314        0              0              
119	0	0	40332.6        2.15044        2.01266        2.15044        2.01266        0              0              
120	0	0	47187.7        2.88952        2.37616        2.88952        2.37616        0              0              
121	0	0	56193          4.31824        2.96547        4.30582        2.96539        539.2          442.585        
122	0	0	61670.7        6.27306        3.81214        6.27306        3.81214        0              0              
123	0	0	53676.8        8.39582        4.84124        8.39582        4.84124        0              0              
124	0	0	32055.9        10.431         5.97574        10.431         5.97574        0              0              
125	0	0	11281.8        12.2142        7.04665        12.2142        7.04665        0              0              
126	0	0	2309.25        13.1881        7.79273        13.1881        7.79273        0              0              
127	0	0	292.086        14.9326        9.03357        14.9326        9.03357        0              0              
128	0	0	19.0593        16.1996        10.9618        16.1996        10.9618        0              0              
129	0	0	0              0              0              0              0              0              0              
130	0	0	0              0              0              0              0              0              0              
131	0	0	0              0              0              0              0              0              0              
132	0	0	0              0              0              0              0              0              0              
133	0	0	0              0              0              0              0              0              0              
134	0	0	0              0              0              0              0              0              0              
135	0	0	0              0              0              0              0              0              0              
136	0	0	0              0              0              0              0              0              0              
137	0	0	0              0              0              0              0              0              0              
138	0	0	0              0              0              0              0              0              0              
139	0	0	0              0              0              0              0              0              0              
140	0	0	0              0              0              0              0              0              0              
141	0	0	0              0              0              0              0              0              0              
142	0	0	0              0              0              0              0              0              0              
143	0	0	0              0              0              0              0              0              0              
144	0	0	0              0              0              0              0              0              0              
145	0	0	0              0              0              0              0              0              0              
146	0	0	0              0              0              0              0              0              0              
147	0	0	0              0              0              0              0              0              0              
148	0	0	0              0              0              0              0              0              0              
149	0	0	0              0              0              0              0              0              0              
150	0	0	0              0              0              0              0              0              0              
151	0	0	0              0              0              0              0              0              0              
152	0	0	0              0              0              0              0              0              0              
153	0	0	0              0              0              0              0              0              0              
154	0	0	0              0              0              0              0              0              0              
155	0	0	0              0              0              0              0              0              0              
156	0	0	0              0              0              0              0              0              0              
157	0	0	0              0              0              0              0              0              0              
158	0	0	0              0              0              0              0              0              0              
159	0	0	0              0              0              0              0              0              0              
160	0	0	0              0              0              0              0              0              0              
161	0	0	0              0              0              0              0              0              0              
162	0	0	0              0              0              0              0              0              0              
163	0	0	0              0              0              0              0              0              0              
164	0	0	0              0              0              0              0              0              0              
165	0	0	0              0              0              0              0              0              0              
166	0	0	0              0              0              0              0              0              0              
167	0	0	0              0              0              0              0              0              0              
168	0	0	0              0              0              0              0              0              0              
169	0	0	0              0              0              0              0              0              0              
170	0	0	0              0              0              0              0              0              0              
171	0	0	0              0              0              0              0              0              0              
172	0	0	0              0              0              0              0              0              0              
173	0	0	0              0              0              0              0              0              0              
174	0	0	0              0              0              0              0              0              0              
175	0	0	0              0              0              0              0              0              0              
176	0	0	0              0              0              0              0              0              0              
177	0	0	0              0              0              0              0              0              0              
178	0	0	0              0              0              0              0              0              0              
179	0	0	0              0              0              0              0              0              0              
180	0	0	0              0              0              0              0              0              0              
181	0	0	0              0              0              0              0              0              0              
182	0	0	0              0              0              0              0              0              0              
183	0	0	0              0              0              0              0              0              0              
184	0	0	0              0              0              0              0              0              0              
185	0	0	0              0              0              0              0              0              0              
186	0	0	0              0              0              0              0              0              0              
187	0	0	0              0              0              0              0              0              0              
188	0	0	0              0              0              0              0              0              0              
189	0	0	0              0              0              0              0              0              0              
190	0	0	0              0              0              0              0              0              0              
191	0	0	0              0              0              0              0              0              0              
192	0	0	0              0              0              0              0              0              0              
193	0	0	0              0              0              0              0              0              0              
194	0	0	0              0              0              0              0              0              0              
195	0	0	0              0              0              0              0              0              0              
196	0	0	0              0              0              0              0              0              0              
197	0	0	0              0              0              0              0              0              0              
198	0	0	0              0              0              0              0              0              0              
199	0	0	0              0              0              0              0              0              0              