i	j	k	Dose           LDT            LTT            proton_1_D     proton_1_T     O16_D          O16_T          

0	0	0	9011.53        0.451105       0.451113       0.451105       0.451113       0              0              
1	0	0	9076.68        0.452445       0.452452       0.452445       0.452452       0              0              
2	0	0	9070.36        0.453799       0.453807       0.453799       0.453807       0              0              
3	0	0	9099.22        0.455169       0.455176       0.455169       0.455176       0              0              
4	0	0	9131.41        0.456555       0.456563       0.456555       0.456563       0              0              
5	0	0	9162.69        0.45796        0.457967       0.45796        0.457967       0              0              
6	0	0	9193           0.45938        0.459389       0.45938        0.459389       0              0              
7	0	0	9216.62        0.46082        0.460827       0.46082        0.460827       0              0              
8	0	0	9233.94        0.462276       0.462282       0.462276       0.462282       0              0              
9	0	0	9272.44        0.463749       0.463758       0.463749       0.463758       0              0              
10	0	0	9299.75        0.778329       0.465423       0.465244       0.46525        863.938        727.491        
11	0	0	9304.04        0.466754       0.46676        0.466754       0.46676        0              0              
12	0	0	9347.63        0.468282       0.468288       0.468282       0.468288       0              0              
13	0	0	9393.2         0.469831       0.469839       0.469831       0.469839       0              0              
14	0	0	9430.78        0.471408       0.471414       0.471408       0.471414       0              0              
15	0	0	9430.2         0.472998       0.473005       0.472998       0.473005       0              0              
16	0	0	9472.07        0.47461        0.474615       0.47461        0.474615       0              0              
17	0	0	9491.35        0.476241       0.476247       0.476241       0.476247       0              0              
18	0	0	9532.04        0.477892       0.477901       0.477892       0.477901       0              0              
19	0	0	9572.13        0.479574       0.47958        0.479574       0.47958        0              0              
20	0	0	9606.03        0.481275       0.481282       0.481275       0.481282       0              0              
21	0	0	9643.72        0.483002       0.483008       0.483002       0.483008       0              0              
22	0	0	9675.84        0.484752       0.484759       0.484752       0.484759       0              0              
23	0	0	9743.78        0.486532       0.486538       0.486532       0.486538       0              0              
24	0	0	9746.33        0.488335       0.488341       0.488335       0.488341       0              0              
25	0	0	9775.21        0.490164       0.490169       0.490164       0.490169       0              0              
26	0	0	9856.69        0.49202        0.492025       0.49202        0.492025       0              0              
27	0	0	9855.41        0.493905       0.49391        0.493905       0.49391        0              0              
28	0	0	9933.68        0.495813       0.495824       0.495813       0.495824       0              0              
29	0	0	9937.25        0.497761       0.497765       0.497761       0.497765       0              0              
30	0	0	9971.44        0.499726       0.499734       0.499726       0.499734       0              0              
31	0	0	10026.7        0.501723       0.501734       0.501723       0.501734       0              0              
32	0	0	10054.8        0.503758       0.503765       0.503758       0.503765       0              0              
33	0	0	10101.1        0.505826       0.505827       0.505826       0.505827       0              0              
34	0	0	10150.2        0.507915       0.507923       0.507915       0.507923       0              0              
35	0	0	10157.8        0.510042       0.51005        0.510042       0.51005        0              0              
36	0	0	10230.5        0.512205       0.512213       0.512205       0.512213       0              0              
37	0	0	10291.2        0.514412       0.514414       0.514412       0.514414       0              0              
38	0	0	10321.4        0.51665        0.516652       0.51665        0.516652       0              0              
39	0	0	10360.7        0.518916       0.518928       0.518916       0.518928       0              0              
40	0	0	10407.3        0.52123        0.521238       0.52123        0.521238       0              0              
41	0	0	10479.1        0.523592       0.523593       0.523592       0.523593       0              0              
42	0	0	10493.3        0.52598        0.525986       0.52598        0.525986       0              0              
43	0	0	10563.3        0.528419       0.528422       0.528419       0.528422       0              0              
44	0	0	10604          0.53089        0.530902       0.53089        0.530902       0              0              
45	0	0	10655.4        0.533424       0.533424       0.533424       0.533424       0              0              
46	0	0	10698          0.535995       0.535993       0.535995       0.535993       0              0              
47	0	0	10740.1        0.538599       0.538606       0.538599       0.538606       0              0              
48	0	0	10804.6        0.541262       0.541268       0.541262       0.541268       0              0              
49	0	0	10857.1        0.543974       0.543983       0.543974       0.543983       0              0              
50	0	0	10930.4        0.546754       0.546753       0.546754       0.546753       0              0              
51	0	0	10964.9        0.549563       0.549573       0.549563       0.549573       0              0              
52	0	0	11044          0.552443       0.552449       0.552443       0.552449       0              0              
53	0	0	11079.3        0.555379       0.555382       0.555379       0.555382       0              0              
54	0	0	11153.5        0.627873       0.558445       0.558371       0.558374       561.305        480.813        
55	0	0	11202.4        0.561422       0.561426       0.561422       0.561426       0              0              
56	0	0	11282.2        0.564536       0.564541       0.564536       0.564541       0              0              
57	0	0	11328.1        0.56773        0.567724       0.56773        0.567724       0              0              
58	0	0	11417.2        0.570976       0.570976       0.570976       0.570976       0              0              
59	0	0	11461.7        0.574297       0.574296       0.574297       0.574296       0              0              
60	0	0	11518.4        0.577684       0.577685       0.577684       0.577685       0              0              
61	0	0	11608.2        0.58115        0.58115        0.58115        0.58115        0              0              
62	0	0	11686.3        0.5847         0.5847         0.5847         0.5847         0              0              
63	0	0	11770.6        0.58834        0.588333       0.58834        0.588333       0              0              
64	0	0	11799.1        0.592056       0.592043       0.592056       0.592043       0              0              
65	0	0	11890.2        0.595843       0.595838       0.595843       0.595838       0              0              
66	0	0	11981.7        0.59974        0.599728       0.59974        0.599728       0              0              
67	0	0	12040.5        0.603719       0.603713       0.603719       0.603713       0              0              
68	0	0	12153.9        0.607805       0.607797       0.607805       0.607797       0              0              
69	0	0	12204.7        0.611986       0.611984       0.611986       0.611984       0              0              
70	0	0	12313.3        0.616293       0.616279       0.616293       0.616279       0              0              
71	0	0	12411.1        0.620698       0.620689       0.620698       0.620689       0              0              
72	0	0	12486.7        0.625231       0.625216       0.625231       0.625216       0              0              
73	0	0	12565.7        0.629872       0.62986        0.629872       0.62986        0              0              
74	0	0	12688.9        0.634655       0.634636       0.634655       0.634636       0              0              
75	0	0	12754.2        0.639566       0.639542       0.639566       0.639542       0              0              
76	0	0	12860.5        0.644617       0.644583       0.644617       0.644583       0              0              
77	0	0	12992.3        0.649812       0.649779       0.649812       0.649779       0              0              
78	0	0	13079.9        0.655172       0.655132       0.655172       0.655132       0              0              
79	0	0	13200.9        0.660683       0.660649       0.660683       0.660649       0              0              
80	0	0	13299.3        0.666368       0.66633        0.666368       0.66633        0              0              
81	0	0	13403.6        0.672228       0.672183       0.672228       0.672183       0              0              
82	0	0	13543.5        0.678269       0.67823        0.678269       0.67823        0              0              
83	0	0	13685.4        0.684525       0.684486       0.684525       0.684486       0              0              
84	0	0	13815.9        0.691005       0.690955       0.691005       0.690955       0              0              
85	0	0	13946.8        0.69772        0.697647       0.69772        0.697647       0              0              
86	0	0	14075.9        0.70464        0.704576       0.70464        0.704576       0              0              
87	0	0	14239.6        0.71184        0.711756       0.71184        0.711756       0              0              
88	0	0	14399.8        0.719298       0.719212       0.719298       0.719212       0              0              
89	0	0	14541          0.727041       0.726952       0.727041       0.726952       0              0              
90	0	0	14695          0.735102       0.73499        0.735102       0.73499        0              0              
91	0	0	14859.4        0.743474       0.743344       0.743474       0.743344       0              0              
92	0	0	15037          0.752177       0.752044       0.752177       0.752044       0              0              
93	0	0	15231.4        0.761252       0.761122       0.761252       0.761122       0              0              
94	0	0	15440.6        0.770749       0.770605       0.770749       0.770605       0              0              
95	0	0	15646.7        0.780679       0.780533       0.780679       0.780533       0              0              
96	0	0	15808.8        0.791085       0.7909         0.791085       0.7909         0              0              
97	0	0	16054.9        0.801956       0.801762       0.801956       0.801762       0              0              
98	0	0	16278.2        0.813413       0.813174       0.813413       0.813174       0              0              
99	0	0	16507.1        0.825427       0.825163       0.825427       0.825163       0              0              
100	0	0	16779.3        0.838089       0.837795       0.838089       0.837795       0              0              
101	0	0	17022.8        0.85146        0.851122       0.85146        0.851122       0              0              
102	0	0	17313.9        0.86557        0.865209       0.86557        0.865209       0              0              
103	0	0	17631          0.880544       0.880148       0.880544       0.880148       0              0              
104	0	0	17950.3        0.8965         0.896031       0.8965         0.896031       0              0              
105	0	0	18284.1        0.91353        0.912942       0.91353        0.912942       0              0              
106	0	0	18623.9        0.931672       0.930991       0.931672       0.930991       0              0              
107	0	0	19030.1        0.951145       0.950336       0.951145       0.950336       0              0              
108	0	0	19452.2        0.972246       0.971164       0.972246       0.971164       0              0              
109	0	0	19908.8        0.995353       0.9937         0.995353       0.9937         0              0              
110	0	0	20399.6        1.02432        1.01814        1.02432        1.01814        0              0              
111	0	0	20900          1.04537        1.04416        1.04537        1.04416        0              0              
112	0	0	21494.7        1.07451        1.0731         1.07451        1.0731         0              0              
113	0	0	22124.9        1.10671        1.10495        1.10671        1.10495        0              0              
114	0	0	22870.7        1.14247        1.14031        1.14247        1.14031        0              0              
115	0	0	23652.3        1.18251        1.17983        1.18251        1.17983        0              0              
116	0	0	24538.5        1.22773        1.2244         1.22773        1.2244         0              0              
117	0	0	25573.2        1.27959        1.27525        1.27959        1.27525        0              0              
118	0	0	26739.1        1.33983        1.33406        1.33983        1.33406        0              0              
119	0	0	28141.7        1.41135        1.40331        1.41135        1.40331        0              0              
120	0	0	29809.1        1.50099        1.48661        1.50099        1.48661        0              0              
121	0	0	31868.3        1.60671        1.58939        1.60671        1.58939        0              0              
122	0	0	34575.9        1.75627        1.72355        1.75627        1.72355        0              0              
123	0	0	38375.9        2.00459        1.91305        2.00459        1.91305        0              0              
124	0	0	44117.3        2.55272        2.20832        2.55272        2.20832        0              0              
125	0	0	52335.9        3.63733        2.69171        3.63733        2.69171        0              0              
126	0	0	60371.1        5.49677        3.44382        5.49677        3.44382        0              0              
127	0	0	58193.3        7.57459        4.38073        7.57459        4.38073        0              0              
128	0	0	40847.6        9.30763        5.33293        9.30763        5.33293        0              0              
129	0	0	19624.4        11.2486        6.43058        11.2486        6.43058        0              0              
130	0	0	5661.8         12.6537        7.43039        12.6537        7.43039        0              0              
131	0	0	924.158        14.5508        8.87647        14.5508        8.87647        0              0              
132	0	0	28.589         13.2515        7.67599        13.2515        7.67599        0              0              
133	0	0	2.55454        27.9464        23.1717        27.9464        23.1717        0              0              
134	0	0	0              0              0              0              0              0              0              
135	0	0	0              0              0              0              0              0              0              
136	0	0	0              0              0              0              0              0              0              
137	0	0	0              0              0              0              0              0              0              
138	0	0	0              0              0              0              0              0              0              
139	0	0	0              0              0              0              0              0              0              
140	0	0	0              0              0              0              0              0              0              
141	0	0	0              0              0              0              0              0              0              
142	0	0	0              0              0              0              0              0              0              
143	0	0	0              0              0              0              0              0              0              
144	0	0	0              0              0              0              0              0              0              
145	0	0	0              0              0              0              0              0              0              
146	0	0	0              0              0              0              0              0              0              
147	0	0	0              0              0              0              0              0              0              
148	0	0	0              0              0              0              0              0              0              
149	0	0	0              0              0              0              0              0              0              
150	0	0	0              0              0              0              0              0              0              
151	0	0	0              0              0              0              0              0              0              
152	0	0	0              0              0              0              0              0              0              
153	0	0	0              0              0              0              0              0              0              
154	0	0	0              0              0              0              0              0              0              
155	0	0	0              0              0              0              0              0              0              
156	0	0	0              0              0              0              0              0              0              
157	0	0	0              0              0              0              0              0              0              
158	0	0	0              0              0              0              0              0              0              
159	0	0	0              0              0              0              0              0              0              
160	0	0	0              0              0              0              0              0              0              
161	0	0	0              0              0              0              0              0              0              
162	0	0	0              0              0              0              0              0              0              
163	0	0	0              0              0              0              0              0              0              
164	0	0	0              0              0              0              0              0              0              
165	0	0	0              0              0              0              0              0              0              
166	0	0	0              0              0              0              0              0              0              
167	0	0	0              0              0              0              0              0              0              
168	0	0	0              0              0              0              0              0              0              
169	0	0	0              0              0              0              0              0              0              
170	0	0	0              0              0              0              0              0              0              
171	0	0	0              0              0              0              0              0              0              
172	0	0	0              0              0              0              0              0              0              
173	0	0	0              0              0              0              0              0              0              
174	0	0	0              0              0              0              0              0              0              
175	0	0	0              0              0              0              0              0              0              
176	0	0	0              0              0              0              0              0              0              
177	0	0	0              0              0              0              0              0              0              
178	0	0	0              0              0              0              0              0              0              
179	0	0	0              0              0              0              0              0              0              
180	0	0	0              0              0              0              0              0              0              
181	0	0	0              0              0              0              0              0              0              
182	0	0	0              0              0              0              0              0              0              
183	0	0	0              0              0              0              0              0              0              
184	0	0	0              0              0              0              0              0              0              
185	0	0	0              0              0              0              0              0              0              
186	0	0	0              0              0              0              0              0              0              
187	0	0	0              0              0              0              0              0              0              
188	0	0	0              0              0              0              0              0              0              
189	0	0	0              0              0              0              0              0              0              
190	0	0	0              0              0              0              0              0              0              
191	0	0	0              0              0              0              0              0              0              
192	0	0	0              0              0              0              0              0              0              
193	0	0	0              0              0              0              0              0              0              
194	0	0	0              0              0              0              0              0              0              
195	0	0	0              0              0              0              0              0              0              
196	0	0	0              0              0              0              0              0              0              
197	0	0	0              0              0              0              0              0              0              
198	0	0	0              0              0              0              0              0              0              
199	0	0	0              0              0              0              0              0              0              