i	j	k	Dose           LDT            LTT            proton_1_D     proton_1_T     O16_D          O16_T          

0	0	0	8798.84        0.439744       0.439751       0.439744       0.439751       0              0              
1	0	0	8814.67        0.440952       0.440957       0.440952       0.440957       0              0              
2	0	0	8817.74        0.442169       0.442176       0.442169       0.442176       0              0              
3	0	0	8836.07        0.443399       0.443405       0.443399       0.443405       0              0              
4	0	0	8893.5         0.444644       0.444651       0.444644       0.444651       0              0              
5	0	0	8913.77        0.445909       0.445913       0.445909       0.445913       0              0              
6	0	0	8936.95        0.447183       0.447188       0.447183       0.447188       0              0              
7	0	0	8966.6         0.448474       0.448479       0.448474       0.448479       0              0              
8	0	0	8992.5         0.44978        0.449786       0.44978        0.449786       0              0              
9	0	0	9028.98        0.451102       0.451108       0.451102       0.451108       0              0              
10	0	0	9051.94        0.452439       0.452446       0.452439       0.452446       0              0              
11	0	0	9084.96        0.453797       0.453802       0.453797       0.453802       0              0              
12	0	0	9060.76        0.455161       0.455167       0.455161       0.455167       0              0              
13	0	0	9127.41        0.456546       0.456552       0.456546       0.456552       0              0              
14	0	0	9148.08        0.457947       0.457953       0.457947       0.457953       0              0              
15	0	0	9175.9         0.459367       0.459373       0.459367       0.459373       0              0              
16	0	0	9205.11        0.460804       0.46081        0.460804       0.46081        0              0              
17	0	0	9232.12        0.462255       0.462263       0.462255       0.462263       0              0              
18	0	0	9274.63        0.46373        0.463738       0.46373        0.463738       0              0              
19	0	0	9302.25        0.465226       0.465231       0.465226       0.465231       0              0              
20	0	0	9325           0.466736       0.466743       0.466736       0.466743       0              0              
21	0	0	9351.66        0.468267       0.468274       0.468267       0.468274       0              0              
22	0	0	9369.91        0.469814       0.469822       0.469814       0.469822       0              0              
23	0	0	9403.8         0.471384       0.47139        0.471384       0.47139        0              0              
24	0	0	9416.11        0.472973       0.472977       0.472973       0.472977       0              0              
25	0	0	9490.27        0.474583       0.474591       0.474583       0.474591       0              0              
26	0	0	9512.34        0.47622        0.476226       0.47622        0.476226       0              0              
27	0	0	9550.94        0.477879       0.477884       0.477879       0.477884       0              0              
28	0	0	9599.93        0.479559       0.479567       0.479559       0.479567       0              0              
29	0	0	9614.06        0.481265       0.481271       0.481265       0.481271       0              0              
30	0	0	9641.3         0.482992       0.482998       0.482992       0.482998       0              0              
31	0	0	9663.67        0.484739       0.484747       0.484739       0.484747       0              0              
32	0	0	9737.77        0.486517       0.486524       0.486517       0.486524       0              0              
33	0	0	9756.22        0.488322       0.488327       0.488322       0.488327       0              0              
34	0	0	9801.54        0.549351       0.490231       0.490149       0.490157       502.74         395.29         
35	0	0	9834.16        0.492011       0.492014       0.492011       0.492014       0              0              
36	0	0	9861.38        0.493891       0.493897       0.493891       0.493897       0              0              
37	0	0	9900.95        0.495804       0.495807       0.495804       0.495807       0              0              
38	0	0	9941           0.497743       0.497747       0.497743       0.497747       0              0              
39	0	0	9996.17        0.499713       0.499718       0.499713       0.499718       0              0              
40	0	0	10003          0.501713       0.501717       0.501713       0.501717       0              0              
41	0	0	10052.6        0.503746       0.503747       0.503746       0.503747       0              0              
42	0	0	10090          0.505806       0.505807       0.505806       0.505807       0              0              
43	0	0	10134.3        0.507895       0.5079         0.507895       0.5079         0              0              
44	0	0	10195.3        0.510027       0.51003        0.510027       0.51003        0              0              
45	0	0	10225.8        0.512186       0.512195       0.512186       0.512195       0              0              
46	0	0	10285.5        0.514394       0.514395       0.514394       0.514395       0              0              
47	0	0	10329.5        0.516632       0.516634       0.516632       0.516634       0              0              
48	0	0	10350.8        0.518903       0.518906       0.518903       0.518906       0              0              
49	0	0	10411.2        0.521217       0.521217       0.521217       0.521217       0              0              
50	0	0	10432.3        0.523565       0.523567       0.523565       0.523567       0              0              
51	0	0	10512.6        0.525956       0.525958       0.525956       0.525958       0              0              
52	0	0	10568.3        0.528391       0.528396       0.528391       0.528396       0              0              
53	0	0	10610          0.530879       0.530877       0.530879       0.530877       0              0              
54	0	0	10653.9        0.533404       0.5334         0.533404       0.5334         0              0              
55	0	0	10699.7        0.535964       0.535968       0.535964       0.535968       0              0              
56	0	0	10758.8        0.53859        0.538584       0.53859        0.538584       0              0              
57	0	0	10818.5        0.54125        0.54125        0.54125        0.54125        0              0              
58	0	0	10847.2        0.587676       0.544018       0.543965       0.543964       467.755        395.945        
59	0	0	10942.5        0.546731       0.546734       0.546731       0.546734       0              0              
60	0	0	10986.5        0.549558       0.549559       0.549558       0.549559       0              0              
61	0	0	11024.4        0.55244        0.552434       0.55244        0.552434       0              0              
62	0	0	11069.7        0.555358       0.555364       0.555358       0.555364       0              0              
63	0	0	11153          0.558354       0.558354       0.558354       0.558354       0              0              
64	0	0	11204.3        0.561407       0.561406       0.561407       0.561406       0              0              
65	0	0	11282.4        0.564528       0.564524       0.564528       0.564524       0              0              
66	0	0	11347.8        0.567716       0.567708       0.567716       0.567708       0              0              
67	0	0	11388.4        0.570966       0.570956       0.570966       0.570956       0              0              
68	0	0	11462          0.574278       0.574272       0.574278       0.574272       0              0              
69	0	0	11527.8        0.577673       0.577663       0.577673       0.577663       0              0              
70	0	0	11612.3        0.581137       0.581131       0.581137       0.581131       0              0              
71	0	0	11670.9        0.584687       0.584679       0.584687       0.584679       0              0              
72	0	0	11759.9        0.588321       0.588307       0.588321       0.588307       0              0              
73	0	0	11815          0.592027       0.592019       0.592027       0.592019       0              0              
74	0	0	11900.7        0.595824       0.595818       0.595824       0.595818       0              0              
75	0	0	11976.3        0.599711       0.599708       0.599711       0.599708       0              0              
76	0	0	12041.8        0.603702       0.60369        0.603702       0.60369        0              0              
77	0	0	12132.9        0.607795       0.607771       0.607795       0.607771       0              0              
78	0	0	12240.8        0.611981       0.611962       0.611981       0.611962       0              0              
79	0	0	12309.1        0.616279       0.61626        0.616279       0.61626        0              0              
80	0	0	12407.2        0.620696       0.62067        0.620696       0.62067        0              0              
81	0	0	12470.9        0.625224       0.625193       0.625224       0.625193       0              0              
82	0	0	12591.1        0.629876       0.629839       0.629876       0.629839       0              0              
83	0	0	12688.2        0.63466        0.634618       0.63466        0.634618       0              0              
84	0	0	12794.5        0.639567       0.639535       0.639567       0.639535       0              0              
85	0	0	12880.8        0.644626       0.644587       0.644626       0.644587       0              0              
86	0	0	13010.2        0.649843       0.649797       0.649843       0.649797       0              0              
87	0	0	13113.5        0.655202       0.655159       0.655202       0.655159       0              0              
88	0	0	13220.8        0.660726       0.660684       0.660726       0.660684       0              0              
89	0	0	13341.3        0.666425       0.666381       0.666425       0.666381       0              0              
90	0	0	13405.8        0.672316       0.672246       0.672316       0.672246       0              0              
91	0	0	13575.8        0.678361       0.678302       0.678361       0.678302       0              0              
92	0	0	13690.9        0.684636       0.684568       0.684636       0.684568       0              0              
93	0	0	13835          0.691114       0.691049       0.691114       0.691049       0              0              
94	0	0	13971.1        0.697821       0.697754       0.697821       0.697754       0              0              
95	0	0	14097.7        0.704775       0.704697       0.704775       0.704697       0              0              
96	0	0	14257.8        0.711988       0.71189        0.711988       0.71189        0              0              
97	0	0	14415          0.719467       0.719359       0.719467       0.719359       0              0              
98	0	0	14552          0.72721        0.727109       0.72721        0.727109       0              0              
99	0	0	14686.7        0.735276       0.73515        0.735276       0.73515        0              0              
100	0	0	14884.8        0.74362        0.74352        0.74362        0.74352        0              0              
101	0	0	15041.5        0.75237        0.752236       0.75237        0.752236       0              0              
102	0	0	15207.5        0.761468       0.761309       0.761468       0.761309       0              0              
103	0	0	15439.2        0.770964       0.770792       0.770964       0.770792       0              0              
104	0	0	15610.4        0.780908       0.78071        0.780908       0.78071        0              0              
105	0	0	15818.8        0.791293       0.791076       0.791293       0.791076       0              0              
106	0	0	16042          0.802178       0.80195        0.802178       0.80195        0              0              
107	0	0	16287.9        0.813619       0.813362       0.813619       0.813362       0              0              
108	0	0	16522.3        0.825658       0.825371       0.825658       0.825371       0              0              
109	0	0	16751.6        0.838305       0.838005       0.838305       0.838005       0              0              
110	0	0	17049.8        0.851716       0.851345       0.851716       0.851345       0              0              
111	0	0	17318.8        0.865868       0.865452       0.865868       0.865452       0              0              
112	0	0	17624.8        0.880845       0.880406       0.880845       0.880406       0              0              
113	0	0	17927          0.896834       0.896283       0.896834       0.896283       0              0              
114	0	0	18300.3        0.913813       0.913205       0.913813       0.913205       0              0              
115	0	0	18657          0.931939       0.931294       0.931939       0.931294       0              0              
116	0	0	19031          0.951446       0.950657       0.951446       0.950657       0              0              
117	0	0	19452.3        0.972389       0.97148        0.972389       0.97148        0              0              
118	0	0	19892.5        0.994972       0.993941       0.994972       0.993941       0              0              
119	0	0	20392          1.01944        1.01828        1.01944        1.01828        0              0              
120	0	0	20953.5        1.04622        1.04481        1.04622        1.04481        0              0              
121	0	0	21523.3        1.07559        1.07388        1.07559        1.07388        0              0              
122	0	0	22151.8        1.10792        1.10586        1.10792        1.10586        0              0              
123	0	0	22875.9        1.14376        1.14134        1.14376        1.14134        0              0              
124	0	0	23654.6        1.18404        1.18101        1.18404        1.18101        0              0              
125	0	0	24573.8        1.22965        1.22577        1.22965        1.22577        0              0              
126	0	0	25590.7        1.28193        1.2769         1.28193        1.2769         0              0              
127	0	0	26792.4        1.34275        1.33611        1.34275        1.33611        0              0              
128	0	0	28187.3        1.41503        1.40592        1.41503        1.40592        0              0              
129	0	0	29875.7        1.50352        1.49011        1.50352        1.49011        0              0              
130	0	0	32003.3        1.61655        1.59517        1.61655        1.59517        0              0              
131	0	0	34790.5        1.78383        1.73385        1.78383        1.73385        0              0              
132	0	0	38688.1        2.06301        1.92964        2.06301        1.92964        0              0              
133	0	0	44607.8        2.70292        2.24069        2.70292        2.24069        0              0              
134	0	0	52297.6        3.83733        2.72149        3.83733        2.72149        0              0              
135	0	0	58746.7        5.49732        3.4167         5.49732        3.4167         0              0              
136	0	0	56348.9        7.4423         4.29771        7.4423         4.29771        0              0              
137	0	0	40299.9        9.1836         5.20465        9.1836         5.20465        0              0              
138	0	0	20586.6        10.7473        6.17226        10.7473        6.17226        0              0              
139	0	0	6580.8         12.4757        7.18906        12.4757        7.18906        0              0              
140	0	0	1313.58        13.6776        8.2749         13.6776        8.2749         0              0              
141	0	0	84.1073        16.4388        9.08393        16.4388        9.08393        0              0              
142	0	0	10.4741        12.3904        7.86405        12.3904        7.86405        0              0              
143	0	0	0              0              0              0              0              0              0              
144	0	0	0              0              0              0              0              0              0              
145	0	0	0              0              0              0              0              0              0              
146	0	0	0              0              0              0              0              0              0              
147	0	0	0              0              0              0              0              0              0              
148	0	0	0              0              0              0              0              0              0              
149	0	0	0              0              0              0              0              0              0              
150	0	0	0              0              0              0              0              0              0              
151	0	0	0              0              0              0              0              0              0              
152	0	0	0              0              0              0              0              0              0              
153	0	0	0              0              0              0              0              0              0              
154	0	0	0              0              0              0              0              0              0              
155	0	0	0              0              0              0              0              0              0              
156	0	0	0              0              0              0              0              0              0              
157	0	0	0              0              0              0              0              0              0              
158	0	0	0              0              0              0              0              0              0              
159	0	0	0              0              0              0              0              0              0              
160	0	0	0              0              0              0              0              0              0              
161	0	0	0              0              0              0              0              0              0              
162	0	0	0              0              0              0              0              0              0              
163	0	0	0              0              0              0              0              0              0              
164	0	0	0              0              0              0              0              0              0              
165	0	0	0              0              0              0              0              0              0              
166	0	0	0              0              0              0              0              0              0              
167	0	0	0              0              0              0              0              0              0              
168	0	0	0              0              0              0              0              0              0              
169	0	0	0              0              0              0              0              0              0              
170	0	0	0              0              0              0              0              0              0              
171	0	0	0              0              0              0              0              0              0              
172	0	0	0              0              0              0              0              0              0              
173	0	0	0              0              0              0              0              0              0              
174	0	0	0              0              0              0              0              0              0              
175	0	0	0              0              0              0              0              0              0              
176	0	0	0              0              0              0              0              0              0              
177	0	0	0              0              0              0              0              0              0              
178	0	0	0              0              0              0              0              0              0              
179	0	0	0              0              0              0              0              0              0              
180	0	0	0              0              0              0              0              0              0              
181	0	0	0              0              0              0              0              0              0              
182	0	0	0              0              0              0              0              0              0              
183	0	0	0              0              0              0              0              0              0              
184	0	0	0              0              0              0              0              0              0              
185	0	0	0              0              0              0              0              0              0              
186	0	0	0              0              0              0              0              0              0              
187	0	0	0              0              0              0              0              0              0              
188	0	0	0              0              0              0              0              0              0              
189	0	0	0              0              0              0              0              0              0              
190	0	0	0              0              0              0              0              0              0              
191	0	0	0              0              0              0              0              0              0              
192	0	0	0              0              0              0              0              0              0              
193	0	0	0              0              0              0              0              0              0              
194	0	0	0              0              0              0              0              0              0              
195	0	0	0              0              0              0              0              0              0              
196	0	0	0              0              0              0              0              0              0              
197	0	0	0              0              0              0              0              0              0              
198	0	0	0              0              0              0              0              0              0              
199	0	0	0              0              0              0              0              0              0              