i	j	k	Dose           LDT            LTT            proton_1_D     proton_1_T     proton_D       proton_T       O16_D          O16_T          

0	0	0	9510.79        0.476741       0.47675        0.476741       0.47675        0              0              0              0              
1	0	0	9564.44        0.478406       0.478416       0.478406       0.478416       0              0              0              0              
2	0	0	9613.54        0.480095       0.480105       0.480095       0.480105       0              0              0              0              
3	0	0	9606.78        0.481806       0.481816       0.481806       0.481816       0              0              0              0              
4	0	0	9675.54        0.483542       0.483553       0.483542       0.483553       0              0              0              0              
5	0	0	9698.02        0.485303       0.485313       0.485303       0.485313       0              0              0              0              
6	0	0	9691.38        0.487086       0.487093       0.487086       0.487093       0              0              0              0              
7	0	0	9755.93        0.488889       0.4889         0.488889       0.4889         0              0              0              0              
8	0	0	9805.17        0.490726       0.490737       0.490726       0.490737       0              0              0              0              
9	0	0	9844.48        0.492591       0.4926         0.492591       0.4926         0              0              0              0              
10	0	0	9855.12        0.494478       0.49449        0.494478       0.49449        0              0              0              0              
11	0	0	9920.79        0.557882       0.496487       0.496404       0.496415       1.34271        1.34271        515.715        421.653        
12	0	0	9939.99        0.498837       0.498539       0.49836        0.498369       1.41778        1.41604        0              0              
13	0	0	10027.4        0.500948       0.500551       0.500343       0.500351       1.58261        1.57986        0              0              
14	0	0	10058.2        0.503227       0.502605       0.502354       0.502363       1.83372        1.82899        0              0              
15	0	0	10068.4        0.505971       0.504737       0.504396       0.504405       2.32582        2.3096         0              0              
16	0	0	10137.2        0.520932       0.507327       0.506475       0.506477       8.32054        4.886          0              0              
17	0	0	10147.8        0.508578       0.508584       0.508578       0.508584       0              0              0              0              
18	0	0	10203.1        0.510722       0.510724       0.510722       0.510724       0              0              0              0              
19	0	0	10231.2        0.512892       0.512898       0.512892       0.512898       0              0              0              0              
20	0	0	10274.8        0.515098       0.515106       0.515098       0.515106       0              0              0              0              
21	0	0	10314.6        0.517345       0.51735        0.517345       0.51735        0              0              0              0              
22	0	0	10376.4        0.519629       0.519636       0.519629       0.519636       0              0              0              0              
23	0	0	10422.9        0.52195        0.521958       0.52195        0.521958       0              0              0              0              
24	0	0	10484          0.524324       0.524324       0.524324       0.524324       0              0              0              0              
25	0	0	10541.5        0.526734       0.526736       0.526734       0.526736       0              0              0              0              
26	0	0	10570.5        0.529188       0.529187       0.529188       0.529187       0              0              0              0              
27	0	0	10584.9        0.53167        0.531674       0.53167        0.531674       0              0              0              0              
28	0	0	10663.8        0.534203       0.534207       0.534203       0.534207       0              0              0              0              
29	0	0	10710.6        0.536788       0.53679        0.536788       0.53679        0              0              0              0              
30	0	0	10782.7        0.53942        0.539421       0.53942        0.539421       0              0              0              0              
31	0	0	10818          0.5421         0.542102       0.5421         0.542102       0              0              0              0              
32	0	0	10875.5        0.544834       0.544832       0.544834       0.544832       0              0              0              0              
33	0	0	10907.8        0.547615       0.547609       0.547615       0.547609       0              0              0              0              
34	0	0	11012.3        0.55045        0.55045        0.55045        0.55045        0              0              0              0              
35	0	0	11056.6        0.553349       0.553346       0.553349       0.553346       0              0              0              0              
36	0	0	11086.1        0.556303       0.556294       0.556303       0.556294       0              0              0              0              
37	0	0	11169.6        0.559303       0.559304       0.559303       0.559304       0              0              0              0              
38	0	0	11228.4        0.562389       0.562376       0.562389       0.562376       0              0              0              0              
39	0	0	11278.3        0.565517       0.565509       0.565517       0.565509       0              0              0              0              
40	0	0	11372.6        0.568722       0.568714       0.568722       0.568714       0              0              0              0              
41	0	0	11409.2        0.572005       0.571986       0.572005       0.571986       0              0              0              0              
42	0	0	11498          0.57534        0.575328       0.57534        0.575328       0              0              0              0              
43	0	0	11543.9        0.578754       0.578743       0.578754       0.578743       0              0              0              0              
44	0	0	11614.9        0.618514       0.58229        0.582252       0.582232       0              0              447.837        407.557        
45	0	0	11712.7        0.585839       0.585805       0.585839       0.585805       0              0              0              0              
46	0	0	11731.8        0.589485       0.589453       0.589485       0.589453       0              0              0              0              
47	0	0	11830.8        0.593213       0.593187       0.593213       0.593187       0              0              0              0              
48	0	0	11933.5        0.597059       0.597016       0.597059       0.597016       0              0              0              0              
49	0	0	11999.9        0.600983       0.600939       0.600983       0.600939       0              0              0              0              
50	0	0	12037.8        0.605011       0.604947       0.605011       0.604947       0              0              0              0              
51	0	0	12146.6        0.609131       0.609059       0.609131       0.609059       0              0              0              0              
52	0	0	12254.6        0.613347       0.613281       0.613347       0.613281       0              0              0              0              
53	0	0	12320.1        0.617698       0.617614       0.617698       0.617614       0              0              0              0              
54	0	0	12425.9        0.622173       0.622059       0.622173       0.622059       0              0              0              0              
55	0	0	12508.9        0.626767       0.626624       0.626767       0.626624       0              0              0              0              
56	0	0	12612.7        0.631493       0.631321       0.631493       0.631321       0              0              0              0              
57	0	0	12710.6        0.636368       0.636149       0.636368       0.636149       0              0              0              0              
58	0	0	12822.3        0.641475       0.641127       0.641475       0.641127       0              0              0              0              
59	0	0	12913.9        0.646756       0.646259       0.646756       0.646259       0              0              0              0              
60	0	0	13015.2        0.652503       0.651572       0.652503       0.651572       0              0              0              0              
61	0	0	13141.1        0.66681        0.657326       0.66681        0.657326       0              0              0              0              
62	0	0	13229.9        0.662292       0.662268       0.662292       0.662268       0              0              0              0              
63	0	0	13375          0.668035       0.668012       0.668035       0.668012       0              0              0              0              
64	0	0	13464.9        0.673938       0.673934       0.673938       0.673934       0              0              0              0              
65	0	0	13586.7        0.680064       0.680047       0.680064       0.680047       0              0              0              0              
66	0	0	13730.3        0.68639        0.686365       0.68639        0.686365       0              0              0              0              
67	0	0	13840.2        0.69292        0.692894       0.69292        0.692894       0              0              0              0              
68	0	0	14015.7        0.699696       0.69966        0.699696       0.69966        0              0              0              0              
69	0	0	14156.8        0.706705       0.706677       0.706705       0.706677       0              0              0              0              
70	0	0	14247.4        0.713965       0.71393        0.713965       0.71393        0              0              0              0              
71	0	0	14427.2        0.721484       0.721453       0.721484       0.721453       0              0              0              0              
72	0	0	14584.8        0.729329       0.729275       0.729329       0.729275       0              0              0              0              
73	0	0	14727.7        0.737448       0.737398       0.737448       0.737398       0              0              0              0              
74	0	0	14908.8        0.827231       0.745942       0.745917       0.745847       0              0              655.945        529.45         
75	0	0	15114.2        0.754742       0.75466        0.754742       0.75466        0              0              0              0              
76	0	0	15299.9        0.763938       0.763863       0.763938       0.763863       0              0              0              0              
77	0	0	15483.2        0.773566       0.773462       0.773566       0.773462       0              0              0              0              
78	0	0	15690.6        0.783602       0.783503       0.783602       0.783503       0              0              0              0              
79	0	0	15916.1        0.79414        0.79402        0.79414        0.79402        0              0              0              0              
80	0	0	16113.1        0.805176       0.805045       0.805176       0.805045       0              0              0              0              
81	0	0	16347.2        0.816773       0.816613       0.816773       0.816613       0              0              0              0              
82	0	0	16592.8        0.82894        0.828786       0.82894        0.828786       0              0              0              0              
83	0	0	16854          0.841807       0.841611       0.841807       0.841611       0              0              0              0              
84	0	0	17113          0.855347       0.855152       0.855347       0.855152       0              0              0              0              
85	0	0	17427.2        0.869736       0.869486       0.869736       0.869486       0              0              0              0              
86	0	0	17709.9        0.884964       0.884679       0.884964       0.884679       0              0              0              0              
87	0	0	18047.1        0.901169       0.900828       0.901169       0.900828       0              0              0              0              
88	0	0	18367.6        0.918401       0.918043       0.918401       0.918043       0              0              0              0              
89	0	0	18770.6        0.936838       0.936435       0.936838       0.936435       0              0              0              0              
90	0	0	19138          0.956629       0.956167       0.956629       0.956167       0              0              0              0              
91	0	0	19578.1        0.977953       0.977385       0.977953       0.977385       0              0              0              0              
92	0	0	20052.5        1.00097        1.00032        1.00097        1.00032        0              0              0              0              
93	0	0	20535.9        1.026          1.0252         1.026          1.0252         0              0              0              0              
94	0	0	21095.6        1.05323        1.05232        1.05323        1.05232        0              0              0              0              
95	0	0	21661.9        1.08319        1.08204        1.08319        1.08204        0              0              0              0              
96	0	0	22329.4        1.11617        1.11479        1.11617        1.11479        0              0              0              0              
97	0	0	23068.7        1.15283        1.15116        1.15283        1.15116        0              0              0              0              
98	0	0	23873.2        1.19408        1.19192        1.19408        1.19192        0              0              0              0              
99	0	0	24799.3        1.24067        1.23797        1.24067        1.23797        0              0              0              0              
100	0	0	25895.7        1.29429        1.29071        1.29429        1.29071        0              0              0              0              
101	0	0	27083.6        1.35772        1.352          1.35772        1.352          0              0              0              0              
102	0	0	28570.6        1.43302        1.42397        1.43302        1.42397        0              0              0              0              
103	0	0	30309.6        1.52031        1.51097        1.52031        1.51097        0              0              0              0              
104	0	0	32468.5        1.63416        1.61966        1.63416        1.61966        0              0              0              0              
105	0	0	35334.9        1.78952        1.7619         1.78952        1.7619         0              0              0              0              
106	0	0	39367.3        2.02982        1.96155        2.02982        1.96155        0              0              0              0              
107	0	0	45796.7        2.59363        2.28911        2.59363        2.28911        0              0              0              0              
108	0	0	55291.9        3.92306        2.85257        3.92306        2.85257        0              0              0              0              
109	0	0	63930.6        5.9136         3.73182        5.9136         3.73182        0              0              0              0              
110	0	0	58602.5        8.41903        4.9127         8.41903        4.9127         0              0              0              0              
111	0	0	34499.5        10.7199        6.21831        10.7199        6.21831        0              0              0              0              
112	0	0	10939.7        12.9565        7.6538         12.9565        7.6538         0              0              0              0              
113	0	0	1450.23        14.8779        8.92725        14.8779        8.92725        0              0              0              0              
114	0	0	82.5496        15.1597        8.79979        15.1597        8.79979        0              0              0              0              
115	0	0	0              0              0              0              0              0              0              0              0              
116	0	0	0              0              0              0              0              0              0              0              0              
117	0	0	0              0              0              0              0              0              0              0              0              
118	0	0	0              0              0              0              0              0              0              0              0              
119	0	0	0              0              0              0              0              0              0              0              0              
120	0	0	0              0              0              0              0              0              0              0              0              
121	0	0	0              0              0              0              0              0              0              0              0              
122	0	0	0              0              0              0              0              0              0              0              0              
123	0	0	0              0              0              0              0              0              0              0              0              
124	0	0	0              0              0              0              0              0              0              0              0              
125	0	0	0              0              0              0              0              0              0              0              0              
126	0	0	0              0              0              0              0              0              0              0              0              
127	0	0	0              0              0              0              0              0              0              0              0              
128	0	0	0              0              0              0              0              0              0              0              0              
129	0	0	0              0              0              0              0              0              0              0              0              
130	0	0	0              0              0              0              0              0              0              0              0              
131	0	0	0              0              0              0              0              0              0              0              0              
132	0	0	0              0              0              0              0              0              0              0              0              
133	0	0	0              0              0              0              0              0              0              0              0              
134	0	0	0              0              0              0              0              0              0              0              0              
135	0	0	0              0              0              0              0              0              0              0              0              
136	0	0	0              0              0              0              0              0              0              0              0              
137	0	0	0              0              0              0              0              0              0              0              0              
138	0	0	0              0              0              0              0              0              0              0              0              
139	0	0	0              0              0              0              0              0              0              0              0              
140	0	0	0              0              0              0              0              0              0              0              0              
141	0	0	0              0              0              0              0              0              0              0              0              
142	0	0	0              0              0              0              0              0              0              0              0              
143	0	0	0              0              0              0              0              0              0              0              0              
144	0	0	0              0              0              0              0              0              0              0              0              
145	0	0	0              0              0              0              0              0              0              0              0              
146	0	0	0              0              0              0              0              0              0              0              0              
147	0	0	0              0              0              0              0              0              0              0              0              
148	0	0	0              0              0              0              0              0              0              0              0              
149	0	0	0              0              0              0              0              0              0              0              0              
150	0	0	0              0              0              0              0              0              0              0              0              
151	0	0	0              0              0              0              0              0              0              0              0              
152	0	0	0              0              0              0              0              0              0              0              0              
153	0	0	0              0              0              0              0              0              0              0              0              
154	0	0	0              0              0              0              0              0              0              0              0              
155	0	0	0              0              0              0              0              0              0              0              0              
156	0	0	0              0              0              0              0              0              0              0              0              
157	0	0	0              0              0              0              0              0              0              0              0              
158	0	0	0              0              0              0              0              0              0              0              0              
159	0	0	0              0              0              0              0              0              0              0              0              
160	0	0	0              0              0              0              0              0              0              0              0              
161	0	0	0              0              0              0              0              0              0              0              0              
162	0	0	0              0              0              0              0              0              0              0              0              
163	0	0	0              0              0              0              0              0              0              0              0              
164	0	0	0              0              0              0              0              0              0              0              0              
165	0	0	0              0              0              0              0              0              0              0              0              
166	0	0	0              0              0              0              0              0              0              0              0              
167	0	0	0              0              0              0              0              0              0              0              0              
168	0	0	0              0              0              0              0              0              0              0              0              
169	0	0	0              0              0              0              0              0              0              0              0              
170	0	0	0              0              0              0              0              0              0              0              0              
171	0	0	0              0              0              0              0              0              0              0              0              
172	0	0	0              0              0              0              0              0              0              0              0              
173	0	0	0              0              0              0              0              0              0              0              0              
174	0	0	0              0              0              0              0              0              0              0              0              
175	0	0	0              0              0              0              0              0              0              0              0              
176	0	0	0              0              0              0              0              0              0              0              0              
177	0	0	0              0              0              0              0              0              0              0              0              
178	0	0	0              0              0              0              0              0              0              0              0              
179	0	0	0              0              0              0              0              0              0              0              0              
180	0	0	0              0              0              0              0              0              0              0              0              
181	0	0	0              0              0              0              0              0              0              0              0              
182	0	0	0              0              0              0              0              0              0              0              0              
183	0	0	0              0              0              0              0              0              0              0              0              
184	0	0	0              0              0              0              0              0              0              0              0              
185	0	0	0              0              0              0              0              0              0              0              0              
186	0	0	0              0              0              0              0              0              0              0              0              
187	0	0	0              0              0              0              0              0              0              0              0              
188	0	0	0              0              0              0              0              0              0              0              0              
189	0	0	0              0              0              0              0              0              0              0              0              
190	0	0	0              0              0              0              0              0              0              0              0              
191	0	0	0              0              0              0              0              0              0              0              0              
192	0	0	0              0              0              0              0              0              0              0              0              
193	0	0	0              0              0              0              0              0              0              0              0              
194	0	0	0              0              0              0              0              0              0              0              0              
195	0	0	0              0              0              0              0              0              0              0              0              
196	0	0	0              0              0              0              0              0              0              0              0              
197	0	0	0              0              0              0              0              0              0              0              0              
198	0	0	0              0              0              0              0              0              0              0              0              
199	0	0	0              0              0              0              0              0              0              0              0              