i	j	k	Dose           LDT            LTT            proton_1_D     proton_1_T     

0	0	0	9459.14        0.4733         0.47331        0.4733         0.47331        
1	0	0	9486.08        0.474918       0.474928       0.474918       0.474928       
2	0	0	9511.82        0.476558       0.476566       0.476558       0.476566       
3	0	0	9549.6         0.478218       0.478228       0.478218       0.478228       
4	0	0	9594.9         0.479903       0.479914       0.479903       0.479914       
5	0	0	9627           0.481613       0.481623       0.481613       0.481623       
6	0	0	9639.62        0.483344       0.483353       0.483344       0.483353       
7	0	0	9675.65        0.485099       0.485108       0.485099       0.485108       
8	0	0	9743.57        0.486881       0.48689        0.486881       0.48689        
9	0	0	9752.86        0.488687       0.488697       0.488687       0.488697       
10	0	0	9786.8         0.490519       0.490528       0.490519       0.490528       
11	0	0	9828.77        0.492379       0.492388       0.492379       0.492388       
12	0	0	9863.82        0.494266       0.494275       0.494266       0.494275       
13	0	0	9945.77        0.496187       0.496196       0.496187       0.496196       
14	0	0	9978.48        0.498136       0.498147       0.498136       0.498147       
15	0	0	9996.93        0.500118       0.500126       0.500118       0.500126       
16	0	0	10038.2        0.502124       0.502134       0.502124       0.502134       
17	0	0	10086.7        0.504161       0.504175       0.504161       0.504175       
18	0	0	10101.7        0.506233       0.506243       0.506233       0.506243       
19	0	0	10152          0.508339       0.508346       0.508339       0.508346       
20	0	0	10187.9        0.510471       0.510481       0.510471       0.510481       
21	0	0	10242.6        0.512641       0.512653       0.512641       0.512653       
22	0	0	10273.4        0.514847       0.514858       0.514847       0.514858       
23	0	0	10321.6        0.517095       0.517101       0.517095       0.517101       
24	0	0	10362.4        0.51937        0.51938        0.51937        0.51938        
25	0	0	10423.5        0.521689       0.5217         0.521689       0.5217         
26	0	0	10470.8        0.524049       0.52406        0.524049       0.52406        
27	0	0	10515          0.526449       0.526463       0.526449       0.526463       
28	0	0	10544.8        0.528895       0.528905       0.528895       0.528905       
29	0	0	10616.9        0.531376       0.53139        0.531376       0.53139        
30	0	0	10660.2        0.533912       0.533921       0.533912       0.533921       
31	0	0	10762.5        0.536492       0.536506       0.536492       0.536506       
32	0	0	10797.4        0.539133       0.53914        0.539133       0.53914        
33	0	0	10799.7        0.541808       0.541816       0.541808       0.541816       
34	0	0	10865.6        0.54453        0.544539       0.54453        0.544539       
35	0	0	10948.2        0.547311       0.547318       0.547311       0.547318       
36	0	0	10986.7        0.550149       0.550151       0.550149       0.550151       
37	0	0	11040.1        0.553027       0.553037       0.553027       0.553037       
38	0	0	11105.3        0.55597        0.555983       0.55597        0.555983       
39	0	0	11141.3        0.558973       0.558984       0.558973       0.558984       
40	0	0	11232.4        0.56204        0.562048       0.56204        0.562048       
41	0	0	11277.9        0.565168       0.565178       0.565168       0.565178       
42	0	0	11353.6        0.568364       0.568372       0.568364       0.568372       
43	0	0	11361.6        0.571611       0.571626       0.571611       0.571626       
44	0	0	11473.7        0.574947       0.574955       0.574947       0.574955       
45	0	0	11511.9        0.57835        0.578351       0.57835        0.578351       
46	0	0	11620          0.581828       0.581831       0.581828       0.581831       
47	0	0	11683.6        0.585392       0.585391       0.585392       0.585391       
48	0	0	11763.8        0.589024       0.589035       0.589024       0.589035       
49	0	0	11842.4        0.592763       0.592762       0.592763       0.592762       
50	0	0	11897          0.596582       0.596578       0.596582       0.596578       
51	0	0	11951.8        0.600471       0.600477       0.600471       0.600477       
52	0	0	12082.4        0.604471       0.604477       0.604471       0.604477       
53	0	0	12130.3        0.608576       0.608577       0.608576       0.608577       
54	0	0	12237.7        0.612781       0.612781       0.612781       0.612781       
55	0	0	12328.3        0.617099       0.617098       0.617099       0.617098       
56	0	0	12383.1        0.621517       0.62152        0.621517       0.62152        
57	0	0	12479.4        0.626054       0.626056       0.626054       0.626056       
58	0	0	12584.2        0.630731       0.63072        0.630731       0.63072        
59	0	0	12688.1        0.635529       0.635514       0.635529       0.635514       
60	0	0	12790.6        0.640456       0.640448       0.640456       0.640448       
61	0	0	12894          0.645525       0.645522       0.645525       0.645522       
62	0	0	13020          0.650753       0.650748       0.650753       0.650748       
63	0	0	13133.5        0.656155       0.656139       0.656155       0.656139       
64	0	0	13232.3        0.661707       0.661691       0.661707       0.661691       
65	0	0	13357.6        0.66742        0.667416       0.66742        0.667416       
66	0	0	13455.4        0.673335       0.673321       0.673335       0.673321       
67	0	0	13588          0.679432       0.679414       0.679432       0.679414       
68	0	0	13697.9        0.685743       0.685708       0.685743       0.685708       
69	0	0	13865.5        0.692245       0.692222       0.692245       0.692222       
70	0	0	13957.7        0.699004       0.698959       0.699004       0.698959       
71	0	0	14112.4        0.705955       0.705929       0.705955       0.705929       
72	0	0	14275.9        0.71321        0.713165       0.71321        0.713165       
73	0	0	14392.3        0.72071        0.720665       0.72071        0.720665       
74	0	0	14567          0.728482       0.728444       0.728482       0.728444       
75	0	0	14764.2        0.736609       0.73655        0.736609       0.73655        
76	0	0	14909.9        0.745066       0.744987       0.745066       0.744987       
77	0	0	15073.9        0.75383        0.753757       0.75383        0.753757       
78	0	0	15261.1        0.762987       0.762905       0.762987       0.762905       
79	0	0	15447.4        0.772538       0.772452       0.772538       0.772452       
80	0	0	15649.6        0.782534       0.782433       0.782534       0.782433       
81	0	0	15870.6        0.792994       0.79288        0.792994       0.79288        
82	0	0	16088          0.80396        0.803843       0.80396        0.803843       
83	0	0	16320.2        0.815511       0.815348       0.815511       0.815348       
84	0	0	16556.5        0.827634       0.82745        0.827634       0.82745        
85	0	0	16839.3        0.840398       0.840207       0.840398       0.840207       
86	0	0	17108.5        0.85388        0.853676       0.85388        0.853676       
87	0	0	17385.4        0.86816        0.867928       0.86816        0.867928       
88	0	0	17684.3        0.883305       0.883028       0.883305       0.883028       
89	0	0	17984          0.899349       0.899055       0.899349       0.899055       
90	0	0	18345.8        0.916513       0.916143       0.916513       0.916143       
91	0	0	18723.4        0.934848       0.93441        0.934848       0.93441        
92	0	0	19120          0.954547       0.954          0.954547       0.954          
93	0	0	19520.3        0.975655       0.97506        0.975655       0.97506        
94	0	0	19977          0.998449       0.997779       0.998449       0.997779       
95	0	0	20477.6        1.02323        1.02242        1.02323        1.02242        
96	0	0	21041.2        1.0502         1.04929        1.0502         1.04929        
97	0	0	21582.3        1.07981        1.07869        1.07981        1.07869        
98	0	0	22285.1        1.11249        1.1111         1.11249        1.1111         
99	0	0	23001.2        1.14877        1.1471         1.14877        1.1471         
100	0	0	23803.4        1.18948        1.18737        1.18948        1.18737        
101	0	0	24735.6        1.23546        1.23286        1.23546        1.23286        
102	0	0	25738.1        1.28822        1.28479        1.28822        1.28479        
103	0	0	26960.5        1.3495         1.34492        1.3495         1.34492        
104	0	0	28403.2        1.42212        1.41581        1.42212        1.41581        
105	0	0	30119.4        1.51039        1.50128        1.51039        1.50128        
106	0	0	32235.7        1.6216         1.60743        1.6216         1.60743        
107	0	0	35021.3        1.77044        1.74544        1.77044        1.74544        
108	0	0	38937.8        2.00884        1.93922        2.00884        1.93922        
109	0	0	44917.9        2.50177        2.24495        2.50177        2.24495        
110	0	0	54512.4        3.74064        2.79007        3.74064        2.79007        
111	0	0	63580.6        5.81129        3.65213        5.81129        3.65213        
112	0	0	59034.4        8.12192        4.7422         8.12192        4.7422         
113	0	0	37011.7        10.3393        5.96634        10.3393        5.96634        
114	0	0	13449.5        12.4611        7.32113        12.4611        7.32113        
115	0	0	2218.15        14.5092        8.6535         14.5092        8.6535         
116	0	0	165.295        15.7524        9.38395        15.7524        9.38395        
117	0	0	12.3936        17.0466        11.7703        17.0466        11.7703        
118	0	0	0              0              0              0              0              
119	0	0	0              0              0              0              0              
120	0	0	0              0              0              0              0              
121	0	0	0              0              0              0              0              
122	0	0	0              0              0              0              0              
123	0	0	0              0              0              0              0              
124	0	0	0              0              0              0              0              
125	0	0	0              0              0              0              0              
126	0	0	0              0              0              0              0              
127	0	0	0              0              0              0              0              
128	0	0	0              0              0              0              0              
129	0	0	0              0              0              0              0              
130	0	0	0              0              0              0              0              
131	0	0	0              0              0              0              0              
132	0	0	0              0              0              0              0              
133	0	0	0              0              0              0              0              
134	0	0	0              0              0              0              0              
135	0	0	0              0              0              0              0              
136	0	0	0              0              0              0              0              
137	0	0	0              0              0              0              0              
138	0	0	0              0              0              0              0              
139	0	0	0              0              0              0              0              
140	0	0	0              0              0              0              0              
141	0	0	0              0              0              0              0              
142	0	0	0              0              0              0              0              
143	0	0	0              0              0              0              0              
144	0	0	0              0              0              0              0              
145	0	0	0              0              0              0              0              
146	0	0	0              0              0              0              0              
147	0	0	0              0              0              0              0              
148	0	0	0              0              0              0              0              
149	0	0	0              0              0              0              0              
150	0	0	0              0              0              0              0              
151	0	0	0              0              0              0              0              
152	0	0	0              0              0              0              0              
153	0	0	0              0              0              0              0              
154	0	0	0              0              0              0              0              
155	0	0	0              0              0              0              0              
156	0	0	0              0              0              0              0              
157	0	0	0              0              0              0              0              
158	0	0	0              0              0              0              0              
159	0	0	0              0              0              0              0              
160	0	0	0              0              0              0              0              
161	0	0	0              0              0              0              0              
162	0	0	0              0              0              0              0              
163	0	0	0              0              0              0              0              
164	0	0	0              0              0              0              0              
165	0	0	0              0              0              0              0              
166	0	0	0              0              0              0              0              
167	0	0	0              0              0              0              0              
168	0	0	0              0              0              0              0              
169	0	0	0              0              0              0              0              
170	0	0	0              0              0              0              0              
171	0	0	0              0              0              0              0              
172	0	0	0              0              0              0              0              
173	0	0	0              0              0              0              0              
174	0	0	0              0              0              0              0              
175	0	0	0              0              0              0              0              
176	0	0	0              0              0              0              0              
177	0	0	0              0              0              0              0              
178	0	0	0              0              0              0              0              
179	0	0	0              0              0              0              0              
180	0	0	0              0              0              0              0              
181	0	0	0              0              0              0              0              
182	0	0	0              0              0              0              0              
183	0	0	0              0              0              0              0              
184	0	0	0              0              0              0              0              
185	0	0	0              0              0              0              0              
186	0	0	0              0              0              0              0              
187	0	0	0              0              0              0              0              
188	0	0	0              0              0              0              0              
189	0	0	0              0              0              0              0              
190	0	0	0              0              0              0              0              
191	0	0	0              0              0              0              0              
192	0	0	0              0              0              0              0              
193	0	0	0              0              0              0              0              
194	0	0	0              0              0              0              0              
195	0	0	0              0              0              0              0              
196	0	0	0              0              0              0              0              
197	0	0	0              0              0              0              0              
198	0	0	0              0              0              0              0              
199	0	0	0              0              0              0              0              