i	j	k	Dose           LDT            LTT            proton_1_D     proton_1_T     O16_D          O16_T          

0	0	0	9654.73        0.483849       0.483859       0.483849       0.483859       0              0              
1	0	0	9717.02        0.485614       0.485625       0.485614       0.485625       0              0              
2	0	0	9714.93        0.487402       0.487412       0.487402       0.487412       0              0              
3	0	0	9771.89        0.570707       0.489296       0.489215       0.489226       567.125        477.911        
4	0	0	9796.72        0.491054       0.491065       0.491054       0.491065       0              0              
5	0	0	9842.36        0.492922       0.492933       0.492922       0.492933       0              0              
6	0	0	9886.29        0.494818       0.49483        0.494818       0.49483        0              0              
7	0	0	9917.24        0.496744       0.496754       0.496744       0.496754       0              0              
8	0	0	9944.25        0.498695       0.498706       0.498695       0.498706       0              0              
9	0	0	10001.5        0.50068        0.500689       0.50068        0.500689       0              0              
10	0	0	10064.9        0.502694       0.502707       0.502694       0.502707       0              0              
11	0	0	10086.8        0.504744       0.504757       0.504744       0.504757       0              0              
12	0	0	10127.8        0.506822       0.506836       0.506822       0.506836       0              0              
13	0	0	10176.6        0.508939       0.50895        0.508939       0.50895        0              0              
14	0	0	10209          0.511086       0.511098       0.511086       0.511098       0              0              
15	0	0	10252.3        0.513265       0.513279       0.513265       0.513279       0              0              
16	0	0	10290.3        0.515486       0.515495       0.515486       0.515495       0              0              
17	0	0	10341.9        0.517736       0.517749       0.517736       0.517749       0              0              
18	0	0	10381.2        0.520032       0.520041       0.520032       0.520041       0              0              
19	0	0	10439.5        0.52236        0.522374       0.52236        0.522374       0              0              
20	0	0	10488.6        0.524737       0.524746       0.524737       0.524746       0              0              
21	0	0	10533.4        0.52715        0.527162       0.52715        0.527162       0              0              
22	0	0	10601.5        0.529606       0.529623       0.529606       0.529623       0              0              
23	0	0	10635          0.532114       0.532125       0.532114       0.532125       0              0              
24	0	0	10676.3        0.534659       0.534672       0.534659       0.534672       0              0              
25	0	0	10725.4        0.537248       0.537261       0.537248       0.537261       0              0              
26	0	0	10760.3        0.539884       0.539897       0.539884       0.539897       0              0              
27	0	0	10851.2        0.542572       0.542586       0.542572       0.542586       0              0              
28	0	0	10888.6        0.545317       0.545328       0.545317       0.545328       0              0              
29	0	0	10961.6        0.548115       0.548124       0.548115       0.548124       0              0              
30	0	0	10991.5        0.550957       0.55097        0.550957       0.55097        0              0              
31	0	0	11063.5        0.553861       0.553872       0.553861       0.553872       0              0              
32	0	0	11142.6        0.556829       0.556841       0.556829       0.556841       0              0              
33	0	0	11172.1        0.559846       0.559863       0.559846       0.559863       0              0              
34	0	0	11211.2        0.562917       0.562939       0.562917       0.562939       0              0              
35	0	0	11296.5        0.566081       0.566083       0.566081       0.566083       0              0              
36	0	0	11364.6        0.569288       0.569297       0.569288       0.569297       0              0              
37	0	0	11443.5        0.572568       0.57258        0.572568       0.57258        0              0              
38	0	0	11492.6        0.57593        0.575933       0.57593        0.575933       0              0              
39	0	0	11553.1        0.579352       0.579358       0.579352       0.579358       0              0              
40	0	0	11652.5        0.582853       0.582867       0.582853       0.582867       0              0              
41	0	0	11731.5        0.586446       0.586455       0.586446       0.586455       0              0              
42	0	0	11760.1        0.590113       0.590123       0.590113       0.590123       0              0              
43	0	0	11842.1        0.593862       0.59387        0.593862       0.59387        0              0              
44	0	0	11926.2        0.5977         0.597706       0.5977         0.597706       0              0              
45	0	0	12020.6        0.601635       0.601644       0.601635       0.601644       0              0              
46	0	0	12101.7        0.605674       0.605679       0.605674       0.605679       0              0              
47	0	0	12178.8        0.609811       0.609813       0.609811       0.609813       0              0              
48	0	0	12254.9        0.614048       0.614049       0.614048       0.614049       0              0              
49	0	0	12369.5        0.618396       0.6184         0.618396       0.6184         0              0              
50	0	0	12440.8        0.622865       0.622866       0.622865       0.622866       0              0              
51	0	0	12519.5        0.627451       0.627446       0.627451       0.627446       0              0              
52	0	0	12605.3        0.632151       0.632148       0.632151       0.632148       0              0              
53	0	0	12722.6        0.636991       0.636981       0.636991       0.636981       0              0              
54	0	0	12831.6        0.641968       0.641959       0.641968       0.641959       0              0              
55	0	0	12917.2        0.647089       0.647075       0.647089       0.647075       0              0              
56	0	0	13035.5        0.652353       0.652348       0.652353       0.652348       0              0              
57	0	0	13141.1        0.657794       0.657777       0.657794       0.657777       0              0              
58	0	0	13281.7        0.663391       0.663378       0.663391       0.663378       0              0              
59	0	0	13390.5        0.669169       0.66916        0.669169       0.66916        0              0              
60	0	0	13507.4        0.675138       0.675122       0.675138       0.675122       0              0              
61	0	0	13631.9        0.681281       0.681279       0.681281       0.681279       0              0              
62	0	0	13738.4        0.687655       0.687639       0.687655       0.687639       0              0              
63	0	0	13892.6        0.694244       0.694217       0.694244       0.694217       0              0              
64	0	0	14015.2        0.701039       0.701022       0.701039       0.701022       0              0              
65	0	0	14173.6        0.708113       0.70808        0.708113       0.70808        0              0              
66	0	0	14310.6        0.715427       0.715392       0.715427       0.715392       0              0              
67	0	0	14455.4        0.723014       0.72298        0.723014       0.72298        0              0              
68	0	0	14590.2        0.730884       0.730845       0.730884       0.730845       0              0              
69	0	0	14813.2        0.739093       0.739042       0.739093       0.739042       0              0              
70	0	0	14942.5        0.747625       0.747567       0.747625       0.747567       0              0              
71	0	0	15124.3        0.756499       0.756444       0.756499       0.756444       0              0              
72	0	0	15319.6        0.765766       0.765707       0.765766       0.765707       0              0              
73	0	0	15524.8        0.775487       0.775387       0.775487       0.775387       0              0              
74	0	0	15712.6        0.785626       0.785511       0.785626       0.785511       0              0              
75	0	0	15944          0.796222       0.796112       0.796222       0.796112       0              0              
76	0	0	16145.1        0.807343       0.80723        0.807343       0.80723        0              0              
77	0	0	16409.3        0.819037       0.818912       0.819037       0.818912       0              0              
78	0	0	16649.9        0.831379       0.831211       0.831379       0.831211       0              0              
79	0	0	16899.3        0.844345       0.844166       0.844345       0.844166       0              0              
80	0	0	17184.4        0.858059       0.857858       0.858059       0.857858       0              0              
81	0	0	17460.7        0.914306       0.872417       0.872547       0.872348       548.822        475.006        
82	0	0	17760.2        0.887951       0.887692       0.887951       0.887692       0              0              
83	0	0	18092.5        0.904331       0.904027       0.904331       0.904027       0              0              
84	0	0	18427.7        0.921795       0.921437       0.921795       0.921437       0              0              
85	0	0	18803.3        0.940466       0.940036       0.940466       0.940036       0              0              
86	0	0	19214.4        1.00368        0.960092       0.960472       0.960014       574.754        518.418        
87	0	0	19674.3        0.982071       0.981537       0.982071       0.981537       0              0              
88	0	0	20137.4        1.00546        1.00481        1.00546        1.00481        0              0              
89	0	0	20616.2        1.03083        1.03006        1.03083        1.03006        0              0              
90	0	0	21185.6        1.05851        1.0576         1.05851        1.0576         0              0              
91	0	0	21797.6        1.08893        1.08784        1.08893        1.08784        0              0              
92	0	0	22453.5        1.12247        1.1212         1.12247        1.1212         0              0              
93	0	0	23206          1.15997        1.15831        1.15997        1.15831        0              0              
94	0	0	24047.9        1.20196        1.19993        1.20196        1.19993        0              0              
95	0	0	24980.3        1.24967        1.24705        1.24967        1.24705        0              0              
96	0	0	26061.4        1.30452        1.30106        1.30452        1.30106        0              0              
97	0	0	27358.1        1.36865        1.36394        1.36865        1.36394        0              0              
98	0	0	28842.9        1.44845        1.43866        1.44845        1.43866        0              0              
99	0	0	30656.5        1.53776        1.5284         1.53776        1.5284         0              0              
100	0	0	32927.7        1.65619        1.64164        1.65619        1.64164        0              0              
101	0	0	35937.5        1.8174         1.7908         1.8174         1.7908         0              0              
102	0	0	40267.6        2.10364        2.00663        2.10364        2.00663        0              0              
103	0	0	46961.8        2.67018        2.35266        2.67018        2.35266        0              0              
104	0	0	57656.6        4.15394        2.98851        4.15394        2.98851        0              0              
105	0	0	65567.2        6.45155        3.9738         6.45155        3.9738         0              0              
106	0	0	55599.6        8.9452         5.20825        8.9452         5.20825        0              0              
107	0	0	28697.1        11.3019        6.57652        11.3019        6.57652        0              0              
108	0	0	7351.04        13.4581        7.89063        13.4581        7.89063        0              0              
109	0	0	983.415        15.0449        9.02079        15.0449        9.02079        0              0              
110	0	0	51.5219        14.8584        9.56434        14.8584        9.56434        0              0              
111	0	0	0              0              0              0              0              0              0              
112	0	0	0              0              0              0              0              0              0              
113	0	0	0              0              0              0              0              0              0              
114	0	0	0              0              0              0              0              0              0              
115	0	0	0              0              0              0              0              0              0              
116	0	0	0              0              0              0              0              0              0              
117	0	0	0              0              0              0              0              0              0              
118	0	0	0              0              0              0              0              0              0              
119	0	0	0              0              0              0              0              0              0              
120	0	0	0              0              0              0              0              0              0              
121	0	0	0              0              0              0              0              0              0              
122	0	0	0              0              0              0              0              0              0              
123	0	0	0              0              0              0              0              0              0              
124	0	0	0              0              0              0              0              0              0              
125	0	0	0              0              0              0              0              0              0              
126	0	0	0              0              0              0              0              0              0              
127	0	0	0              0              0              0              0              0              0              
128	0	0	0              0              0              0              0              0              0              
129	0	0	0              0              0              0              0              0              0              
130	0	0	0              0              0              0              0              0              0              
131	0	0	0              0              0              0              0              0              0              
132	0	0	0              0              0              0              0              0              0              
133	0	0	0              0              0              0              0              0              0              
134	0	0	0              0              0              0              0              0              0              
135	0	0	0              0              0              0              0              0              0              
136	0	0	0              0              0              0              0              0              0              
137	0	0	0              0              0              0              0              0              0              
138	0	0	0              0              0              0              0              0              0              
139	0	0	0              0              0              0              0              0              0              
140	0	0	0              0              0              0              0              0              0              
141	0	0	0              0              0              0              0              0              0              
142	0	0	0              0              0              0              0              0              0              
143	0	0	0              0              0              0              0              0              0              
144	0	0	0              0              0              0              0              0              0              
145	0	0	0              0              0              0              0              0              0              
146	0	0	0              0              0              0              0              0              0              
147	0	0	0              0              0              0              0              0              0              
148	0	0	0              0              0              0              0              0              0              
149	0	0	0              0              0              0              0              0              0              
150	0	0	0              0              0              0              0              0              0              
151	0	0	0              0              0              0              0              0              0              
152	0	0	0              0              0              0              0              0              0              
153	0	0	0              0              0              0              0              0              0              
154	0	0	0              0              0              0              0              0              0              
155	0	0	0              0              0              0              0              0              0              
156	0	0	0              0              0              0              0              0              0              
157	0	0	0              0              0              0              0              0              0              
158	0	0	0              0              0              0              0              0              0              
159	0	0	0              0              0              0              0              0              0              
160	0	0	0              0              0              0              0              0              0              
161	0	0	0              0              0              0              0              0              0              
162	0	0	0              0              0              0              0              0              0              
163	0	0	0              0              0              0              0              0              0              
164	0	0	0              0              0              0              0              0              0              
165	0	0	0              0              0              0              0              0              0              
166	0	0	0              0              0              0              0              0              0              
167	0	0	0              0              0              0              0              0              0              
168	0	0	0              0              0              0              0              0              0              
169	0	0	0              0              0              0              0              0              0              
170	0	0	0              0              0              0              0              0              0              
171	0	0	0              0              0              0              0              0              0              
172	0	0	0              0              0              0              0              0              0              
173	0	0	0              0              0              0              0              0              0              
174	0	0	0              0              0              0              0              0              0              
175	0	0	0              0              0              0              0              0              0              
176	0	0	0              0              0              0              0              0              0              
177	0	0	0              0              0              0              0              0              0              
178	0	0	0              0              0              0              0              0              0              
179	0	0	0              0              0              0              0              0              0              
180	0	0	0              0              0              0              0              0              0              
181	0	0	0              0              0              0              0              0              0              
182	0	0	0              0              0              0              0              0              0              
183	0	0	0              0              0              0              0              0              0              
184	0	0	0              0              0              0              0              0              0              
185	0	0	0              0              0              0              0              0              0              
186	0	0	0              0              0              0              0              0              0              
187	0	0	0              0              0              0              0              0              0              
188	0	0	0              0              0              0              0              0              0              
189	0	0	0              0              0              0              0              0              0              
190	0	0	0              0              0              0              0              0              0              
191	0	0	0              0              0              0              0              0              0              
192	0	0	0              0              0              0              0              0              0              
193	0	0	0              0              0              0              0              0              0              
194	0	0	0              0              0              0              0              0              0              
195	0	0	0              0              0              0              0              0              0              
196	0	0	0              0              0              0              0              0              0              
197	0	0	0              0              0              0              0              0              0              
198	0	0	0              0              0              0              0              0              0              
199	0	0	0              0              0              0              0              0              0              