i	j	k	Dose(Gy)       
0	0	0	3.78565e-08    
1	0	0	3.81711e-08    
2	0	0	3.82878e-08    
3	0	0	3.83232e-08    
4	0	0	3.83884e-08    
5	0	0	3.84509e-08    
6	0	0	3.85922e-08    
7	0	0	3.8622e-08     
8	0	0	3.8673e-08     
9	0	0	3.87552e-08    
10	0	0	3.87923e-08    
11	0	0	3.8888e-08     
12	0	0	3.8914e-08     
13	0	0	3.89718e-08    
14	0	0	3.91463e-08    
15	0	0	3.91858e-08    
16	0	0	3.92615e-08    
17	0	0	3.93247e-08    
18	0	0	3.94152e-08    
19	0	0	3.94833e-08    
20	0	0	3.95403e-08    
21	0	0	3.95941e-08    
22	0	0	3.96607e-08    
23	0	0	3.98039e-08    
24	0	0	3.98491e-08    
25	0	0	3.99442e-08    
26	0	0	4.00145e-08    
27	0	0	4.01074e-08    
28	0	0	4.02058e-08    
29	0	0	4.02531e-08    
30	0	0	4.04012e-08    
31	0	0	4.04139e-08    
32	0	0	4.05167e-08    
33	0	0	4.06386e-08    
34	0	0	4.07092e-08    
35	0	0	4.07794e-08    
36	0	0	4.08667e-08    
37	0	0	4.095e-08      
38	0	0	4.10393e-08    
39	0	0	4.11562e-08    
40	0	0	4.12138e-08    
41	0	0	4.13223e-08    
42	0	0	4.1423e-08     
43	0	0	4.15235e-08    
44	0	0	4.158e-08      
45	0	0	4.16936e-08    
46	0	0	4.17885e-08    
47	0	0	4.18834e-08    
48	0	0	4.19782e-08    
49	0	0	4.20902e-08    
50	0	0	4.21764e-08    
51	0	0	4.23238e-08    
52	0	0	4.2431e-08     
53	0	0	4.25137e-08    
54	0	0	4.26193e-08    
55	0	0	4.26882e-08    
56	0	0	4.28194e-08    
57	0	0	4.29292e-08    
58	0	0	4.30553e-08    
59	0	0	4.31476e-08    
60	0	0	4.32779e-08    
61	0	0	4.33879e-08    
62	0	0	4.34849e-08    
63	0	0	4.35768e-08    
64	0	0	4.372e-08      
65	0	0	4.38298e-08    
66	0	0	4.39519e-08    
67	0	0	4.40648e-08    
68	0	0	4.42076e-08    
69	0	0	4.42856e-08    
70	0	0	4.44529e-08    
71	0	0	4.45268e-08    
72	0	0	4.47278e-08    
73	0	0	4.47796e-08    
74	0	0	4.49211e-08    
75	0	0	4.50967e-08    
76	0	0	4.51876e-08    
77	0	0	4.53661e-08    
78	0	0	4.5469e-08     
79	0	0	4.56309e-08    
80	0	0	4.57744e-08    
81	0	0	4.59343e-08    
82	0	0	4.60275e-08    
83	0	0	4.62401e-08    
84	0	0	4.63478e-08    
85	0	0	4.65229e-08    
86	0	0	4.6632e-08     
87	0	0	4.68261e-08    
88	0	0	4.69256e-08    
89	0	0	4.71492e-08    
90	0	0	4.72372e-08    
91	0	0	4.74088e-08    
92	0	0	4.76137e-08    
93	0	0	4.7734e-08     
94	0	0	4.79055e-08    
95	0	0	4.81167e-08    
96	0	0	4.82426e-08    
97	0	0	4.84631e-08    
98	0	0	4.86182e-08    
99	0	0	4.87728e-08    
100	0	0	4.89671e-08    
101	0	0	4.91958e-08    
102	0	0	4.93013e-08    
103	0	0	4.95608e-08    
104	0	0	4.97339e-08    
105	0	0	4.99438e-08    
106	0	0	5.0155e-08     
107	0	0	5.03437e-08    
108	0	0	5.0497e-08     
109	0	0	5.07337e-08    
110	0	0	5.0959e-08     
111	0	0	5.11867e-08    
112	0	0	5.13748e-08    
113	0	0	5.16371e-08    
114	0	0	5.18337e-08    
115	0	0	5.20469e-08    
116	0	0	5.22873e-08    
117	0	0	5.25068e-08    
118	0	0	5.27462e-08    
119	0	0	5.30578e-08    
120	0	0	5.32686e-08    
121	0	0	5.35092e-08    
122	0	0	5.37932e-08    
123	0	0	5.40423e-08    
124	0	0	5.43191e-08    
125	0	0	5.45742e-08    
126	0	0	5.48554e-08    
127	0	0	5.51828e-08    
128	0	0	5.54329e-08    
129	0	0	5.57778e-08    
130	0	0	5.60401e-08    
131	0	0	5.63384e-08    
132	0	0	5.66833e-08    
133	0	0	5.69895e-08    
134	0	0	5.73507e-08    
135	0	0	5.7674e-08     
136	0	0	5.79844e-08    
137	0	0	5.83562e-08    
138	0	0	5.87094e-08    
139	0	0	5.90982e-08    
140	0	0	5.94427e-08    
141	0	0	5.98291e-08    
142	0	0	6.02188e-08    
143	0	0	6.06529e-08    
144	0	0	6.10844e-08    
145	0	0	6.144e-08      
146	0	0	6.19141e-08    
147	0	0	6.23377e-08    
148	0	0	6.28325e-08    
149	0	0	6.33132e-08    
150	0	0	6.38052e-08    
151	0	0	6.43161e-08    
152	0	0	6.48458e-08    
153	0	0	6.54074e-08    
154	0	0	6.6015e-08     
155	0	0	6.6561e-08     
156	0	0	6.71501e-08    
157	0	0	6.77572e-08    
158	0	0	6.83397e-08    
159	0	0	6.90019e-08    
160	0	0	6.96666e-08    
161	0	0	7.03793e-08    
162	0	0	7.10676e-08    
163	0	0	7.17853e-08    
164	0	0	7.26269e-08    
165	0	0	7.34145e-08    
166	0	0	7.42364e-08    
167	0	0	7.5097e-08     
168	0	0	7.59823e-08    
169	0	0	7.69403e-08    
170	0	0	7.79305e-08    
171	0	0	7.89608e-08    
172	0	0	8.00561e-08    
173	0	0	8.11627e-08    
174	0	0	8.23704e-08    
175	0	0	8.36135e-08    
176	0	0	8.49888e-08    
177	0	0	8.63746e-08    
178	0	0	8.78458e-08    
179	0	0	8.9416e-08     
180	0	0	9.10682e-08    
181	0	0	9.289e-08      
182	0	0	9.48132e-08    
183	0	0	9.69213e-08    
184	0	0	9.90951e-08    
185	0	0	1.0154e-07     
186	0	0	1.04151e-07    
187	0	0	1.07005e-07    
188	0	0	1.10181e-07    
189	0	0	1.13698e-07    
190	0	0	1.17639e-07    
191	0	0	1.2208e-07     
192	0	0	1.272e-07      
193	0	0	1.33114e-07    
194	0	0	1.4019e-07     
195	0	0	1.4884e-07     
196	0	0	1.59854e-07    
197	0	0	1.74492e-07    
198	0	0	1.93335e-07    
199	0	0	2.16698e-07    