i	j	k	Dose           LDT            LTT            proton_1_D     proton_1_T     proton_D       proton_T       O16_D          O16_T          

0	0	0	76022.9        0.381007       0.381008       0.381007       0.381008       0              0              0              0              
1	0	0	76264.8        0.381667       0.381668       0.381667       0.381668       0              0              0              0              
2	0	0	76437.3        0.382333       0.382334       0.382333       0.382334       0              0              0              0              
3	0	0	76559.8        0.383004       0.383005       0.383004       0.383005       0              0              0              0              
4	0	0	76657.1        0.38368        0.383681       0.38368        0.383681       0              0              0              0              
5	0	0	76848.5        0.384361       0.384362       0.384361       0.384362       0              0              0              0              
6	0	0	77044.2        0.385048       0.385049       0.385048       0.385049       0              0              0              0              
7	0	0	77132.6        0.38574        0.385741       0.38574        0.385741       0              0              0              0              
8	0	0	77266.2        0.386438       0.386439       0.386438       0.386439       0              0              0              0              
9	0	0	77389.7        0.387141       0.387141       0.387141       0.387141       0              0              0              0              
10	0	0	77470.7        0.387848       0.387849       0.387848       0.387849       0              0              0              0              
11	0	0	77673.2        0.388562       0.388563       0.388562       0.388563       0              0              0              0              
12	0	0	77704.2        0.425781       0.389305       0.389281       0.389282       0              0              690.832        599.088        
13	0	0	77870.3        0.390006       0.390006       0.390006       0.390006       0              0              0              0              
14	0	0	78213.7        0.390737       0.390738       0.390737       0.390738       0              0              0              0              
15	0	0	78218.4        0.391474       0.391475       0.391474       0.391475       0              0              0              0              
16	0	0	78447.4        0.392217       0.392218       0.392217       0.392218       0              0              0              0              
17	0	0	78532.3        0.392966       0.392967       0.392966       0.392967       0              0              0              0              
18	0	0	78704          0.393721       0.393722       0.393721       0.393722       0              0              0              0              
19	0	0	78870.8        0.394484       0.394484       0.394484       0.394484       0              0              0              0              
20	0	0	78953.5        0.395251       0.395251       0.395251       0.395251       0              0              0              0              
21	0	0	79083.7        0.396024       0.396025       0.396024       0.396025       0              0              0              0              
22	0	0	79191.6        0.396803       0.396804       0.396803       0.396804       0              0              0              0              
23	0	0	79549.1        0.397591       0.397592       0.397591       0.397592       0              0              0              0              
24	0	0	79555.4        0.398384       0.398385       0.398384       0.398385       0              0              0              0              
25	0	0	79786.7        0.399185       0.399185       0.399185       0.399185       0              0              0              0              
26	0	0	79939.4        0.399991       0.399993       0.399991       0.399993       0              0              0              0              
27	0	0	80097.5        0.400806       0.400807       0.400806       0.400807       0              0              0              0              
28	0	0	80276.8        0.401628       0.401629       0.401628       0.401629       0              0              0              0              
29	0	0	80426.8        0.408961       0.402462       0.402456       0.402457       0              0              485.317        410.632        
30	0	0	80676.8        0.403292       0.403293       0.403292       0.403293       0              0              0              0              
31	0	0	80711.2        0.410187       0.404141       0.404136       0.404136       0              0              472.96         398.013        
32	0	0	80944.5        0.404985       0.404986       0.404985       0.404986       0              0              0              0              
33	0	0	81151.4        0.405844       0.405845       0.405844       0.405845       0              0              0              0              
34	0	0	81309.2        0.40671        0.406711       0.40671        0.406711       0              0              0              0              
35	0	0	81438.7        0.407585       0.407584       0.407585       0.407584       0              0              0              0              
36	0	0	81604.8        0.408466       0.408465       0.408466       0.408465       0              0              0              0              
37	0	0	81799.6        0.409354       0.409355       0.409354       0.409355       0              0              0              0              
38	0	0	81969.6        0.410252       0.410252       0.410252       0.410252       0              0              0              0              
39	0	0	82202          0.411159       0.411159       0.411159       0.411159       0              0              0              0              
40	0	0	82322.6        0.412073       0.412073       0.412073       0.412073       0              0              0              0              
41	0	0	82512.6        0.412995       0.412995       0.412995       0.412995       0              0              0              0              
42	0	0	82756.1        0.413927       0.413927       0.413927       0.413927       0              0              0              0              
43	0	0	82927.1        0.414867       0.414867       0.414867       0.414867       0              0              0              0              
44	0	0	83036.2        0.415817       0.415816       0.415817       0.415816       0              0              0              0              
45	0	0	83229.6        0.424114       0.416781       0.416775       0.416774       0              0              513.904        451.486        
46	0	0	83509.2        0.417742       0.417741       0.417742       0.417741       0              0              0              0              
47	0	0	83618.9        0.418717       0.418718       0.418717       0.418718       0              0              0              0              
48	0	0	83865.5        0.419704       0.419704       0.419704       0.419704       0              0              0              0              
49	0	0	84047.5        0.420701       0.4207         0.420701       0.4207         0              0              0              0              
50	0	0	84260.5        0.421706       0.421705       0.421706       0.421705       0              0              0              0              
51	0	0	84529.2        0.422722       0.422722       0.422722       0.422722       0              0              0              0              
52	0	0	84733.6        0.423748       0.423748       0.423748       0.423748       0              0              0              0              
53	0	0	84910.2        0.431473       0.424791       0.424785       0.424785       0              0              500.279        440.427        
54	0	0	85112.7        0.425832       0.425832       0.425832       0.425832       0              0              0              0              
55	0	0	85260.3        0.42689        0.426889       0.42689        0.426889       0              0              0              0              
56	0	0	85526          0.427958       0.427957       0.427958       0.427957       0              0              0              0              
57	0	0	85752.3        0.429039       0.429036       0.429039       0.429036       0              0              0              0              
58	0	0	85960.9        0.430128       0.430127       0.430128       0.430127       0              0              0              0              
59	0	0	86192.9        0.431231       0.431229       0.431231       0.431229       0              0              0              0              
60	0	0	86438.7        0.432345       0.432343       0.432345       0.432343       0              0              0              0              
61	0	0	86641.8        0.433469       0.433469       0.433469       0.433469       0              0              0              0              
62	0	0	86834.9        0.434608       0.434606       0.434608       0.434606       0              0              0              0              
63	0	0	87044.8        0.435756       0.435755       0.435756       0.435755       0              0              0              0              
64	0	0	87339.1        0.43692        0.436917       0.43692        0.436917       0              0              0              0              
65	0	0	87503.1        0.438094       0.438092       0.438094       0.438092       0              0              0              0              
66	0	0	87810.9        0.439279       0.439279       0.439279       0.439279       0              0              0              0              
67	0	0	87996.6        0.449249       0.440488       0.440482       0.44048        0              0              557.557        466.59         
68	0	0	88294.9        0.441695       0.441694       0.441695       0.441694       0              0              0              0              
69	0	0	88446          0.442924       0.442921       0.442924       0.442921       0              0              0              0              
70	0	0	88804          0.444163       0.444163       0.444163       0.444163       0              0              0              0              
71	0	0	88928.2        0.445419       0.445418       0.445419       0.445418       0              0              0              0              
72	0	0	89333.8        0.446692       0.446688       0.446692       0.446688       0              0              0              0              
73	0	0	89434.7        0.447974       0.447972       0.447974       0.447972       0              0              0              0              
74	0	0	89708          0.449273       0.449271       0.449273       0.449271       0              0              0              0              
75	0	0	90049.5        0.450588       0.450586       0.450588       0.450586       0              0              0              0              
76	0	0	90258.1        0.45192        0.451916       0.45192        0.451916       0              0              0              0              
77	0	0	90622.5        0.453266       0.453262       0.453266       0.453262       0              0              0              0              
78	0	0	90795.3        0.454628       0.454624       0.454628       0.454624       0              0              0              0              
79	0	0	91151.1        0.456009       0.456003       0.456009       0.456003       0              0              0              0              
80	0	0	91409.2        0.457403       0.457399       0.457403       0.457399       0              0              0              0              
81	0	0	91730.4        0.458815       0.458813       0.458815       0.458813       0              0              0              0              
82	0	0	91939.6        0.460246       0.460243       0.460246       0.460243       0              0              0              0              
83	0	0	92372.1        0.461696       0.461693       0.461696       0.461693       0              0              0              0              
84	0	0	92561.3        0.463244       0.463173       0.463166       0.463159       2.63341        2.63323        0              0              
85	0	0	92910.1        0.488016       0.464739       0.464651       0.464645       8.62851        5.09083        778.874        685.22         
86	0	0	93132.5        0.466156       0.46615        0.466156       0.46615        0              0              0              0              
87	0	0	93543.5        0.467681       0.467674       0.467681       0.467674       0              0              0              0              
88	0	0	93720.5        0.469225       0.469218       0.469225       0.469218       0              0              0              0              
89	0	0	94141.4        0.470787       0.470782       0.470787       0.470782       0              0              0              0              
90	0	0	94357.6        0.472372       0.472366       0.472372       0.472366       0              0              0              0              
91	0	0	94668.4        0.473977       0.473972       0.473977       0.473972       0              0              0              0              
92	0	0	95088.7        0.475605       0.475599       0.475605       0.475599       0              0              0              0              
93	0	0	95337.5        0.477257       0.477249       0.477257       0.477249       0              0              0              0              
94	0	0	95685.7        0.478927       0.47892        0.478927       0.47892        0              0              0              0              
95	0	0	96091.9        0.480625       0.480616       0.480625       0.480616       0              0              0              0              
96	0	0	96366.7        0.482343       0.482335       0.482343       0.482335       0              0              0              0              
97	0	0	96771.5        0.484087       0.484079       0.484087       0.484079       0              0              0              0              
98	0	0	97105.9        0.485859       0.485847       0.485859       0.485847       0              0              0              0              
99	0	0	97407.8        0.487651       0.48764        0.487651       0.48764        0              0              0              0              
100	0	0	97829.9        0.497119       0.489466       0.489471       0.48946        0              0              555.888        444.654        
101	0	0	98254.7        0.491317       0.491307       0.491317       0.491307       0              0              0              0              
102	0	0	98450.8        0.49319        0.49318        0.49319        0.49318        0              0              0              0              
103	0	0	98974.5        0.495091       0.495081       0.495091       0.495081       0              0              0              0              
104	0	0	99340.3        0.497026       0.497012       0.497026       0.497012       0              0              0              0              
105	0	0	99731.7        0.498982       0.498972       0.498982       0.498972       0              0              0              0              
106	0	0	100193         0.508613       0.50097        0.500976       0.500963       0              0              557.726        508.356        
107	0	0	100532         0.502997       0.502984       0.502997       0.502984       0              0              0              0              
108	0	0	100877         0.505051       0.505036       0.505051       0.505036       0              0              0              0              
109	0	0	101320         0.507138       0.50712        0.507138       0.50712        0              0              0              0              
110	0	0	101788         0.509256       0.509239       0.509256       0.509239       0              0              0              0              
111	0	0	102214         0.517498       0.511399       0.511407       0.511392       0              0              517.113        436.418        
112	0	0	102603         0.513596       0.51358        0.513596       0.51358        0              0              0              0              
113	0	0	103140         0.515823       0.515806       0.515822       0.515805       1.08019        1.08019        0              0              
114	0	0	103496         0.518108       0.518079       0.518087       0.518069       1.10902        1.11038        0              0              
115	0	0	103948         0.520411       0.520378       0.520391       0.520368       1.16482        1.16402        0              0              
116	0	0	104436         0.522754       0.522717       0.522728       0.522706       1.22856        1.2279         0              0              
117	0	0	104875         0.525137       0.525097       0.525108       0.525085       1.30796        1.30875        0              0              
118	0	0	105359         0.527565       0.527519       0.527529       0.527505       1.40842        1.40792        0              0              
119	0	0	105959         0.530042       0.529985       0.529997       0.529969       1.54152        1.54116        0              0              
120	0	0	106381         0.532564       0.532496       0.532506       0.532478       1.72583        1.7238         0              0              
121	0	0	106875         0.535145       0.535054       0.535058       0.535031       2.01655        2.00984        0              0              
122	0	0	107425         0.537824       0.537665       0.537659       0.537632       2.62273        2.59402        0              0              
123	0	0	107943         0.541584       0.540353       0.540309       0.54028        9.27949        5.73969        0              0              
124	0	0	108485         0.543007       0.542979       0.543007       0.542979       0              0              0              0              
125	0	0	108996         0.554058       0.545736       0.545758       0.545728       0              0              592.633        533.901        
126	0	0	109546         0.548569       0.54853        0.548569       0.54853        0              0              0              0              
127	0	0	110229         0.551426       0.551389       0.551426       0.551389       0              0              0              0              
128	0	0	110714         0.559898       0.554309       0.554344       0.554304       0              0              518.04         426.179        
129	0	0	111392         0.557318       0.557277       0.557318       0.557277       0              0              0              0              
130	0	0	111922         0.560357       0.560312       0.560357       0.560312       0              0              0              0              
131	0	0	112535         0.563454       0.563407       0.563454       0.563407       0              0              0              0              
132	0	0	113212         0.566617       0.566568       0.566617       0.566568       0              0              0              0              
133	0	0	113804         0.581623       0.569805       0.56985        0.569796       0              0              682.642        535.887        
134	0	0	114532         0.573146       0.573093       0.573146       0.573093       0              0              0              0              
135	0	0	115195         0.576524       0.576464       0.576524       0.576464       0              0              0              0              
136	0	0	115815         0.590078       0.579917       0.579968       0.579908       0              0              648.94         591.146        
137	0	0	116542         0.583501       0.583429       0.583501       0.583429       0              0              0              0              
138	0	0	117271         0.587102       0.58703        0.587102       0.58703        0              0              0              0              
139	0	0	118029         0.590797       0.590717       0.590797       0.590717       0              0              0              0              
140	0	0	118711         0.594582       0.594489       0.594582       0.594489       0              0              0              0              
141	0	0	119501         0.598462       0.598353       0.598462       0.598353       0              0              0              0              
142	0	0	120253         0.602435       0.60231        0.602435       0.60231        1.51958        1.51958        0              0              
143	0	0	121166         0.606613       0.606389       0.606563       0.606371       1.62333        1.61998        0              0              
144	0	0	121981         0.611749       0.610587       0.611675       0.610563       1.91084        1.90339        0              0              
145	0	0	122708         0.614993       0.614792       0.614845       0.614756       2.52283        2.49302        0              0              
146	0	0	123642         0.620315       0.619196       0.619216       0.619124       8.97566        5.48974        0              0              
147	0	0	124517         0.62371        0.623608       0.62371        0.623608       0              0              0              0              
148	0	0	125480         0.632473       0.628225       0.628324       0.628215       2.97505        2.97505        483.621        437.262        
149	0	0	126456         0.634166       0.63302        0.633068       0.632949       9.12247        5.52706        0              0              
150	0	0	127433         0.637941       0.637814       0.637941       0.637814       0              0              0              0              
151	0	0	128446         0.642954       0.642819       0.642954       0.642819       0              0              0              0              
152	0	0	129501         0.648108       0.64797        0.648108       0.64797        0              0              0              0              
153	0	0	130646         0.653429       0.653277       0.653429       0.653277       0              0              0              0              
154	0	0	131843         0.658904       0.658747       0.658904       0.658747       0              0              0              0              
155	0	0	132939         0.664589       0.664394       0.664552       0.664387       3.33136        3.3308         0              0              
156	0	0	134106         0.671355       0.670267       0.670374       0.670205       10.1991        6.25989        0              0              
157	0	0	135331         0.676401       0.676209       0.676401       0.676209       0              0              0              0              
158	0	0	136495         0.682611       0.682409       0.682611       0.682409       0              0              0              0              
159	0	0	137820         0.689038       0.68882        0.689038       0.68882        0              0              0              0              
160	0	0	139121         0.695679       0.69545        0.695679       0.69545        0              0              0              0              
161	0	0	140573         0.702556       0.702314       0.702556       0.702314       0              0              0              0              
162	0	0	141929         0.709697       0.709428       0.709697       0.709428       0              0              0              0              
163	0	0	143376         0.72023        0.716807       0.717088       0.716802       0              0              458.897        391.074        
164	0	0	145042         0.728998       0.724468       0.72478        0.72446        0              0              510.886        461.862        
165	0	0	146631         0.738971       0.732427       0.732763       0.732419       0              0              594.986        514.45         
166	0	0	148270         0.741084       0.740697       0.741084       0.740697       0              0              0              0              
167	0	0	149989         0.753504       0.749322       0.749764       0.749318       0              0              500.184        413.639        
168	0	0	151746         0.759046       0.758321       0.759046       0.758321       0              0              0              0              
169	0	0	153652         0.768603       0.767656       0.768603       0.767656       0              0              0              0              
170	0	0	155648         0.789599       0.777446       0.777923       0.77743        0              0              594.944        504.243        
171	0	0	157711         0.788224       0.787675       0.788224       0.787675       0              0              0              0              
172	0	0	159880         0.799          0.798413       0.799          0.798413       0              0              0              0              
173	0	0	162099         0.810331       0.80968        0.810331       0.80968        0              0              0              0              
174	0	0	164515         0.825918       0.821533       0.822252       0.821525       0              0              509.479        410.854        
175	0	0	166987         0.845073       0.834012       0.834832       0.834          0              0              737.193        574.207        
176	0	0	169739         0.848739       0.847192       0.848739       0.847192       0              0              0              0              
177	0	0	172504         0.861995       0.861048       0.861995       0.861048       0              0              0              0              
178	0	0	175452         0.876851       0.875788       0.876851       0.875788       0              0              0              0              
179	0	0	178578         0.892636       0.891443       0.892636       0.891443       0              0              0              0              
180	0	0	181877         0.909468       0.908108       0.909468       0.908108       0              0              0              0              
181	0	0	185518         0.929762       0.925914       0.927423       0.925908       0              0              453.242        425.485        
182	0	0	189364         0.951783       0.944986       0.946725       0.944978       0              0              607.546        497.345        
183	0	0	193569         0.96998        0.96549        0.967501       0.965486       0              0              473.237        412.671        
184	0	0	197905         0.989995       0.987619       0.989995       0.987619       0              0              0              0              
185	0	0	202797         1.01482        1.01162        1.01482        1.01162        0              0              0              0              
186	0	0	208001         1.04098        1.03769        1.04098        1.03769        0              0              0              0              
187	0	0	213709         1.07092        1.06628        1.07092        1.06628        0              0              0              0              
188	0	0	220052         1.10217        1.09769        1.10217        1.09769        0              0              0              0              
189	0	0	227069         1.13857        1.13266        1.13857        1.13266        0              0              0              0              
190	0	0	234941         1.18065        1.17174        1.17888        1.17173        0              0              447.072        378.839        
191	0	0	243808         1.22522        1.21595        1.22522        1.21595        0              0              0              0              
192	0	0	254038         1.28023        1.26651        1.27763        1.26651        0              0              531.217        429.298        
193	0	0	265845         1.34161        1.32548        1.34161        1.32548        0              0              0              0              
194	0	0	279977         1.41962        1.39566        1.41962        1.39566        0              0              0              0              
195	0	0	297253         1.52752        1.48198        1.52533        1.48198        0              0              526.685        449.769        
196	0	0	319262         1.68041        1.59237        1.68041        1.59237        0              0              0              0              
197	0	0	348500         1.9564         1.74195        1.95378        1.74194        0              0              593.951        561.741        
198	0	0	386138         2.391          1.94571        2.38907        1.9457         0              0              553.842        494.436        
199	0	0	432798         3.08438        2.22953        3.08037        2.22952        0              0              739.985        582.749        