i	j	k	Dose(Gy)       
0	2	5	1.06075e-10    
0	3	2	3.80475e-11    
0	3	4	8.18279e-11    
0	3	5	1.61249e-11    
0	3	6	2.90545e-11    
0	4	4	1.81576e-08    
0	4	5	1.85168e-08    
0	5	3	4.84762e-11    
0	5	4	1.79873e-08    
0	5	5	1.86715e-08    
0	5	7	1.03301e-10    
0	6	3	4.66359e-11    
0	6	5	2.66005e-11    
0	6	6	6.18531e-11    
0	7	4	5.14934e-11    
0	7	5	1.89387e-11    
0	9	6	7.86903e-12    
1	4	4	1.77479e-08    
1	4	5	1.77743e-08    
1	5	4	1.87875e-08    
1	5	5	1.88994e-08    
1	5	7	2.23466e-11    
2	4	4	1.70636e-08    
2	4	5	1.77906e-08    
2	5	4	1.79122e-08    
2	5	5	1.91938e-08    
3	4	4	1.76779e-08    
3	4	5	1.82785e-08    
3	5	4	1.81525e-08    
3	5	5	1.89564e-08    
4	4	4	1.81233e-08    
4	4	5	1.791e-08      
4	5	4	1.87137e-08    
4	5	5	1.95733e-08    
5	4	4	1.71905e-08    
5	4	5	1.81305e-08    
5	5	4	1.88406e-08    
5	5	5	1.93346e-08    
6	4	4	1.72793e-08    
6	4	5	1.80493e-08    
6	5	4	1.83429e-08    
6	5	5	1.918e-08      
7	4	4	1.74531e-08    
7	4	5	1.82481e-08    
7	5	4	1.85323e-08    
7	5	5	1.94669e-08    
8	4	4	1.77755e-08    
8	4	5	1.77433e-08    
8	5	4	1.87326e-08    
8	5	5	1.92691e-08    
9	4	4	1.77056e-08    
9	4	5	1.79234e-08    
9	5	4	1.84996e-08    
9	5	5	1.97693e-08    
10	4	4	1.73758e-08    
10	4	5	1.82007e-08    
10	5	3	1.36129e-12    
10	5	4	1.86799e-08    
10	5	5	1.91496e-08    
11	4	4	1.74773e-08    
11	4	5	1.7905e-08     
11	5	4	1.86838e-08    
11	5	5	1.89782e-08    
12	4	4	1.82942e-08    
12	4	5	1.7471e-08     
12	5	4	1.87291e-08    
12	5	5	1.87112e-08    
13	4	4	1.76294e-08    
13	4	5	1.79898e-08    
13	5	4	1.82647e-08    
13	5	5	1.8817e-08     
14	4	4	1.86956e-08    
14	4	5	1.7289e-08     
14	5	4	1.84638e-08    
14	5	5	1.91065e-08    
15	4	4	1.81019e-08    
15	4	5	1.83815e-08    
15	5	4	1.87114e-08    
15	5	5	1.91842e-08    
16	4	4	1.76692e-08    
16	4	5	1.7885e-08     
16	5	4	1.86254e-08    
16	5	5	1.93048e-08    
17	4	4	1.78857e-08    
17	4	5	1.76585e-08    
17	5	4	1.88223e-08    
17	5	5	1.95076e-08    
18	4	4	1.80348e-08    
18	4	5	1.73844e-08    
18	5	4	1.91958e-08    
18	5	5	1.94749e-08    
19	4	4	1.78333e-08    
19	4	5	1.77415e-08    
19	5	4	1.85436e-08    
19	5	5	1.95593e-08    
20	4	4	1.84456e-08    
20	4	5	1.82332e-08    
20	5	4	1.85492e-08    
20	5	5	1.98187e-08    
21	4	4	1.85988e-08    
21	4	5	1.82238e-08    
21	5	4	1.90958e-08    
21	5	5	1.93356e-08    
22	4	4	1.81609e-08    
22	4	5	1.81161e-08    
22	5	4	1.89029e-08    
22	5	5	2.02556e-08    
23	4	4	1.92525e-08    
23	4	5	1.86912e-08    
23	5	4	1.85936e-08    
23	5	5	1.97716e-08    
24	4	4	1.8567e-08     
24	4	5	1.80386e-08    
24	5	4	1.90732e-08    
24	5	5	1.92369e-08    
25	4	4	1.7918e-08     
25	4	5	1.84103e-08    
25	5	4	1.86604e-08    
25	5	5	2.00953e-08    
26	4	4	1.7679e-08     
26	4	5	1.77174e-08    
26	5	4	1.8968e-08     
26	5	5	1.95006e-08    
27	4	4	1.79527e-08    
27	4	5	1.76732e-08    
27	5	4	1.86009e-08    
27	5	5	1.93573e-08    
28	4	4	1.83585e-08    
28	4	5	1.80954e-08    
28	5	4	1.99275e-08    
28	5	5	1.96688e-08    
29	4	4	1.80444e-08    
29	4	5	1.79563e-08    
29	5	4	1.9408e-08     
29	5	5	1.9579e-08     
30	4	4	1.81359e-08    
30	4	5	1.79762e-08    
30	5	4	1.91818e-08    
30	5	5	1.98083e-08    
31	4	4	1.75545e-08    
31	4	5	1.82855e-08    
31	5	4	1.91132e-08    
31	5	5	1.97529e-08    
32	4	4	1.81889e-08    
32	4	5	1.80149e-08    
32	5	3	1.2448e-12     
32	5	4	1.84648e-08    
32	5	5	1.96001e-08    
33	4	4	1.85185e-08    
33	4	5	1.82976e-08    
33	5	4	1.93848e-08    
33	5	5	1.99177e-08    
34	4	4	1.82185e-08    
34	4	5	1.85022e-08    
34	5	4	1.96361e-08    
34	5	5	1.96592e-08    
35	4	4	1.85917e-08    
35	4	5	1.80431e-08    
35	5	4	1.93688e-08    
35	5	5	1.97663e-08    
36	4	4	1.83578e-08    
36	4	5	1.8688e-08     
36	5	4	1.93459e-08    
36	5	5	2.01981e-08    
37	4	4	1.86948e-08    
37	4	5	1.82694e-08    
37	5	4	1.93379e-08    
37	5	5	1.92675e-08    
38	4	4	1.84469e-08    
38	4	5	1.87468e-08    
38	5	4	1.9914e-08     
38	5	5	1.97705e-08    
39	4	4	1.8806e-08     
39	4	5	1.91309e-08    
39	5	4	1.92797e-08    
39	5	5	1.98457e-08    
40	4	4	1.92379e-08    
40	4	5	1.83724e-08    
40	5	4	1.88305e-08    
40	5	5	2.04963e-08    
41	4	4	1.84274e-08    
41	4	5	1.82807e-08    
41	5	4	1.95129e-08    
41	5	5	2.03023e-08    
42	4	4	1.88495e-08    
42	4	5	1.89019e-08    
42	5	4	1.89706e-08    
42	5	5	2.00284e-08    
43	4	4	1.84648e-08    
43	4	5	1.86889e-08    
43	5	4	1.94967e-08    
43	5	5	1.93815e-08    
44	4	4	1.85794e-08    
44	4	5	1.9186e-08     
44	5	4	1.94592e-08    
44	5	5	1.9893e-08     
45	4	4	1.81341e-08    
45	4	5	1.8617e-08     
45	5	4	1.99458e-08    
45	5	5	2.00697e-08    
46	4	4	1.86248e-08    
46	4	5	1.91272e-08    
46	5	4	1.95813e-08    
46	5	5	1.95407e-08    
47	4	4	1.85416e-08    
47	4	5	1.85752e-08    
47	5	4	1.94513e-08    
47	5	5	1.98881e-08    
48	4	4	1.84015e-08    
48	4	5	1.8821e-08     
48	5	4	1.90797e-08    
48	5	5	2.00084e-08    
49	4	4	1.87709e-08    
49	4	5	1.90291e-08    
49	5	4	1.88553e-08    
49	5	5	2.0568e-08     
50	4	4	1.79746e-08    
50	4	5	1.90922e-08    
50	5	4	1.90696e-08    
50	5	5	2.01797e-08    
51	4	4	1.87558e-08    
51	4	5	1.85751e-08    
51	5	4	1.95451e-08    
51	5	5	1.93595e-08    
52	4	4	1.842e-08      
52	4	5	1.87081e-08    
52	5	4	1.93544e-08    
52	5	5	2.00709e-08    
53	4	4	1.87378e-08    
53	4	5	1.901e-08      
53	5	4	1.96751e-08    
53	5	5	1.9658e-08     
54	4	4	1.89902e-08    
54	4	5	1.88879e-08    
54	5	4	1.96642e-08    
54	5	5	2.01068e-08    
55	4	4	1.83404e-08    
55	4	5	1.88011e-08    
55	5	4	1.99994e-08    
55	5	5	2.01045e-08    
56	4	4	1.86002e-08    
56	4	5	1.85353e-08    
56	5	4	1.98899e-08    
56	5	5	1.96861e-08    
57	4	4	1.83057e-08    
57	4	5	1.89452e-08    
57	5	4	1.99135e-08    
57	5	5	2.04269e-08    
58	4	4	1.86703e-08    
58	4	5	1.87947e-08    
58	5	4	1.9819e-08     
58	5	5	2.05134e-08    
59	4	4	1.88361e-08    
59	4	5	1.96483e-08    
59	5	4	1.97881e-08    
59	5	5	1.97691e-08    
60	4	4	1.89547e-08    
60	4	5	1.92426e-08    
60	5	4	2.0138e-08     
60	5	5	2.07528e-08    
61	4	4	1.81332e-08    
61	4	5	1.93289e-08    
61	5	4	1.95555e-08    
61	5	5	2.05926e-08    
62	4	4	1.84532e-08    
62	4	5	1.91978e-08    
62	5	4	1.96745e-08    
62	5	5	2.031e-08      
63	4	4	1.83669e-08    
63	4	5	1.89686e-08    
63	5	4	2.03443e-08    
63	5	5	2.05238e-08    
64	4	4	1.83529e-08    
64	4	5	1.89829e-08    
64	5	4	2.00374e-08    
64	5	5	2.05926e-08    
65	4	4	1.80498e-08    
65	4	5	1.9005e-08     
65	5	4	2.01649e-08    
65	5	5	2.01059e-08    
66	4	4	1.90927e-08    
66	4	5	1.94884e-08    
66	5	4	2.02873e-08    
66	5	5	2.04406e-08    
67	3	4	7.53406e-13    
67	4	4	1.90553e-08    
67	4	5	1.96235e-08    
67	5	4	2.04853e-08    
67	5	5	2.0204e-08     
68	4	4	1.90825e-08    
68	4	5	1.90797e-08    
68	5	4	2.06488e-08    
68	5	5	2.02143e-08    
69	4	4	1.85994e-08    
69	4	5	1.92754e-08    
69	5	4	2.09946e-08    
69	5	5	2.05391e-08    
70	4	4	1.88273e-08    
70	4	5	1.94166e-08    
70	5	4	1.99707e-08    
70	5	5	2.04663e-08    
71	4	4	1.8987e-08     
71	4	5	1.90423e-08    
71	5	4	1.99887e-08    
71	5	5	2.03776e-08    
72	4	4	1.91004e-08    
72	4	5	1.92797e-08    
72	5	4	2.02179e-08    
72	5	5	2.11014e-08    
73	4	4	1.91494e-08    
73	4	5	1.89771e-08    
73	5	4	2.01086e-08    
73	5	5	2.08173e-08    
74	4	4	1.90435e-08    
74	4	5	1.90154e-08    
74	5	4	2.02625e-08    
74	5	5	2.03844e-08    
75	4	4	1.86814e-08    
75	4	5	1.96611e-08    
75	5	4	1.96825e-08    
75	5	5	2.03831e-08    
76	4	4	1.88443e-08    
76	4	5	1.97761e-08    
76	5	4	2.0174e-08     
76	5	5	2.04304e-08    
77	4	4	1.92498e-08    
77	4	5	1.93268e-08    
77	5	4	2.02535e-08    
77	5	5	2.1258e-08     
78	4	4	1.86981e-08    
78	4	5	1.92311e-08    
78	5	4	2.04118e-08    
78	5	5	2.08451e-08    
79	4	4	1.88712e-08    
79	4	5	1.9838e-08     
79	5	4	2.04467e-08    
79	5	5	2.10136e-08    
80	4	4	1.89319e-08    
80	4	5	1.99004e-08    
80	5	4	2.08112e-08    
80	5	5	2.08026e-08    
81	4	4	1.89109e-08    
81	4	5	2.02455e-08    
81	5	4	2.05726e-08    
81	5	5	2.05739e-08    
82	4	4	1.93388e-08    
82	4	5	1.94905e-08    
82	5	4	2.00274e-08    
82	5	5	2.10256e-08    
83	4	4	1.87983e-08    
83	4	5	1.98831e-08    
83	5	4	2.03924e-08    
83	5	5	2.09562e-08    
84	4	4	1.90235e-08    
84	4	5	1.9978e-08     
84	5	4	2.07013e-08    
84	5	5	2.1416e-08     
85	4	4	1.87675e-08    
85	4	5	1.97754e-08    
85	5	4	2.03851e-08    
85	5	5	2.11064e-08    
86	4	4	1.88819e-08    
86	4	5	1.99182e-08    
86	5	4	2.01563e-08    
86	5	5	2.1487e-08     
87	4	4	1.93869e-08    
87	4	5	2.00759e-08    
87	5	4	2.03455e-08    
87	5	5	2.14419e-08    
88	4	4	1.96799e-08    
88	4	5	2.00276e-08    
88	5	4	2.07051e-08    
88	5	5	2.13025e-08    
89	4	4	1.93999e-08    
89	4	5	1.97312e-08    
89	5	4	2.04863e-08    
89	5	5	2.1544e-08     
90	4	4	1.94414e-08    
90	4	5	1.9767e-08     
90	5	4	2.03627e-08    
90	5	5	2.13299e-08    
91	4	4	1.96818e-08    
91	4	5	1.99596e-08    
91	5	4	2.12734e-08    
91	5	5	2.11705e-08    
92	4	4	1.92351e-08    
92	4	5	1.97319e-08    
92	5	4	2.04816e-08    
92	5	5	2.0783e-08     
93	4	4	1.96604e-08    
93	4	5	2.01411e-08    
93	5	4	2.05534e-08    
93	5	5	2.14337e-08    
94	4	4	1.99198e-08    
94	4	5	2.00412e-08    
94	5	4	2.06487e-08    
94	5	5	2.14929e-08    
95	4	4	1.9912e-08     
95	4	5	2.02523e-08    
95	5	4	2.10735e-08    
95	5	5	2.144e-08      
96	4	4	1.98584e-08    
96	4	5	2.02029e-08    
96	5	4	2.09869e-08    
96	5	5	2.08792e-08    
97	4	4	1.95375e-08    
97	4	5	2.02888e-08    
97	5	4	2.10336e-08    
97	5	5	2.15904e-08    
98	4	4	1.96263e-08    
98	4	5	2.05113e-08    
98	5	4	2.11358e-08    
98	5	5	2.16901e-08    
99	4	4	1.94278e-08    
99	4	5	2.04278e-08    
99	5	4	2.05527e-08    
99	5	5	2.11925e-08    
100	4	4	2.03079e-08    
100	4	5	2.0403e-08     
100	5	4	2.09795e-08    
100	5	5	2.13022e-08    
101	4	4	1.92351e-08    
101	4	5	2.07198e-08    
101	5	4	2.03525e-08    
101	5	5	2.09966e-08    
102	4	4	1.92809e-08    
102	4	5	2.0413e-08     
102	5	4	2.08852e-08    
102	5	5	2.12842e-08    
103	4	4	1.95265e-08    
103	4	5	2.06929e-08    
103	5	4	2.15357e-08    
103	5	5	2.07888e-08    
104	4	4	1.99798e-08    
104	4	5	2.03748e-08    
104	5	4	2.09382e-08    
104	5	5	2.21046e-08    
105	4	4	2.0263e-08     
105	4	5	2.04285e-08    
105	5	4	2.06888e-08    
105	5	5	2.22556e-08    
106	4	4	1.97875e-08    
106	4	5	2.04845e-08    
106	5	4	2.11431e-08    
106	5	5	2.20368e-08    
106	7	4	9.76065e-13    
107	4	4	1.98209e-08    
107	4	5	2.0775e-08     
107	5	4	2.14391e-08    
107	5	5	2.1551e-08     
108	4	4	1.95483e-08    
108	4	5	2.07767e-08    
108	5	4	2.09531e-08    
108	5	5	2.19703e-08    
109	4	4	1.99372e-08    
109	4	5	2.04586e-08    
109	5	4	2.13866e-08    
109	5	5	2.26965e-08    
110	4	4	2.06054e-08    
110	4	5	1.99164e-08    
110	5	4	2.1089e-08     
110	5	5	2.21299e-08    
111	4	4	1.96989e-08    
111	4	5	1.9772e-08     
111	5	4	2.14267e-08    
111	5	5	2.19459e-08    
112	4	4	2.02991e-08    
112	4	5	2.04348e-08    
112	5	4	2.08469e-08    
112	5	5	2.23007e-08    
113	4	4	2.02617e-08    
113	4	5	2.06702e-08    
113	5	4	2.15073e-08    
113	5	5	2.24245e-08    
114	4	4	2.05073e-08    
114	4	5	2.11186e-08    
114	5	4	2.13281e-08    
114	5	5	2.2316e-08     
115	4	4	2.05055e-08    
115	4	5	2.03994e-08    
115	5	4	2.09456e-08    
115	5	5	2.3102e-08     
116	4	4	2.00065e-08    
116	4	5	2.06984e-08    
116	5	4	2.21908e-08    
116	5	5	2.20203e-08    
117	4	4	2.0203e-08     
117	4	5	2.10227e-08    
117	5	4	2.17085e-08    
117	5	5	2.25601e-08    
118	4	4	1.99141e-08    
118	4	5	2.10103e-08    
118	5	4	2.19905e-08    
118	5	5	2.24605e-08    
119	4	4	2.04197e-08    
119	4	5	2.10547e-08    
119	5	4	2.1368e-08     
119	5	5	2.24339e-08    
120	4	4	2.02913e-08    
120	4	5	2.0375e-08     
120	5	4	2.15493e-08    
120	5	5	2.24372e-08    
121	4	4	2.01224e-08    
121	4	5	2.10138e-08    
121	5	4	2.13381e-08    
121	5	5	2.20829e-08    
122	4	4	2.0001e-08     
122	4	5	2.13025e-08    
122	5	4	2.16109e-08    
122	5	5	2.23127e-08    
123	4	4	2.01252e-08    
123	4	5	2.11705e-08    
123	5	4	2.15836e-08    
123	5	5	2.22638e-08    
124	4	4	2.04564e-08    
124	4	5	2.04647e-08    
124	5	4	2.1735e-08     
124	5	5	2.28039e-08    
125	4	4	2.03282e-08    
125	4	5	2.07598e-08    
125	5	4	2.25143e-08    
125	5	5	2.20479e-08    
126	4	4	1.98928e-08    
126	4	5	2.13993e-08    
126	5	4	2.15679e-08    
126	5	5	2.24919e-08    
127	4	4	1.99679e-08    
127	4	5	2.06635e-08    
127	5	4	2.25411e-08    
127	5	5	2.18574e-08    
128	4	4	2.08155e-08    
128	4	5	2.09061e-08    
128	5	4	2.28158e-08    
128	5	5	2.31342e-08    
129	4	4	2.09774e-08    
129	4	5	2.16785e-08    
129	5	4	2.22611e-08    
129	5	5	2.30489e-08    
130	4	4	2.0133e-08     
130	4	5	2.12827e-08    
130	5	4	2.21723e-08    
130	5	5	2.28452e-08    
131	4	4	1.95935e-08    
131	4	5	2.14744e-08    
131	5	4	2.21518e-08    
131	5	5	2.34829e-08    
132	0	6	5.31006e-12    
132	4	4	1.99296e-08    
132	4	5	2.11235e-08    
132	5	4	2.25248e-08    
132	5	5	2.3077e-08     
133	4	4	1.97465e-08    
133	4	5	2.17838e-08    
133	5	4	2.23422e-08    
133	5	5	2.34924e-08    
134	4	4	2.02098e-08    
134	4	5	2.12428e-08    
134	5	4	2.28514e-08    
134	5	5	2.25967e-08    
135	4	4	1.98483e-08    
135	4	5	2.10411e-08    
135	5	4	2.2615e-08     
135	5	5	2.32915e-08    
136	4	4	2.02331e-08    
136	4	5	2.13653e-08    
136	5	4	2.30044e-08    
136	5	5	2.3089e-08     
137	4	4	2.03054e-08    
137	4	5	2.16641e-08    
137	5	4	2.29246e-08    
137	5	5	2.3612e-08     
138	4	4	2.03704e-08    
138	4	5	2.13729e-08    
138	5	4	2.29014e-08    
138	5	5	2.29771e-08    
139	4	4	2.03634e-08    
139	4	5	2.15496e-08    
139	5	4	2.31173e-08    
139	5	5	2.23596e-08    
140	4	4	2.03847e-08    
140	4	5	2.17838e-08    
140	5	4	2.25945e-08    
140	5	5	2.28604e-08    
141	4	4	2.11607e-08    
141	4	5	2.14628e-08    
141	5	4	2.33613e-08    
141	5	5	2.26258e-08    
142	4	4	2.08828e-08    
142	4	5	2.16974e-08    
142	5	4	2.24285e-08    
142	5	5	2.24037e-08    
143	4	4	2.06292e-08    
143	4	5	2.19988e-08    
143	5	4	2.36326e-08    
143	5	5	2.21537e-08    
144	4	4	2.08461e-08    
144	4	5	2.16794e-08    
144	5	4	2.3629e-08     
144	5	5	2.26728e-08    
145	4	4	2.09965e-08    
145	4	5	2.20293e-08    
145	5	4	2.28746e-08    
145	5	5	2.29281e-08    
146	4	4	2.08885e-08    
146	4	5	2.20452e-08    
146	5	4	2.29198e-08    
146	5	5	2.22428e-08    
147	4	4	2.104e-08      
147	4	5	2.24393e-08    
147	5	4	2.37091e-08    
147	5	5	2.24912e-08    
148	4	4	2.08108e-08    
148	4	5	2.23328e-08    
148	5	4	2.35605e-08    
148	5	5	2.32898e-08    
149	4	4	2.0829e-08     
149	4	5	2.21331e-08    
149	5	4	2.4447e-08     
149	5	5	2.28009e-08    
150	4	4	2.12118e-08    
150	4	5	2.19805e-08    
150	5	4	2.36516e-08    
150	5	5	2.22506e-08    
151	4	4	2.10014e-08    
151	4	5	2.20869e-08    
151	5	4	2.3455e-08     
151	5	5	2.27235e-08    
152	4	4	2.10402e-08    
152	4	5	2.24087e-08    
152	4	6	7.32603e-13    
152	5	4	2.31843e-08    
152	5	5	2.31299e-08    
153	4	4	2.0836e-08     
153	4	5	2.21455e-08    
153	5	4	2.42855e-08    
153	5	5	2.2964e-08     
154	4	4	2.12007e-08    
154	4	5	2.25324e-08    
154	5	4	2.40899e-08    
154	5	5	2.31672e-08    
155	4	4	2.13733e-08    
155	4	5	2.1943e-08     
155	5	4	2.33305e-08    
155	5	5	2.33118e-08    
156	4	4	2.14629e-08    
156	4	5	2.2123e-08     
156	5	4	2.39187e-08    
156	5	5	2.22486e-08    
157	4	4	2.0948e-08     
157	4	5	2.25666e-08    
157	5	4	2.38792e-08    
157	5	5	2.31526e-08    
158	4	4	2.16269e-08    
158	4	5	2.25309e-08    
158	5	4	2.32581e-08    
158	5	5	2.31387e-08    
159	4	4	2.11138e-08    
159	4	5	2.26649e-08    
159	5	4	2.42662e-08    
159	5	5	2.31373e-08    
160	4	4	2.17034e-08    
160	4	5	2.26351e-08    
160	4	7	6.47109e-12    
160	5	4	2.4824e-08     
160	5	5	2.34388e-08    
161	4	4	2.19715e-08    
161	4	5	2.25855e-08    
161	5	4	2.43334e-08    
161	5	5	2.28e-08       
162	4	4	2.19515e-08    
162	4	5	2.27276e-08    
162	5	4	2.41722e-08    
162	5	5	2.28008e-08    
163	4	4	2.13417e-08    
163	4	5	2.29004e-08    
163	5	4	2.38702e-08    
163	5	5	2.32121e-08    
164	4	4	2.15172e-08    
164	4	5	2.32836e-08    
164	5	4	2.39634e-08    
164	5	5	2.30514e-08    
165	4	4	2.16911e-08    
165	4	5	2.30831e-08    
165	5	4	2.40549e-08    
165	5	5	2.29921e-08    
166	4	4	2.10035e-08    
166	4	5	2.29394e-08    
166	5	4	2.44248e-08    
166	5	5	2.34046e-08    
167	4	4	2.19451e-08    
167	4	5	2.364e-08      
167	5	4	2.50092e-08    
167	5	5	2.28906e-08    
168	4	4	2.13357e-08    
168	4	5	2.33101e-08    
168	5	4	2.43677e-08    
168	5	5	2.32375e-08    
169	4	4	2.1701e-08     
169	4	5	2.37572e-08    
169	5	4	2.49137e-08    
169	5	5	2.36184e-08    
170	4	4	2.15445e-08    
170	4	5	2.33074e-08    
170	5	4	2.4707e-08     
170	5	5	2.32631e-08    
171	4	4	2.20487e-08    
171	4	5	2.35431e-08    
171	5	4	2.46953e-08    
171	5	5	2.32937e-08    
172	4	4	2.13104e-08    
172	4	5	2.38244e-08    
172	5	4	2.47907e-08    
172	5	5	2.36227e-08    
173	4	4	2.13359e-08    
173	4	5	2.38074e-08    
173	5	4	2.51738e-08    
173	5	5	2.37652e-08    
174	4	4	2.1546e-08     
174	4	5	2.31628e-08    
174	5	4	2.42443e-08    
174	5	5	2.32438e-08    
175	4	4	2.19625e-08    
175	4	5	2.35516e-08    
175	5	4	2.5167e-08     
175	5	5	2.3714e-08     
176	4	4	2.21416e-08    
176	4	5	2.34447e-08    
176	5	4	2.45891e-08    
176	5	5	2.41666e-08    
177	4	4	2.20815e-08    
177	4	5	2.42948e-08    
177	5	4	2.39599e-08    
177	5	5	2.42794e-08    
178	4	4	2.1759e-08     
178	4	5	2.41135e-08    
178	5	4	2.47026e-08    
178	5	5	2.44275e-08    
179	4	4	2.17708e-08    
179	4	5	2.35969e-08    
179	5	4	2.45165e-08    
179	5	5	2.39442e-08    
180	4	4	2.26007e-08    
180	4	5	2.40523e-08    
180	5	4	2.49837e-08    
180	5	5	2.4627e-08     
181	4	4	2.24507e-08    
181	4	5	2.38161e-08    
181	5	4	2.5485e-08     
181	5	5	2.42979e-08    
182	4	4	2.26771e-08    
182	4	5	2.40961e-08    
182	5	4	2.49659e-08    
182	5	5	2.48123e-08    
182	6	4	3.69783e-13    
183	4	4	2.22529e-08    
183	4	5	2.39761e-08    
183	5	4	2.57695e-08    
183	5	5	2.45035e-08    
184	4	4	2.22169e-08    
184	4	5	2.35069e-08    
184	5	4	2.53667e-08    
184	5	5	2.44762e-08    
185	4	4	2.24036e-08    
185	4	5	2.36748e-08    
185	5	4	2.55855e-08    
185	5	5	2.46565e-08    
186	4	4	2.23935e-08    
186	4	5	2.41862e-08    
186	5	4	2.5261e-08     
186	5	5	2.51242e-08    
187	4	4	2.28119e-08    
187	4	5	2.39773e-08    
187	5	4	2.55534e-08    
187	5	5	2.37272e-08    
188	4	4	2.25478e-08    
188	4	5	2.43018e-08    
188	5	4	2.54228e-08    
188	5	5	2.48143e-08    
189	4	4	2.30657e-08    
189	4	5	2.42954e-08    
189	5	4	2.55938e-08    
189	5	5	2.40451e-08    
190	4	4	2.28874e-08    
190	4	5	2.41009e-08    
190	5	4	2.60973e-08    
190	5	5	2.42855e-08    
191	4	4	2.30158e-08    
191	4	5	2.40487e-08    
191	5	4	2.58888e-08    
191	5	5	2.48552e-08    
192	4	4	2.37675e-08    
192	4	5	2.41869e-08    
192	5	4	2.67459e-08    
192	5	5	2.45155e-08    
193	4	4	2.33162e-08    
193	4	5	2.39377e-08    
193	5	4	2.62804e-08    
193	5	5	2.47683e-08    
194	0	6	2.09851e-11    
194	4	4	2.30886e-08    
194	4	5	2.35395e-08    
194	5	4	2.58387e-08    
194	5	5	2.53021e-08    
195	4	4	2.28749e-08    
195	4	5	2.45961e-08    
195	5	4	2.57661e-08    
195	5	5	2.48691e-08    
196	4	4	2.31816e-08    
196	4	5	2.46329e-08    
196	5	4	2.63274e-08    
196	5	5	2.54808e-08    
197	4	4	2.28194e-08    
197	4	5	2.37382e-08    
197	5	4	2.688e-08      
197	5	5	2.50913e-08    
198	4	4	2.37767e-08    
198	4	5	2.4075e-08     
198	5	4	2.61982e-08    
198	5	5	2.50495e-08    
199	4	4	2.32625e-08    
199	4	5	2.44025e-08    
199	5	4	2.67561e-08    
199	5	5	2.47981e-08    
200	0	6	2.20864e-12    
200	4	4	2.33865e-08    
200	4	5	2.44079e-08    
200	5	4	2.6958e-08     
200	5	5	2.52165e-08    
201	4	4	2.4284e-08     
201	4	5	2.55476e-08    
201	5	4	2.64333e-08    
201	5	5	2.5096e-08     
202	4	4	2.41937e-08    
202	4	5	2.46587e-08    
202	5	4	2.59897e-08    
202	5	5	2.49515e-08    
203	4	4	2.37533e-08    
203	4	5	2.42321e-08    
203	5	4	2.61109e-08    
203	5	5	2.44542e-08    
204	0	6	2.1764e-12     
204	4	4	2.41663e-08    
204	4	5	2.40517e-08    
204	5	4	2.64511e-08    
204	5	5	2.51414e-08    
205	4	4	2.42413e-08    
205	4	5	2.4075e-08     
205	5	4	2.61863e-08    
205	5	5	2.54254e-08    
206	4	4	2.43306e-08    
206	4	5	2.50487e-08    
206	5	4	2.69548e-08    
206	5	5	2.52503e-08    
207	4	4	2.46583e-08    
207	4	5	2.4721e-08     
207	5	4	2.68098e-08    
207	5	5	2.57288e-08    
208	4	4	2.43896e-08    
208	4	5	2.40239e-08    
208	5	4	2.67895e-08    
208	5	5	2.62595e-08    
209	4	4	2.52563e-08    
209	4	5	2.56888e-08    
209	5	4	2.72762e-08    
209	5	5	2.61533e-08    
210	4	4	2.5264e-08     
210	4	5	2.40498e-08    
210	5	4	2.67795e-08    
210	5	5	2.58344e-08    
211	4	4	2.48755e-08    
211	4	5	2.51477e-08    
211	5	4	2.72081e-08    
211	5	5	2.54695e-08    
212	4	4	2.47906e-08    
212	4	5	2.46079e-08    
212	5	4	2.72601e-08    
212	5	5	2.63726e-08    
213	4	4	2.46472e-08    
213	4	5	2.42172e-08    
213	5	4	2.68035e-08    
213	5	5	2.62246e-08    
214	4	4	2.46504e-08    
214	4	5	2.51863e-08    
214	5	4	2.66874e-08    
214	5	5	2.64393e-08    
215	4	4	2.449e-08      
215	4	5	2.45865e-08    
215	5	4	2.77621e-08    
215	5	5	2.58289e-08    
216	4	4	2.44891e-08    
216	4	5	2.47103e-08    
216	5	4	2.76193e-08    
216	5	5	2.64435e-08    
217	4	4	2.49356e-08    
217	4	5	2.4974e-08     
217	5	4	2.73321e-08    
217	5	5	2.66607e-08    
218	4	4	2.50657e-08    
218	4	5	2.49011e-08    
218	5	4	2.75914e-08    
218	5	5	2.63534e-08    
219	4	4	2.60579e-08    
219	4	5	2.5378e-08     
219	5	4	2.69772e-08    
219	5	5	2.62325e-08    
220	4	4	2.58153e-08    
220	4	5	2.5554e-08     
220	5	4	2.70786e-08    
220	5	5	2.6346e-08     
221	4	4	2.62356e-08    
221	4	5	2.54749e-08    
221	5	4	2.73958e-08    
221	5	5	2.66069e-08    
222	4	4	2.55487e-08    
222	4	5	2.5254e-08     
222	5	4	2.70489e-08    
222	5	5	2.65227e-08    
223	4	4	2.5835e-08     
223	4	5	2.49432e-08    
223	5	4	2.71146e-08    
223	5	5	2.69294e-08    
224	4	4	2.59131e-08    
224	4	5	2.56582e-08    
224	5	4	2.7949e-08     
224	5	5	2.68553e-08    
225	4	4	2.60305e-08    
225	4	5	2.60966e-08    
225	5	4	2.76969e-08    
225	5	5	2.62454e-08    
226	4	4	2.64387e-08    
226	4	5	2.56883e-08    
226	5	4	2.73058e-08    
226	5	5	2.64964e-08    
227	4	4	2.58275e-08    
227	4	5	2.59799e-08    
227	5	4	2.8249e-08     
227	5	5	2.63663e-08    
228	4	4	2.64349e-08    
228	4	5	2.55377e-08    
228	5	4	2.781e-08      
228	5	5	2.70323e-08    
229	4	4	2.6277e-08     
229	4	5	2.60179e-08    
229	5	4	2.77704e-08    
229	5	5	2.71463e-08    
230	4	4	2.64157e-08    
230	4	5	2.61839e-08    
230	5	4	2.77625e-08    
230	5	5	2.66203e-08    
231	4	4	2.75184e-08    
231	4	5	2.61606e-08    
231	5	4	2.77134e-08    
231	5	5	2.63882e-08    
232	4	4	2.64861e-08    
232	4	5	2.5911e-08     
232	5	4	2.81379e-08    
232	5	5	2.72229e-08    
233	4	4	2.6618e-08     
233	4	5	2.56423e-08    
233	5	4	2.79911e-08    
233	5	5	2.71203e-08    
234	4	4	2.71239e-08    
234	4	5	2.57127e-08    
234	5	4	2.83527e-08    
234	5	5	2.74034e-08    
235	4	4	2.69655e-08    
235	4	5	2.59924e-08    
235	5	4	2.80974e-08    
235	5	5	2.79391e-08    
236	4	4	2.74297e-08    
236	4	5	2.53882e-08    
236	5	4	2.79153e-08    
236	5	5	2.74932e-08    
237	4	4	2.71876e-08    
237	4	5	2.60132e-08    
237	5	4	2.82461e-08    
237	5	5	2.76628e-08    
238	4	4	2.76318e-08    
238	4	5	2.60549e-08    
238	5	4	2.84938e-08    
238	5	5	2.70866e-08    
239	4	4	2.72245e-08    
239	4	5	2.60825e-08    
239	5	4	2.87671e-08    
239	5	5	2.77386e-08    
240	4	4	2.83476e-08    
240	4	5	2.61566e-08    
240	5	4	2.83814e-08    
240	5	5	2.79724e-08    
241	4	4	2.72411e-08    
241	4	5	2.6546e-08     
241	5	4	2.8642e-08     
241	5	5	2.82585e-08    
242	4	4	2.77081e-08    
242	4	5	2.62056e-08    
242	5	4	2.87623e-08    
242	5	5	2.8188e-08     
243	4	4	2.79582e-08    
243	4	5	2.59732e-08    
243	5	4	2.8473e-08     
243	5	5	2.80317e-08    
244	4	4	2.81243e-08    
244	4	5	2.64134e-08    
244	5	4	2.9245e-08     
244	5	5	2.8676e-08     
245	4	4	2.75502e-08    
245	4	5	2.59414e-08    
245	5	4	2.88481e-08    
245	5	5	2.80888e-08    
246	4	4	2.81127e-08    
246	4	5	2.5996e-08     
246	5	4	2.8933e-08     
246	5	5	2.81367e-08    
247	4	4	2.88376e-08    
247	4	5	2.6608e-08     
247	5	4	2.93846e-08    
247	5	5	2.91589e-08    
248	4	4	2.83612e-08    
248	4	5	2.61832e-08    
248	5	4	2.88542e-08    
248	5	5	2.88341e-08    
249	4	4	2.82471e-08    
249	4	5	2.70625e-08    
249	5	4	2.872e-08      
249	5	5	2.88616e-08    
250	4	4	2.85813e-08    
250	4	5	2.69071e-08    
250	5	4	2.94867e-08    
250	5	5	2.88347e-08    
251	4	4	2.82356e-08    
251	4	5	2.62472e-08    
251	5	4	2.88117e-08    
251	5	5	2.90649e-08    
252	4	4	2.87668e-08    
252	4	5	2.65953e-08    
252	5	4	2.98278e-08    
252	5	5	2.94184e-08    
253	4	4	2.83564e-08    
253	4	5	2.6959e-08     
253	5	4	2.98112e-08    
253	5	5	2.97221e-08    
254	4	4	2.93251e-08    
254	4	5	2.72565e-08    
254	5	4	2.92183e-08    
254	5	5	2.9263e-08     
255	4	4	2.85078e-08    
255	4	5	2.7241e-08     
255	5	4	2.95939e-08    
255	5	5	2.93329e-08    
256	4	4	2.90507e-08    
256	4	5	2.74609e-08    
256	5	4	2.99023e-08    
256	5	5	3.04245e-08    
257	4	4	2.9052e-08     
257	4	5	2.75754e-08    
257	5	4	2.96379e-08    
257	5	5	3.03996e-08    
258	4	4	2.94001e-08    
258	4	5	2.75995e-08    
258	5	4	2.91894e-08    
258	5	5	3.03591e-08    
259	4	4	2.95277e-08    
259	4	5	2.78591e-08    
259	5	4	3.01702e-08    
259	5	5	2.97712e-08    
260	4	4	2.9231e-08     
260	4	5	2.85582e-08    
260	5	4	3.02069e-08    
260	5	5	3.02384e-08    
261	4	4	2.93485e-08    
261	4	5	2.80556e-08    
261	5	4	2.95328e-08    
261	5	5	3.06288e-08    
262	4	4	2.89115e-08    
262	4	5	2.863e-08      
262	5	4	3.01332e-08    
262	5	5	3.02259e-08    
263	4	4	2.97097e-08    
263	4	5	2.84856e-08    
263	5	4	2.95865e-08    
263	5	5	3.07348e-08    
264	4	4	2.94904e-08    
264	4	5	2.84347e-08    
264	5	4	3.02567e-08    
264	5	5	3.07522e-08    
265	4	4	2.99095e-08    
265	4	5	2.87446e-08    
265	5	4	3.07616e-08    
265	5	5	3.10734e-08    
266	4	4	3.0045e-08     
266	4	5	2.86935e-08    
266	5	4	3.06889e-08    
266	5	5	3.12847e-08    
267	4	4	2.95171e-08    
267	4	5	2.90811e-08    
267	5	4	3.09396e-08    
267	5	5	3.14796e-08    
268	4	4	3.00428e-08    
268	4	5	2.90132e-08    
268	5	4	3.11721e-08    
268	5	5	3.09614e-08    
269	4	4	3.0163e-08     
269	4	5	2.91622e-08    
269	5	4	3.08771e-08    
269	5	5	3.10399e-08    
270	4	4	3.05545e-08    
270	4	5	2.87965e-08    
270	5	4	3.11483e-08    
270	5	5	3.09999e-08    
271	4	4	2.99356e-08    
271	4	5	2.92932e-08    
271	5	4	3.16651e-08    
271	5	5	3.10363e-08    
272	4	4	3.05135e-08    
272	4	5	2.90655e-08    
272	5	4	3.10834e-08    
272	5	5	3.15895e-08    
273	4	4	3.03767e-08    
273	4	5	2.90091e-08    
273	5	4	3.11437e-08    
273	5	5	3.18007e-08    
274	4	4	3.00643e-08    
274	4	5	2.89666e-08    
274	5	4	3.16513e-08    
274	5	5	3.18712e-08    
275	4	4	3.07855e-08    
275	4	5	3.00004e-08    
275	5	4	3.21739e-08    
275	5	5	3.16283e-08    
276	4	4	3.11889e-08    
276	4	5	2.94352e-08    
276	5	4	3.21382e-08    
276	5	5	3.18757e-08    
277	4	4	3.09918e-08    
277	4	5	3.01848e-08    
277	5	4	3.25932e-08    
277	5	5	3.18429e-08    
278	4	4	3.1869e-08     
278	4	5	2.93847e-08    
278	5	4	3.26679e-08    
278	5	5	3.21688e-08    
279	4	4	3.17414e-08    
279	4	5	2.98147e-08    
279	5	4	3.29025e-08    
279	5	5	3.25227e-08    
280	4	4	3.17369e-08    
280	4	5	2.97299e-08    
280	5	4	3.33046e-08    
280	5	5	3.20955e-08    
281	4	4	3.15082e-08    
281	4	5	3.02978e-08    
281	5	4	3.31501e-08    
281	5	5	3.22678e-08    
282	4	4	3.11565e-08    
282	4	5	3.08444e-08    
282	5	4	3.33739e-08    
282	5	5	3.25263e-08    
283	4	4	3.14748e-08    
283	4	5	3.06677e-08    
283	5	4	3.34378e-08    
283	5	5	3.31301e-08    
284	4	4	3.20049e-08    
284	4	5	3.10536e-08    
284	5	4	3.35428e-08    
284	5	5	3.28769e-08    
285	4	4	3.16841e-08    
285	4	5	3.12767e-08    
285	5	4	3.38892e-08    
285	5	5	3.18757e-08    
286	4	4	3.12274e-08    
286	4	5	3.11989e-08    
286	5	4	3.40063e-08    
286	5	5	3.20392e-08    
287	4	4	3.21418e-08    
287	4	5	3.19496e-08    
287	5	4	3.39839e-08    
287	5	5	3.25616e-08    
288	4	4	3.17558e-08    
288	4	5	3.15828e-08    
288	5	4	3.44113e-08    
288	5	5	3.28756e-08    
289	4	4	3.18309e-08    
289	4	5	3.19187e-08    
289	5	4	3.46644e-08    
289	5	5	3.32693e-08    
290	4	4	3.1967e-08     
290	4	5	3.22994e-08    
290	5	4	3.45372e-08    
290	5	5	3.3513e-08     
291	4	4	3.23773e-08    
291	4	5	3.15836e-08    
291	5	4	3.454e-08      
291	5	5	3.32545e-08    
292	4	4	3.24872e-08    
292	4	5	3.27399e-08    
292	5	4	3.51197e-08    
292	5	5	3.29086e-08    
293	4	4	3.24205e-08    
293	4	5	3.30421e-08    
293	5	4	3.53921e-08    
293	5	5	3.39744e-08    
294	4	4	3.28012e-08    
294	4	5	3.27774e-08    
294	5	4	3.50597e-08    
294	5	5	3.38715e-08    
295	4	4	3.26506e-08    
295	4	5	3.31629e-08    
295	5	4	3.57363e-08    
295	5	5	3.42714e-08    
296	4	4	3.28863e-08    
296	4	5	3.35086e-08    
296	5	4	3.61259e-08    
296	5	5	3.33291e-08    
297	4	4	3.30653e-08    
297	4	5	3.3822e-08     
297	5	4	3.61787e-08    
297	5	5	3.38941e-08    
298	4	4	3.31879e-08    
298	4	5	3.42036e-08    
298	5	4	3.61479e-08    
298	5	5	3.41549e-08    
299	4	4	3.37845e-08    
299	4	5	3.35742e-08    
299	5	4	3.61669e-08    
299	5	5	3.45902e-08    
300	4	4	3.4112e-08     
300	4	5	3.36585e-08    
300	5	4	3.66981e-08    
300	5	5	3.44512e-08    
301	4	4	3.40272e-08    
301	4	5	3.37406e-08    
301	5	4	3.72491e-08    
301	5	5	3.47116e-08    
302	4	4	3.40094e-08    
302	4	5	3.47161e-08    
302	5	4	3.71355e-08    
302	5	5	3.46606e-08    
303	4	4	3.5371e-08     
303	4	5	3.43865e-08    
303	5	4	3.72564e-08    
303	5	5	3.5077e-08     
304	4	4	3.46515e-08    
304	4	5	3.46924e-08    
304	5	4	3.78475e-08    
304	5	5	3.56934e-08    
305	4	4	3.5053e-08     
305	4	5	3.48281e-08    
305	5	4	3.74697e-08    
305	5	5	3.54013e-08    
306	4	4	3.60036e-08    
306	4	5	3.47421e-08    
306	5	4	3.75555e-08    
306	5	5	3.4949e-08     
307	4	4	3.63377e-08    
307	4	5	3.52182e-08    
307	5	4	3.76626e-08    
307	5	5	3.57527e-08    
308	4	4	3.5801e-08     
308	4	5	3.50267e-08    
308	5	4	3.80102e-08    
308	5	5	3.59678e-08    
309	4	4	3.60537e-08    
309	4	5	3.54082e-08    
309	5	4	3.82564e-08    
309	5	5	3.64067e-08    
310	4	4	3.6256e-08     
310	4	5	3.58931e-08    
310	5	4	3.84906e-08    
310	5	5	3.68567e-08    
311	4	4	3.62456e-08    
311	4	5	3.57863e-08    
311	5	4	3.88285e-08    
311	5	5	3.69493e-08    
312	4	4	3.69212e-08    
312	4	5	3.63264e-08    
312	5	4	3.86281e-08    
312	5	5	3.78136e-08    
313	4	4	3.7305e-08     
313	4	5	3.6009e-08     
313	5	4	3.93405e-08    
313	5	5	3.75635e-08    
314	4	4	3.69291e-08    
314	4	5	3.6923e-08     
314	5	4	3.91035e-08    
314	5	5	3.81331e-08    
315	4	4	3.70049e-08    
315	4	5	3.69814e-08    
315	5	4	3.91011e-08    
315	5	5	3.79499e-08    
316	4	4	3.72906e-08    
316	4	5	3.74485e-08    
316	5	4	4.01154e-08    
316	5	5	3.81002e-08    
317	4	4	3.77051e-08    
317	4	5	3.72967e-08    
317	5	4	4.00057e-08    
317	5	5	3.80981e-08    
318	4	4	3.7984e-08     
318	4	5	3.81821e-08    
318	5	4	3.94364e-08    
318	5	5	3.83753e-08    
319	4	4	3.82657e-08    
319	4	5	3.79035e-08    
319	5	4	3.98702e-08    
319	5	5	3.86193e-08    
320	4	4	3.88804e-08    
320	4	5	3.85318e-08    
320	5	4	4.09359e-08    
320	5	5	3.81576e-08    
321	4	4	3.87092e-08    
321	4	5	3.96435e-08    
321	5	4	4.02055e-08    
321	5	5	3.86322e-08    
322	4	4	3.93245e-08    
322	4	5	3.95469e-08    
322	5	4	4.05316e-08    
322	5	5	3.97844e-08    
323	4	4	3.95567e-08    
323	4	5	3.93136e-08    
323	5	4	4.08915e-08    
323	5	5	4.04482e-08    
324	4	4	4.03046e-08    
324	4	5	3.98667e-08    
324	5	4	4.0776e-08     
324	5	5	4.02078e-08    
325	4	4	4.0026e-08     
325	4	5	4.05841e-08    
325	5	4	4.1145e-08     
325	5	5	4.05522e-08    
326	4	4	4.01617e-08    
326	4	5	4.04917e-08    
326	5	4	4.15958e-08    
326	5	5	4.04807e-08    
327	4	4	4.09412e-08    
327	4	5	4.0211e-08     
327	5	4	4.20015e-08    
327	5	5	4.04374e-08    
328	4	4	4.0754e-08     
328	4	5	4.103e-08      
328	5	4	4.21241e-08    
328	5	5	4.0949e-08     
329	4	4	4.07722e-08    
329	4	5	4.23226e-08    
329	5	4	4.25855e-08    
329	5	5	4.1056e-08     
330	4	4	4.09227e-08    
330	4	5	4.24281e-08    
330	5	4	4.36755e-08    
330	5	5	4.15684e-08    
331	4	4	4.1087e-08     
331	4	5	4.21194e-08    
331	5	4	4.34386e-08    
331	5	5	4.1683e-08     
332	4	4	4.15677e-08    
332	4	5	4.30916e-08    
332	5	4	4.46177e-08    
332	5	5	4.21117e-08    
333	4	4	4.15428e-08    
333	4	5	4.36059e-08    
333	5	4	4.46904e-08    
333	5	5	4.2119e-08     
334	4	4	4.25834e-08    
334	4	5	4.41786e-08    
334	5	4	4.57166e-08    
334	5	5	4.22872e-08    
335	4	4	4.26691e-08    
335	4	5	4.43581e-08    
335	5	4	4.61973e-08    
335	5	5	4.23583e-08    
336	4	4	4.28893e-08    
336	4	5	4.50007e-08    
336	5	4	4.65768e-08    
336	5	5	4.31212e-08    
337	4	4	4.30248e-08    
337	4	5	4.5018e-08     
337	5	4	4.74708e-08    
337	5	5	4.40766e-08    
338	4	4	4.3757e-08     
338	4	5	4.56814e-08    
338	5	4	4.71896e-08    
338	5	5	4.42738e-08    
339	4	4	4.33828e-08    
339	4	5	4.56055e-08    
339	5	4	4.78392e-08    
339	5	5	4.44063e-08    
340	4	4	4.4347e-08     
340	4	5	4.58455e-08    
340	5	4	4.79964e-08    
340	5	5	4.49711e-08    
341	4	4	4.48837e-08    
341	4	5	4.63674e-08    
341	5	4	4.91304e-08    
341	5	5	4.54054e-08    
342	4	4	4.57796e-08    
342	4	5	4.7615e-08     
342	5	4	4.96161e-08    
342	5	5	4.66968e-08    
343	4	4	4.58515e-08    
343	4	5	4.72539e-08    
343	5	4	4.96156e-08    
343	5	5	4.76432e-08    
344	4	4	4.59837e-08    
344	4	5	4.78702e-08    
344	5	4	5.004e-08      
344	5	5	4.73137e-08    
345	4	4	4.69666e-08    
345	4	5	4.83493e-08    
345	5	4	5.07223e-08    
345	5	5	4.77616e-08    
346	4	4	4.73529e-08    
346	4	5	4.84419e-08    
346	5	4	5.22077e-08    
346	5	5	4.81402e-08    
347	4	4	4.78941e-08    
347	4	5	4.96025e-08    
347	5	4	5.23423e-08    
347	5	5	4.84241e-08    
348	4	4	4.8521e-08     
348	4	5	4.92463e-08    
348	5	4	5.29301e-08    
348	5	5	4.93398e-08    
349	4	4	4.97612e-08    
349	4	5	5.05412e-08    
349	5	4	5.28825e-08    
349	5	5	5.02167e-08    
350	4	4	5.03449e-08    
350	4	5	5.05308e-08    
350	5	4	5.36532e-08    
350	5	5	5.1351e-08     
351	4	4	5.1251e-08     
351	4	5	5.15845e-08    
351	5	4	5.5395e-08     
351	5	5	5.18405e-08    
352	4	4	5.17314e-08    
352	4	5	5.21552e-08    
352	5	4	5.57294e-08    
352	5	5	5.24182e-08    
353	4	4	5.24552e-08    
353	4	5	5.31644e-08    
353	5	4	5.68226e-08    
353	5	5	5.1895e-08     
354	4	4	5.37315e-08    
354	4	5	5.37885e-08    
354	5	4	5.73183e-08    
354	5	5	5.29218e-08    
355	4	4	5.39947e-08    
355	4	5	5.36293e-08    
355	5	4	5.85404e-08    
355	5	5	5.40921e-08    
356	4	4	5.52742e-08    
356	4	5	5.44217e-08    
356	5	4	5.97003e-08    
356	5	5	5.42241e-08    
357	4	4	5.56768e-08    
357	4	5	5.5075e-08     
357	5	4	6.07435e-08    
357	5	5	5.61306e-08    
358	4	4	5.65026e-08    
358	4	5	5.59234e-08    
358	5	4	6.13626e-08    
358	5	5	5.61611e-08    
359	4	4	5.81144e-08    
359	4	5	5.68142e-08    
359	5	4	6.27541e-08    
359	5	5	5.82941e-08    
360	4	4	5.98158e-08    
360	4	5	5.72418e-08    
360	5	4	6.32462e-08    
360	5	5	5.9248e-08     
361	4	4	6.1527e-08     
361	4	5	5.87238e-08    
361	5	4	6.46604e-08    
361	5	5	5.99426e-08    
362	4	4	6.26516e-08    
362	4	5	5.9467e-08     
362	5	4	6.6104e-08     
362	5	5	6.14675e-08    
363	4	4	6.3878e-08     
363	4	5	6.0088e-08     
363	5	4	6.64695e-08    
363	5	5	6.30891e-08    
364	4	4	6.52389e-08    
364	4	5	6.09912e-08    
364	5	4	6.85639e-08    
364	5	5	6.4903e-08     
365	4	4	6.61776e-08    
365	4	5	6.34259e-08    
365	5	4	7.03428e-08    
365	5	5	6.76587e-08    
366	4	4	6.84518e-08    
366	4	5	6.48732e-08    
366	5	4	7.16759e-08    
366	5	5	6.66712e-08    
367	4	4	6.96628e-08    
367	4	5	6.56105e-08    
367	5	4	7.45952e-08    
367	5	5	6.7976e-08     
368	4	4	7.15288e-08    
368	4	5	6.8005e-08     
368	5	4	7.58435e-08    
368	5	5	6.93618e-08    
369	4	4	7.3201e-08     
369	4	5	7.00953e-08    
369	5	4	7.88408e-08    
369	5	5	7.15422e-08    
370	4	4	7.65518e-08    
370	4	5	7.28474e-08    
370	5	4	8.06476e-08    
370	5	5	7.34919e-08    
371	4	4	7.81368e-08    
371	4	5	7.52706e-08    
371	5	4	8.29452e-08    
371	5	5	7.65545e-08    
372	4	4	8.09705e-08    
372	4	5	7.87498e-08    
372	5	4	8.44182e-08    
372	5	5	7.89058e-08    
373	4	4	8.36276e-08    
373	4	5	8.22092e-08    
373	5	4	8.831e-08      
373	5	5	8.21421e-08    
374	4	4	8.81646e-08    
374	4	5	8.51985e-08    
374	5	4	9.28295e-08    
374	5	5	8.53687e-08    
375	4	4	9.30506e-08    
375	4	5	9.06384e-08    
375	5	4	9.7995e-08     
375	5	5	9.03224e-08    
376	4	4	9.96828e-08    
376	4	5	9.42094e-08    
376	5	4	1.0328e-07     
376	5	5	9.28202e-08    
377	4	4	1.06217e-07    
377	4	5	9.79244e-08    
377	5	4	1.07769e-07    
377	5	5	1.00668e-07    
378	4	4	1.10864e-07    
378	4	5	1.05793e-07    
378	5	4	1.14421e-07    
378	5	5	1.02494e-07    
379	4	4	1.16507e-07    
379	4	5	1.13191e-07    
379	5	4	1.24358e-07    
379	5	5	1.10153e-07    
380	4	4	1.26077e-07    
380	4	5	1.13702e-07    
380	5	4	1.32553e-07    
380	5	5	1.14785e-07    
381	4	4	1.24051e-07    
381	4	5	1.22461e-07    
381	5	4	1.35301e-07    
381	5	5	1.2119e-07     
382	4	4	1.30554e-07    
382	4	5	1.16654e-07    
382	5	4	1.48529e-07    
382	5	5	1.21424e-07    
383	4	4	1.24999e-07    
383	4	5	1.23428e-07    
383	5	4	1.53099e-07    
383	5	5	1.21014e-07    
384	4	4	1.26481e-07    
384	4	5	1.22264e-07    
384	5	4	1.50446e-07    
384	5	5	1.17671e-07    
385	4	4	1.1349e-07     
385	4	5	1.17229e-07    
385	5	4	1.31027e-07    
385	5	5	1.05828e-07    
386	4	4	9.46667e-08    
386	4	5	1.05447e-07    
386	5	4	1.12996e-07    
386	5	5	1.02194e-07    
387	4	4	8.40906e-08    
387	4	5	9.6383e-08     
387	5	4	1.02124e-07    
387	5	5	8.25397e-08    
388	4	4	7.86689e-08    
388	4	5	7.80753e-08    
388	5	4	8.08517e-08    
388	5	5	7.16937e-08    
389	4	4	6.19432e-08    
389	4	5	6.84471e-08    
389	5	4	5.76175e-08    
389	5	5	5.80113e-08    
390	4	4	4.84356e-08    
390	4	5	6.10865e-08    
390	5	4	5.31793e-08    
390	5	5	4.88597e-08    
391	4	4	3.29653e-08    
391	4	5	4.52247e-08    
391	5	4	3.83293e-08    
391	5	5	3.10358e-08    
392	4	4	1.95717e-08    
392	4	5	2.71467e-08    
392	5	4	2.86572e-08    
392	5	5	1.97334e-08    
393	4	4	1.16381e-08    
393	4	5	1.92529e-08    
393	5	4	1.46437e-08    
393	5	5	1.28615e-08    
394	4	4	1.14436e-08    
394	4	5	2.02222e-08    
394	5	4	1.09809e-08    
394	5	5	1.03091e-08    
395	4	4	7.47177e-09    
395	4	5	7.2521e-09     
395	5	4	5.22969e-09    
395	5	5	6.0588e-09     
396	4	4	2.73252e-09    
396	4	5	4.41086e-09    
396	5	4	1.81897e-09    
396	5	5	4.16684e-09    
397	4	4	8.12223e-10    
397	4	5	1.57958e-09    
397	5	4	1.55333e-09    
397	5	5	1.08395e-09    
398	4	4	7.39529e-10    
398	5	4	8.83769e-10    
398	5	5	1.14628e-09    
399	4	4	1.03158e-09    
399	5	4	1.59354e-09    
400	4	4	1.24621e-09    
431	3	5	3.25241e-12    
468	4	6	2.93687e-12    
476	4	6	9.12336e-14    
483	8	9	2.08404e-11    
500	3	5	5.00199e-12    
501	3	5	1.76395e-11    
504	4	5	3.33391e-13    
538	9	6	1.64315e-12    
622	3	5	1.85368e-11    
714	7	4	8.78856e-14    
718	6	4	6.12542e-12    
736	4	6	2.96253e-12    
740	4	6	3.90248e-12    
768	6	4	1.32944e-12    
788	8	4	1.50137e-11    
790	8	4	4.10016e-13    
799	5	4	1.73228e-11    