i	j	k	Dose(Gy)       
0	3	5	2.01897e-11    
0	4	3	2.51304e-11    
0	4	4	2.66982e-08    
0	4	5	2.86548e-08    
0	5	3	1.74691e-11    
0	5	4	2.67938e-08    
0	5	5	2.53526e-08    
0	6	5	3.00754e-11    
1	4	4	2.64803e-08    
1	4	5	2.84825e-08    
1	5	4	2.71854e-08    
1	5	5	2.53351e-08    
2	4	4	2.76602e-08    
2	4	5	2.89675e-08    
2	5	4	2.73711e-08    
2	5	5	2.47842e-08    
3	4	4	2.69044e-08    
3	4	5	2.91008e-08    
3	5	4	2.75208e-08    
3	5	5	2.57616e-08    
4	4	4	2.68163e-08    
4	4	5	2.87256e-08    
4	5	4	2.74175e-08    
4	5	5	2.49779e-08    
5	4	4	2.69616e-08    
5	4	5	2.96768e-08    
5	5	4	2.7205e-08     
5	5	5	2.53436e-08    
6	4	4	2.69863e-08    
6	4	5	2.89963e-08    
6	5	4	2.74644e-08    
6	5	5	2.47482e-08    
7	3	3	4.99317e-12    
7	4	4	2.7416e-08     
7	4	5	2.92231e-08    
7	5	4	2.7534e-08     
7	5	5	2.62109e-08    
8	4	4	2.64858e-08    
8	4	5	2.98886e-08    
8	5	4	2.75982e-08    
8	5	5	2.54624e-08    
9	4	4	2.83345e-08    
9	4	5	2.98669e-08    
9	5	4	2.79079e-08    
9	5	5	2.60793e-08    
10	4	4	2.77383e-08    
10	4	5	2.91955e-08    
10	5	4	2.76935e-08    
10	5	5	2.59525e-08    
11	4	4	2.77363e-08    
11	4	5	2.97512e-08    
11	5	4	2.7929e-08     
11	5	5	2.60923e-08    
12	4	4	2.72761e-08    
12	4	5	3.02573e-08    
12	5	4	2.78549e-08    
12	5	5	2.62047e-08    
13	4	4	2.72911e-08    
13	4	5	2.99596e-08    
13	5	4	2.85815e-08    
13	5	5	2.63182e-08    
14	4	4	2.84752e-08    
14	4	5	3.00671e-08    
14	5	4	2.77949e-08    
14	5	5	2.63227e-08    
15	4	4	2.85337e-08    
15	4	5	2.98381e-08    
15	5	4	2.76631e-08    
15	5	5	2.66571e-08    
16	4	4	2.77727e-08    
16	4	5	3.05309e-08    
16	5	4	2.80467e-08    
16	5	5	2.6781e-08     
17	4	4	2.80763e-08    
17	4	5	3.06747e-08    
17	5	4	2.82547e-08    
17	5	5	2.64674e-08    
18	4	4	2.8107e-08     
18	4	5	3.07771e-08    
18	5	4	2.85519e-08    
18	5	5	2.65098e-08    
19	4	4	2.83872e-08    
19	4	5	3.08057e-08    
19	5	4	2.87179e-08    
19	5	5	2.69669e-08    
20	4	4	2.86965e-08    
20	4	5	3.05779e-08    
20	5	4	2.79989e-08    
20	5	5	2.69633e-08    
21	4	4	2.84319e-08    
21	4	5	3.06952e-08    
21	5	4	2.90927e-08    
21	5	5	2.72397e-08    
22	4	4	2.82233e-08    
22	4	5	3.04818e-08    
22	5	4	2.80635e-08    
22	5	5	2.73782e-08    
23	4	4	2.8471e-08     
23	4	5	3.16514e-08    
23	5	4	2.85998e-08    
23	5	5	2.7183e-08     
24	4	4	2.88481e-08    
24	4	5	3.11241e-08    
24	5	4	2.83025e-08    
24	5	5	2.74531e-08    
25	4	4	2.85122e-08    
25	4	5	3.1002e-08     
25	5	4	2.85255e-08    
25	5	5	2.80269e-08    
26	4	4	2.91931e-08    
26	4	5	3.13898e-08    
26	5	4	2.8345e-08     
26	5	5	2.83489e-08    
27	4	4	2.92868e-08    
27	4	5	3.1147e-08     
27	5	4	2.89783e-08    
27	5	5	2.73882e-08    
28	4	4	2.94151e-08    
28	4	5	3.16565e-08    
28	5	4	2.93196e-08    
28	5	5	2.83325e-08    
29	4	4	2.93659e-08    
29	4	5	3.10643e-08    
29	5	4	2.9828e-08     
29	5	5	2.79882e-08    
30	4	4	2.89963e-08    
30	4	5	3.18652e-08    
30	5	4	2.91664e-08    
30	5	5	2.89563e-08    
31	4	4	2.92293e-08    
31	4	5	3.13353e-08    
31	5	4	2.97831e-08    
31	5	5	2.83779e-08    
32	4	4	2.97187e-08    
32	4	5	3.16984e-08    
32	5	4	2.96329e-08    
32	5	5	2.85674e-08    
33	4	4	2.95272e-08    
33	4	5	3.19337e-08    
33	5	4	2.96958e-08    
33	5	5	2.89619e-08    
34	4	4	2.97918e-08    
34	4	5	3.28958e-08    
34	5	4	2.98776e-08    
34	5	5	2.82369e-08    
35	4	4	2.97214e-08    
35	4	5	3.21192e-08    
35	5	4	2.9445e-08     
35	5	5	2.83666e-08    
36	4	4	3.03064e-08    
36	4	5	3.21015e-08    
36	5	4	3.05558e-08    
36	5	5	2.81107e-08    
37	4	4	2.9233e-08     
37	4	5	3.28258e-08    
37	5	4	3.0107e-08     
37	5	5	2.92229e-08    
38	4	4	2.98996e-08    
38	4	5	3.27221e-08    
38	5	4	3.05911e-08    
38	5	5	2.85746e-08    
39	4	4	3.00739e-08    
39	4	5	3.28113e-08    
39	5	4	3.04103e-08    
39	5	5	2.86582e-08    
40	4	4	2.98184e-08    
40	4	5	3.35565e-08    
40	5	4	3.04105e-08    
40	5	5	2.91082e-08    
41	4	4	3.04695e-08    
41	4	5	3.26248e-08    
41	5	4	3.06266e-08    
41	5	5	2.86996e-08    
42	4	4	3.12338e-08    
42	4	5	3.34749e-08    
42	5	4	3.048e-08      
42	5	5	2.88343e-08    
43	4	4	3.11897e-08    
43	4	5	3.30793e-08    
43	5	4	3.05019e-08    
43	5	5	2.89555e-08    
44	4	4	3.07523e-08    
44	4	5	3.37987e-08    
44	5	4	3.1413e-08     
44	5	5	2.89893e-08    
45	4	4	3.09861e-08    
45	4	5	3.32565e-08    
45	5	4	3.13926e-08    
45	5	5	2.94012e-08    
46	4	4	3.09705e-08    
46	4	5	3.36555e-08    
46	5	4	3.12357e-08    
46	5	5	2.96073e-08    
47	4	4	3.12403e-08    
47	4	5	3.40573e-08    
47	5	4	3.15531e-08    
47	5	5	2.94641e-08    
48	4	4	3.11105e-08    
48	4	5	3.41964e-08    
48	5	4	3.16485e-08    
48	5	5	2.99486e-08    
49	4	4	3.13948e-08    
49	4	5	3.41573e-08    
49	5	4	3.16756e-08    
49	5	5	2.93035e-08    
50	4	4	3.09058e-08    
50	4	5	3.47963e-08    
50	5	4	3.16375e-08    
50	5	5	2.93103e-08    
51	4	4	3.14951e-08    
51	4	5	3.43775e-08    
51	5	4	3.22132e-08    
51	5	5	2.9573e-08     
52	4	4	3.22265e-08    
52	4	5	3.48532e-08    
52	5	4	3.25216e-08    
52	5	5	3.02058e-08    
53	4	4	3.23557e-08    
53	4	5	3.46137e-08    
53	5	4	3.29276e-08    
53	5	5	3.03294e-08    
54	4	4	3.20951e-08    
54	4	5	3.51511e-08    
54	5	4	3.29145e-08    
54	5	5	3.06287e-08    
55	4	4	3.24551e-08    
55	4	5	3.48616e-08    
55	5	4	3.27333e-08    
55	5	5	3.09509e-08    
56	4	4	3.31233e-08    
56	4	5	3.5521e-08     
56	5	4	3.30454e-08    
56	5	5	3.07017e-08    
57	4	4	3.32279e-08    
57	4	5	3.49836e-08    
57	5	4	3.30196e-08    
57	5	5	3.09707e-08    
58	4	4	3.25002e-08    
58	4	5	3.4693e-08     
58	5	4	3.36202e-08    
58	5	5	3.11024e-08    
59	4	4	3.36201e-08    
59	4	5	3.4667e-08     
59	5	4	3.37009e-08    
59	5	5	3.13026e-08    
60	4	4	3.37259e-08    
60	4	5	3.57435e-08    
60	5	4	3.27055e-08    
60	5	5	3.13034e-08    
61	4	4	3.37372e-08    
61	4	5	3.48116e-08    
61	5	4	3.39714e-08    
61	5	5	3.16386e-08    
62	4	4	3.39724e-08    
62	4	5	3.56152e-08    
62	5	4	3.34271e-08    
62	5	5	3.16952e-08    
63	4	4	3.34504e-08    
63	4	5	3.59273e-08    
63	5	4	3.4335e-08     
63	5	5	3.21571e-08    
64	4	4	3.39553e-08    
64	4	5	3.59104e-08    
64	5	4	3.41865e-08    
64	5	5	3.20226e-08    
65	4	4	3.44106e-08    
65	4	5	3.60807e-08    
65	5	4	3.38717e-08    
65	5	5	3.26188e-08    
66	4	4	3.38281e-08    
66	4	5	3.66273e-08    
66	5	4	3.42216e-08    
66	5	5	3.2388e-08     
67	4	4	3.53012e-08    
67	4	5	3.67545e-08    
67	5	4	3.38016e-08    
67	5	5	3.31511e-08    
68	4	4	3.41989e-08    
68	4	5	3.70987e-08    
68	5	4	3.37166e-08    
68	5	5	3.35331e-08    
69	4	4	3.48643e-08    
69	4	5	3.72819e-08    
69	5	4	3.44838e-08    
69	5	5	3.36895e-08    
70	4	4	3.5828e-08     
70	4	5	3.72081e-08    
70	5	4	3.49237e-08    
70	5	5	3.33982e-08    
71	4	4	3.47238e-08    
71	4	5	3.69012e-08    
71	5	4	3.47105e-08    
71	5	5	3.41849e-08    
72	4	4	3.55157e-08    
72	4	5	3.79325e-08    
72	5	4	3.50602e-08    
72	5	5	3.37312e-08    
73	4	4	3.57017e-08    
73	4	5	3.77297e-08    
73	5	4	3.54095e-08    
73	5	5	3.46695e-08    
74	4	4	3.56759e-08    
74	4	5	3.76977e-08    
74	5	4	3.48999e-08    
74	5	5	3.51808e-08    
75	4	4	3.55304e-08    
75	4	5	3.78579e-08    
75	5	4	3.5441e-08     
75	5	5	3.49281e-08    
76	4	4	3.58886e-08    
76	4	5	3.84286e-08    
76	5	4	3.57625e-08    
76	5	5	3.48038e-08    
77	4	4	3.53236e-08    
77	4	5	3.83321e-08    
77	5	4	3.68566e-08    
77	5	5	3.51332e-08    
78	4	4	3.66264e-08    
78	4	5	3.9018e-08     
78	5	4	3.60575e-08    
78	5	5	3.67158e-08    
79	4	4	3.61539e-08    
79	4	5	3.89947e-08    
79	5	4	3.61518e-08    
79	5	5	3.58798e-08    
80	4	4	3.67509e-08    
80	4	5	3.92591e-08    
80	5	4	3.6638e-08     
80	5	5	3.56693e-08    
81	4	4	3.67901e-08    
81	4	5	3.86366e-08    
81	5	4	3.69828e-08    
81	5	5	3.64174e-08    
82	4	4	3.75448e-08    
82	4	5	3.96264e-08    
82	5	4	3.65251e-08    
82	5	5	3.70562e-08    
83	4	4	3.76569e-08    
83	4	5	3.97105e-08    
83	5	4	3.71536e-08    
83	5	5	3.68076e-08    
84	4	4	3.80549e-08    
84	4	5	3.96552e-08    
84	5	4	3.69096e-08    
84	5	5	3.71454e-08    
85	4	4	3.81306e-08    
85	4	5	3.96162e-08    
85	5	4	3.85341e-08    
85	5	5	3.67408e-08    
86	4	4	3.75889e-08    
86	4	5	4.00657e-08    
86	5	4	3.83763e-08    
86	5	5	3.82057e-08    
87	4	4	3.93184e-08    
87	4	5	4.00302e-08    
87	5	4	3.9026e-08     
87	5	5	3.81873e-08    
88	4	4	3.87015e-08    
88	4	5	4.12251e-08    
88	5	4	3.91595e-08    
88	5	5	3.84853e-08    
89	4	4	3.90628e-08    
89	4	5	4.17793e-08    
89	5	4	3.90192e-08    
89	5	5	3.85965e-08    
90	4	4	3.91324e-08    
90	4	5	4.14564e-08    
90	5	4	3.92138e-08    
90	5	5	3.87054e-08    
91	4	4	3.93943e-08    
91	4	5	4.15436e-08    
91	5	4	3.97683e-08    
91	5	5	3.91568e-08    
92	4	4	3.97601e-08    
92	4	5	4.19119e-08    
92	5	4	3.97514e-08    
92	5	5	3.92238e-08    
93	4	4	4.02672e-08    
93	4	5	4.19973e-08    
93	5	4	3.96952e-08    
93	5	5	3.9938e-08     
94	4	4	4.01565e-08    
94	4	5	4.23893e-08    
94	5	4	4.03324e-08    
94	5	5	4.05492e-08    
95	4	4	4.00268e-08    
95	4	5	4.20785e-08    
95	5	4	4.09597e-08    
95	5	5	4.03339e-08    
96	4	4	4.10764e-08    
96	4	5	4.2934e-08     
96	5	4	4.11934e-08    
96	5	5	4.03626e-08    
97	4	4	4.14072e-08    
97	4	5	4.40501e-08    
97	5	4	4.12065e-08    
97	5	5	4.08967e-08    
98	4	4	4.18535e-08    
98	4	5	4.33508e-08    
98	5	4	4.18226e-08    
98	5	5	4.03628e-08    
99	4	4	4.23073e-08    
99	4	5	4.38161e-08    
99	5	4	4.18406e-08    
99	5	5	4.12946e-08    
100	4	4	4.33075e-08    
100	4	5	4.4861e-08     
100	5	4	4.26586e-08    
100	5	5	4.1777e-08     
101	4	4	4.33456e-08    
101	4	5	4.43549e-08    
101	5	4	4.2888e-08     
101	5	5	4.2353e-08     
102	4	4	4.34004e-08    
102	4	5	4.52056e-08    
102	5	4	4.29828e-08    
102	5	5	4.31218e-08    
103	4	4	4.46578e-08    
103	4	5	4.47964e-08    
103	5	4	4.35469e-08    
103	5	5	4.3364e-08     
104	4	4	4.43443e-08    
104	4	5	4.58233e-08    
104	5	4	4.37074e-08    
104	5	5	4.30046e-08    
105	4	4	4.53785e-08    
105	4	5	4.67834e-08    
105	5	4	4.38463e-08    
105	5	5	4.39319e-08    
106	4	4	4.57148e-08    
106	4	5	4.68635e-08    
106	5	4	4.44041e-08    
106	5	5	4.48019e-08    
107	4	4	4.63274e-08    
107	4	5	4.75383e-08    
107	5	4	4.46134e-08    
107	5	5	4.45561e-08    
108	4	4	4.65157e-08    
108	4	5	4.82366e-08    
108	5	4	4.50942e-08    
108	5	5	4.43162e-08    
109	4	4	4.71007e-08    
109	4	5	4.84494e-08    
109	5	4	4.56121e-08    
109	5	5	4.49714e-08    
110	4	4	4.73055e-08    
110	4	5	4.9304e-08     
110	5	4	4.62562e-08    
110	5	5	4.53383e-08    
111	4	4	4.7382e-08     
111	4	5	5.02866e-08    
111	5	4	4.62291e-08    
111	5	5	4.57692e-08    
112	4	4	4.83434e-08    
112	4	5	5.15151e-08    
112	5	4	4.65279e-08    
112	5	5	4.64089e-08    
113	4	4	4.80397e-08    
113	4	5	5.19031e-08    
113	5	4	4.73101e-08    
113	5	5	4.70851e-08    
114	4	4	4.79468e-08    
114	4	5	5.21967e-08    
114	5	4	4.82993e-08    
114	5	5	4.75564e-08    
115	4	4	4.85685e-08    
115	4	5	5.27225e-08    
115	5	4	4.8615e-08     
115	5	5	4.78972e-08    
116	4	4	4.92571e-08    
116	4	5	5.27511e-08    
116	5	4	4.96711e-08    
116	5	5	4.8846e-08     
117	4	4	4.9884e-08     
117	4	5	5.4119e-08     
117	5	4	4.97999e-08    
117	5	5	5.01272e-08    
118	4	4	5.08115e-08    
118	4	5	5.40137e-08    
118	5	4	5.10417e-08    
118	5	5	4.99976e-08    
119	4	4	5.13121e-08    
119	4	5	5.49078e-08    
119	5	4	5.14246e-08    
119	5	5	5.03798e-08    
120	4	4	5.18286e-08    
120	4	5	5.67774e-08    
120	5	4	5.27445e-08    
120	5	5	5.17411e-08    
121	4	4	5.25984e-08    
121	4	5	5.58172e-08    
121	5	4	5.3282e-08     
121	5	5	5.232e-08      
122	4	4	5.35322e-08    
122	4	5	5.78686e-08    
122	5	4	5.43142e-08    
122	5	5	5.27988e-08    
123	4	4	5.35036e-08    
123	4	5	5.85046e-08    
123	5	4	5.55825e-08    
123	5	5	5.33471e-08    
124	4	4	5.38936e-08    
124	4	5	5.94648e-08    
124	5	4	5.56941e-08    
124	5	5	5.31436e-08    
125	4	4	5.52313e-08    
125	4	5	6.06647e-08    
125	5	4	5.62825e-08    
125	5	5	5.45425e-08    
126	4	4	5.61033e-08    
126	4	5	6.19923e-08    
126	5	4	5.82902e-08    
126	5	5	5.47372e-08    
127	4	4	5.71086e-08    
127	4	5	6.26278e-08    
127	5	4	5.91006e-08    
127	5	5	5.59866e-08    
128	4	4	5.83495e-08    
128	4	5	6.42733e-08    
128	5	4	6.01208e-08    
128	5	5	5.62494e-08    
129	4	4	5.96213e-08    
129	4	5	6.49413e-08    
129	5	4	6.11761e-08    
129	5	5	5.74002e-08    
130	4	4	5.99382e-08    
130	4	5	6.6182e-08     
130	5	4	6.20555e-08    
130	5	5	5.85998e-08    
131	4	4	6.09543e-08    
131	4	5	6.82829e-08    
131	5	4	6.38649e-08    
131	5	5	5.90665e-08    
132	4	4	6.21872e-08    
132	4	5	6.90429e-08    
132	5	4	6.55974e-08    
132	5	5	6.08238e-08    
133	4	4	6.30461e-08    
133	4	5	7.06585e-08    
133	5	4	6.72616e-08    
133	5	5	6.10824e-08    
134	4	4	6.51482e-08    
134	4	5	7.2199e-08     
134	5	4	6.83126e-08    
134	5	5	6.33701e-08    
135	4	4	6.65975e-08    
135	4	5	7.42318e-08    
135	5	4	7.02428e-08    
135	5	5	6.45835e-08    
136	4	4	6.86868e-08    
136	4	5	7.53348e-08    
136	5	4	7.22556e-08    
136	5	5	6.65346e-08    
137	4	4	7.07989e-08    
137	4	5	7.70023e-08    
137	5	4	7.37733e-08    
137	5	5	6.75824e-08    
138	4	4	7.23579e-08    
138	4	5	7.91951e-08    
138	5	4	7.60944e-08    
138	5	5	6.96796e-08    
139	4	4	7.5519e-08     
139	4	5	8.09629e-08    
139	5	4	7.79518e-08    
139	5	5	7.23902e-08    
140	4	4	7.78447e-08    
140	4	5	8.40897e-08    
140	5	4	8.03918e-08    
140	5	5	7.49898e-08    
141	4	4	8.03058e-08    
141	4	5	8.65425e-08    
141	5	4	8.3267e-08     
141	5	5	7.73728e-08    
142	4	4	8.37925e-08    
142	4	5	8.98911e-08    
142	5	4	8.67163e-08    
142	5	5	8.07234e-08    
143	4	4	8.78436e-08    
143	4	5	9.36407e-08    
143	5	4	8.93256e-08    
143	5	5	8.4569e-08     
144	4	4	9.25546e-08    
144	4	5	9.75279e-08    
144	5	4	9.33695e-08    
144	5	5	8.87401e-08    
145	4	4	9.66928e-08    
145	4	5	1.028e-07      
145	5	4	9.86523e-08    
145	5	5	9.32025e-08    
146	4	4	1.02516e-07    
146	4	5	1.09585e-07    
146	5	4	1.04979e-07    
146	5	5	9.94891e-08    
147	4	4	1.09014e-07    
147	4	5	1.17901e-07    
147	5	4	1.11826e-07    
147	5	5	1.06116e-07    
148	4	4	1.18689e-07    
148	4	5	1.27836e-07    
148	5	4	1.22879e-07    
148	5	5	1.14793e-07    
149	4	4	1.31104e-07    
149	4	5	1.43352e-07    
149	5	4	1.34831e-07    
149	5	5	1.25879e-07    
150	4	4	1.48519e-07    
150	4	5	1.62988e-07    
150	5	4	1.52283e-07    
150	5	5	1.4103e-07     
151	4	4	1.79582e-07    
151	4	5	1.83643e-07    
151	5	4	1.65616e-07    
151	5	5	1.62865e-07    
152	4	4	1.84181e-07    
152	4	5	2.00339e-07    
152	5	4	1.86084e-07    
152	5	5	1.74906e-07    
153	4	4	1.64439e-07    
153	4	5	1.96227e-07    
153	5	4	1.89748e-07    
153	5	5	1.66414e-07    
154	4	4	1.42719e-07    
154	4	5	1.54493e-07    
154	5	4	1.61187e-07    
154	5	5	1.33432e-07    
155	4	4	1.02962e-07    
155	4	5	1.18965e-07    
155	5	4	1.17148e-07    
155	5	5	8.53562e-08    
156	4	4	4.34543e-08    
156	4	5	5.42478e-08    
156	5	4	5.55355e-08    
156	5	5	5.26947e-08    
157	4	4	1.14718e-08    
157	4	5	1.06606e-08    
157	5	4	1.99496e-08    
157	5	5	2.06187e-08    
158	4	4	2.53731e-09    
158	4	5	5.01791e-09    
158	5	4	2.78897e-09    
158	5	5	5.91038e-09    
284	4	4	2.4976e-12     
323	4	4	3.13544e-12    
325	3	4	1.00778e-12    
386	4	3	1.91893e-12    
414	4	3	8.71334e-13    
444	4	3	6.57374e-13    
450	4	3	1.43193e-11    
1351	3	5	3.94028e-12    
1601	6	5	3.86589e-12    
1631	4	6	1.67486e-12    
1676	4	5	2.53658e-12    
1751	4	6	2.50018e-12    
1802	4	6	4.78055e-13    
1814	4	6	1.64818e-11    