i	j	k	Dose      LDT       LTT       proton_1_Dproton_1_T

0	0	0	60.1764   1.12781   1.12773   1.12781   1.12773   
1	0	0	60.3823   1.12954   1.1295    1.12954   1.1295    
2	0	0	60.8606   1.1313    1.13129   1.1313    1.13129   
3	0	0	59.6506   1.13312   1.13308   1.13312   1.13308   
4	0	0	60.3351   1.13492   1.13487   1.13492   1.13487   
5	0	0	60.1057   1.13669   1.13666   1.13669   1.13666   
6	0	0	61.1717   1.13853   1.13848   1.13853   1.13848   
7	0	0	60.4706   1.14041   1.14031   1.14041   1.14031   
8	0	0	60.2456   1.14216   1.14213   1.14216   1.14213   
9	0	0	62.6443   1.14407   1.144     1.14407   1.144     
10	0	0	62.5571   1.14594   1.14591   1.14594   1.14591   
11	0	0	61.8768   1.14788   1.1478    1.14788   1.1478    
12	0	0	61.4714   1.14983   1.1497    1.14983   1.1497    
13	0	0	61.8647   1.15163   1.1516    1.15163   1.1516    
14	0	0	62.0382   1.1536    1.15351   1.1536    1.15351   
15	0	0	62.3679   1.15551   1.15544   1.15551   1.15544   
16	0	0	62.431    1.15752   1.1574    1.15752   1.1574    
17	0	0	61.8213   1.15932   1.15934   1.15932   1.15934   
18	0	0	62.7483   1.16137   1.16129   1.16137   1.16129   
19	0	0	61.3562   1.16322   1.16325   1.16322   1.16325   
20	0	0	62.3009   1.16528   1.1652    1.16528   1.1652    
21	0	0	62.9655   1.16726   1.1672    1.16726   1.1672    
22	0	0	62.5248   1.16928   1.16921   1.16928   1.16921   
23	0	0	62.3598   1.17124   1.1712    1.17124   1.1712    
24	0	0	63.105    1.17324   1.17322   1.17324   1.17322   
25	0	0	63.1666   1.17535   1.17526   1.17535   1.17526   
26	0	0	62.7396   1.17735   1.1773    1.17735   1.1773    
27	0	0	62.5307   1.17949   1.17934   1.17949   1.17934   
28	0	0	63.2715   1.18154   1.1814    1.18154   1.1814    
29	0	0	63.6431   1.18355   1.18348   1.18355   1.18348   
30	0	0	64.8635   1.18575   1.18561   1.18575   1.18561   
31	0	0	64.8244   1.18786   1.18776   1.18786   1.18776   
32	0	0	63.8937   1.19004   1.18989   1.19004   1.18989   
33	0	0	64.6751   1.19214   1.19204   1.19214   1.19204   
34	0	0	63.5638   1.19429   1.19419   1.19429   1.19419   
35	0	0	64.3      1.19646   1.19634   1.19646   1.19634   
36	0	0	63.7846   1.1985    1.19851   1.1985    1.19851   
37	0	0	64.6264   1.2009    1.20068   1.2009    1.20068   
38	0	0	64.4597   1.20292   1.20288   1.20292   1.20288   
39	0	0	63.825    1.20511   1.20508   1.20511   1.20508   
40	0	0	64.5966   1.20735   1.20729   1.20735   1.20729   
41	0	0	64.7417   1.20956   1.20953   1.20956   1.20953   
42	0	0	63.6363   1.21181   1.21176   1.21181   1.21176   
43	0	0	64.6955   1.21397   1.214     1.21397   1.214     
44	0	0	65.3326   1.21628   1.21628   1.21628   1.21628   
45	0	0	64.8701   1.21864   1.21857   1.21864   1.21857   
46	0	0	64.5785   1.22093   1.22086   1.22093   1.22086   
47	0	0	66.3415   1.22326   1.2232    1.22326   1.2232    
48	0	0	64.6427   1.22561   1.22552   1.22561   1.22552   
49	0	0	65.9181   1.22784   1.22787   1.22784   1.22787   
50	0	0	66.4258   1.23024   1.23025   1.23024   1.23025   
51	0	0	66.2285   1.23271   1.23266   1.23271   1.23266   
52	0	0	66.8291   1.23512   1.23507   1.23512   1.23507   
53	0	0	65.4929   1.23757   1.23749   1.23757   1.23749   
54	0	0	66.7457   1.23999   1.23991   1.23999   1.23991   
55	0	0	65.7238   1.24245   1.24235   1.24245   1.24235   
56	0	0	66.674    1.24484   1.2448    1.24484   1.2448    
57	0	0	67.6418   1.24739   1.2473    1.24739   1.2473    
58	0	0	66.6055   1.24979   1.24981   1.24979   1.24981   
59	0	0	66.9338   1.25237   1.25231   1.25237   1.25231   
60	0	0	66.0763   1.25501   1.25482   1.25501   1.25482   
61	0	0	66.0485   1.25732   1.25732   1.25732   1.25732   
62	0	0	67.6679   1.25997   1.25987   1.25997   1.25987   
63	0	0	68.4545   1.26251   1.26247   1.26251   1.26247   
64	0	0	66.5471   1.26515   1.26506   1.26515   1.26506   
65	0	0	68.5801   1.26771   1.26768   1.26771   1.26768   
66	0	0	68.2373   1.27055   1.27034   1.27055   1.27034   
67	0	0	67.7609   1.27302   1.273     1.27302   1.273     
68	0	0	68.4923   1.2758    1.27567   1.2758    1.27567   
69	0	0	67.4154   1.27853   1.27836   1.27853   1.27836   
70	0	0	67.124    1.28115   1.28104   1.28115   1.28104   
71	0	0	69.1418   1.28391   1.28377   1.28391   1.28377   
72	0	0	68.0025   1.28663   1.28651   1.28663   1.28651   
73	0	0	67.9017   1.28925   1.28925   1.28925   1.28925   
74	0	0	68.8864   1.29206   1.29202   1.29206   1.29202   
75	0	0	69.2875   1.29496   1.29483   1.29496   1.29483   
76	0	0	69.0354   1.29783   1.29768   1.29783   1.29768   
77	0	0	68.3829   1.30066   1.30052   1.30066   1.30052   
78	0	0	70.3334   1.30356   1.3034    1.30356   1.3034    
79	0	0	69.4218   1.30651   1.3063    1.30651   1.3063    
80	0	0	69.3614   1.30924   1.3092    1.30924   1.3092    
81	0	0	69.1013   1.31222   1.31212   1.31222   1.31212   
82	0	0	69.7891   1.31514   1.31505   1.31514   1.31505   
83	0	0	70.2879   1.31822   1.31803   1.31822   1.31803   
84	0	0	69.7915   1.32118   1.32102   1.32118   1.32102   
85	0	0	70.3421   1.32414   1.32403   1.32414   1.32403   
86	0	0	70.6494   1.32719   1.32708   1.32719   1.32708   
87	0	0	70.2586   1.33023   1.33013   1.33023   1.33013   
88	0	0	70.7774   1.33328   1.33321   1.33328   1.33321   
89	0	0	71.7867   1.33652   1.33635   1.33652   1.33635   
90	0	0	71.3708   1.3396    1.3395    1.3396    1.3395    
91	0	0	72.5057   1.34293   1.3427    1.34293   1.3427    
92	0	0	71.7777   1.34613   1.34591   1.34613   1.34591   
93	0	0	73.7779   1.3495    1.34918   1.3495    1.34918   
94	0	0	72.5474   1.35256   1.35248   1.35256   1.35248   
95	0	0	71.7635   1.35592   1.35575   1.35592   1.35575   
96	0	0	72.8281   1.35913   1.35905   1.35913   1.35905   
97	0	0	73.1132   1.36242   1.3624    1.36242   1.3624    
98	0	0	73.0552   1.36585   1.36577   1.36585   1.36577   
99	0	0	73.1198   1.36949   1.36917   1.36949   1.36917   
100	0	0	74.1818   1.37268   1.37261   1.37268   1.37261   
101	0	0	73.295    1.37639   1.37607   1.37639   1.37607   
102	0	0	72.8232   1.37965   1.37953   1.37965   1.37953   
103	0	0	74.2239   1.38328   1.38301   1.38328   1.38301   
104	0	0	73.4849   1.38662   1.38655   1.38662   1.38655   
105	0	0	74.2672   1.39036   1.3901    1.39036   1.3901    
106	0	0	74.6225   1.39385   1.3937    1.39385   1.3937    
107	0	0	74.4923   1.39738   1.39732   1.39738   1.39732   
108	0	0	75.0685   1.40109   1.40098   1.40109   1.40098   
109	0	0	74.7987   1.4048    1.40467   1.4048    1.40467   
110	0	0	74.4169   1.40835   1.40835   1.40835   1.40835   
111	0	0	74.6555   1.41221   1.41207   1.41221   1.41207   
112	0	0	76.1328   1.41604   1.41584   1.41604   1.41584   
113	0	0	75.9549   1.4198    1.41967   1.4198    1.41967   
114	0	0	74.8918   1.42362   1.42348   1.42362   1.42348   
115	0	0	76.8391   1.42764   1.42735   1.42764   1.42735   
116	0	0	76.786    1.4315    1.4313    1.4315    1.4313    
117	0	0	77.7901   1.43554   1.43529   1.43554   1.43529   
118	0	0	77.2146   1.43946   1.43931   1.43946   1.43931   
119	0	0	77.3085   1.44351   1.44335   1.44351   1.44335   
120	0	0	76.868    1.44762   1.44741   1.44762   1.44741   
121	0	0	77.5253   1.45185   1.4515    1.45185   1.4515    
122	0	0	77.0762   1.45594   1.45563   1.45594   1.45563   
123	0	0	77.1634   1.45987   1.45976   1.45987   1.45976   
124	0	0	79.3078   1.46404   1.46399   1.46404   1.46399   
125	0	0	78.4185   1.4684    1.46828   1.4684    1.46828   
126	0	0	78.9608   1.47265   1.47259   1.47265   1.47259   
127	0	0	79.1288   1.47719   1.47695   1.47719   1.47695   
128	0	0	79.6256   1.48149   1.48135   1.48149   1.48135   
129	0	0	80.2428   1.48599   1.48582   1.48599   1.48582   
130	0	0	79.9934   1.49038   1.49033   1.49038   1.49033   
131	0	0	79.4833   1.49497   1.49485   1.49497   1.49485   
132	0	0	81.0527   1.49973   1.49944   1.49973   1.49944   
133	0	0	80.3405   1.5042    1.50407   1.5042    1.50407   
134	0	0	81.7998   1.5092    1.50877   1.5092    1.50877   
135	0	0	81.5078   1.51363   1.51353   1.51363   1.51353   
136	0	0	80.9226   1.51845   1.51828   1.51845   1.51828   
137	0	0	80.968    1.523     1.52307   1.523     1.52307   
138	0	0	82.5179   1.52817   1.52795   1.52817   1.52795   
139	0	0	81.2869   1.53309   1.53288   1.53309   1.53288   
140	0	0	81.612    1.53803   1.53781   1.53803   1.53781   
141	0	0	81.3777   1.543     1.54279   1.543     1.54279   
142	0	0	82.8511   1.54818   1.54783   1.54818   1.54783   
143	0	0	83.8364   1.55319   1.553     1.55319   1.553     
144	0	0	83.8792   1.55849   1.55824   1.55849   1.55824   
145	0	0	83.3904   1.5637    1.5635    1.5637    1.5635    
146	0	0	84.5881   1.5692    1.56882   1.5692    1.56882   
147	0	0	84.3463   1.57443   1.57422   1.57443   1.57422   
148	0	0	84.3124   1.57995   1.57965   1.57995   1.57965   
149	0	0	83.7979   1.58565   1.58513   1.58565   1.58513   
150	0	0	84.548    1.59093   1.59065   1.59093   1.59065   
151	0	0	86.4952   1.59646   1.59628   1.59646   1.59628   
152	0	0	84.6687   1.60236   1.60196   1.60236   1.60196   
153	0	0	86.4009   1.60807   1.60768   1.60807   1.60768   
154	0	0	87.0643   1.61361   1.61353   1.61361   1.61353   
155	0	0	86.711    1.61977   1.61945   1.61977   1.61945   
156	0	0	86.4921   1.62563   1.62539   1.62563   1.62539   
157	0	0	87.2268   1.63205   1.6314    1.63205   1.6314    
158	0	0	87.5268   1.63773   1.6375    1.63773   1.6375    
159	0	0	87.5371   1.64399   1.64366   1.64399   1.64366   
160	0	0	87.4202   1.65019   1.64987   1.65019   1.64987   
161	0	0	88.4367   1.6564    1.65616   1.6564    1.65616   
162	0	0	88.9831   1.66305   1.66257   1.66305   1.66257   
163	0	0	89.7219   1.66942   1.66908   1.66942   1.66908   
164	0	0	90.1507   1.67576   1.67569   1.67576   1.67569   
165	0	0	90.4718   1.68286   1.68245   1.68286   1.68245   
166	0	0	89.8529   1.68939   1.68918   1.68939   1.68918   
167	0	0	89.3796   1.69643   1.69594   1.69643   1.69594   
168	0	0	90.6421   1.70306   1.70279   1.70306   1.70279   
169	0	0	91.921    1.7102    1.70979   1.7102    1.70979   
170	0	0	93.7619   1.71752   1.71693   1.71752   1.71693   
171	0	0	94.0054   1.72475   1.72427   1.72475   1.72427   
172	0	0	92.5381   1.73187   1.73163   1.73187   1.73163   
173	0	0	93.4799   1.7395    1.73904   1.7395    1.73904   
174	0	0	92.7731   1.74677   1.74653   1.74677   1.74653   
175	0	0	93.7013   1.7545    1.7541    1.7545    1.7541    
176	0	0	94.8027   1.76252   1.76184   1.76252   1.76184   
177	0	0	94.0674   1.77002   1.76967   1.77002   1.76967   
178	0	0	93.6322   1.7784    1.77746   1.7784    1.77746   
179	0	0	95.1154   1.78565   1.78543   1.78565   1.78543   
180	0	0	96.9844   1.7942    1.79361   1.7942    1.79361   
181	0	0	95.3387   1.80225   1.80194   1.80225   1.80194   
182	0	0	96.8639   1.8112    1.81034   1.8112    1.81034   
183	0	0	97.4899   1.81964   1.81893   1.81964   1.81893   
184	0	0	97.6335   1.82822   1.82765   1.82822   1.82765   
185	0	0	99.6676   1.83766   1.83656   1.83766   1.83656   
186	0	0	98.8822   1.8464    1.84563   1.8464    1.84563   
187	0	0	99.7196   1.85523   1.8548    1.85523   1.8548    
188	0	0	100.248   1.86472   1.86414   1.86472   1.86414   
189	0	0	99.6667   1.87425   1.87358   1.87425   1.87358   
190	0	0	100.896   1.88371   1.88316   1.88371   1.88316   
191	0	0	101.276   1.8933    1.89293   1.8933    1.89293   
192	0	0	102.26    1.90321   1.90289   1.90321   1.90289   
193	0	0	102.827   1.91391   1.91304   1.91391   1.91304   
194	0	0	102.739   1.92406   1.92334   1.92406   1.92334   
195	0	0	103.493   1.9345    1.9338    1.9345    1.9338    
196	0	0	104.998   1.94558   1.94451   1.94558   1.94451   
197	0	0	105.726   1.95629   1.95547   1.95629   1.95547   
198	0	0	105.892   1.96685   1.96659   1.96685   1.96659   
199	0	0	105.053   1.9788    1.97783   1.9788    1.97783   
200	0	0	105.645   1.99033   1.98927   1.99033   1.98927   
201	0	0	105.424   2.00154   2.00087   2.00154   2.00087   
202	0	0	105.924   2.01349   2.01264   2.01349   2.01264   
203	0	0	106.538   2.02564   2.02464   2.02564   2.02464   
204	0	0	108.447   2.0377    2.03693   2.0377    2.03693   
205	0	0	109.482   2.0504    2.04958   2.0504    2.04958   
206	0	0	110.234   2.06339   2.0625    2.06339   2.0625    
207	0	0	110.247   2.07683   2.07566   2.07683   2.07566   
208	0	0	111.912   2.08998   2.08913   2.08998   2.08913   
209	0	0	111.409   2.10462   2.10289   2.10462   2.10289   
210	0	0	112.912   2.11804   2.11691   2.11804   2.11691   
211	0	0	112.461   2.13212   2.13125   2.13212   2.13125   
212	0	0	115.961   2.14737   2.146     2.14737   2.146     
213	0	0	115.019   2.16266   2.16109   2.16266   2.16109   
214	0	0	115.204   2.17803   2.17633   2.17803   2.17633   
215	0	0	116.58    2.19335   2.1919    2.19335   2.1919    
216	0	0	116.888   2.20922   2.20793   2.20922   2.20793   
217	0	0	117.307   2.2258    2.22428   2.2258    2.22428   
218	0	0	120.078   2.24213   2.24113   2.24213   2.24113   
219	0	0	120.412   2.26034   2.25849   2.26034   2.25849   
220	0	0	120.89    2.27825   2.27624   2.27825   2.27624   
221	0	0	122.008   2.2964    2.29441   2.2964    2.29441   
222	0	0	123.776   2.31493   2.31314   2.31493   2.31314   
223	0	0	124.837   2.33459   2.33244   2.33459   2.33244   
224	0	0	125.312   2.35462   2.35223   2.35462   2.35223   
225	0	0	126.614   2.37557   2.37255   2.37557   2.37255   
226	0	0	127.935   2.3956    2.39349   2.3956    2.39349   
227	0	0	129.678   2.41727   2.41509   2.41727   2.41509   
228	0	0	128.519   2.43996   2.4372    2.43996   2.4372    
229	0	0	130.865   2.46171   2.45986   2.46171   2.45986   
230	0	0	131.662   2.48636   2.48328   2.48636   2.48328   
231	0	0	133.873   2.50964   2.50739   2.50964   2.50739   
232	0	0	136.402   2.53564   2.53263   2.53564   2.53263   
233	0	0	135.728   2.56187   2.55864   2.56187   2.55864   
234	0	0	137.417   2.5885    2.58536   2.5885    2.58536   
235	0	0	138.6     2.61643   2.613     2.61643   2.613     
236	0	0	140.307   2.6448    2.64161   2.6448    2.64161   
237	0	0	141.081   2.67546   2.67124   2.67546   2.67124   
238	0	0	144.28    2.70614   2.70199   2.70614   2.70199   
239	0	0	145.122   2.73865   2.73398   2.73865   2.73398   
240	0	0	147.862   2.77239   2.76726   2.77239   2.76726   
241	0	0	150.163   2.8082    2.80207   2.8082    2.80207   
242	0	0	151.18    2.84441   2.8383    2.84441   2.8383    
243	0	0	153.27    2.88246   2.87597   2.88246   2.87597   
244	0	0	154.929   2.92198   2.91529   2.92198   2.91529   
245	0	0	156.939   2.96317   2.9564    2.96317   2.9564    
246	0	0	159.104   3.00581   2.9994    3.00581   2.9994    
247	0	0	162.304   3.05261   3.0446    3.05261   3.0446    
248	0	0	164.158   3.10072   3.09214   3.10072   3.09214   
249	0	0	167.692   3.15236   3.14223   3.15236   3.14223   
250	0	0	168.648   3.20543   3.19494   3.20543   3.19494   
251	0	0	173.162   3.26278   3.25061   3.26278   3.25061   
252	0	0	177.146   3.32274   3.31002   3.32274   3.31002   
253	0	0	180.352   3.38966   3.37331   3.38966   3.37331   
254	0	0	183.769   3.45496   3.44065   3.45496   3.44065   
255	0	0	187.297   3.53229   3.51254   3.53229   3.51254   
256	0	0	190.305   3.61201   3.58944   3.61201   3.58944   
257	0	0	195.637   3.69579   3.67211   3.69579   3.67211   
258	0	0	200.033   3.78978   3.76159   3.78978   3.76159   
259	0	0	204.931   3.88962   3.85859   3.88962   3.85859   
260	0	0	211.132   4.00078   3.96454   4.00078   3.96454   
261	0	0	217.876   4.12575   4.08135   4.12575   4.08135   
262	0	0	224.49    4.26349   4.21083   4.26349   4.21083   
263	0	0	231.578   4.4212    4.35527   4.4212    4.35527   
264	0	0	240.193   4.5997    4.51865   4.5997    4.51865   
265	0	0	251.088   4.81039   4.70628   4.81039   4.70628   
266	0	0	263.503   5.07897   4.92771   5.07897   4.92771   
267	0	0	277.148   5.425     5.19887   5.425     5.19887   
268	0	0	297.892   6.28769   5.58806   6.28769   5.58806   
269	0	0	315.127   7.02102   5.98045   7.02102   5.98045   
270	0	0	335.104   7.62889   6.39995   7.62889   6.39995   
271	0	0	364.581   8.94435   7.07549   8.94435   7.07549   
272	0	0	389.581   10.5324   7.81521   10.5324   7.81521   
273	0	0	399.97    12.0454   8.53602   12.0454   8.53602   
274	0	0	414.837   13.7235   9.51147   13.7235   9.51147   
275	0	0	395.423   14.6906   10.1947   14.6906   10.1947   
276	0	0	377.998   16.5288   11.2991   16.5288   11.2991   
277	0	0	333.036   17.7288   12.1953   17.7288   12.1953   
278	0	0	285.338   19.9844   13.4054   19.9844   13.4054   
279	0	0	218.392   20.361    14.0504   20.361    14.0504   
280	0	0	157.701   21.1597   14.7099   21.1597   14.7099   
281	0	0	116.844   23.7512   16.4914   23.7512   16.4914   
282	0	0	65.5563   24.4352   16.3757   24.4352   16.3757   
283	0	0	37.0501   20.7904   15.0898   20.7904   15.0898   
284	0	0	30.5209   24.524    18.2274   24.524    18.2274   
285	0	0	11.6298   26.6346   17.2035   26.6346   17.2035   
286	0	0	7.91788   18.9647   16.073    18.9647   16.073    
287	0	0	6.81353   33.2456   28.0304   33.2456   28.0304   
288	0	0	0         0         0         0         0         
289	0	0	0         0         0         0         0         
290	0	0	0         0         0         0         0         
291	0	0	0         0         0         0         0         
292	0	0	0         0         0         0         0         
293	0	0	0         0         0         0         0         
294	0	0	0         0         0         0         0         
295	0	0	0         0         0         0         0         
296	0	0	0         0         0         0         0         
297	0	0	0         0         0         0         0         
298	0	0	0         0         0         0         0         
299	0	0	0         0         0         0         0         
300	0	0	0         0         0         0         0         
301	0	0	0         0         0         0         0         
302	0	0	0         0         0         0         0         
303	0	0	0         0         0         0         0         
304	0	0	0         0         0         0         0         
305	0	0	0         0         0         0         0         
306	0	0	0         0         0         0         0         
307	0	0	0         0         0         0         0         
308	0	0	0         0         0         0         0         
309	0	0	0         0         0         0         0         
310	0	0	0         0         0         0         0         
311	0	0	0         0         0         0         0         
312	0	0	0         0         0         0         0         
313	0	0	0         0         0         0         0         
314	0	0	0         0         0         0         0         
315	0	0	0         0         0         0         0         
316	0	0	0         0         0         0         0         
317	0	0	0         0         0         0         0         
318	0	0	0         0         0         0         0         
319	0	0	0         0         0         0         0         
320	0	0	0         0         0         0         0         
321	0	0	0         0         0         0         0         
322	0	0	0         0         0         0         0         
323	0	0	0         0         0         0         0         
324	0	0	0         0         0         0         0         
325	0	0	0         0         0         0         0         
326	0	0	0         0         0         0         0         
327	0	0	0         0         0         0         0         
328	0	0	0         0         0         0         0         
329	0	0	0         0         0         0         0         
330	0	0	0         0         0         0         0         
331	0	0	0         0         0         0         0         
332	0	0	0         0         0         0         0         
333	0	0	0         0         0         0         0         
334	0	0	0         0         0         0         0         
335	0	0	0         0         0         0         0         
336	0	0	0         0         0         0         0         
337	0	0	0         0         0         0         0         
338	0	0	0         0         0         0         0         
339	0	0	0         0         0         0         0         
340	0	0	0         0         0         0         0         
341	0	0	0         0         0         0         0         
342	0	0	0         0         0         0         0         
343	0	0	0         0         0         0         0         
344	0	0	0         0         0         0         0         
345	0	0	0         0         0         0         0         
346	0	0	0         0         0         0         0         
347	0	0	0         0         0         0         0         
348	0	0	0         0         0         0         0         
349	0	0	0         0         0         0         0         
350	0	0	0         0         0         0         0         
351	0	0	0         0         0         0         0         
352	0	0	0         0         0         0         0         
353	0	0	0         0         0         0         0         
354	0	0	0         0         0         0         0         
355	0	0	0         0         0         0         0         
356	0	0	0         0         0         0         0         
357	0	0	0         0         0         0         0         
358	0	0	0         0         0         0         0         
359	0	0	0         0         0         0         0         
360	0	0	0         0         0         0         0         
361	0	0	0         0         0         0         0         
362	0	0	0         0         0         0         0         
363	0	0	0         0         0         0         0         
364	0	0	0         0         0         0         0         
365	0	0	0         0         0         0         0         
366	0	0	0         0         0         0         0         
367	0	0	0         0         0         0         0         
368	0	0	0         0         0         0         0         
369	0	0	0         0         0         0         0         
370	0	0	0         0         0         0         0         
371	0	0	0         0         0         0         0         
372	0	0	0         0         0         0         0         
373	0	0	0         0         0         0         0         
374	0	0	0         0         0         0         0         
375	0	0	0         0         0         0         0         
376	0	0	0         0         0         0         0         
377	0	0	0         0         0         0         0         
378	0	0	0         0         0         0         0         
379	0	0	0         0         0         0         0         
380	0	0	0         0         0         0         0         
381	0	0	0         0         0         0         0         
382	0	0	0         0         0         0         0         
383	0	0	0         0         0         0         0         
384	0	0	0         0         0         0         0         
385	0	0	0         0         0         0         0         
386	0	0	0         0         0         0         0         
387	0	0	0         0         0         0         0         
388	0	0	0         0         0         0         0         
389	0	0	0         0         0         0         0         
390	0	0	0         0         0         0         0         
391	0	0	0         0         0         0         0         
392	0	0	0         0         0         0         0         
393	0	0	0         0         0         0         0         
394	0	0	0         0         0         0         0         
395	0	0	0         0         0         0         0         
396	0	0	0         0         0         0         0         
397	0	0	0         0         0         0         0         
398	0	0	0         0         0         0         0         
399	0	0	0         0         0         0         0         