i	j	k	LDT            LTT            proton_1_D     proton_1_T     O16_D          O16_T          

0	0	0	1.15422        1.15035        1.15422        1.15035        0              0              
1	0	0	1.15371        1.15235        1.15371        1.15235        0              0              
2	0	0	1.15979        1.15425        1.15979        1.15425        0              0              
3	0	0	1.16605        1.1564         1.16605        1.1564         0              0              
4	0	0	1.15833        1.15853        1.15833        1.15853        0              0              
5	0	0	1.1653         1.16051        1.1653         1.16051        0              0              
6	0	0	1.16802        1.16243        1.16802        1.16243        0              0              
7	0	0	1.16465        1.16431        1.16465        1.16431        0              0              
8	0	0	1.16483        1.16629        1.16483        1.16629        0              0              
9	0	0	1.1708         1.16834        1.1708         1.16834        0              0              
10	0	0	1.16863        1.17038        1.16863        1.17038        0              0              
11	0	0	1.17655        1.17243        1.17655        1.17243        0              0              
12	0	0	1.17655        1.17439        1.17655        1.17439        0              0              
13	0	0	1.17664        1.17649        1.17664        1.17649        0              0              
14	0	0	1.19049        1.17877        1.19049        1.17877        0              0              
15	0	0	1.17969        1.18113        1.17969        1.18113        0              0              
16	0	0	1.18346        1.18321        1.18346        1.18321        0              0              
17	0	0	1.19099        1.18529        1.19099        1.18529        0              0              
18	0	0	1.19563        1.18737        1.19563        1.18737        0              0              
19	0	0	1.19018        1.18948        1.19018        1.18948        0              0              
20	0	0	1.19915        1.19155        1.19915        1.19155        0              0              
21	0	0	1.19448        1.19383        1.19448        1.19383        0              0              
22	0	0	1.20277        1.19608        1.20277        1.19608        0              0              
23	0	0	1.20469        1.1983         1.20469        1.1983         0              0              
24	0	0	1.20855        1.20073        1.20855        1.20073        0              0              
25	0	0	1.20755        1.20314        1.20755        1.20314        0              0              
26	0	0	1.20611        1.20546        1.20611        1.20546        0              0              
27	0	0	1.21414        1.2077         1.21414        1.2077         0              0              
28	0	0	1.21243        1.20985        1.21243        1.20985        0              0              
29	0	0	1.21001        1.2121         1.21001        1.2121         0              0              
30	0	0	1.21645        1.21433        1.21645        1.21433        0              0              
31	0	0	1.21837        1.21655        1.21837        1.21655        0              0              
32	0	0	1.22777        1.21882        1.22777        1.21882        0              0              
33	0	0	1.23438        1.22117        1.23438        1.22117        0              0              
34	0	0	1.23072        1.2235         1.23072        1.2235         0              0              
35	0	0	1.2255         1.22608        1.2255         1.22608        0              0              
36	0	0	1.22903        1.22866        1.22903        1.22866        0              0              
37	0	0	1.23862        1.23092        1.23862        1.23092        0              0              
38	0	0	1.24272        1.23329        1.24272        1.23329        0              0              
39	0	0	1.2381         1.23565        1.2381         1.23565        0              0              
40	0	0	1.23639        1.23804        1.23639        1.23804        0              0              
41	0	0	1.24626        1.24045        1.24626        1.24045        0              0              
42	0	0	1.24194        1.24285        1.24194        1.24285        0              0              
43	0	0	1.24531        1.24531        1.24531        1.24531        0              0              
44	0	0	1.24459        1.24782        1.24459        1.24782        0              0              
45	0	0	1.25081        1.25038        1.25081        1.25038        0              0              
46	0	0	1.25038        1.25306        1.25038        1.25306        0              0              
47	0	0	1.25957        1.25553        1.25957        1.25553        0              0              
48	0	0	1.26082        1.25801        1.26082        1.25801        0              0              
49	0	0	1.26907        1.26064        1.26907        1.26064        0              0              
50	0	0	1.2729         1.26337        1.2729         1.26337        0              0              
51	0	0	1.26902        1.26617        1.26902        1.26617        0              0              
52	0	0	1.27213        1.26883        1.27213        1.26883        0              0              
53	0	0	1.27487        1.27136        1.27487        1.27136        0              0              
54	0	0	1.27625        1.27385        1.27625        1.27385        0              0              
55	0	0	1.28241        1.27637        1.28241        1.27637        0              0              
56	0	0	1.28085        1.27894        1.28085        1.27894        0              0              
57	0	0	1.28733        1.28153        1.28733        1.28153        0              0              
58	0	0	1.29071        1.28415        1.29071        1.28415        0              0              
59	0	0	1.28888        1.28687        1.28888        1.28687        0              0              
60	0	0	1.29106        1.2896         1.29106        1.2896         0              0              
61	0	0	1.29569        1.29234        1.29569        1.29234        0              0              
62	0	0	1.29196        1.29525        1.29196        1.29525        0              0              
63	0	0	1.30187        1.29804        1.30187        1.29804        0              0              
64	0	0	1.30118        1.3007         1.30118        1.3007         0              0              
65	0	0	1.31616        1.30364        1.31616        1.30364        0              0              
66	0	0	1.30762        1.30666        1.30762        1.30666        0              0              
67	0	0	1.31572        1.30972        1.31572        1.30972        0              0              
68	0	0	1.31901        1.31272        1.31901        1.31272        0              0              
69	0	0	1.31999        1.3157         1.31999        1.3157         0              0              
70	0	0	1.32298        1.31885        1.32298        1.31885        0              0              
71	0	0	1.32488        1.32181        1.32488        1.32181        0              0              
72	0	0	1.32704        1.32489        1.32704        1.32489        0              0              
73	0	0	1.34498        1.32796        1.34498        1.32796        0              0              
74	0	0	1.33734        1.33098        1.33734        1.33098        0              0              
75	0	0	1.33701        1.33415        1.33701        1.33415        0              0              
76	0	0	1.33603        1.33745        1.33603        1.33745        0              0              
77	0	0	1.34411        1.34059        1.34411        1.34059        0              0              
78	0	0	1.34522        1.34384        1.34522        1.34384        0              0              
79	0	0	1.36283        1.34695        1.36283        1.34695        0              0              
80	0	0	1.36444        1.35034        1.36444        1.35034        0              0              
81	0	0	1.36687        1.35392        1.36687        1.35392        0              0              
82	0	0	1.36207        1.35716        1.36207        1.35716        0              0              
83	0	0	1.37298        1.36055        1.37298        1.36055        0              0              
84	0	0	1.37334        1.36414        1.37334        1.36414        0              0              
85	0	0	1.37812        1.36739        1.37812        1.36739        0              0              
86	0	0	1.39033        1.3707         1.39033        1.3707         0              0              
87	0	0	1.37654        1.37399        1.37654        1.37399        0              0              
88	0	0	1.38724        1.37711        1.38724        1.37711        0              0              
89	0	0	1.38698        1.3806         1.38698        1.3806         0              0              
90	0	0	1.39338        1.38434        1.39338        1.38434        0              0              
91	0	0	1.39364        1.3879         1.39364        1.3879         0              0              
92	0	0	1.40587        1.39137        1.40587        1.39137        0              0              
93	0	0	1.39456        1.39546        1.39456        1.39546        0              0              
94	0	0	1.40363        1.39941        1.40363        1.39941        0              0              
95	0	0	1.41039        1.4033         1.41039        1.4033         0              0              
96	0	0	1.41198        1.40723        1.41198        1.40723        0              0              
97	0	0	1.42168        1.41105        1.42168        1.41105        0              0              
98	0	0	1.42176        1.415          1.42176        1.415          0              0              
99	0	0	1.42497        1.41884        1.42497        1.41884        0              0              
100	0	0	1.42634        1.42275        1.42634        1.42275        0              0              
101	0	0	1.43511        1.4267         1.43511        1.4267         0              0              
102	0	0	1.43314        1.43079        1.43314        1.43079        0              0              
103	0	0	1.45106        1.43477        1.45106        1.43477        0              0              
104	0	0	1.44296        1.43885        1.44296        1.43885        0              0              
105	0	0	1.45758        1.44307        1.45758        1.44307        0              0              
106	0	0	1.45882        1.44714        1.45882        1.44714        0              0              
107	0	0	1.4761         1.45135        1.4761         1.45135        0              0              
108	0	0	1.47522        1.45583        1.47522        1.45583        0              0              
109	0	0	1.47021        1.4603         1.47021        1.4603         0              0              
110	0	0	1.47275        1.46478        1.47275        1.46478        0              0              
111	0	0	1.49392        1.46916        1.49392        1.46916        0              0              
112	0	0	1.48566        1.47353        1.48566        1.47353        0              0              
113	0	0	1.48366        1.47783        1.48366        1.47783        0              0              
114	0	0	1.49698        1.48235        1.49698        1.48235        0              0              
115	0	0	1.50389        1.48728        1.50389        1.48728        0              0              
116	0	0	1.50619        1.4923         1.50619        1.4923         0              0              
117	0	0	1.50594        1.49722        1.50594        1.49722        0              0              
118	0	0	1.50986        1.50185        1.50986        1.50185        0              0              
119	0	0	1.51942        1.50652        1.51942        1.50652        0              0              
120	0	0	1.52751        1.51151        1.52751        1.51151        0              0              
121	0	0	1.54108        1.51648        1.54108        1.51648        0              0              
122	0	0	1.5393         1.52141        1.5393         1.52141        0              0              
123	0	0	1.53648        1.52631        1.53648        1.52631        0              0              
124	0	0	1.55554        1.53125        1.55554        1.53125        0              0              
125	0	0	1.55197        1.53636        1.55197        1.53636        0              0              
126	0	0	1.55235        1.54169        1.55235        1.54169        0              0              
127	0	0	1.56037        1.54701        1.56037        1.54701        0              0              
128	0	0	1.57895        1.55216        1.57895        1.55216        0              0              
129	0	0	1.5781         1.55748        1.5781         1.55748        0              0              
130	0	0	1.57373        1.56296        1.57373        1.56296        0              0              
131	0	0	1.58777        1.56852        1.58777        1.56852        0              0              
132	0	0	1.58994        1.57421        1.58994        1.57421        0              0              
133	0	0	1.60582        1.57996        1.60582        1.57996        0              0              
134	0	0	1.6063         1.58565        1.6063         1.58565        0              0              
135	0	0	1.61326        1.59129        1.61326        1.59129        0              0              
136	0	0	1.60323        1.59737        1.60323        1.59737        0              0              
137	0	0	1.62891        1.6037         1.62891        1.6037         0              0              
138	0	0	1.63453        1.61004        1.63453        1.61004        0              0              
139	0	0	1.6325         1.61636        1.6325         1.61636        0              0              
140	0	0	1.63994        1.62259        1.63994        1.62259        0              0              
141	0	0	1.65744        1.62906        1.65744        1.62906        0              0              
142	0	0	1.66216        1.63571        1.66216        1.63571        0              0              
143	0	0	1.67944        1.64213        1.67944        1.64213        0              0              
144	0	0	1.67201        1.64843        1.67201        1.64843        0              0              
145	0	0	1.69314        1.65505        1.69314        1.65505        0              0              
146	0	0	1.68848        1.66186        1.68848        1.66186        0              0              
147	0	0	1.71018        1.66879        1.71018        1.66879        0              0              
148	0	0	1.70778        1.67597        1.70778        1.67597        0              0              
149	0	0	1.71989        1.68346        1.71989        1.68346        0              0              
150	0	0	1.72538        1.6911         1.72538        1.6911         0              0              
151	0	0	1.75672        1.69854        1.75672        1.69854        0              0              
152	0	0	1.74809        1.70613        1.74809        1.70613        0              0              
153	0	0	1.76085        1.71392        1.76085        1.71392        0              0              
154	0	0	1.77087        1.72167        1.77087        1.72167        0              0              
155	0	0	1.76931        1.72916        1.76931        1.72916        0              0              
156	0	0	1.79605        1.73703        1.79605        1.73703        0              0              
157	0	0	1.82131        1.74584        1.82131        1.74584        0              0              
158	0	0	1.81511        1.75477        1.81511        1.75477        0              0              
159	0	0	1.84119        1.76388        1.84119        1.76388        0              0              
160	0	0	1.84008        1.77309        1.84008        1.77309        0              0              
161	0	0	1.86571        1.78259        1.86571        1.78259        0              0              
162	0	0	1.8436         1.79278        1.8436         1.79278        0              0              
163	0	0	1.85975        1.80304        1.85975        1.80304        0              0              
164	0	0	1.89617        1.81344        1.89617        1.81344        0              0              
165	0	0	1.8971         1.82369        1.8971         1.82369        0              0              
166	0	0	1.919          1.83414        1.919          1.83414        0              0              
167	0	0	1.943          1.84525        1.943          1.84525        0              0              
168	0	0	1.94997        1.85675        1.94997        1.85675        0              0              
169	0	0	1.96972        1.86824        1.96972        1.86824        0              0              
170	0	0	2.00574        1.88036        2.00574        1.88036        0              0              
171	0	0	2.01803        1.89302        2.01803        1.89302        0              0              
172	0	0	2.05953        1.90613        2.05953        1.90613        0              0              
173	0	0	2.05923        1.92015        2.05923        1.92015        0              0              
174	0	0	2.09486        1.93497        2.09486        1.93497        0              0              
175	0	0	2.09799        1.95029        2.09799        1.95029        0              0              
176	0	0	2.11573        1.96597        2.11573        1.96597        0              0              
177	0	0	2.18693        1.98248        2.18693        1.98248        0              0              
178	0	0	2.23069        2.00094        2.23069        2.00094        0              0              
179	0	0	2.23308        2.01986        2.23308        2.01986        0              0              
180	0	0	2.31402        2.04015        2.31402        2.04015        0              0              
181	0	0	2.38556        2.06357        2.38556        2.06357        0              0              
182	0	0	2.46427        2.08963        2.46427        2.08963        0              0              
183	0	0	2.5851         2.11856        2.5851         2.11856        0              0              
184	0	0	2.56797        2.15073        2.56797        2.15073        0              0              
185	0	0	2.75707        2.18641        2.75707        2.18641        0              0              
186	0	0	2.79807        2.2284         2.79807        2.2284         0              0              
187	0	0	3.10135        2.27884        3.10135        2.27884        0              0              
188	0	0	3.3369         2.34539        3.3369         2.34539        0              0              
189	0	0	3.77486        2.43532        3.77486        2.43532        0              0              
190	0	0	4.64265        2.58985        4.64265        2.58985        0              0              
191	0	0	6.8128         2.94141        6.8128         2.94141        0              0              
192	0	0	16.432         3.05087        16.432         3.05087        0              0              
193	0	0	1.95518        1.95512        1.95518        1.95512        0              0              
194	0	0	1.96679        1.96613        1.96679        1.96613        0              0              
195	0	0	1.97701        1.97724        1.97701        1.97724        0              0              
196	0	0	1.9892         1.98854        1.9892         1.98854        0              0              
197	0	0	1.99965        1.99966        1.99965        1.99966        0              0              
198	0	0	2.01475        2.01156        2.01475        2.01156        0              0              
199	0	0	2.02302        2.0235         2.02302        2.0235         0              0              
200	0	0	2.03686        2.03556        2.03686        2.03556        0              0              
201	0	0	2.05096        2.04831        2.05096        2.04831        0              0              
202	0	0	2.06523        2.06127        2.06523        2.06127        0              0              
203	0	0	2.07562        2.07513        2.07562        2.07513        0              0              
204	0	0	2.09138        2.08954        2.09138        2.08954        0              0              
205	0	0	2.1035         2.10387        2.1035         2.10387        0              0              
206	0	0	2.11651        2.11809        2.11651        2.11809        0              0              
207	0	0	2.13618        2.13226        2.13618        2.13226        0              0              
208	0	0	2.14991        2.14646        2.14991        2.14646        0              0              
209	0	0	2.16047        2.16152        2.16047        2.16152        0              0              
210	0	0	2.17814        2.17746        2.17814        2.17746        0              0              
211	0	0	2.19195        2.19345        2.19195        2.19345        0              0              
212	0	0	2.21212        2.20981        2.21212        2.20981        0              0              
213	0	0	2.22906        2.22637        2.22906        2.22637        0              0              
214	0	0	2.2426         2.24273        2.2426         2.24273        0              0              
215	0	0	2.26052        2.25968        2.26052        2.25968        0              0              
216	0	0	2.28102        2.27745        2.28102        2.27745        0              0              
217	0	0	2.29656        2.29552        2.29656        2.29552        0              0              
218	0	0	2.31668        2.31403        2.31668        2.31403        0              0              
219	0	0	2.33443        2.33303        2.33443        2.33303        0              0              
220	0	0	2.35908        2.35305        2.35908        2.35305        0              0              
221	0	0	2.37474        2.37277        2.37474        2.37277        0              0              
222	0	0	2.39527        2.39254        2.39527        2.39254        0              0              
223	0	0	2.41528        2.41364        2.41528        2.41364        0              0              
224	0	0	2.44058        2.43525        2.44058        2.43525        0              0              
225	0	0	2.46266        2.45788        2.46266        2.45788        0              0              
226	0	0	2.486          2.48162        2.486          2.48162        0              0              
227	0	0	2.50751        2.50632        2.50751        2.50632        0              0              
228	0	0	2.53357        2.53188        2.53357        2.53188        0              0              
229	0	0	2.56194        2.55826        2.56194        2.55826        0              0              
230	0	0	2.59264        2.58575        2.59264        2.58575        0              0              
231	0	0	2.61922        2.61391        2.61922        2.61391        0              0              
232	0	0	2.64588        2.64206        2.64588        2.64206        0              0              
233	0	0	2.67655        2.67099        2.67655        2.67099        0              0              
234	0	0	2.70514        2.70126        2.70514        2.70126        0              0              
235	0	0	2.73848        2.73322        2.73848        2.73322        0              0              
236	0	0	8.90783        2.889          2.77195        2.76775        168.219        168.219        
237	0	0	2.80961        2.80291        2.80961        2.80291        0              0              
238	0	0	2.84573        2.83909        2.84573        2.83909        0              0              
239	0	0	2.88065        2.87823        2.88065        2.87823        0              0              
240	0	0	2.92708        2.91877        2.92708        2.91877        0              0              
241	0	0	2.96654        2.9592         2.96654        2.9592         0              0              
242	0	0	3.00713        3.00181        3.00713        3.00181        0              0              
243	0	0	3.05483        3.04776        3.05483        3.04776        0              0              
244	0	0	3.1029         3.09496        3.1029         3.09496        0              0              
245	0	0	3.14904        3.14407        3.14904        3.14407        0              0              
246	0	0	3.21209        3.19696        3.21209        3.19696        0              0              
247	0	0	3.2648         3.25374        3.2648         3.25374        0              0              
248	0	0	3.3186         3.31424        3.3186         3.31424        0              0              
249	0	0	3.3935         3.37797        3.3935         3.37797        0              0              
250	0	0	3.44307        3.44512        3.44307        3.44512        0              0              
251	0	0	3.54117        3.51843        3.54117        3.51843        0              0              
252	0	0	3.60698        3.59638        3.60698        3.59638        0              0              
253	0	0	3.70636        3.67863        3.70636        3.67863        0              0              
254	0	0	3.78698        3.76813        3.78698        3.76813        0              0              
255	0	0	3.90198        3.86579        3.90198        3.86579        0              0              
256	0	0	4.01003        3.97346        4.01003        3.97346        0              0              
257	0	0	4.11899        4.09354        4.11899        4.09354        0              0              
258	0	0	4.27338        4.2238         4.27338        4.2238         0              0              
259	0	0	4.42958        4.36654        4.42958        4.36654        0              0              
260	0	0	4.59636        4.52957        4.59636        4.52957        0              0              
261	0	0	4.80309        4.71562        4.80309        4.71562        0              0              
262	0	0	5.04772        4.93271        5.04772        4.93271        0              0              
263	0	0	5.38548        5.19681        5.38548        5.19681        0              0              
264	0	0	5.76848        5.53026        5.76848        5.53026        0              0              
265	0	0	6.5022         5.98783        6.5022         5.98783        0              0              
266	0	0	8.70139        6.89741        8.70139        6.89741        0              0              
267	0	0	10.6721        7.01155        10.6721        7.01155        0              0              
268	0	0	7.30399        7.01644        7.30399        7.01644        0              0              
269	0	0	8.69407        8.0346         8.69407        8.0346         0              0              
270	0	0	13.3836        10.1497        13.3836        10.1497        0              0              
271	0	0	17.8818        12.0751        17.8818        12.0751        0              0              
272	0	0	19.9581        13.8401        19.9581        13.8401        0              0              
273	0	0	21.381         13.0591        21.381         13.0591        0              0              
274	0	0	18.8611        12.7885        18.8611        12.7885        0              0              
275	0	0	13.2414        12.1599        13.2414        12.1599        0              0              
276	0	0	30.0132        19.9923        30.0132        19.9923        0              0              
277	0	0	10.2305        10.2187        10.2305        10.2187        0              0              
278	0	0	14.1321        13.9418        14.1321        13.9418        0              0              
279	0	0	35.4203        30.0543        35.4203        30.0543        0              0              
280	0	0	0              0              0              0              0              0              
281	0	0	0              0              0              0              0              0              
282	0	0	0              0              0              0              0              0              
283	0	0	0              0              0              0              0              0              
284	0	0	0              0              0              0              0              0              
285	0	0	0              0              0              0              0              0              
286	0	0	0              0              0              0              0              0              
287	0	0	0              0              0              0              0              0              
288	0	0	0              0              0              0              0              0              
289	0	0	0              0              0              0              0              0              
290	0	0	0              0              0              0              0              0              
291	0	0	0              0              0              0              0              0              
292	0	0	0              0              0              0              0              0              
293	0	0	0              0              0              0              0              0              
294	0	0	0              0              0              0              0              0              
295	0	0	0              0              0              0              0              0              
296	0	0	0              0              0              0              0              0              
297	0	0	0              0              0              0              0              0              
298	0	0	0              0              0              0              0              0              
299	0	0	0              0              0              0              0              0              
300	0	0	0              0              0              0              0              0              
301	0	0	0              0              0              0              0              0              
302	0	0	0              0              0              0              0              0              
303	0	0	0              0              0              0              0              0              
304	0	0	0              0              0              0              0              0              
305	0	0	0              0              0              0              0              0              
306	0	0	0              0              0              0              0              0              
307	0	0	0              0              0              0              0              0              
308	0	0	0              0              0              0              0              0              
309	0	0	0              0              0              0              0              0              
310	0	0	0              0              0              0              0              0              
311	0	0	0              0              0              0              0              0              
312	0	0	0              0              0              0              0              0              
313	0	0	0              0              0              0              0              0              
314	0	0	0              0              0              0              0              0              
315	0	0	0              0              0              0              0              0              
316	0	0	0              0              0              0              0              0              
317	0	0	0              0              0              0              0              0              
318	0	0	0              0              0              0              0              0              
319	0	0	0              0              0              0              0              0              
320	0	0	0              0              0              0              0              0              
321	0	0	0              0              0              0              0              0              
322	0	0	0              0              0              0              0              0              
323	0	0	0              0              0              0              0              0              
324	0	0	0              0              0              0              0              0              
325	0	0	0              0              0              0              0              0              
326	0	0	0              0              0              0              0              0              
327	0	0	0              0              0              0              0              0              
328	0	0	0              0              0              0              0              0              
329	0	0	0              0              0              0              0              0              
330	0	0	0              0              0              0              0              0              
331	0	0	0              0              0              0              0              0              
332	0	0	0              0              0              0              0              0              
333	0	0	0              0              0              0              0              0              
334	0	0	0              0              0              0              0              0              
335	0	0	0              0              0              0              0              0              
336	0	0	0              0              0              0              0              0              
337	0	0	0              0              0              0              0              0              
338	0	0	0              0              0              0              0              0              
339	0	0	0              0              0              0              0              0              
340	0	0	0              0              0              0              0              0              
341	0	0	0              0              0              0              0              0              
342	0	0	0              0              0              0              0              0              
343	0	0	0              0              0              0              0              0              
344	0	0	0              0              0              0              0              0              
345	0	0	0              0              0              0              0              0              
346	0	0	0              0              0              0              0              0              
347	0	0	0              0              0              0              0              0              
348	0	0	0              0              0              0              0              0              
349	0	0	0              0              0              0              0              0              
350	0	0	0              0              0              0              0              0              
351	0	0	0              0              0              0              0              0              
352	0	0	0              0              0              0              0              0              
353	0	0	0              0              0              0              0              0              
354	0	0	0              0              0              0              0              0              
355	0	0	0              0              0              0              0              0              
356	0	0	0              0              0              0              0              0              
357	0	0	0              0              0              0              0              0              
358	0	0	0              0              0              0              0              0              
359	0	0	0              0              0              0              0              0              
360	0	0	0              0              0              0              0              0              
361	0	0	0              0              0              0              0              0              
362	0	0	0              0              0              0              0              0              
363	0	0	0              0              0              0              0              0              
364	0	0	0              0              0              0              0              0              
365	0	0	0              0              0              0              0              0              
366	0	0	0              0              0              0              0              0              
367	0	0	0              0              0              0              0              0              
368	0	0	0              0              0              0              0              0              
369	0	0	0              0              0              0              0              0              
370	0	0	0              0              0              0              0              0              
371	0	0	0              0              0              0              0              0              
372	0	0	0              0              0              0              0              0              
373	0	0	0              0              0              0              0              0              
374	0	0	0              0              0              0              0              0              
375	0	0	0              0              0              0              0              0              
376	0	0	0              0              0              0              0              0              
377	0	0	0              0              0              0              0              0              
378	0	0	0              0              0              0              0              0              
379	0	0	0              0              0              0              0              0              
380	0	0	0              0              0              0              0              0              
381	0	0	0              0              0              0              0              0              
382	0	0	0              0              0              0              0              0              
383	0	0	0              0              0              0              0              0              
384	0	0	0              0              0              0              0              0              
385	0	0	0              0              0              0              0              0              
386	0	0	0              0              0              0              0              0              
387	0	0	0              0              0              0              0              0              
388	0	0	0              0              0              0              0              0              
389	0	0	0              0              0              0              0              0              
390	0	0	0              0              0              0              0              0              
391	0	0	0              0              0              0              0              0              
392	0	0	0              0              0              0              0              0              
393	0	0	0              0              0              0              0              0              
394	0	0	0              0              0              0              0              0              
395	0	0	0              0              0              0              0              0              
396	0	0	0              0              0              0              0              0              
397	0	0	0              0              0              0              0              0              
398	0	0	0              0              0              0              0              0              
399	0	0	0              0              0              0              0              0              