i	j	k	Dose(Gy)       
0	0	0	2.1802e-08     
1	0	0	2.19156e-08    
2	0	0	2.19432e-08    
3	0	0	2.20444e-08    
4	0	0	2.21115e-08    
5	0	0	2.21719e-08    
6	0	0	2.22145e-08    
7	0	0	2.22993e-08    
8	0	0	2.23186e-08    
9	0	0	2.24083e-08    
10	0	0	2.24718e-08    
11	0	0	2.25383e-08    
12	0	0	2.26073e-08    
13	0	0	2.26718e-08    
14	0	0	2.27903e-08    
15	0	0	2.27988e-08    
16	0	0	2.28835e-08    
17	0	0	2.29461e-08    
18	0	0	2.29956e-08    
19	0	0	2.31232e-08    
20	0	0	2.32054e-08    
21	0	0	2.32345e-08    
22	0	0	2.32989e-08    
23	0	0	2.34208e-08    
24	0	0	2.34893e-08    
25	0	0	2.35525e-08    
26	0	0	2.3644e-08     
27	0	0	2.37152e-08    
28	0	0	2.37792e-08    
29	0	0	2.38841e-08    
30	0	0	2.39738e-08    
31	0	0	2.40311e-08    
32	0	0	2.41589e-08    
33	0	0	2.42253e-08    
34	0	0	2.43474e-08    
35	0	0	2.43859e-08    
36	0	0	2.45019e-08    
37	0	0	2.45769e-08    
38	0	0	2.46552e-08    
39	0	0	2.47684e-08    
40	0	0	2.48513e-08    
41	0	0	2.49729e-08    
42	0	0	2.50185e-08    
43	0	0	2.51617e-08    
44	0	0	2.52625e-08    
45	0	0	2.53776e-08    
46	0	0	2.54697e-08    
47	0	0	2.55761e-08    
48	0	0	2.57075e-08    
49	0	0	2.58025e-08    
50	0	0	2.59038e-08    
51	0	0	2.60433e-08    
52	0	0	2.61293e-08    
53	0	0	2.62752e-08    
54	0	0	2.63973e-08    
55	0	0	2.64897e-08    
56	0	0	2.66019e-08    
57	0	0	2.6778e-08     
58	0	0	2.6928e-08     
59	0	0	2.70304e-08    
60	0	0	2.71485e-08    
61	0	0	2.73288e-08    
62	0	0	2.74346e-08    
63	0	0	2.75785e-08    
64	0	0	2.77029e-08    
65	0	0	2.78695e-08    
66	0	0	2.80194e-08    
67	0	0	2.81911e-08    
68	0	0	2.83259e-08    
69	0	0	2.84644e-08    
70	0	0	2.86513e-08    
71	0	0	2.88305e-08    
72	0	0	2.89797e-08    
73	0	0	2.91567e-08    
74	0	0	2.93263e-08    
75	0	0	2.95481e-08    
76	0	0	2.97254e-08    
77	0	0	2.99347e-08    
78	0	0	3.01079e-08    
79	0	0	3.03419e-08    
80	0	0	3.05511e-08    
81	0	0	3.07545e-08    
82	0	0	3.09433e-08    
83	0	0	3.11601e-08    
84	0	0	3.14105e-08    
85	0	0	3.16583e-08    
86	0	0	3.19164e-08    
87	0	0	3.21532e-08    
88	0	0	3.24267e-08    
89	0	0	3.27321e-08    
90	0	0	3.30154e-08    
91	0	0	3.33132e-08    
92	0	0	3.35759e-08    
93	0	0	3.38904e-08    
94	0	0	3.41723e-08    
95	0	0	3.45129e-08    
96	0	0	3.48563e-08    
97	0	0	3.51797e-08    
98	0	0	3.55237e-08    
99	0	0	3.59056e-08    
100	0	0	3.6329e-08     
101	0	0	3.674e-08      
102	0	0	3.71115e-08    
103	0	0	3.7539e-08     
104	0	0	3.80045e-08    
105	0	0	3.84889e-08    
106	0	0	3.89679e-08    
107	0	0	3.95008e-08    
108	0	0	4.00268e-08    
109	0	0	4.05894e-08    
110	0	0	4.11918e-08    
111	0	0	4.18256e-08    
112	0	0	4.24689e-08    
113	0	0	4.31802e-08    
114	0	0	4.39074e-08    
115	0	0	4.46971e-08    
116	0	0	4.55419e-08    
117	0	0	4.64502e-08    
118	0	0	4.73756e-08    
119	0	0	4.84003e-08    
120	0	0	4.94986e-08    
121	0	0	5.07058e-08    
122	0	0	5.20048e-08    
123	0	0	5.3443e-08     
124	0	0	5.5028e-08     
125	0	0	5.67412e-08    
126	0	0	5.86565e-08    
127	0	0	6.08263e-08    
128	0	0	6.333e-08      
129	0	0	6.6183e-08     
130	0	0	6.95292e-08    
131	0	0	7.35602e-08    
132	0	0	7.85738e-08    
133	0	0	8.49331e-08    
134	0	0	9.3828e-08     
135	0	0	1.06783e-07    
136	0	0	1.24755e-07    
137	0	0	1.4303e-07     
138	0	0	1.44883e-07    
139	0	0	1.14984e-07    
140	0	0	6.50472e-08    
141	0	0	2.48384e-08    
142	0	0	6.31191e-09    
143	0	0	9.14747e-10    
144	0	0	8.80351e-11    
145	0	0	1.39529e-12    
146	0	0	1.22185e-13    
147	0	0	8.69078e-14    
148	0	0	1.92716e-13    
149	0	0	2.08646e-13    
150	0	0	1.84576e-13    
151	0	0	2.53455e-13    
152	0	0	2.60109e-13    
153	0	0	1.70703e-13    
154	0	0	1.35105e-13    
155	0	0	1.48161e-13    
156	0	0	1.94351e-13    
157	0	0	1.09145e-13    
158	0	0	1.13279e-13    
159	0	0	1.80874e-13    
160	0	0	1.23e-13       
161	0	0	7.208e-14      
162	0	0	1.53754e-13    
163	0	0	1.07488e-13    
164	0	0	9.86611e-14    
165	0	0	6.18039e-14    
166	0	0	3.73268e-14    
167	0	0	8.54803e-14    
168	0	0	2.07102e-14    
169	0	0	1.5418e-13     
170	0	0	4.55308e-14    
171	0	0	8.76816e-14    
172	0	0	8.67163e-14    
173	0	0	5.83196e-14    
174	0	0	3.25095e-14    
175	0	0	1.30446e-13    
176	0	0	8.17776e-14    
177	0	0	1.05773e-13    
178	0	0	4.53696e-14    
179	0	0	3.50989e-14    
180	0	0	9.65066e-14    
181	0	0	5.43937e-14    
182	0	0	1.56035e-14    
183	0	0	1.19126e-14    
184	0	0	7.36604e-14    
185	0	0	8.44014e-14    
186	0	0	1.76256e-14    
187	0	0	2.75647e-14    
188	0	0	1.66214e-14    
189	0	0	1.21588e-14    
190	0	0	1.89273e-14    
191	0	0	2.99202e-14    
192	0	0	2.49061e-14    
193	0	0	3.81275e-15    
194	0	0	1.65968e-14    
195	0	0	1.22206e-15    
196	0	0	1.58234e-16    
197	0	0	1.75844e-15    
198	0	0	1.17638e-14    
199	0	0	2.20171e-14    