i	j	k	Dose(Gy)       
0	0	0	2.39486e-08    
1	0	0	2.41058e-08    
2	0	0	2.41864e-08    
3	0	0	2.42702e-08    
4	0	0	2.43663e-08    
5	0	0	2.44678e-08    
6	0	0	2.45493e-08    
7	0	0	2.46452e-08    
8	0	0	2.47294e-08    
9	0	0	2.4849e-08     
10	0	0	2.49363e-08    
11	0	0	2.50502e-08    
12	0	0	2.51336e-08    
13	0	0	2.52281e-08    
14	0	0	2.53278e-08    
15	0	0	2.54381e-08    
16	0	0	2.55523e-08    
17	0	0	2.56592e-08    
18	0	0	2.57886e-08    
19	0	0	2.58982e-08    
20	0	0	2.59872e-08    
21	0	0	2.61004e-08    
22	0	0	2.62164e-08    
23	0	0	2.63401e-08    
24	0	0	2.64572e-08    
25	0	0	2.6594e-08     
26	0	0	2.67239e-08    
27	0	0	2.68518e-08    
28	0	0	2.69631e-08    
29	0	0	2.71261e-08    
30	0	0	2.7223e-08     
31	0	0	2.73708e-08    
32	0	0	2.75331e-08    
33	0	0	2.76862e-08    
34	0	0	2.78389e-08    
35	0	0	2.79623e-08    
36	0	0	2.81015e-08    
37	0	0	2.82711e-08    
38	0	0	2.84315e-08    
39	0	0	2.8588e-08     
40	0	0	2.87311e-08    
41	0	0	2.89487e-08    
42	0	0	2.90921e-08    
43	0	0	2.92987e-08    
44	0	0	2.94589e-08    
45	0	0	2.96489e-08    
46	0	0	2.98495e-08    
47	0	0	3.00238e-08    
48	0	0	3.02588e-08    
49	0	0	3.04384e-08    
50	0	0	3.06197e-08    
51	0	0	3.0854e-08     
52	0	0	3.10814e-08    
53	0	0	3.13252e-08    
54	0	0	3.15601e-08    
55	0	0	3.18022e-08    
56	0	0	3.20575e-08    
57	0	0	3.23578e-08    
58	0	0	3.26143e-08    
59	0	0	3.29265e-08    
60	0	0	3.31618e-08    
61	0	0	3.3504e-08     
62	0	0	3.37808e-08    
63	0	0	3.40675e-08    
64	0	0	3.43543e-08    
65	0	0	3.47173e-08    
66	0	0	3.50721e-08    
67	0	0	3.54368e-08    
68	0	0	3.57954e-08    
69	0	0	3.61848e-08    
70	0	0	3.65612e-08    
71	0	0	3.70034e-08    
72	0	0	3.73792e-08    
73	0	0	3.78213e-08    
74	0	0	3.82809e-08    
75	0	0	3.87974e-08    
76	0	0	3.93223e-08    
77	0	0	3.98158e-08    
78	0	0	4.03758e-08    
79	0	0	4.09741e-08    
80	0	0	4.15701e-08    
81	0	0	4.22392e-08    
82	0	0	4.29023e-08    
83	0	0	4.36643e-08    
84	0	0	4.44361e-08    
85	0	0	4.52397e-08    
86	0	0	4.61145e-08    
87	0	0	4.70425e-08    
88	0	0	4.8047e-08     
89	0	0	4.91212e-08    
90	0	0	5.02832e-08    
91	0	0	5.1522e-08     
92	0	0	5.28933e-08    
93	0	0	5.44044e-08    
94	0	0	5.6087e-08     
95	0	0	5.79357e-08    
96	0	0	5.99949e-08    
97	0	0	6.23204e-08    
98	0	0	6.50274e-08    
99	0	0	6.8154e-08     
100	0	0	7.18022e-08    
101	0	0	7.62952e-08    
102	0	0	8.18598e-08    
103	0	0	8.91454e-08    
104	0	0	9.96152e-08    
105	0	0	1.16e-07       
106	0	0	1.41363e-07    
107	0	0	1.63019e-07    
108	0	0	1.43195e-07    
109	0	0	7.81697e-08    
110	0	0	2.28569e-08    
111	0	0	3.27116e-09    
112	0	0	1.86512e-10    
113	0	0	1.07263e-11    
114	0	0	1.19941e-13    
115	0	0	1.75053e-13    
116	0	0	1.58846e-13    
117	0	0	1.55378e-13    
118	0	0	1.55288e-13    
119	0	0	1.79062e-13    
120	0	0	1.53413e-13    
121	0	0	1.24756e-13    
122	0	0	1.06087e-13    
123	0	0	1.21943e-13    
124	0	0	1.54664e-13    
125	0	0	7.89233e-14    
126	0	0	1.37626e-13    
127	0	0	3.38803e-14    
128	0	0	6.46627e-14    
129	0	0	1.44171e-13    
130	0	0	5.2374e-14     
131	0	0	1.27848e-13    
132	0	0	7.25898e-14    
133	0	0	9.65795e-14    
134	0	0	1.08e-13       
135	0	0	9.03089e-14    
136	0	0	8.38097e-14    
137	0	0	7.60094e-14    
138	0	0	8.91079e-14    
139	0	0	8.26941e-14    
140	0	0	8.40635e-14    
141	0	0	6.54873e-14    
142	0	0	9.7006e-14     
143	0	0	8.70269e-14    
144	0	0	1.58407e-14    
145	0	0	2.04406e-14    
146	0	0	4.18947e-14    
147	0	0	1.11813e-14    
148	0	0	6.3561e-14     
149	0	0	4.40035e-14    
150	0	0	2.0896e-14     
151	0	0	4.88538e-14    
152	0	0	5.50853e-14    
153	0	0	4.95199e-14    
154	0	0	5.64517e-14    
155	0	0	2.59605e-15    
156	0	0	8.85521e-14    
157	0	0	6.95417e-14    
158	0	0	3.56912e-14    
159	0	0	3.51648e-14    
160	0	0	2.47541e-14    
161	0	0	5.03737e-14    
162	0	0	3.46103e-14    
163	0	0	4.57537e-14    
164	0	0	9.81018e-14    
165	0	0	6.83644e-15    
166	0	0	2.6567e-14     
168	0	0	4.71521e-14    
169	0	0	2.15405e-15    
170	0	0	4.55845e-16    
171	0	0	1.32762e-15    
172	0	0	1.65967e-16    
173	0	0	7.73826e-15    
174	0	0	4.09461e-15    
175	0	0	2.00817e-14    
176	0	0	1.25064e-14    
177	0	0	2.94918e-14    
178	0	0	6.97636e-14    
179	0	0	2.42935e-14    
180	0	0	4.00719e-15    
181	0	0	2.45083e-14    
182	0	0	1.68648e-14    
183	0	0	6.8499e-14     
184	0	0	1.71125e-14    
185	0	0	2.64431e-14    
186	0	0	4.38208e-14    
187	0	0	1.42087e-15    
189	0	0	6.34878e-15    
190	0	0	2.3395e-14     
192	0	0	1.61132e-15    
193	0	0	9.86298e-15    
194	0	0	8.35476e-15    
196	0	0	2.30084e-14    
198	0	0	1.89268e-14    