i	j	k	Dose(Gy)       
0	0	0	2.20703e-08    
1	0	0	2.21969e-08    
2	0	0	2.22742e-08    
3	0	0	2.23157e-08    
4	0	0	2.23815e-08    
5	0	0	2.24476e-08    
6	0	0	2.24916e-08    
7	0	0	2.25788e-08    
8	0	0	2.26861e-08    
9	0	0	2.27213e-08    
10	0	0	2.27744e-08    
11	0	0	2.28466e-08    
12	0	0	2.29095e-08    
13	0	0	2.30079e-08    
14	0	0	2.30786e-08    
15	0	0	2.31344e-08    
16	0	0	2.32007e-08    
17	0	0	2.32864e-08    
18	0	0	2.33605e-08    
19	0	0	2.34434e-08    
20	0	0	2.34882e-08    
21	0	0	2.35869e-08    
22	0	0	2.36726e-08    
23	0	0	2.37959e-08    
24	0	0	2.38396e-08    
25	0	0	2.39151e-08    
26	0	0	2.40019e-08    
27	0	0	2.40998e-08    
28	0	0	2.42128e-08    
29	0	0	2.42691e-08    
30	0	0	2.43634e-08    
31	0	0	2.44354e-08    
32	0	0	2.45371e-08    
33	0	0	2.46115e-08    
34	0	0	2.4724e-08     
35	0	0	2.47846e-08    
36	0	0	2.49338e-08    
37	0	0	2.50287e-08    
38	0	0	2.51217e-08    
39	0	0	2.52212e-08    
40	0	0	2.53389e-08    
41	0	0	2.54166e-08    
42	0	0	2.55226e-08    
43	0	0	2.56321e-08    
44	0	0	2.574e-08      
45	0	0	2.58735e-08    
46	0	0	2.59598e-08    
47	0	0	2.60831e-08    
48	0	0	2.61971e-08    
49	0	0	2.6359e-08     
50	0	0	2.6446e-08     
51	0	0	2.65886e-08    
52	0	0	2.67146e-08    
53	0	0	2.68395e-08    
54	0	0	2.69752e-08    
55	0	0	2.71387e-08    
56	0	0	2.72477e-08    
57	0	0	2.73486e-08    
58	0	0	2.75181e-08    
59	0	0	2.76337e-08    
60	0	0	2.77854e-08    
61	0	0	2.79648e-08    
62	0	0	2.81127e-08    
63	0	0	2.82832e-08    
64	0	0	2.84058e-08    
65	0	0	2.86137e-08    
66	0	0	2.87579e-08    
67	0	0	2.89267e-08    
68	0	0	2.91205e-08    
69	0	0	2.92835e-08    
70	0	0	2.94457e-08    
71	0	0	2.96372e-08    
72	0	0	2.98196e-08    
73	0	0	3.00381e-08    
74	0	0	3.0234e-08     
75	0	0	3.04306e-08    
76	0	0	3.06514e-08    
77	0	0	3.08575e-08    
78	0	0	3.10613e-08    
79	0	0	3.13092e-08    
80	0	0	3.15455e-08    
81	0	0	3.17884e-08    
82	0	0	3.20441e-08    
83	0	0	3.23007e-08    
84	0	0	3.25751e-08    
85	0	0	3.29211e-08    
86	0	0	3.31528e-08    
87	0	0	3.34326e-08    
88	0	0	3.37694e-08    
89	0	0	3.40449e-08    
90	0	0	3.43676e-08    
91	0	0	3.46937e-08    
92	0	0	3.50362e-08    
93	0	0	3.54173e-08    
94	0	0	3.57563e-08    
95	0	0	3.61378e-08    
96	0	0	3.65433e-08    
97	0	0	3.69347e-08    
98	0	0	3.73486e-08    
99	0	0	3.7787e-08     
100	0	0	3.82752e-08    
101	0	0	3.87594e-08    
102	0	0	3.92452e-08    
103	0	0	3.97892e-08    
104	0	0	4.02965e-08    
105	0	0	4.09061e-08    
106	0	0	4.15296e-08    
107	0	0	4.21931e-08    
108	0	0	4.2841e-08     
109	0	0	4.35793e-08    
110	0	0	4.43516e-08    
111	0	0	4.51726e-08    
112	0	0	4.60251e-08    
113	0	0	4.69157e-08    
114	0	0	4.79469e-08    
115	0	0	4.9002e-08     
116	0	0	5.01884e-08    
117	0	0	5.14357e-08    
118	0	0	5.27734e-08    
119	0	0	5.43211e-08    
120	0	0	5.59527e-08    
121	0	0	5.77932e-08    
122	0	0	5.98504e-08    
123	0	0	6.2173e-08     
124	0	0	6.48499e-08    
125	0	0	6.79359e-08    
126	0	0	7.16362e-08    
127	0	0	7.61143e-08    
128	0	0	8.17224e-08    
129	0	0	8.93017e-08    
130	0	0	1.0007e-07     
131	0	0	1.16123e-07    
132	0	0	1.36528e-07    
133	0	0	1.49638e-07    
134	0	0	1.34708e-07    
135	0	0	8.77966e-08    
136	0	0	3.82043e-08    
137	0	0	1.01791e-08    
138	0	0	1.63661e-09    
139	0	0	1.21901e-10    
140	0	0	1.09202e-11    
141	0	0	2.14578e-13    
142	0	0	1.85107e-13    
143	0	0	2.6397e-13     
144	0	0	2.22916e-13    
145	0	0	3.88808e-13    
146	0	0	1.31248e-13    
147	0	0	1.0972e-13     
148	0	0	2.86822e-13    
149	0	0	9.8955e-14     
150	0	0	1.65136e-13    
151	0	0	1.14309e-13    
152	0	0	5.6396e-14     
153	0	0	1.08438e-13    
154	0	0	1.07388e-13    
155	0	0	1.60959e-13    
156	0	0	8.85208e-14    
157	0	0	9.95847e-14    
158	0	0	6.29372e-14    
159	0	0	3.88913e-14    
160	0	0	1.04551e-13    
161	0	0	8.57303e-14    
162	0	0	1.12922e-13    
163	0	0	8.0159e-14     
164	0	0	8.9593e-14     
165	0	0	2.48622e-14    
166	0	0	1.61495e-13    
167	0	0	1.09555e-13    
168	0	0	4.21697e-14    
169	0	0	6.40428e-14    
170	0	0	8.30291e-14    
171	0	0	7.31345e-14    
172	0	0	1.4852e-13     
173	0	0	3.37581e-14    
174	0	0	9.82516e-14    
175	0	0	2.7913e-14     
176	0	0	1.19299e-13    
177	0	0	3.46775e-14    
178	0	0	1.71339e-14    
179	0	0	5.9101e-14     
180	0	0	5.88695e-14    
181	0	0	3.82319e-14    
182	0	0	2.12766e-14    
183	0	0	1.04991e-13    
184	0	0	3.91187e-15    
185	0	0	7.16435e-14    
186	0	0	4.61818e-14    
187	0	0	9.63505e-15    
188	0	0	1.84341e-14    
189	0	0	5.91426e-15    
190	0	0	1.2667e-14     
191	0	0	1.22597e-14    
192	0	0	5.9848e-15     
193	0	0	1.15356e-15    
194	0	0	3.10137e-14    
195	0	0	2.45843e-14    
196	0	0	1.47381e-14    
197	0	0	3.15584e-15    
198	0	0	7.55028e-14    
199	0	0	2.48358e-14    