i	j	k	Dose           LDT            LTT            proton_1_D     proton_1_T     proton_D       proton_T       O16_D          O16_T          

0	0	0	44743.5        0.448182       0.448188       0.448182       0.448188       0              0              0              0              
1	0	0	44895.9        0.449483       0.44949        0.449483       0.44949        0              0              0              0              
2	0	0	45025.5        0.4508         0.450807       0.4508         0.450807       0              0              0              0              
3	0	0	45112.6        0.452132       0.452138       0.452132       0.452138       0              0              0              0              
4	0	0	45328.5        0.45348        0.453487       0.45348        0.453487       0              0              0              0              
5	0	0	45377.8        0.454844       0.45485        0.454844       0.45485        0              0              0              0              
6	0	0	45553.3        0.456224       0.456231       0.456224       0.456231       0              0              0              0              
7	0	0	45665.7        0.457621       0.457628       0.457621       0.457628       0              0              0              0              
8	0	0	45832.4        0.459035       0.459042       0.459035       0.459042       0              0              0              0              
9	0	0	46017.7        0.460468       0.460475       0.460468       0.460475       0              0              0              0              
10	0	0	46145.3        0.461919       0.461925       0.461919       0.461925       0              0              0              0              
11	0	0	46217          0.463386       0.463393       0.463386       0.463393       0              0              0              0              
12	0	0	46462.8        0.464874       0.46488        0.464874       0.46488        0              0              0              0              
13	0	0	46614          0.477942       0.466399       0.466381       0.466388       0              0              490.802        413.097        
14	0	0	46734.4        0.467906       0.467914       0.467906       0.467914       0              0              0              0              
15	0	0	46916.7        0.469455       0.469461       0.469455       0.469461       0              0              0              0              
16	0	0	47082.8        0.471021       0.471028       0.471021       0.471028       0              0              0              0              
17	0	0	47200.4        0.472609       0.472616       0.472609       0.472616       0              0              0              0              
18	0	0	47417.8        0.47423        0.474229       0.47422        0.474226       1.32792        1.32792        0              0              
19	0	0	47543          0.475951       0.475893       0.47585        0.475858       1.39978        1.39931        0              0              
20	0	0	47661.8        0.477642       0.477551       0.477502       0.477509       1.56938        1.56673        0              0              
21	0	0	47830.9        0.479362       0.479232       0.479177       0.479183       1.82648        1.81957        0              0              
22	0	0	48085.7        0.481181       0.480946       0.480876       0.480882       2.28648        2.27262        0              0              
23	0	0	48214.9        0.483456       0.482711       0.482598       0.482604       3.82131        3.6438         0              0              
24	0	0	48365.9        0.486516       0.484419       0.484344       0.48435        15.2538        10.525         0              0              
25	0	0	48535.1        0.486115       0.48612        0.486115       0.48612        0              0              0              0              
26	0	0	48739          0.48791        0.487917       0.48791        0.487917       0              0              0              0              
27	0	0	48892.1        0.489731       0.489739       0.489731       0.489739       0              0              0              0              
28	0	0	49046.8        0.49158        0.491586       0.49158        0.491586       0              0              0              0              
29	0	0	49266.6        0.493458       0.493462       0.493458       0.493462       0              0              0              0              
30	0	0	49448.1        0.495359       0.495365       0.495359       0.495365       0              0              0              0              
31	0	0	49677.6        0.497292       0.497299       0.497292       0.497299       0              0              0              0              
32	0	0	49877.1        0.499257       0.499262       0.499257       0.499262       0              0              0              0              
33	0	0	50089.6        0.50125        0.501256       0.50125        0.501256       0              0              0              0              
34	0	0	50255.4        0.516893       0.503294       0.503275       0.50328        0              0              535.905        471.323        
35	0	0	50508.4        0.505329       0.505336       0.505329       0.505336       0              0              0              0              
36	0	0	50743.8        0.507423       0.507427       0.507423       0.507427       0              0              0              0              
37	0	0	50883.9        0.509544       0.50955        0.509544       0.50955        0              0              0              0              
38	0	0	51059.6        0.511702       0.511705       0.511702       0.511705       0              0              0              0              
39	0	0	51350.6        0.51389        0.513897       0.51389        0.513897       0              0              0              0              
40	0	0	51583.9        0.516122       0.516126       0.516122       0.516126       0              0              0              0              
41	0	0	51747.1        0.518386       0.518391       0.518386       0.518391       0              0              0              0              
42	0	0	52033          0.520691       0.520695       0.520691       0.520695       0              0              0              0              
43	0	0	52205.5        0.523035       0.523038       0.523035       0.523038       0              0              0              0              
44	0	0	52523.1        0.52542        0.525423       0.52542        0.525423       0              0              0              0              
45	0	0	52693.1        0.527844       0.527849       0.527844       0.527849       0              0              0              0              
46	0	0	52949.3        0.530314       0.530317       0.530314       0.530317       0              0              0              0              
47	0	0	53262.1        0.532827       0.532831       0.532827       0.532831       0              0              0              0              
48	0	0	53535.8        0.53539        0.535392       0.53539        0.535392       0              0              0              0              
49	0	0	53724.1        0.537994       0.537999       0.537994       0.537999       0              0              0              0              
50	0	0	53946.2        0.54065        0.540652       0.54065        0.540652       0              0              0              0              
51	0	0	54273.4        0.543354       0.543355       0.543354       0.543355       0              0              0              0              
52	0	0	54557.3        0.572975       0.546135       0.546114       0.546112       0              0              697.586        575.477        
53	0	0	54870.7        0.548922       0.548923       0.548922       0.548923       0              0              0              0              
54	0	0	55106.3        0.564566       0.551802       0.55179        0.551787       0              0              541.206        490.91         
55	0	0	55356.6        0.554707       0.554708       0.554707       0.554708       0              0              0              0              
56	0	0	55661.2        0.557691       0.557685       0.557691       0.557685       0              0              0              0              
57	0	0	56015.5        0.560729       0.560725       0.560729       0.560725       0              0              0              0              
58	0	0	56296.8        0.563832       0.563828       0.563832       0.563828       0              0              0              0              
59	0	0	56633.6        0.567004       0.566997       0.567004       0.566997       0              0              0              0              
60	0	0	56935.8        0.570239       0.57023        0.570239       0.57023        0              0              0              0              
61	0	0	57259          0.573542       0.573535       0.573542       0.573535       0              0              0              0              
62	0	0	57645.7        0.576925       0.576912       0.576925       0.576912       0              0              0              0              
63	0	0	57953.3        0.58038        0.580365       0.58038        0.580365       0              0              0              0              
64	0	0	58330.9        0.583906       0.583895       0.583906       0.583895       0              0              0              0              
65	0	0	58685.4        0.587523       0.587505       0.587523       0.587505       0              0              0              0              
66	0	0	59007.9        0.591216       0.591199       0.591216       0.591199       0              0              0              0              
67	0	0	59410.5        0.595004       0.594978       0.595004       0.594978       0              0              0              0              
68	0	0	59802.2        0.598872       0.59885        0.598872       0.59885        0              0              0              0              
69	0	0	60161.3        0.602845       0.602813       0.602845       0.602813       0              0              0              0              
70	0	0	60627.1        0.606911       0.606878       0.606911       0.606878       0              0              0              0              
71	0	0	61016.9        0.611085       0.611045       0.611085       0.611045       0              0              0              0              
72	0	0	61451.3        0.615368       0.615317       0.615368       0.615317       0              0              0              0              
73	0	0	61878.6        0.619762       0.619703       0.619762       0.619703       0              0              0              0              
74	0	0	62298.3        0.624381       0.624237       0.624283       0.624205       1.97054        1.96863        0              0              
75	0	0	62776.8        0.647728       0.628941       0.628938       0.628829       2.63149        2.59137        505.48         414.528        
76	0	0	63260.7        0.635837       0.633713       0.633765       0.633584       9.71531        6.04204        0              0              
77	0	0	63765.4        0.639059       0.638499       0.639059       0.638499       0              0              0              0              
78	0	0	64306.5        0.644968       0.643485       0.644968       0.643485       0              0              0              0              
79	0	0	64859.2        0.655517       0.648606       0.648636       0.648599       0              0              462.482        462.482        
80	0	0	65393.4        0.653958       0.653922       0.653958       0.653922       0              0              0              0              
81	0	0	65930          0.659441       0.659405       0.659441       0.659405       0              0              0              0              
82	0	0	66472.4        0.665099       0.665055       0.665099       0.665055       0              0              0              0              
83	0	0	67114.3        0.670923       0.670886       0.670923       0.670886       0              0              0              0              
84	0	0	67752.3        0.676957       0.676908       0.676957       0.676908       0              0              0              0              
85	0	0	68338.7        0.683174       0.683128       0.683174       0.683128       0              0              0              0              
86	0	0	68943.3        0.689611       0.689554       0.689611       0.689554       0              0              0              0              
87	0	0	69676.8        0.696269       0.696204       0.696269       0.696204       0              0              0              0              
88	0	0	70286          0.703158       0.703086       0.703158       0.703086       0              0              0              0              
89	0	0	71015          0.710292       0.710213       0.710292       0.710213       0              0              0              0              
90	0	0	71807.3        0.71769        0.717609       0.71769        0.717609       0              0              0              0              
91	0	0	72564.5        0.725382       0.725285       0.725382       0.725285       0              0              0              0              
92	0	0	73358.2        0.733356       0.73326        0.733356       0.73326        0              0              0              0              
93	0	0	74190.6        0.741664       0.741555       0.741664       0.741555       0              0              0              0              
94	0	0	75069.6        0.750316       0.750192       0.750316       0.750192       0              0              0              0              
95	0	0	75994          0.759335       0.759196       0.759335       0.759196       0              0              0              0              
96	0	0	76923.1        0.768743       0.768591       0.768743       0.768591       0              0              0              0              
97	0	0	77925.3        0.778578       0.778411       0.778578       0.778411       0              0              0              0              
98	0	0	78953.2        0.794342       0.78869        0.788876       0.788683       0              0              455.042        403.045        
99	0	0	79983.9        0.806226       0.799456       0.799651       0.799442       0              0              486.575        473.157        
100	0	0	81096.6        0.810974       0.810729       0.810974       0.810729       0              0              0              0              
101	0	0	82338.9        0.822882       0.822598       0.822882       0.822598       0              0              0              0              
102	0	0	83610.5        0.84245        0.835108       0.835411       0.835098       0              0              508.129        414.612        
103	0	0	84867          0.848673       0.848281       0.848673       0.848281       0              0              0              0              
104	0	0	86344.5        0.862825       0.862236       0.862825       0.862236       0              0              0              0              
105	0	0	87812.8        0.878512       0.877          0.878512       0.877          0              0              0              0              
106	0	0	89364.5        0.893029       0.89259        0.893029       0.89259        0              0              0              0              
107	0	0	91024.3        0.909772       0.90926        0.909772       0.90926        0              0              0              0              
108	0	0	92818.8        0.927628       0.927057       0.927628       0.927057       0              0              0              0              
109	0	0	94745.1        0.946761       0.946111       0.946761       0.946111       0              0              0              0              
110	0	0	96805.9        0.967372       0.966584       0.967372       0.966584       0              0              0              0              
111	0	0	99015.2        0.989555       0.988659       0.989555       0.988659       0              0              0              0              
112	0	0	101393         1.01358        1.01255        1.01358        1.01255        0              0              0              0              
113	0	0	104048         1.03976        1.03854        1.03976        1.03854        0              0              0              0              
114	0	0	106934         1.06842        1.06696        1.06842        1.06696        0              0              0              0              
115	0	0	110025         1.09996        1.09822        1.09996        1.09822        0              0              0              0              
116	0	0	113503         1.13494        1.13281        1.13494        1.13281        0              0              0              0              
117	0	0	117371         1.17403        1.17141        1.17403        1.17141        0              0              0              0              
118	0	0	121788         1.21819        1.21487        1.21819        1.21487        0              0              0              0              
119	0	0	126756         1.26868        1.26436        1.26868        1.26436        0              0              0              0              
120	0	0	132450         1.32772        1.32145        1.32772        1.32145        0              0              0              0              
121	0	0	139161         1.39585        1.38823        1.39585        1.38823        0              0              0              0              
122	0	0	147221         1.48249        1.46834        1.47927        1.46833        0              0              468.194        392.37         
123	0	0	157233         1.58451        1.56716        1.58451        1.56716        0              0              0              0              
124	0	0	169942         1.72546        1.69438        1.72546        1.69438        0              0              0              0              
125	0	0	187739         1.95561        1.87118        1.95561        1.87118        0              0              0              0              
126	0	0	214017         2.43921        2.14178        2.43921        2.14178        0              0              0              0              
127	0	0	252302         3.41559        2.57918        3.41522        2.57909        10.4605        6.51338        0              0              
128	0	0	292864         5.05802        3.25225        5.05802        3.25225        0              0              0              0              
129	0	0	296756         7.02524        4.13337        7.02524        4.13337        0              0              0              0              
130	0	0	229136         9.01371        5.14412        9.01371        5.14412        0              0              0              0              
131	0	0	119919         10.7959        6.19083        10.7959        6.19083        0              0              0              0              
132	0	0	38230.8        12.425         7.19598        12.425         7.19598        0              0              0              0              
133	0	0	7175.24        13.629         8.06111        13.629         8.06111        0              0              0              0              
134	0	0	810.791        15.0742        9.14227        15.0742        9.14227        0              0              0              0              
135	0	0	38.5293        16.1561        10.4635        16.1561        10.4635        0              0              0              0              
136	0	0	0              0              0              0              0              0              0              0              0              
137	0	0	0              0              0              0              0              0              0              0              0              
138	0	0	0              0              0              0              0              0              0              0              0              
139	0	0	0              0              0              0              0              0              0              0              0              
140	0	0	0              0              0              0              0              0              0              0              0              
141	0	0	0              0              0              0              0              0              0              0              0              
142	0	0	0              0              0              0              0              0              0              0              0              
143	0	0	0              0              0              0              0              0              0              0              0              
144	0	0	0              0              0              0              0              0              0              0              0              
145	0	0	0              0              0              0              0              0              0              0              0              
146	0	0	0              0              0              0              0              0              0              0              0              
147	0	0	0              0              0              0              0              0              0              0              0              
148	0	0	0              0              0              0              0              0              0              0              0              
149	0	0	0              0              0              0              0              0              0              0              0              
150	0	0	0              0              0              0              0              0              0              0              0              
151	0	0	0              0              0              0              0              0              0              0              0              
152	0	0	0              0              0              0              0              0              0              0              0              
153	0	0	0              0              0              0              0              0              0              0              0              
154	0	0	0              0              0              0              0              0              0              0              0              
155	0	0	0              0              0              0              0              0              0              0              0              
156	0	0	0              0              0              0              0              0              0              0              0              
157	0	0	0              0              0              0              0              0              0              0              0              
158	0	0	0              0              0              0              0              0              0              0              0              
159	0	0	0              0              0              0              0              0              0              0              0              
160	0	0	0              0              0              0              0              0              0              0              0              
161	0	0	0              0              0              0              0              0              0              0              0              
162	0	0	0              0              0              0              0              0              0              0              0              
163	0	0	0              0              0              0              0              0              0              0              0              
164	0	0	0              0              0              0              0              0              0              0              0              
165	0	0	0              0              0              0              0              0              0              0              0              
166	0	0	0              0              0              0              0              0              0              0              0              
167	0	0	0              0              0              0              0              0              0              0              0              
168	0	0	0              0              0              0              0              0              0              0              0              
169	0	0	0              0              0              0              0              0              0              0              0              
170	0	0	0              0              0              0              0              0              0              0              0              
171	0	0	0              0              0              0              0              0              0              0              0              
172	0	0	0              0              0              0              0              0              0              0              0              
173	0	0	0              0              0              0              0              0              0              0              0              
174	0	0	0              0              0              0              0              0              0              0              0              
175	0	0	0              0              0              0              0              0              0              0              0              
176	0	0	0              0              0              0              0              0              0              0              0              
177	0	0	0              0              0              0              0              0              0              0              0              
178	0	0	0              0              0              0              0              0              0              0              0              
179	0	0	0              0              0              0              0              0              0              0              0              
180	0	0	0              0              0              0              0              0              0              0              0              
181	0	0	0              0              0              0              0              0              0              0              0              
182	0	0	0              0              0              0              0              0              0              0              0              
183	0	0	0              0              0              0              0              0              0              0              0              
184	0	0	0              0              0              0              0              0              0              0              0              
185	0	0	0              0              0              0              0              0              0              0              0              
186	0	0	0              0              0              0              0              0              0              0              0              
187	0	0	0              0              0              0              0              0              0              0              0              
188	0	0	0              0              0              0              0              0              0              0              0              
189	0	0	0              0              0              0              0              0              0              0              0              
190	0	0	0              0              0              0              0              0              0              0              0              
191	0	0	0              0              0              0              0              0              0              0              0              
192	0	0	0              0              0              0              0              0              0              0              0              
193	0	0	0              0              0              0              0              0              0              0              0              
194	0	0	0              0              0              0              0              0              0              0              0              
195	0	0	0              0              0              0              0              0              0              0              0              
196	0	0	0              0              0              0              0              0              0              0              0              
197	0	0	0              0              0              0              0              0              0              0              0              
198	0	0	0              0              0              0              0              0              0              0              0              
199	0	0	0              0              0              0              0              0              0              0              0              