i	j	k	Dose           LDT            LTT            proton_1_D     proton_1_T     proton_D       proton_T       O16_D          O16_T          

0	0	0	43441.5        0.43438        0.434386       0.43438        0.434386       0              0              0              0              
1	0	0	43525.4        0.435528       0.435533       0.435528       0.435533       0              0              0              0              
2	0	0	43623.3        0.436687       0.436693       0.436687       0.436693       0              0              0              0              
3	0	0	43711.8        0.437858       0.437863       0.437858       0.437863       0              0              0              0              
4	0	0	43868.9        0.439043       0.439048       0.439043       0.439048       0              0              0              0              
5	0	0	44004.6        0.440241       0.440247       0.440241       0.440247       0              0              0              0              
6	0	0	44133.2        0.453436       0.441472       0.441452       0.441459       0              0              485.567        388.286        
7	0	0	44266.8        0.442678       0.442684       0.442678       0.442684       0              0              0              0              
8	0	0	44355.7        0.443918       0.443923       0.443918       0.443923       0              0              0              0              
9	0	0	44470          0.44517        0.445176       0.44517        0.445176       0              0              0              0              
10	0	0	44527.6        0.446436       0.446441       0.446436       0.446441       0              0              0              0              
11	0	0	44671.2        0.447716       0.447722       0.447716       0.447722       0              0              0              0              
12	0	0	44819.9        0.474902       0.449037       0.449011       0.449017       0              0              646.095        491.298        
13	0	0	44945.1        0.450322       0.450327       0.450322       0.450327       0              0              0              0              
14	0	0	45077.3        0.451647       0.451653       0.451647       0.451653       0              0              0              0              
15	0	0	45186.3        0.452988       0.452994       0.452988       0.452994       0              0              0              0              
16	0	0	45418.8        0.454348       0.454352       0.454348       0.454352       0              0              0              0              
17	0	0	45556          0.455723       0.455728       0.455723       0.455728       0              0              0              0              
18	0	0	45655.6        0.457116       0.457121       0.457116       0.457121       0              0              0              0              
19	0	0	45824.4        0.458525       0.45853        0.458525       0.45853        0              0              0              0              
20	0	0	45944.4        0.459951       0.459956       0.459951       0.459956       0              0              0              0              
21	0	0	46066.9        0.461394       0.461401       0.461394       0.461401       0              0              0              0              
22	0	0	46168.1        0.462855       0.462861       0.462855       0.462861       0              0              0              0              
23	0	0	46377.3        0.464335       0.464341       0.464335       0.464341       0              0              0              0              
24	0	0	46525.3        0.465836       0.46584        0.465836       0.46584        0              0              0              0              
25	0	0	46708.2        0.467354       0.46736        0.467354       0.46736        0              0              0              0              
26	0	0	46793.4        0.468894       0.468898       0.468894       0.468898       0              0              0              0              
27	0	0	46955.9        0.486977       0.470469       0.470449       0.470456       0              0              562.742        454.485        
28	0	0	47138.1        0.47203        0.472035       0.47203        0.472035       0              0              0              0              
29	0	0	47328.7        0.47363        0.473635       0.47363        0.473635       0              0              0              0              
30	0	0	47478.9        0.475252       0.475258       0.475252       0.475258       0              0              0              0              
31	0	0	47591.5        0.502942       0.476921       0.476896       0.476901       0              0              660.326        623.502        
32	0	0	47753.1        0.478561       0.478566       0.478561       0.478566       0              0              0              0              
33	0	0	47891.8        0.480249       0.480253       0.480249       0.480253       0              0              0              0              
34	0	0	48144          0.48196        0.481966       0.48196        0.481966       0              0              0              0              
35	0	0	48251.3        0.483695       0.483701       0.483695       0.483701       0              0              0              0              
36	0	0	48480.4        0.485459       0.485462       0.485459       0.485462       0              0              0              0              
37	0	0	48683.8        0.487244       0.487249       0.487244       0.487249       0              0              0              0              
38	0	0	48852.7        0.489058       0.489062       0.489058       0.489062       0              0              0              0              
39	0	0	49014.5        0.490898       0.490901       0.490898       0.490901       0              0              0              0              
40	0	0	49235.3        0.492765       0.492768       0.492765       0.492768       0              0              0              0              
41	0	0	49450.4        0.49466        0.494663       0.49466        0.494663       0              0              0              0              
42	0	0	49693.2        0.496585       0.496589       0.496585       0.496589       0              0              0              0              
43	0	0	49853.4        0.498541       0.498545       0.498541       0.498545       0              0              0              0              
44	0	0	50053.7        0.500524       0.500529       0.500524       0.500529       0              0              0              0              
45	0	0	50146.6        0.502538       0.502541       0.502538       0.502541       0              0              0              0              
46	0	0	50430.4        0.504586       0.504586       0.504586       0.504586       0              0              0              0              
47	0	0	50597.9        0.51655        0.506673       0.506659       0.506663       0              0              477.669        395.437        
48	0	0	50877.8        0.508769       0.508774       0.508769       0.508774       0              0              0              0              
49	0	0	51090.1        0.510916       0.51092        0.510916       0.51092        0              0              0              0              
50	0	0	51222.5        0.513095       0.513099       0.513095       0.513099       0              0              0              0              
51	0	0	51489.6        0.515313       0.515315       0.515313       0.515315       0              0              0              0              
52	0	0	51730.3        0.517568       0.517568       0.517568       0.517568       0              0              0              0              
53	0	0	51926.4        0.519856       0.519858       0.519856       0.519858       0              0              0              0              
54	0	0	52202.1        0.522191       0.522189       0.522191       0.522189       0              0              0              0              
55	0	0	52390.5        0.524557       0.524559       0.524557       0.524559       0              0              0              0              
56	0	0	52620.6        0.526965       0.526969       0.526965       0.526969       0              0              0              0              
57	0	0	52823.4        0.529422       0.529421       0.529422       0.529421       0              0              0              0              
58	0	0	53124.2        0.531917       0.531917       0.531917       0.531917       0              0              0              0              
59	0	0	53348.1        0.534459       0.534458       0.534459       0.534458       0              0              0              0              
60	0	0	53652.7        0.537047       0.537047       0.537047       0.537047       0              0              0              0              
61	0	0	53889          0.53968        0.539682       0.53968        0.539682       0              0              0              0              
62	0	0	54226.5        0.542372       0.542371       0.542372       0.542371       0              0              0              0              
63	0	0	54467.7        0.545112       0.54511        0.545112       0.54511        0              0              0              0              
64	0	0	54716.5        0.547895       0.5479         0.547895       0.5479         0              0              0              0              
65	0	0	55060.5        0.559775       0.550758       0.550747       0.550746       0              0              476.199        426.356        
66	0	0	55240.5        0.55365        0.553645       0.55365        0.553645       0              0              0              0              
67	0	0	55610.9        0.556605       0.556602       0.556605       0.556602       0              0              0              0              
68	0	0	55912.8        0.559625       0.559622       0.559625       0.559622       0              0              0              0              
69	0	0	56210.2        0.562711       0.562703       0.562711       0.562703       0              0              0              0              
70	0	0	56504.9        0.565853       0.565847       0.565853       0.565847       0              0              0              0              
71	0	0	56819.4        0.569064       0.569058       0.569064       0.569058       0              0              0              0              
72	0	0	57148.1        0.572348       0.572336       0.572348       0.572336       0              0              0              0              
73	0	0	57439.5        0.575696       0.575684       0.575696       0.575684       0              0              0              0              
74	0	0	57829          0.579119       0.579108       0.579119       0.579108       0              0              0              0              
75	0	0	58187.3        0.582617       0.582609       0.582617       0.582609       0              0              0              0              
76	0	0	58562.8        0.586202       0.58619        0.586202       0.58619        0              0              0              0              
77	0	0	58871.3        0.589866       0.589852       0.589866       0.589852       0              0              0              0              
78	0	0	59279.6        0.593615       0.5936         0.593615       0.5936         0              0              0              0              
79	0	0	59678.4        0.597455       0.597439       0.597455       0.597439       0              0              0              0              
80	0	0	60042.3        0.601384       0.601369       0.601384       0.601369       0              0              0              0              
81	0	0	60436.3        0.605414       0.605395       0.605414       0.605395       0              0              0              0              
82	0	0	60900.9        0.617529       0.609534       0.609546       0.609523       0              0              472.266        414.346        
83	0	0	61281          0.613779       0.613757       0.613779       0.613757       0              0              0              0              
84	0	0	61691.1        0.625654       0.618109       0.618119       0.618097       0              0              464.464        410.386        
85	0	0	62124.1        0.622578       0.62255        0.622578       0.62255        0              0              0              0              
86	0	0	62608.1        0.627143       0.627122       0.627143       0.627122       0              0              0              0              
87	0	0	63076.3        0.631858       0.631819       0.631858       0.631819       0              0              0              0              
88	0	0	63557.6        0.636693       0.636648       0.636693       0.636648       0              0              0              0              
89	0	0	64085.4        0.641656       0.641616       0.641656       0.641616       0              0              0              0              
90	0	0	64645.6        0.646777       0.646727       0.646777       0.646727       0              0              0              0              
91	0	0	65220.3        0.652045       0.651995       0.652045       0.651995       0              0              0              0              
92	0	0	65762.1        0.657468       0.657421       0.657468       0.657421       0              0              0              0              
93	0	0	66313.2        0.663072       0.663015       0.663072       0.663015       0              0              0              0              
94	0	0	66858.7        0.668834       0.66878        0.668834       0.66878        0              0              0              0              
95	0	0	67438.7        0.674786       0.674727       0.674786       0.674727       0              0              0              0              
96	0	0	68125.9        0.680941       0.680873       0.680941       0.680873       0              0              0              0              
97	0	0	68749.1        0.687302       0.687226       0.687302       0.687226       0              0              0              0              
98	0	0	69427.5        0.694063       0.69385        0.693885       0.693799       2.41143        2.40422        0              0              
99	0	0	70101.5        0.702716       0.700754       0.700688       0.700597       8.40711        5.04407        0              0              
100	0	0	70764          0.707736       0.707638       0.707736       0.707638       0              0              0              0              
101	0	0	71501          0.715044       0.714936       0.715044       0.714936       0              0              0              0              
102	0	0	72258          0.72262        0.722509       0.72262        0.722509       0              0              0              0              
103	0	0	73071.8        0.73049        0.730375       0.73049        0.730375       0              0              0              0              
104	0	0	73869.7        0.73869        0.738554       0.73869        0.738554       0              0              0              0              
105	0	0	74704.7        0.747213       0.747061       0.747213       0.747061       0              0              0              0              
106	0	0	75605.5        0.756096       0.755927       0.756096       0.755927       0              0              0              0              
107	0	0	76567.3        0.765367       0.765175       0.765367       0.765175       0              0              0              0              
108	0	0	77564.8        0.775039       0.77484        0.775039       0.77484        0              0              0              0              
109	0	0	78642.2        0.785179       0.784953       0.785179       0.784953       0              0              0              0              
110	0	0	79626.9        0.795783       0.795542       0.795783       0.795542       0              0              0              0              
111	0	0	80790          0.806921       0.806644       0.806921       0.806644       0              0              0              0              
112	0	0	81886.7        0.8186         0.818306       0.8186         0.818306       0              0              0              0              
113	0	0	83144.7        0.830912       0.830575       0.830912       0.830575       0              0              0              0              
114	0	0	84441.9        0.843898       0.84351        0.843898       0.84351        0              0              0              0              
115	0	0	85838.5        0.864562       0.857187       0.8576         0.857174       0              0              509.941        449.773        
116	0	0	87298.4        0.872118       0.871641       0.872118       0.871641       0              0              0              0              
117	0	0	88822.7        0.887526       0.886988       0.887526       0.886988       0              0              0              0              
118	0	0	90464          0.903925       0.903309       0.903925       0.903309       0              0              0              0              
119	0	0	92181          0.921431       0.920715       0.921431       0.920715       0              0              0              0              
120	0	0	94063.9        0.940168       0.939334       0.940168       0.939334       0              0              0              0              
121	0	0	96078.3        0.960473       0.959337       0.960473       0.959337       0              0              0              0              
122	0	0	98281.9        0.982842       0.980838       0.982842       0.980838       0              0              0              0              
123	0	0	100632         1.01492        1.00406        1.00521        1.00404        0              0              608.775        461.378        
124	0	0	103150         1.03071        1.02931        1.03071        1.02931        0              0              0              0              
125	0	0	105976         1.05855        1.05689        1.05855        1.05689        0              0              0              0              
126	0	0	108952         1.08918        1.08717        1.08918        1.08717        0              0              0              0              
127	0	0	112324         1.12308        1.12063        1.12308        1.12063        0              0              0              0              
128	0	0	116104         1.16177        1.1579         1.16177        1.1579         0              0              0              0              
129	0	0	120233         1.20324        1.1996         1.20324        1.1996         0              0              0              0              
130	0	0	124964         1.25165        1.247          1.25165        1.247          0              0              0              0              
131	0	0	130478         1.30835        1.30149        1.30835        1.30149        0              0              0              0              
132	0	0	136867         1.37732        1.36495        1.37312        1.36494        0              0              503.289        386.001        
133	0	0	144481         1.45741        1.44064        1.45232        1.44063        3.06692        3.06692        552.111        447.17         
134	0	0	153796         1.5536         1.53349        1.5528         1.53337        9.2116         5.60105        0              0              
135	0	0	165658         1.68752        1.6515         1.68752        1.6515         0              0              0              0              
136	0	0	181656         1.89653        1.81173        1.89363        1.81172        0              0              490.841        424.362        
137	0	0	205007         2.30958        2.05081        2.30958        2.05081        0              0              0              0              
138	0	0	238739         3.14962        2.42776        3.14962        2.42776        0              0              0              0              
139	0	0	276883         4.55599        2.9969         4.55451        2.99689        0              0              444.356        414.047        
140	0	0	292520         6.30985        3.75511        6.30985        3.75511        0              0              0              0              
141	0	0	250181         8.10481        4.61401        8.10481        4.61401        0              0              0              0              
142	0	0	160297         9.75399        5.53413        9.75399        5.53413        0              0              0              0              
143	0	0	70248.9        11.3067        6.47598        11.3067        6.47598        0              0              0              0              
144	0	0	19410          12.6355        7.29489        12.6355        7.29489        0              0              0              0              
145	0	0	3586.09        13.6349        8.03053        13.6349        8.03053        0              0              0              0              
146	0	0	399.144        15.6261        9.75753        15.6261        9.75753        0              0              0              0              
147	0	0	11.8499        25.3517        18.9726        25.3517        18.9726        0              0              0              0              
148	0	0	0              0              0              0              0              0              0              0              0              
149	0	0	0              0              0              0              0              0              0              0              0              
150	0	0	0              0              0              0              0              0              0              0              0              
151	0	0	0              0              0              0              0              0              0              0              0              
152	0	0	0              0              0              0              0              0              0              0              0              
153	0	0	0              0              0              0              0              0              0              0              0              
154	0	0	0              0              0              0              0              0              0              0              0              
155	0	0	0              0              0              0              0              0              0              0              0              
156	0	0	0              0              0              0              0              0              0              0              0              
157	0	0	0              0              0              0              0              0              0              0              0              
158	0	0	0              0              0              0              0              0              0              0              0              
159	0	0	0              0              0              0              0              0              0              0              0              
160	0	0	0              0              0              0              0              0              0              0              0              
161	0	0	0              0              0              0              0              0              0              0              0              
162	0	0	0              0              0              0              0              0              0              0              0              
163	0	0	0              0              0              0              0              0              0              0              0              
164	0	0	0              0              0              0              0              0              0              0              0              
165	0	0	0              0              0              0              0              0              0              0              0              
166	0	0	0              0              0              0              0              0              0              0              0              
167	0	0	0              0              0              0              0              0              0              0              0              
168	0	0	0              0              0              0              0              0              0              0              0              
169	0	0	0              0              0              0              0              0              0              0              0              
170	0	0	0              0              0              0              0              0              0              0              0              
171	0	0	0              0              0              0              0              0              0              0              0              
172	0	0	0              0              0              0              0              0              0              0              0              
173	0	0	0              0              0              0              0              0              0              0              0              
174	0	0	0              0              0              0              0              0              0              0              0              
175	0	0	0              0              0              0              0              0              0              0              0              
176	0	0	0              0              0              0              0              0              0              0              0              
177	0	0	0              0              0              0              0              0              0              0              0              
178	0	0	0              0              0              0              0              0              0              0              0              
179	0	0	0              0              0              0              0              0              0              0              0              
180	0	0	0              0              0              0              0              0              0              0              0              
181	0	0	0              0              0              0              0              0              0              0              0              
182	0	0	0              0              0              0              0              0              0              0              0              
183	0	0	0              0              0              0              0              0              0              0              0              
184	0	0	0              0              0              0              0              0              0              0              0              
185	0	0	0              0              0              0              0              0              0              0              0              
186	0	0	0              0              0              0              0              0              0              0              0              
187	0	0	0              0              0              0              0              0              0              0              0              
188	0	0	0              0              0              0              0              0              0              0              0              
189	0	0	0              0              0              0              0              0              0              0              0              
190	0	0	0              0              0              0              0              0              0              0              0              
191	0	0	0              0              0              0              0              0              0              0              0              
192	0	0	0              0              0              0              0              0              0              0              0              
193	0	0	0              0              0              0              0              0              0              0              0              
194	0	0	0              0              0              0              0              0              0              0              0              
195	0	0	0              0              0              0              0              0              0              0              0              
196	0	0	0              0              0              0              0              0              0              0              0              
197	0	0	0              0              0              0              0              0              0              0              0              
198	0	0	0              0              0              0              0              0              0              0              0              
199	0	0	0              0              0              0              0              0              0              0              0              