i	j	k	Dose           LDT            LTT            proton_1_D     proton_1_T     proton_D       proton_T       O16_D          O16_T          

0	0	0	49381.8        0.495109       0.49512        0.495109       0.49512        0              0              0              0              
1	0	0	49620.6        0.497036       0.497049       0.497036       0.497049       0              0              0              0              
2	0	0	49867.3        0.498995       0.499008       0.498995       0.499008       0              0              0              0              
3	0	0	50048.4        0.500985       0.500997       0.500985       0.500997       0              0              0              0              
4	0	0	50257.1        0.503006       0.503018       0.503006       0.503018       0              0              0              0              
5	0	0	50414.9        0.505057       0.505069       0.505057       0.505069       0              0              0              0              
6	0	0	50631.2        0.50714        0.507152       0.50714        0.507152       0              0              0              0              
7	0	0	50861.4        0.537524       0.509289       0.509256       0.509269       0              0              698.032        617.021        
8	0	0	51105.7        0.511408       0.511422       0.511408       0.511422       0              0              0              0              
9	0	0	51269.9        0.513596       0.513608       0.513596       0.513608       0              0              0              0              
10	0	0	51570.8        0.51582        0.515833       0.51582        0.515833       0              0              0              0              
11	0	0	51714.5        0.51808        0.518093       0.51808        0.518093       0              0              0              0              
12	0	0	51945.8        0.520377       0.52039        0.520377       0.52039        0              0              0              0              
13	0	0	52148.8        0.522713       0.522726       0.522713       0.522726       0              0              0              0              
14	0	0	52378.8        0.525089       0.525101       0.525089       0.525101       0              0              0              0              
15	0	0	52688.5        0.527508       0.52752        0.527508       0.52752        0              0              0              0              
16	0	0	52880.3        0.529967       0.529981       0.529967       0.529981       0              0              0              0              
17	0	0	53135.8        0.532473       0.532485       0.532473       0.532485       0              0              0              0              
18	0	0	53421.4        0.535023       0.535037       0.535023       0.535037       0              0              0              0              
19	0	0	53593.9        0.537619       0.537632       0.537619       0.537632       0              0              0              0              
20	0	0	53881.1        0.540261       0.540275       0.540261       0.540275       0              0              0              0              
21	0	0	54175.9        0.542956       0.542968       0.542956       0.542968       0              0              0              0              
22	0	0	54468          0.556827       0.545726       0.5457         0.545714       0              0              512.88         428.332        
23	0	0	54776.7        0.5485         0.548515       0.5485         0.548515       0              0              0              0              
24	0	0	55044.5        0.551356       0.55137        0.551356       0.55137        0              0              0              0              
25	0	0	55300.4        0.578511       0.554299       0.554268       0.554279       0              0              680.208        593.398        
26	0	0	55587.8        0.557234       0.557246       0.557234       0.557246       0              0              0              0              
27	0	0	55931.7        0.560263       0.560275       0.560263       0.560275       0              0              0              0              
28	0	0	56273.7        0.563355       0.563368       0.563355       0.563368       0              0              0              0              
29	0	0	56458.8        0.566595       0.566554       0.566511       0.566525       1.62538        1.62412        0              0              
30	0	0	56912.3        0.569885       0.569793       0.569736       0.569747       1.86536        1.86054        0              0              
31	0	0	57286.1        0.573288       0.573104       0.57303        0.573042       2.35765        2.34475        0              0              
32	0	0	57553.5        0.577294       0.576526       0.576396       0.576409       4.37221        4.03095        0              0              
33	0	0	57835.9        0.581372       0.579891       0.579833       0.579845       18.5087        13.7748        0              0              
34	0	0	58223.8        0.583349       0.583359       0.583349       0.583359       0              0              0              0              
35	0	0	58575.6        0.586942       0.586953       0.586942       0.586953       0              0              0              0              
36	0	0	58979.2        0.590621       0.590633       0.590621       0.590633       0              0              0              0              
37	0	0	59363.4        0.59439        0.594399       0.59439        0.594399       0              0              0              0              
38	0	0	59694.8        0.598241       0.598253       0.598241       0.598253       0              0              0              0              
39	0	0	60081.1        0.602192       0.6022         0.602192       0.6022         0              0              0              0              
40	0	0	60480.8        0.606235       0.606242       0.606235       0.606242       0              0              0              0              
41	0	0	60887.6        0.610378       0.610386       0.610378       0.610386       0              0              0              0              
42	0	0	61351.5        0.614628       0.614637       0.614628       0.614637       0              0              0              0              
43	0	0	61850          0.618999       0.619002       0.618999       0.619002       0              0              0              0              
44	0	0	62160.2        0.6394         0.623497       0.623475       0.623478       0              0              608.212        502.011        
45	0	0	62722.4        0.62807        0.628074       0.62807        0.628074       0              0              0              0              
46	0	0	63199.1        0.632794       0.632798       0.632794       0.632798       0              0              0              0              
47	0	0	63576.8        0.637651       0.63765        0.637651       0.63765        0              0              0              0              
48	0	0	64200.8        0.642647       0.642641       0.642647       0.642641       0              0              0              0              
49	0	0	64703.9        0.647787       0.647781       0.647787       0.647781       0              0              0              0              
50	0	0	65239.6        0.653075       0.653072       0.653075       0.653072       0              0              0              0              
51	0	0	65838.7        0.658531       0.658526       0.658531       0.658526       0              0              0              0              
52	0	0	66410.4        0.664156       0.66415        0.664156       0.66415        0              0              0              0              
53	0	0	66983.6        0.66996        0.66995        0.66996        0.66995        0              0              0              0              
54	0	0	67551.6        0.675947       0.675933       0.675947       0.675933       0              0              0              0              
55	0	0	68238          0.682139       0.682117       0.682139       0.682117       0              0              0              0              
56	0	0	68811.6        0.688533       0.688507       0.688533       0.688507       0              0              0              0              
57	0	0	69481.1        0.695148       0.695112       0.695148       0.695112       0              0              0              0              
58	0	0	70243.2        0.712823       0.701968       0.702005       0.701956       0              0              558.875        430.866        
59	0	0	70903          0.720688       0.709059       0.709106       0.709046       0              0              573.917        470.387        
60	0	0	71604.9        0.716474       0.716396       0.716474       0.716396       0              0              0              0              
61	0	0	72477.3        0.72416        0.724031       0.72416        0.724031       0              0              0              0              
62	0	0	73230.3        0.732238       0.731976       0.732238       0.731976       0              0              0              0              
63	0	0	74000.2        0.741779       0.74024        0.741779       0.74024        0              0              0              0              
64	0	0	74862.1        0.748751       0.74871        0.748751       0.74871        0              0              0              0              
65	0	0	75769.8        0.757687       0.757638       0.757687       0.757638       0              0              0              0              
66	0	0	76713.5        0.779282       0.766971       0.767011       0.766953       0              0              600.102        565.073        
67	0	0	77693          0.776746       0.776684       0.776746       0.776684       0              0              0              0              
68	0	0	78757.6        0.812634       0.786893       0.786932       0.786868       0              0              777.58         679.391        
69	0	0	79835.8        0.797614       0.797533       0.797614       0.797533       0              0              0              0              
70	0	0	80859.2        0.808809       0.808715       0.808809       0.808715       0              0              0              0              
71	0	0	82078.1        0.820573       0.820461       0.820573       0.820461       0              0              0              0              
72	0	0	83315.7        0.832946       0.832823       0.832946       0.832823       0              0              0              0              
73	0	0	84612.3        0.851487       0.845872       0.846009       0.84586        0              0              464.202        422.595        
74	0	0	86043.1        0.859798       0.859633       0.859798       0.859633       0              0              0              0              
75	0	0	87532.2        0.874413       0.874223       0.874413       0.874223       0              0              0              0              
76	0	0	89079.4        0.889929       0.889702       0.889929       0.889702       0              0              0              0              
77	0	0	90722.5        0.912082       0.906186       0.906429       0.906171       0              0              479.756        429.103        
78	0	0	92462.3        0.92403        0.923732       0.92403        0.923732       0              0              0              0              
79	0	0	94366.3        0.942867       0.942519       0.942867       0.942519       0              0              0              0              
80	0	0	96340.5        0.963087       0.96268        0.963087       0.96268        0              0              0              0              
81	0	0	98535.2        0.984859       0.984393       0.984859       0.984393       0              0              0              0              
82	0	0	100940         1.00845        1.00788        1.00845        1.00788        0              0              0              0              
83	0	0	103518         1.03406        1.0334         1.03406        1.0334         0              0              0              0              
84	0	0	106264         1.06206        1.06126        1.06206        1.06126        0              0              0              0              
85	0	0	109381         1.0928         1.09183        1.0928         1.09183        0              0              0              0              
86	0	0	112773         1.12682        1.12562        1.12682        1.12562        0              0              0              0              
87	0	0	116528         1.1647         1.16323        1.1647         1.16323        0              0              0              0              
88	0	0	120757         1.20733        1.20544        1.20733        1.20544        0              0              0              0              
89	0	0	125581         1.25581        1.25333        1.25581        1.25333        0              0              0              0              
90	0	0	131122         1.31211        1.30828        1.31211        1.30828        0              0              0              0              
91	0	0	137523         1.37654        1.37222        1.37654        1.37222        0              0              0              0              
92	0	0	145152         1.45555        1.44822        1.45554        1.44822        3.23257        3.23257        0              0              
93	0	0	154487         1.55034        1.54048        1.54956        1.54036        9.41683        5.87089        0              0              
94	0	0	166140         1.67087        1.65646        1.67087        1.65646        0              0              0              0              
95	0	0	181544         1.8419         1.80989        1.83782        1.80988        0              0              553.936        445.833        
96	0	0	203706         2.10494        2.03052        2.10494        2.03052        0              0              0              0              
97	0	0	239828         2.73087        2.39964        2.73087        2.39964        0              0              0              0              
98	0	0	295865         4.26373        3.07472        4.26373        3.07472        0              0              0              0              
99	0	0	337208         6.78314        4.16951        6.78314        4.16951        0              0              0              0              
100	0	0	269725         9.52871        5.54384        9.52871        5.54384        0              0              0              0              
101	0	0	119017         11.9326        6.97393        11.9326        6.97393        0              0              0              0              
102	0	0	24577.8        14.0563        8.42432        14.0563        8.42432        0              0              0              0              
103	0	0	1937.84        16.2993        10.0207        16.2993        10.0207        0              0              0              0              
104	0	0	50.7847        18.6432        12.0405        18.6432        12.0405        0              0              0              0              
105	0	0	0              0              0              0              0              0              0              0              0              
106	0	0	0              0              0              0              0              0              0              0              0              
107	0	0	0              0              0              0              0              0              0              0              0              
108	0	0	0              0              0              0              0              0              0              0              0              
109	0	0	0              0              0              0              0              0              0              0              0              
110	0	0	0              0              0              0              0              0              0              0              0              
111	0	0	0              0              0              0              0              0              0              0              0              
112	0	0	0              0              0              0              0              0              0              0              0              
113	0	0	0              0              0              0              0              0              0              0              0              
114	0	0	0              0              0              0              0              0              0              0              0              
115	0	0	0              0              0              0              0              0              0              0              0              
116	0	0	0              0              0              0              0              0              0              0              0              
117	0	0	0              0              0              0              0              0              0              0              0              
118	0	0	0              0              0              0              0              0              0              0              0              
119	0	0	0              0              0              0              0              0              0              0              0              
120	0	0	0              0              0              0              0              0              0              0              0              
121	0	0	0              0              0              0              0              0              0              0              0              
122	0	0	0              0              0              0              0              0              0              0              0              
123	0	0	0              0              0              0              0              0              0              0              0              
124	0	0	0              0              0              0              0              0              0              0              0              
125	0	0	0              0              0              0              0              0              0              0              0              
126	0	0	0              0              0              0              0              0              0              0              0              
127	0	0	0              0              0              0              0              0              0              0              0              
128	0	0	0              0              0              0              0              0              0              0              0              
129	0	0	0              0              0              0              0              0              0              0              0              
130	0	0	0              0              0              0              0              0              0              0              0              
131	0	0	0              0              0              0              0              0              0              0              0              
132	0	0	0              0              0              0              0              0              0              0              0              
133	0	0	0              0              0              0              0              0              0              0              0              
134	0	0	0              0              0              0              0              0              0              0              0              
135	0	0	0              0              0              0              0              0              0              0              0              
136	0	0	0              0              0              0              0              0              0              0              0              
137	0	0	0              0              0              0              0              0              0              0              0              
138	0	0	0              0              0              0              0              0              0              0              0              
139	0	0	0              0              0              0              0              0              0              0              0              
140	0	0	0              0              0              0              0              0              0              0              0              
141	0	0	0              0              0              0              0              0              0              0              0              
142	0	0	0              0              0              0              0              0              0              0              0              
143	0	0	0              0              0              0              0              0              0              0              0              
144	0	0	0              0              0              0              0              0              0              0              0              
145	0	0	0              0              0              0              0              0              0              0              0              
146	0	0	0              0              0              0              0              0              0              0              0              
147	0	0	0              0              0              0              0              0              0              0              0              
148	0	0	0              0              0              0              0              0              0              0              0              
149	0	0	0              0              0              0              0              0              0              0              0              
150	0	0	0              0              0              0              0              0              0              0              0              
151	0	0	0              0              0              0              0              0              0              0              0              
152	0	0	0              0              0              0              0              0              0              0              0              
153	0	0	0              0              0              0              0              0              0              0              0              
154	0	0	0              0              0              0              0              0              0              0              0              
155	0	0	0              0              0              0              0              0              0              0              0              
156	0	0	0              0              0              0              0              0              0              0              0              
157	0	0	0              0              0              0              0              0              0              0              0              
158	0	0	0              0              0              0              0              0              0              0              0              
159	0	0	0              0              0              0              0              0              0              0              0              
160	0	0	0              0              0              0              0              0              0              0              0              
161	0	0	0              0              0              0              0              0              0              0              0              
162	0	0	0              0              0              0              0              0              0              0              0              
163	0	0	0              0              0              0              0              0              0              0              0              
164	0	0	0              0              0              0              0              0              0              0              0              
165	0	0	0              0              0              0              0              0              0              0              0              
166	0	0	0              0              0              0              0              0              0              0              0              
167	0	0	0              0              0              0              0              0              0              0              0              
168	0	0	0              0              0              0              0              0              0              0              0              
169	0	0	0              0              0              0              0              0              0              0              0              
170	0	0	0              0              0              0              0              0              0              0              0              
171	0	0	0              0              0              0              0              0              0              0              0              
172	0	0	0              0              0              0              0              0              0              0              0              
173	0	0	0              0              0              0              0              0              0              0              0              
174	0	0	0              0              0              0              0              0              0              0              0              
175	0	0	0              0              0              0              0              0              0              0              0              
176	0	0	0              0              0              0              0              0              0              0              0              
177	0	0	0              0              0              0              0              0              0              0              0              
178	0	0	0              0              0              0              0              0              0              0              0              
179	0	0	0              0              0              0              0              0              0              0              0              
180	0	0	0              0              0              0              0              0              0              0              0              
181	0	0	0              0              0              0              0              0              0              0              0              
182	0	0	0              0              0              0              0              0              0              0              0              
183	0	0	0              0              0              0              0              0              0              0              0              
184	0	0	0              0              0              0              0              0              0              0              0              
185	0	0	0              0              0              0              0              0              0              0              0              
186	0	0	0              0              0              0              0              0              0              0              0              
187	0	0	0              0              0              0              0              0              0              0              0              
188	0	0	0              0              0              0              0              0              0              0              0              
189	0	0	0              0              0              0              0              0              0              0              0              
190	0	0	0              0              0              0              0              0              0              0              0              
191	0	0	0              0              0              0              0              0              0              0              0              
192	0	0	0              0              0              0              0              0              0              0              0              
193	0	0	0              0              0              0              0              0              0              0              0              
194	0	0	0              0              0              0              0              0              0              0              0              
195	0	0	0              0              0              0              0              0              0              0              0              
196	0	0	0              0              0              0              0              0              0              0              0              
197	0	0	0              0              0              0              0              0              0              0              0              
198	0	0	0              0              0              0              0              0              0              0              0              
199	0	0	0              0              0              0              0              0              0              0              0              