i	j	k	Dose           LDT            LTT            proton_1_D     proton_1_T     proton_D       proton_T       O16_D          O16_T          

0	0	0	43689.1        0.437037       0.437043       0.437037       0.437043       0              0              0              0              
1	0	0	43766.9        0.438212       0.438218       0.438212       0.438218       0              0              0              0              
2	0	0	43830.9        0.4394         0.439405       0.4394         0.439405       0              0              0              0              
3	0	0	44020.4        0.440601       0.440607       0.440601       0.440607       0              0              0              0              
4	0	0	44183.1        0.454103       0.441836       0.441817       0.441823       0              0              491.39         431.341        
5	0	0	44264.8        0.529897       0.443094       0.443046       0.443052       0              0              926.186        810.712        
6	0	0	44367          0.444288       0.444294       0.444288       0.444294       0              0              0              0              
7	0	0	44557.2        0.445546       0.445552       0.445546       0.445552       0              0              0              0              
8	0	0	44549          0.446816       0.446822       0.446816       0.446822       0              0              0              0              
9	0	0	44774.7        0.448102       0.448107       0.448102       0.448107       0              0              0              0              
10	0	0	44890.3        0.449403       0.449408       0.449403       0.449408       0              0              0              0              
11	0	0	45004.8        0.450718       0.450724       0.450718       0.450724       0              0              0              0              
12	0	0	45174.9        0.452051       0.452055       0.452051       0.452055       0              0              0              0              
13	0	0	45261.6        0.453398       0.453402       0.453398       0.453402       0              0              0              0              
14	0	0	45532.6        0.454762       0.454768       0.454762       0.454768       0              0              0              0              
15	0	0	45513.9        0.456142       0.456148       0.456142       0.456148       0              0              0              0              
16	0	0	45706.9        0.457539       0.457545       0.457539       0.457545       0              0              0              0              
17	0	0	45836.7        0.469753       0.458971       0.458952       0.458959       0              0              475.473        425.858        
18	0	0	45926          0.460384       0.460389       0.460384       0.460389       0              0              0              0              
19	0	0	46187.1        0.461835       0.461839       0.461835       0.461839       0              0              0              0              
20	0	0	46345.7        0.463304       0.463309       0.463304       0.463309       0              0              0              0              
21	0	0	46389.1        0.464791       0.464796       0.464791       0.464796       0              0              0              0              
22	0	0	46561.8        0.466295       0.4663         0.466295       0.4663         0              0              0              0              
23	0	0	46752.8        0.46782        0.467826       0.46782        0.467826       0              0              0              0              
24	0	0	46922.9        0.469367       0.469372       0.469367       0.469372       0              0              0              0              
25	0	0	47029.6        0.470931       0.470937       0.470931       0.470937       0              0              0              0              
26	0	0	47230          0.472519       0.472524       0.472519       0.472524       0              0              0              0              
27	0	0	47346.5        0.474127       0.474131       0.474127       0.474131       0              0              0              0              
28	0	0	47510.1        0.475754       0.475759       0.475754       0.475759       0              0              0              0              
29	0	0	47709.2        0.477404       0.477411       0.477404       0.477411       0              0              0              0              
30	0	0	47877.6        0.479079       0.479085       0.479079       0.479085       0              0              0              0              
31	0	0	48011.3        0.480779       0.480782       0.480779       0.480782       0              0              0              0              
32	0	0	48244.5        0.482498       0.482503       0.482498       0.482503       0              0              0              0              
33	0	0	48381.2        0.484243       0.484249       0.484243       0.484249       0              0              0              0              
34	0	0	48630.2        0.486016       0.486021       0.486016       0.486021       0              0              0              0              
35	0	0	48680.9        0.487812       0.487816       0.487812       0.487816       0              0              0              0              
36	0	0	48954.7        0.489632       0.489638       0.489632       0.489638       0              0              0              0              
37	0	0	49083.9        0.491481       0.491486       0.491481       0.491486       0              0              0              0              
38	0	0	49239.4        0.493357       0.49336        0.493357       0.49336        0              0              0              0              
39	0	0	49452.6        0.49526        0.495263       0.49526        0.495263       0              0              0              0              
40	0	0	49647.7        0.497189       0.497194       0.497189       0.497194       0              0              0              0              
41	0	0	49869          0.499152       0.499155       0.499152       0.499155       0              0              0              0              
42	0	0	49982.9        0.501139       0.501145       0.501139       0.501145       0              0              0              0              
43	0	0	50249          0.503163       0.503166       0.503163       0.503166       0              0              0              0              
44	0	0	50449.5        0.505215       0.50522        0.505215       0.50522        0              0              0              0              
45	0	0	50703.1        0.507305       0.507307       0.507305       0.507307       0              0              0              0              
46	0	0	50843.8        0.509425       0.509427       0.509425       0.509427       0              0              0              0              
47	0	0	51085.1        0.511578       0.511581       0.511578       0.511581       0              0              0              0              
48	0	0	51342.5        0.513767       0.513771       0.513767       0.513771       0              0              0              0              
49	0	0	51538.6        0.526129       0.516008       0.515997       0.515998       0              0              485.48         400.333        
50	0	0	51737.1        0.518257       0.51826        0.518257       0.51826        0              0              0              0              
51	0	0	52009.6        0.52056        0.520562       0.52056        0.520562       0              0              0              0              
52	0	0	52177.7        0.5229         0.522902       0.5229         0.522902       0              0              0              0              
53	0	0	52487.9        0.525284       0.525284       0.525284       0.525284       0              0              0              0              
54	0	0	52721.7        0.527707       0.527708       0.527707       0.527708       0              0              0              0              
55	0	0	52895.5        0.530171       0.530173       0.530171       0.530173       0              0              0              0              
56	0	0	53154          0.532683       0.532681       0.532683       0.532681       0              0              0              0              
57	0	0	53462.2        0.535236       0.535236       0.535236       0.535236       0              0              0              0              
58	0	0	53780.2        0.537844       0.537842       0.537844       0.537842       0              0              0              0              
59	0	0	53992.3        0.540493       0.540495       0.540493       0.540495       0              0              0              0              
60	0	0	54234.5        0.543196       0.543195       0.543196       0.543195       0              0              0              0              
61	0	0	54570.6        0.545953       0.545949       0.545953       0.545949       0              0              0              0              
62	0	0	54791          0.548761       0.548756       0.548761       0.548756       0              0              0              0              
63	0	0	55083.5        0.551616       0.551615       0.551616       0.551615       0              0              0              0              
64	0	0	55328          0.554535       0.554532       0.554535       0.554532       0              0              0              0              
65	0	0	55654.5        0.557512       0.557505       0.557512       0.557505       0              0              0              0              
66	0	0	55970.2        0.560547       0.560542       0.560547       0.560542       0              0              0              0              
67	0	0	56281          0.563646       0.56364        0.563646       0.56364        0              0              0              0              
68	0	0	56597.6        0.566807       0.566804       0.566807       0.566804       0              0              0              0              
69	0	0	56843.2        0.570037       0.570031       0.570037       0.570031       0              0              0              0              
70	0	0	57224.9        0.573336       0.573327       0.573336       0.573327       0              0              0              0              
71	0	0	57575.9        0.576709       0.576699       0.576709       0.576699       0              0              0              0              
72	0	0	57873.6        0.580154       0.580144       0.580154       0.580144       0              0              0              0              
73	0	0	58244.7        0.583671       0.583665       0.583671       0.583665       0              0              0              0              
74	0	0	58560.6        0.587273       0.587265       0.587273       0.587265       0              0              0              0              
75	0	0	59018.3        0.590965       0.590951       0.590965       0.590951       0              0              0              0              
76	0	0	59380.8        0.59474        0.594725       0.59474        0.594725       0              0              0              0              
77	0	0	59757.4        0.598608       0.598589       0.598608       0.598589       0              0              0              0              
78	0	0	60155.2        0.602566       0.602546       0.602566       0.602546       0              0              0              0              
79	0	0	60588.1        0.606623       0.606603       0.606623       0.606603       0              0              0              0              
80	0	0	61024.4        0.613281       0.610953       0.610791       0.610763       7.53047        4.47571        0              0              
81	0	0	61423.1        0.648404       0.615191       0.615061       0.615029       9.77787        5.92587        764.579        566.417        
82	0	0	61787.1        0.61942        0.619402       0.61942        0.619402       0              0              0              0              
83	0	0	62237.5        0.623916       0.623887       0.623916       0.623887       0              0              0              0              
84	0	0	62741.4        0.635574       0.628504       0.628524       0.628495       0              0              455.861        381.219        
85	0	0	63231.2        0.633271       0.633231       0.633271       0.633231       0              0              0              0              
86	0	0	63730.6        0.63814        0.638101       0.63814        0.638101       0              0              0              0              
87	0	0	64214.4        0.64315        0.643108       0.64315        0.643108       0              0              0              0              
88	0	0	64770.2        0.657987       0.648278       0.648305       0.648263       0              0              517.353        447.075        
89	0	0	65380.1        0.653623       0.653575       0.653623       0.653575       0              0              0              0              
90	0	0	65941.3        0.659105       0.659051       0.659105       0.659051       0              0              0              0              
91	0	0	66523.3        0.66475        0.664698       0.66475        0.664698       0              0              0              0              
92	0	0	67063.3        0.670575       0.67052        0.670575       0.67052        0              0              0              0              
93	0	0	67685.9        0.676594       0.676529       0.676594       0.676529       0              0              0              0              
94	0	0	68253.3        0.682798       0.682733       0.682798       0.682733       0              0              0              0              
95	0	0	68924.5        0.689229       0.689146       0.689229       0.689146       0              0              0              0              
96	0	0	69606.3        0.695866       0.695781       0.695866       0.695781       0              0              0              0              
97	0	0	70272.5        0.702742       0.702648       0.702742       0.702648       0              0              0              0              
98	0	0	70948.5        0.709862       0.709762       0.709862       0.709762       0              0              0              0              
99	0	0	71711.8        0.717247       0.717137       0.717247       0.717137       0              0              0              0              
100	0	0	72551.2        0.732546       0.724809       0.724918       0.724797       0              0              495.618        434.465        
101	0	0	73382          0.732893       0.73276        0.732893       0.73276        0              0              0              0              
102	0	0	74119.7        0.750554       0.741052       0.741181       0.741037       0              0              538.603        491.479        
103	0	0	74969.1        0.749808       0.74965        0.749808       0.74965        0              0              0              0              
104	0	0	75903.9        0.75881        0.758628       0.75881        0.758628       0              0              0              0              
105	0	0	76860.9        0.768192       0.767999       0.768192       0.767999       0              0              0              0              
106	0	0	77840.2        0.778007       0.77779        0.778007       0.77779        0              0              0              0              
107	0	0	78881.7        0.788273       0.788035       0.788273       0.788035       0              0              0              0              
108	0	0	79941.1        0.799028       0.798768       0.799028       0.798768       0              0              0              0              
109	0	0	81064.5        0.810315       0.810026       0.810315       0.810026       0              0              0              0              
110	0	0	82277.1        0.822168       0.821863       0.822168       0.821863       0              0              0              0              
111	0	0	83536.8        0.834692       0.834323       0.834692       0.834323       0              0              0              0              
112	0	0	84811.5        0.857835       0.847483       0.847873       0.847468       0              0              578.32         522.957        
113	0	0	86238.1        0.86183        0.86136        0.86183        0.86136        0              0              0              0              
114	0	0	87686.2        0.876627       0.876079       0.876627       0.876079       0              0              0              0              
115	0	0	89271.3        0.892384       0.891707       0.892384       0.891707       0              0              0              0              
116	0	0	90958.3        0.918734       0.908412       0.910297       0.908394       0              0              556.333        442.769        
117	0	0	92759.6        0.926758       0.926031       0.926758       0.926031       0              0              0              0              
118	0	0	94621.9        0.945906       0.945031       0.945906       0.945031       0              0              0              0              
119	0	0	96662.6        0.972852       0.965468       0.966642       0.965456       0              0              510.484        385.81         
120	0	0	98860.9        0.989398       0.987424       0.989398       0.987424       0              0              0              0              
121	0	0	101271         1.01836        1.01119        1.01244        1.01118        0              0              510.712        452.064        
122	0	0	103859         1.03857        1.03707        1.03857        1.03707        0              0              0              0              
123	0	0	106731         1.06733        1.0654         1.06733        1.0654         0              0              0              0              
124	0	0	109901         1.09937        1.0965         1.09937        1.0965         0              0              0              0              
125	0	0	113318         1.13342        1.1309         1.13342        1.1309         0              0              0              0              
126	0	0	117145         1.17246        1.16934        1.17246        1.16934        0              0              0              0              
127	0	0	121481         1.22103        1.21265        1.21738        1.21264        0              0              456.821        404.183        
128	0	0	126476         1.27036        1.26178        1.26669        1.26177        0              0              464.109        387.494        
129	0	0	132178         1.32506        1.31857        1.32506        1.31857        0              0              0              0              
130	0	0	138855         1.39416        1.38519        1.39416        1.38519        0              0              0              0              
131	0	0	146911         1.47823        1.46511        1.47823        1.46511        0              0              0              0              
132	0	0	156926         1.59119        1.5642         1.58793        1.56418        0              0              480.823        418.741        
133	0	0	169631         1.73766        1.69185        1.73766        1.69185        0              0              0              0              
134	0	0	187398         1.98554        1.86993        1.98554        1.86993        0              0              0              0              
135	0	0	213275         2.49499        2.13934        2.49499        2.13934        2.27886        2.27683        0              0              
136	0	0	249171         3.47555        2.56263        3.47557        2.56263        2.75396        2.73466        0              0              
137	0	0	285672         4.99644        3.19194        4.99646        3.19192        4.20237        4.08995        0              0              
138	0	0	289371         6.82171        4.00493        6.8215         4.00487        15.0693        10.3606        0              0              
139	0	0	229656         8.69071        4.92476        8.69071        4.92476        0              0              0              0              
140	0	0	129917         10.2669        5.82302        10.2669        5.82302        0              0              0              0              
141	0	0	49608.8        11.6309        6.66701        11.6309        6.66701        0              0              0              0              
142	0	0	12606.3        13.0221        7.6057         13.0221        7.6057         0              0              0              0              
143	0	0	1826.7         14.3912        8.36838        14.3912        8.36838        0              0              0              0              
144	0	0	175.47         14.7107        9.23582        14.7107        9.23582        0              0              0              0              
145	0	0	2.34613        28.4032        23.7771        28.4032        23.7771        0              0              0              0              
146	0	0	0              0              0              0              0              0              0              0              0              
147	0	0	0              0              0              0              0              0              0              0              0              
148	0	0	0              0              0              0              0              0              0              0              0              
149	0	0	0              0              0              0              0              0              0              0              0              
150	0	0	0              0              0              0              0              0              0              0              0              
151	0	0	0              0              0              0              0              0              0              0              0              
152	0	0	0              0              0              0              0              0              0              0              0              
153	0	0	0              0              0              0              0              0              0              0              0              
154	0	0	0              0              0              0              0              0              0              0              0              
155	0	0	0              0              0              0              0              0              0              0              0              
156	0	0	0              0              0              0              0              0              0              0              0              
157	0	0	0              0              0              0              0              0              0              0              0              
158	0	0	0              0              0              0              0              0              0              0              0              
159	0	0	0              0              0              0              0              0              0              0              0              
160	0	0	0              0              0              0              0              0              0              0              0              
161	0	0	0              0              0              0              0              0              0              0              0              
162	0	0	0              0              0              0              0              0              0              0              0              
163	0	0	0              0              0              0              0              0              0              0              0              
164	0	0	0              0              0              0              0              0              0              0              0              
165	0	0	0              0              0              0              0              0              0              0              0              
166	0	0	0              0              0              0              0              0              0              0              0              
167	0	0	0              0              0              0              0              0              0              0              0              
168	0	0	0              0              0              0              0              0              0              0              0              
169	0	0	0              0              0              0              0              0              0              0              0              
170	0	0	0              0              0              0              0              0              0              0              0              
171	0	0	0              0              0              0              0              0              0              0              0              
172	0	0	0              0              0              0              0              0              0              0              0              
173	0	0	0              0              0              0              0              0              0              0              0              
174	0	0	0              0              0              0              0              0              0              0              0              
175	0	0	0              0              0              0              0              0              0              0              0              
176	0	0	0              0              0              0              0              0              0              0              0              
177	0	0	0              0              0              0              0              0              0              0              0              
178	0	0	0              0              0              0              0              0              0              0              0              
179	0	0	0              0              0              0              0              0              0              0              0              
180	0	0	0              0              0              0              0              0              0              0              0              
181	0	0	0              0              0              0              0              0              0              0              0              
182	0	0	0              0              0              0              0              0              0              0              0              
183	0	0	0              0              0              0              0              0              0              0              0              
184	0	0	0              0              0              0              0              0              0              0              0              
185	0	0	0              0              0              0              0              0              0              0              0              
186	0	0	0              0              0              0              0              0              0              0              0              
187	0	0	0              0              0              0              0              0              0              0              0              
188	0	0	0              0              0              0              0              0              0              0              0              
189	0	0	0              0              0              0              0              0              0              0              0              
190	0	0	0              0              0              0              0              0              0              0              0              
191	0	0	0              0              0              0              0              0              0              0              0              
192	0	0	0              0              0              0              0              0              0              0              0              
193	0	0	0              0              0              0              0              0              0              0              0              
194	0	0	0              0              0              0              0              0              0              0              0              
195	0	0	0              0              0              0              0              0              0              0              0              
196	0	0	0              0              0              0              0              0              0              0              0              
197	0	0	0              0              0              0              0              0              0              0              0              
198	0	0	0              0              0              0              0              0              0              0              0              
199	0	0	0              0              0              0              0              0              0              0              0              