i	j	k	Dose(Gy)       
0	0	0	3.82426e-08    
1	0	0	3.8573e-08     
2	0	0	3.85792e-08    
3	0	0	3.86912e-08    
4	0	0	3.87624e-08    
5	0	0	3.88137e-08    
6	0	0	3.89189e-08    
7	0	0	3.90008e-08    
8	0	0	3.89923e-08    
9	0	0	3.90612e-08    
10	0	0	3.92183e-08    
11	0	0	3.92603e-08    
12	0	0	3.93564e-08    
13	0	0	3.93911e-08    
14	0	0	3.95194e-08    
15	0	0	3.96198e-08    
16	0	0	3.9651e-08     
17	0	0	3.96756e-08    
18	0	0	3.98555e-08    
19	0	0	3.99017e-08    
20	0	0	3.99601e-08    
21	0	0	4.00167e-08    
22	0	0	4.01226e-08    
23	0	0	4.01968e-08    
24	0	0	4.02597e-08    
25	0	0	4.03646e-08    
26	0	0	4.04707e-08    
27	0	0	4.0535e-08     
28	0	0	4.06289e-08    
29	0	0	4.0662e-08     
30	0	0	4.0821e-08     
31	0	0	4.08918e-08    
32	0	0	4.09986e-08    
33	0	0	4.10553e-08    
34	0	0	4.11783e-08    
35	0	0	4.12384e-08    
36	0	0	4.13507e-08    
37	0	0	4.14274e-08    
38	0	0	4.15019e-08    
39	0	0	4.16436e-08    
40	0	0	4.17621e-08    
41	0	0	4.1849e-08     
42	0	0	4.19204e-08    
43	0	0	4.19737e-08    
44	0	0	4.20842e-08    
45	0	0	4.22274e-08    
46	0	0	4.23027e-08    
47	0	0	4.24274e-08    
48	0	0	4.25338e-08    
49	0	0	4.26076e-08    
50	0	0	4.27428e-08    
51	0	0	4.28314e-08    
52	0	0	4.29805e-08    
53	0	0	4.31053e-08    
54	0	0	4.32018e-08    
55	0	0	4.33008e-08    
56	0	0	4.34026e-08    
57	0	0	4.35522e-08    
58	0	0	4.36138e-08    
59	0	0	4.37505e-08    
60	0	0	4.38202e-08    
61	0	0	4.39837e-08    
62	0	0	4.41144e-08    
63	0	0	4.42333e-08    
64	0	0	4.43306e-08    
65	0	0	4.45268e-08    
66	0	0	4.46042e-08    
67	0	0	4.47452e-08    
68	0	0	4.48604e-08    
69	0	0	4.49613e-08    
70	0	0	4.51159e-08    
71	0	0	4.52636e-08    
72	0	0	4.53927e-08    
73	0	0	4.55015e-08    
74	0	0	4.56903e-08    
75	0	0	4.57549e-08    
76	0	0	4.59548e-08    
77	0	0	4.61116e-08    
78	0	0	4.62814e-08    
79	0	0	4.63986e-08    
80	0	0	4.65109e-08    
81	0	0	4.66651e-08    
82	0	0	4.68418e-08    
83	0	0	4.69909e-08    
84	0	0	4.71391e-08    
85	0	0	4.73023e-08    
86	0	0	4.75066e-08    
87	0	0	4.75849e-08    
88	0	0	4.77839e-08    
89	0	0	4.79642e-08    
90	0	0	4.81502e-08    
91	0	0	4.83065e-08    
92	0	0	4.84743e-08    
93	0	0	4.86704e-08    
94	0	0	4.88458e-08    
95	0	0	4.90385e-08    
96	0	0	4.91785e-08    
97	0	0	4.93978e-08    
98	0	0	4.95868e-08    
99	0	0	4.97767e-08    
100	0	0	4.99656e-08    
101	0	0	5.01728e-08    
102	0	0	5.03882e-08    
103	0	0	5.05773e-08    
104	0	0	5.07834e-08    
105	0	0	5.09965e-08    
106	0	0	5.12176e-08    
107	0	0	5.14787e-08    
108	0	0	5.16636e-08    
109	0	0	5.18789e-08    
110	0	0	5.21188e-08    
111	0	0	5.23592e-08    
112	0	0	5.25985e-08    
113	0	0	5.28982e-08    
114	0	0	5.30697e-08    
115	0	0	5.33534e-08    
116	0	0	5.3595e-08     
117	0	0	5.38637e-08    
118	0	0	5.40985e-08    
119	0	0	5.44023e-08    
120	0	0	5.46502e-08    
121	0	0	5.49558e-08    
122	0	0	5.5232e-08     
123	0	0	5.54934e-08    
124	0	0	5.58125e-08    
125	0	0	5.61249e-08    
126	0	0	5.64399e-08    
127	0	0	5.67179e-08    
128	0	0	5.70576e-08    
129	0	0	5.74042e-08    
130	0	0	5.77293e-08    
131	0	0	5.80834e-08    
132	0	0	5.84397e-08    
133	0	0	5.881e-08      
134	0	0	5.91644e-08    
135	0	0	5.95276e-08    
136	0	0	5.99546e-08    
137	0	0	6.03338e-08    
138	0	0	6.0742e-08     
139	0	0	6.11372e-08    
140	0	0	6.15583e-08    
141	0	0	6.20172e-08    
142	0	0	6.24514e-08    
143	0	0	6.29444e-08    
144	0	0	6.34823e-08    
145	0	0	6.39511e-08    
146	0	0	6.44728e-08    
147	0	0	6.50076e-08    
148	0	0	6.55824e-08    
149	0	0	6.61513e-08    
150	0	0	6.66911e-08    
151	0	0	6.72888e-08    
152	0	0	6.79127e-08    
153	0	0	6.84979e-08    
154	0	0	6.91407e-08    
155	0	0	6.98049e-08    
156	0	0	7.05536e-08    
157	0	0	7.12274e-08    
158	0	0	7.19783e-08    
159	0	0	7.28246e-08    
160	0	0	7.36076e-08    
161	0	0	7.44805e-08    
162	0	0	7.5322e-08     
163	0	0	7.62396e-08    
164	0	0	7.72062e-08    
165	0	0	7.81949e-08    
166	0	0	7.92166e-08    
167	0	0	8.03458e-08    
168	0	0	8.14654e-08    
169	0	0	8.26675e-08    
170	0	0	8.39464e-08    
171	0	0	8.5276e-08     
172	0	0	8.66968e-08    
173	0	0	8.81836e-08    
174	0	0	8.97994e-08    
175	0	0	9.1519e-08     
176	0	0	9.3335e-08     
177	0	0	9.52623e-08    
178	0	0	9.73719e-08    
179	0	0	9.96237e-08    
180	0	0	1.02087e-07    
181	0	0	1.0477e-07     
182	0	0	1.07741e-07    
183	0	0	1.10965e-07    
184	0	0	1.14554e-07    
185	0	0	1.18645e-07    
186	0	0	1.23163e-07    
187	0	0	1.28457e-07    
188	0	0	1.34569e-07    
189	0	0	1.41914e-07    
190	0	0	1.51042e-07    
191	0	0	1.62607e-07    
192	0	0	1.77895e-07    
193	0	0	1.98644e-07    
194	0	0	2.23117e-07    
195	0	0	2.45524e-07    
196	0	0	2.55585e-07    
197	0	0	2.39612e-07    
198	0	0	1.92882e-07    
199	0	0	1.29803e-07    