i	j	k	Dose(Gy)       
0	0	0	4.2507e-08     
1	0	0	4.27821e-08    
2	0	0	4.284e-08      
3	0	0	4.30286e-08    
4	0	0	4.30898e-08    
5	0	0	4.32513e-08    
6	0	0	4.33797e-08    
7	0	0	4.34827e-08    
8	0	0	4.35623e-08    
9	0	0	4.36658e-08    
10	0	0	4.3789e-08     
11	0	0	4.39069e-08    
12	0	0	4.40404e-08    
13	0	0	4.41421e-08    
14	0	0	4.42781e-08    
15	0	0	4.4462e-08     
16	0	0	4.4538e-08     
17	0	0	4.46695e-08    
18	0	0	4.48349e-08    
19	0	0	4.49283e-08    
20	0	0	4.50687e-08    
21	0	0	4.51604e-08    
22	0	0	4.53085e-08    
23	0	0	4.54438e-08    
24	0	0	4.55954e-08    
25	0	0	4.57303e-08    
26	0	0	4.58371e-08    
27	0	0	4.60211e-08    
28	0	0	4.6145e-08     
29	0	0	4.63173e-08    
30	0	0	4.64502e-08    
31	0	0	4.66308e-08    
32	0	0	4.67845e-08    
33	0	0	4.68946e-08    
34	0	0	4.70536e-08    
35	0	0	4.72275e-08    
36	0	0	4.74079e-08    
37	0	0	4.75588e-08    
38	0	0	4.77252e-08    
39	0	0	4.7868e-08     
40	0	0	4.80288e-08    
41	0	0	4.82296e-08    
42	0	0	4.8377e-08     
43	0	0	4.85488e-08    
44	0	0	4.87258e-08    
45	0	0	4.89506e-08    
46	0	0	4.91182e-08    
47	0	0	4.92939e-08    
48	0	0	4.94679e-08    
49	0	0	4.96616e-08    
50	0	0	4.98693e-08    
51	0	0	5.01102e-08    
52	0	0	5.02666e-08    
53	0	0	5.0454e-08     
54	0	0	5.06455e-08    
55	0	0	5.09028e-08    
56	0	0	5.11102e-08    
57	0	0	5.13106e-08    
58	0	0	5.15775e-08    
59	0	0	5.17887e-08    
60	0	0	5.19912e-08    
61	0	0	5.22288e-08    
62	0	0	5.24789e-08    
63	0	0	5.26713e-08    
64	0	0	5.29702e-08    
65	0	0	5.32218e-08    
66	0	0	5.34483e-08    
67	0	0	5.36948e-08    
68	0	0	5.39438e-08    
69	0	0	5.42233e-08    
70	0	0	5.45029e-08    
71	0	0	5.48223e-08    
72	0	0	5.50402e-08    
73	0	0	5.53802e-08    
74	0	0	5.56286e-08    
75	0	0	5.59698e-08    
76	0	0	5.62932e-08    
77	0	0	5.6596e-08     
78	0	0	5.69161e-08    
79	0	0	5.72298e-08    
80	0	0	5.758e-08      
81	0	0	5.7905e-08     
82	0	0	5.82434e-08    
83	0	0	5.86002e-08    
84	0	0	5.89368e-08    
85	0	0	5.93463e-08    
86	0	0	5.97035e-08    
87	0	0	6.01279e-08    
88	0	0	6.05149e-08    
89	0	0	6.09372e-08    
90	0	0	6.13159e-08    
91	0	0	6.18056e-08    
92	0	0	6.22282e-08    
93	0	0	6.26967e-08    
94	0	0	6.31855e-08    
95	0	0	6.36882e-08    
96	0	0	6.41793e-08    
97	0	0	6.47541e-08    
98	0	0	6.53001e-08    
99	0	0	6.58589e-08    
100	0	0	6.64478e-08    
101	0	0	6.70416e-08    
102	0	0	6.75598e-08    
103	0	0	6.82439e-08    
104	0	0	6.88247e-08    
105	0	0	6.95194e-08    
106	0	0	7.01555e-08    
107	0	0	7.09199e-08    
108	0	0	7.164e-08      
109	0	0	7.24235e-08    
110	0	0	7.31742e-08    
111	0	0	7.39917e-08    
112	0	0	7.48909e-08    
113	0	0	7.57757e-08    
114	0	0	7.66401e-08    
115	0	0	7.76735e-08    
116	0	0	7.87131e-08    
117	0	0	7.98016e-08    
118	0	0	8.08702e-08    
119	0	0	8.20406e-08    
120	0	0	8.3282e-08     
121	0	0	8.45571e-08    
122	0	0	8.59873e-08    
123	0	0	8.74271e-08    
124	0	0	8.90077e-08    
125	0	0	9.06023e-08    
126	0	0	9.23409e-08    
127	0	0	9.42498e-08    
128	0	0	9.62576e-08    
129	0	0	9.84536e-08    
130	0	0	1.00778e-07    
131	0	0	1.03346e-07    
132	0	0	1.06088e-07    
133	0	0	1.09144e-07    
134	0	0	1.12562e-07    
135	0	0	1.16309e-07    
136	0	0	1.20512e-07    
137	0	0	1.25308e-07    
138	0	0	1.30824e-07    
139	0	0	1.37268e-07    
140	0	0	1.44937e-07    
141	0	0	1.54351e-07    
142	0	0	1.66428e-07    
143	0	0	1.82883e-07    
144	0	0	2.06777e-07    
145	0	0	2.39433e-07    
146	0	0	2.75186e-07    
147	0	0	2.86999e-07    
148	0	0	2.46927e-07    
149	0	0	1.59366e-07    
150	0	0	7.27294e-08    
151	0	0	2.25743e-08    
152	0	0	4.4827e-09     
153	0	0	5.00341e-10    
154	0	0	4.18638e-11    
155	0	0	5.47579e-12    
156	0	0	2.07421e-12    
157	0	0	3.25809e-13    
158	0	0	4.84757e-13    
159	0	0	2.27396e-13    
160	0	0	3.1403e-13     
161	0	0	2.55155e-13    
162	0	0	2.75783e-13    
163	0	0	2.98395e-13    
164	0	0	3.17541e-13    
165	0	0	2.16467e-13    
166	0	0	1.77011e-13    
167	0	0	1.85377e-13    
168	0	0	2.45142e-13    
169	0	0	1.66999e-13    
170	0	0	1.75861e-13    
171	0	0	2.10396e-13    
172	0	0	1.86805e-13    
173	0	0	1.74092e-13    
174	0	0	6.65398e-14    
175	0	0	1.56687e-13    
176	0	0	1.57396e-13    
177	0	0	1.60209e-13    
178	0	0	1.74425e-13    
179	0	0	1.14755e-13    
180	0	0	1.6463e-13     
181	0	0	1.09265e-13    
182	0	0	7.88191e-14    
183	0	0	9.50431e-14    
184	0	0	7.35501e-14    
185	0	0	6.45787e-14    
186	0	0	1.49117e-13    
187	0	0	6.67571e-14    
188	0	0	1.15067e-13    
189	0	0	7.42089e-14    
190	0	0	1.70866e-13    
191	0	0	3.81435e-14    
192	0	0	4.8008e-14     
193	0	0	9.12272e-14    
194	0	0	5.81431e-14    
195	0	0	1.27861e-13    
196	0	0	1.00436e-13    
197	0	0	6.40124e-14    
198	0	0	5.67589e-14    
199	0	0	7.23872e-14    