i	j	k	Dose(Gy)       
0	0	0	3.96503e-08    
1	0	0	3.98548e-08    
2	0	0	3.99296e-08    
3	0	0	4.00321e-08    
4	0	0	4.0064e-08     
5	0	0	4.02535e-08    
6	0	0	4.02767e-08    
7	0	0	4.03458e-08    
8	0	0	4.04742e-08    
9	0	0	4.054e-08      
10	0	0	4.06218e-08    
11	0	0	4.06596e-08    
12	0	0	4.07782e-08    
13	0	0	4.08384e-08    
14	0	0	4.09837e-08    
15	0	0	4.10456e-08    
16	0	0	4.11409e-08    
17	0	0	4.12377e-08    
18	0	0	4.13193e-08    
19	0	0	4.1426e-08     
20	0	0	4.14863e-08    
21	0	0	4.16166e-08    
22	0	0	4.16952e-08    
23	0	0	4.18576e-08    
24	0	0	4.18797e-08    
25	0	0	4.19633e-08    
26	0	0	4.2096e-08     
27	0	0	4.22413e-08    
28	0	0	4.2318e-08     
29	0	0	4.24028e-08    
30	0	0	4.25303e-08    
31	0	0	4.26814e-08    
32	0	0	4.27425e-08    
33	0	0	4.28358e-08    
34	0	0	4.29116e-08    
35	0	0	4.30339e-08    
36	0	0	4.31883e-08    
37	0	0	4.32969e-08    
38	0	0	4.33862e-08    
39	0	0	4.35019e-08    
40	0	0	4.3602e-08     
41	0	0	4.37445e-08    
42	0	0	4.38335e-08    
43	0	0	4.3989e-08     
44	0	0	4.40706e-08    
45	0	0	4.42022e-08    
46	0	0	4.43152e-08    
47	0	0	4.44574e-08    
48	0	0	4.4611e-08     
49	0	0	4.46568e-08    
50	0	0	4.48575e-08    
51	0	0	4.49773e-08    
52	0	0	4.51169e-08    
53	0	0	4.52119e-08    
54	0	0	4.54195e-08    
55	0	0	4.55261e-08    
56	0	0	4.56474e-08    
57	0	0	4.5808e-08     
58	0	0	4.59504e-08    
59	0	0	4.61065e-08    
60	0	0	4.6247e-08     
61	0	0	4.63776e-08    
62	0	0	4.65453e-08    
63	0	0	4.66594e-08    
64	0	0	4.6802e-08     
65	0	0	4.70062e-08    
66	0	0	4.71428e-08    
67	0	0	4.72863e-08    
68	0	0	4.75078e-08    
69	0	0	4.76284e-08    
70	0	0	4.77844e-08    
71	0	0	4.79679e-08    
72	0	0	4.81286e-08    
73	0	0	4.82613e-08    
74	0	0	4.84576e-08    
75	0	0	4.8653e-08     
76	0	0	4.87944e-08    
77	0	0	4.89819e-08    
78	0	0	4.91812e-08    
79	0	0	4.93507e-08    
80	0	0	4.95534e-08    
81	0	0	4.97236e-08    
82	0	0	4.99804e-08    
83	0	0	5.0151e-08     
84	0	0	5.03512e-08    
85	0	0	5.05526e-08    
86	0	0	5.07849e-08    
87	0	0	5.09931e-08    
88	0	0	5.11805e-08    
89	0	0	5.14247e-08    
90	0	0	5.16563e-08    
91	0	0	5.18247e-08    
92	0	0	5.20646e-08    
93	0	0	5.23197e-08    
94	0	0	5.25639e-08    
95	0	0	5.2807e-08     
96	0	0	5.30782e-08    
97	0	0	5.32867e-08    
98	0	0	5.35389e-08    
99	0	0	5.38223e-08    
100	0	0	5.40703e-08    
101	0	0	5.43376e-08    
102	0	0	5.46566e-08    
103	0	0	5.49348e-08    
104	0	0	5.52098e-08    
105	0	0	5.54847e-08    
106	0	0	5.57622e-08    
107	0	0	5.60828e-08    
108	0	0	5.64087e-08    
109	0	0	5.67359e-08    
110	0	0	5.70449e-08    
111	0	0	5.7362e-08     
112	0	0	5.77198e-08    
113	0	0	5.8049e-08     
114	0	0	5.83972e-08    
115	0	0	5.8764e-08     
116	0	0	5.91321e-08    
117	0	0	5.95011e-08    
118	0	0	5.98691e-08    
119	0	0	6.02999e-08    
120	0	0	6.07204e-08    
121	0	0	6.11099e-08    
122	0	0	6.15253e-08    
123	0	0	6.19372e-08    
124	0	0	6.24263e-08    
125	0	0	6.28992e-08    
126	0	0	6.34089e-08    
127	0	0	6.3842e-08     
128	0	0	6.43791e-08    
129	0	0	6.49573e-08    
130	0	0	6.55047e-08    
131	0	0	6.60538e-08    
132	0	0	6.665e-08      
133	0	0	6.72102e-08    
134	0	0	6.7828e-08     
135	0	0	6.84333e-08    
136	0	0	6.90872e-08    
137	0	0	6.9778e-08     
138	0	0	7.04639e-08    
139	0	0	7.11751e-08    
140	0	0	7.19365e-08    
141	0	0	7.27532e-08    
142	0	0	7.35006e-08    
143	0	0	7.43909e-08    
144	0	0	7.51874e-08    
145	0	0	7.61517e-08    
146	0	0	7.70663e-08    
147	0	0	7.8055e-08     
148	0	0	7.91573e-08    
149	0	0	8.02171e-08    
150	0	0	8.13628e-08    
151	0	0	8.2562e-08     
152	0	0	8.37906e-08    
153	0	0	8.51541e-08    
154	0	0	8.65447e-08    
155	0	0	8.80731e-08    
156	0	0	8.96396e-08    
157	0	0	9.13623e-08    
158	0	0	9.31203e-08    
159	0	0	9.50695e-08    
160	0	0	9.71367e-08    
161	0	0	9.93649e-08    
162	0	0	1.0183e-07     
163	0	0	1.04454e-07    
164	0	0	1.07392e-07    
165	0	0	1.10566e-07    
166	0	0	1.14088e-07    
167	0	0	1.18103e-07    
168	0	0	1.22611e-07    
169	0	0	1.27694e-07    
170	0	0	1.33653e-07    
171	0	0	1.40742e-07    
172	0	0	1.49356e-07    
173	0	0	1.60248e-07    
174	0	0	1.74856e-07    
175	0	0	1.94837e-07    
176	0	0	2.20422e-07    
177	0	0	2.48536e-07    
178	0	0	2.65762e-07    
179	0	0	2.53163e-07    
180	0	0	2.04948e-07    
181	0	0	1.33091e-07    
182	0	0	6.69386e-08    
183	0	0	2.57942e-08    
184	0	0	7.14798e-09    
185	0	0	1.41519e-09    
186	0	0	1.98759e-10    
187	0	0	1.39929e-11    
188	0	0	2.54374e-13    
189	0	0	2.41752e-13    
190	0	0	3.09938e-13    
191	0	0	2.52152e-13    
192	0	0	2.12066e-13    
193	0	0	1.98838e-13    
194	0	0	2.49987e-13    
195	0	0	2.09947e-13    
196	0	0	2.36163e-13    
197	0	0	9.74154e-14    
198	0	0	9.53794e-14    
199	0	0	2.09135e-13    