i	j	k	Dose           LDT            LTT            proton_1_D     proton_1_T     proton_D       proton_T       O16_D          O16_T          O18_D          O18_T          

0	0	0	87363.5        0.437037       0.437043       0.437037       0.437043       0              0              0              0              0              0              
1	0	0	87463          0.438212       0.438218       0.438212       0.438218       0              0              0              0              0              0              
2	0	0	87742.6        0.4394         0.439405       0.4394         0.439405       0              0              0              0              0              0              
3	0	0	88075.3        0.440602       0.440608       0.440602       0.440608       0              0              0              0              0              0              
4	0	0	88292.3        0.441817       0.441823       0.441817       0.441823       0              0              0              0              0              0              
5	0	0	88544.7        0.443046       0.443052       0.443046       0.443052       0              0              0              0              0              0              
6	0	0	88701.1        0.444289       0.444294       0.444289       0.444294       0              0              0              0              0              0              
7	0	0	89033.1        0.445545       0.445551       0.445545       0.445551       0              0              0              0              0              0              
8	0	0	89245.5        0.460435       0.446836       0.446816       0.446822       0              0              512.718        435.376        0              0              
9	0	0	89497.9        0.448102       0.448107       0.448102       0.448107       0              0              0              0              0              0              
10	0	0	89808.1        0.449402       0.449408       0.449402       0.449408       0              0              0              0              0              0              
11	0	0	90007.7        0.450719       0.450724       0.450719       0.450724       0              0              0              0              0              0              
12	0	0	90341.1        0.45205        0.452055       0.45205        0.452055       0              0              0              0              0              0              
13	0	0	90584.1        0.453399       0.453403       0.453399       0.453403       0              0              0              0              0              0              
14	0	0	90867.8        0.454761       0.454767       0.454761       0.454767       0              0              0              0              0              0              
15	0	0	91074.6        0.456142       0.456147       0.456142       0.456147       0              0              0              0              0              0              
16	0	0	91402.3        0.457538       0.457543       0.457538       0.457543       0              0              0              0              0              0              
17	0	0	91644.9        0.458953       0.458957       0.458953       0.458957       0              0              0              0              0              0              
18	0	0	91955.6        0.460592       0.460417       0.460383       0.460389       3.30885        3.27541        0              0              0              0              
19	0	0	92298.4        0.463219       0.461893       0.461832       0.461838       11.4354        7.28099        0              0              0              0              
20	0	0	92500.2        0.4633         0.463306       0.4633         0.463306       0              0              0              0              0              0              
21	0	0	92846          0.464787       0.464792       0.464787       0.464792       0              0              0              0              0              0              
22	0	0	93162.9        0.466292       0.466297       0.466292       0.466297       0              0              0              0              0              0              
23	0	0	93498          0.467818       0.467823       0.467818       0.467823       0              0              0              0              0              0              
24	0	0	93746.2        0.469362       0.469368       0.469362       0.469368       0              0              0              0              0              0              
25	0	0	94007.3        0.470926       0.470932       0.470926       0.470932       0              0              0              0              0              0              
26	0	0	94413.7        0.479143       0.472524       0.472512       0.472517       0              0              518.783        444.732        0              0              
27	0	0	94728.9        0.474119       0.474125       0.474119       0.474125       0              0              0              0              0              0              
28	0	0	95034.7        0.475748       0.475753       0.475748       0.475753       0              0              0              0              0              0              
29	0	0	95314.2        0.477399       0.477404       0.477399       0.477404       0              0              0              0              0              0              
30	0	0	95709.7        0.479072       0.479077       0.479072       0.479077       0              0              0              0              0              0              
31	0	0	96034.9        0.480768       0.480774       0.480768       0.480774       0              0              0              0              0              0              
32	0	0	96415.5        0.48249        0.482494       0.48249        0.482494       0              0              0              0              0              0              
33	0	0	96747.3        0.484233       0.484239       0.484233       0.484239       0              0              0              0              0              0              
34	0	0	97077.1        0.492249       0.486013       0.486004       0.486008       0              0              515.077        423.313        0              0              
35	0	0	97489.9        0.487798       0.487804       0.487798       0.487804       0              0              0              0              0              0              
36	0	0	97858.4        0.489621       0.489625       0.489621       0.489625       0              0              0              0              0              0              
37	0	0	98096.3        0.491468       0.491472       0.491468       0.491472       0              0              0              0              0              0              
38	0	0	98532.5        0.493342       0.493347       0.493342       0.493347       0              0              0              0              0              0              
39	0	0	98869.9        0.495245       0.495249       0.495245       0.495249       0              0              0              0              0              0              
40	0	0	99313.1        0.497175       0.49718        0.497175       0.49718        0              0              0              0              0              0              
41	0	0	99673.3        0.499135       0.499141       0.499135       0.499141       0              0              0              0              0              0              
42	0	0	100184         0.501128       0.501133       0.501128       0.501133       0              0              0              0              0              0              
43	0	0	100504         0.512026       0.503164       0.503153       0.503155       0              0              586.436        512.183        0              0              
44	0	0	100887         0.505205       0.505208       0.505205       0.505208       0              0              0              0              0              0              
45	0	0	101347         0.507292       0.507295       0.507292       0.507295       0              0              0              0              0              0              
46	0	0	101789         0.509413       0.509415       0.509413       0.509415       0              0              0              0              0              0              
47	0	0	102148         0.511565       0.511569       0.511565       0.511569       0              0              0              0              0              0              
48	0	0	102566         0.517496       0.513762       0.513755       0.513758       0              0              0              0              415.46         361.973        
49	0	0	103144         0.515984       0.515985       0.515984       0.515985       0              0              0              0              0              0              
50	0	0	103502         0.518246       0.518248       0.518246       0.518248       0              0              0              0              0              0              
51	0	0	103956         0.520547       0.520549       0.520547       0.520549       0              0              0              0              0              0              
52	0	0	104420         0.522888       0.52289        0.522888       0.52289        0              0              0              0              0              0              
53	0	0	104894         0.529467       0.525273       0.525269       0.52527        0              0              460.066        460.066        0              0              
54	0	0	105322         0.527689       0.527691       0.527689       0.527691       0              0              0              0              0              0              
55	0	0	105907         0.530155       0.530157       0.530155       0.530157       0              0              0              0              0              0              
56	0	0	106388         0.532668       0.532667       0.532668       0.532667       0              0              0              0              0              0              
57	0	0	106957         0.535223       0.535223       0.535223       0.535223       0              0              0              0              0              0              
58	0	0	107393         0.537826       0.537826       0.537826       0.537826       0              0              0              0              0              0              
59	0	0	107873         0.540477       0.540475       0.540477       0.540475       0              0              0              0              0              0              
60	0	0	108480         0.552017       0.543183       0.543176       0.543175       0              0              606.365        521.191        0              0              
61	0	0	109036         0.545928       0.545928       0.545928       0.545928       0              0              0              0              0              0              
62	0	0	109610         0.548735       0.548733       0.548735       0.548733       0              0              0              0              0              0              
63	0	0	110124         0.551594       0.551592       0.551594       0.551592       0              0              0              0              0              0              
64	0	0	110759         0.554512       0.554509       0.554512       0.554509       0              0              0              0              0              0              
65	0	0	111332         0.557489       0.557484       0.557489       0.557484       0              0              0              0              0              0              
66	0	0	111938         0.560524       0.56052        0.560524       0.56052        0              0              0              0              0              0              
67	0	0	112560         0.563624       0.563618       0.563624       0.563618       0              0              0              0              0              0              
68	0	0	113179         0.566786       0.56678        0.566786       0.56678        0              0              0              0              0              0              
69	0	0	113906         0.570017       0.570012       0.570017       0.570012       0              0              0              0              0              0              
70	0	0	114420         0.573317       0.573311       0.573317       0.573311       0              0              0              0              0              0              
71	0	0	115215         0.576691       0.576682       0.576691       0.576682       0              0              0              0              0              0              
72	0	0	115823         0.580137       0.580128       0.580137       0.580128       0              0              0              0              0              0              
73	0	0	116486         0.583663       0.58365        0.583663       0.58365        0              0              0              0              0              0              
74	0	0	117212         0.587264       0.587251       0.587264       0.587251       0              0              0              0              0              0              
75	0	0	117964         0.590951       0.590936       0.590951       0.590936       0              0              0              0              0              0              
76	0	0	118689         0.623581       0.594728       0.594721       0.594708       0              0              901.177        781.035        0              0              
77	0	0	119458         0.598585       0.59857        0.598585       0.59857        0              0              0              0              0              0              
78	0	0	120250         0.602541       0.602524       0.602541       0.602524       0              0              0              0              0              0              
79	0	0	121156         0.606598       0.60658        0.606598       0.60658        0              0              0              0              0              0              
80	0	0	121928         0.610755       0.610736       0.610755       0.610736       0              0              0              0              0              0              
81	0	0	122807         0.622124       0.615008       0.615024       0.614998       0              0              582.447        462.394        0              0              
82	0	0	123639         0.6273         0.619379       0.619397       0.619371       0              0              610.746        519.876        0              0              
83	0	0	124520         0.623887       0.623859       0.623887       0.623859       0              0              0              0              0              0              
84	0	0	125421         0.628526       0.628477       0.628495       0.628466       1.79184        1.79321        0              0              0              0              
85	0	0	126402         0.643842       0.633238       0.633236       0.6332         2.10543        2.10071        540.416        467.452        0              0              
86	0	0	127407         0.638324       0.638112       0.638104       0.638066       3.12529        3.0439         0              0              0              0              
87	0	0	128502         0.644078       0.643124       0.643122       0.643074       11.9765        7.62374        0              0              0              0              
88	0	0	129576         0.648273       0.64823        0.648273       0.64823        0              0              0              0              0              0              
89	0	0	130632         0.65359        0.653538       0.65359        0.653538       0              0              0              0              0              0              
90	0	0	131860         0.659059       0.65901        0.659059       0.65901        0              0              0              0              0              0              
91	0	0	132914         0.664708       0.664653       0.664708       0.664653       0              0              0              0              0              0              
92	0	0	134023         0.67053        0.670469       0.67053        0.670469       0              0              0              0              0              0              
93	0	0	135284         0.676536       0.676473       0.676536       0.676473       0              0              0              0              0              0              
94	0	0	136566         0.682744       0.682675       0.682744       0.682675       0              0              0              0              0              0              
95	0	0	137900         0.689167       0.689089       0.689167       0.689089       0              0              0              0              0              0              
96	0	0	139064         0.695804       0.695719       0.695804       0.695719       0              0              0              0              0              0              
97	0	0	140512         0.702673       0.702583       0.702673       0.702583       0              0              0              0              0              0              
98	0	0	142007         0.709794       0.709695       0.709794       0.709695       0              0              0              0              0              0              
99	0	0	143482         0.717182       0.717074       0.717182       0.717074       0              0              0              0              0              0              
100	0	0	144968         0.724845       0.72473        0.724845       0.72473        0              0              0              0              0              0              
101	0	0	146623         0.732807       0.732683       0.732807       0.732683       0              0              0              0              0              0              
102	0	0	148267         0.749979       0.74097        0.741096       0.740957       0              0              527.999        430.467        0              0              
103	0	0	149998         0.749724       0.749568       0.749724       0.749568       0              0              0              0              0              0              
104	0	0	151855         0.758721       0.758546       0.758721       0.758546       0              0              0              0              0              0              
105	0	0	153725         0.768117       0.767917       0.768117       0.767917       0              0              0              0              0              0              
106	0	0	155593         0.777925       0.777704       0.777925       0.777704       0              0              0              0              0              0              
107	0	0	157672         0.788184       0.787939       0.788184       0.787939       0              0              0              0              0              0              
108	0	0	159860         0.799024       0.798693       0.798962       0.798671       2.24314        2.24232        0              0              0              0              
109	0	0	162145         0.81044        0.809969       0.810288       0.809932       3.26196        3.18986        0              0              0              0              
110	0	0	164478         0.823489       0.821845       0.822774       0.821797       11.9704        7.73531        0              0              0              0              
111	0	0	167060         0.838934       0.834203       0.834668       0.834196       0              0              545.017        448.163        0              0              
112	0	0	169690         0.847877       0.847347       0.847877       0.847347       0              0              0              0              0              0              
113	0	0	172348         0.862189       0.861218       0.862189       0.861218       0              0              0              0              0              0              
114	0	0	175364         0.876361       0.875886       0.876361       0.875886       0              0              0              0              0              0              
115	0	0	178560         0.901154       0.891506       0.892026       0.891493       0              0              723.888        572.679        0              0              
116	0	0	181792         0.908729       0.908112       0.908724       0.908109       1.49686        1.49686        0              0              0              0              
117	0	0	185437         0.926593       0.925852       0.926577       0.925843       1.59843        1.59839        0              0              0              0              
118	0	0	189285         0.945752       0.944855       0.945728       0.944842       1.80232        1.80046        0              0              0              0              
119	0	0	193336         0.966754       0.965256       0.966718       0.965239       2.12501        2.11638        0              0              0              0              
120	0	0	197723         0.988346       0.987205       0.988275       0.98718        2.76355        2.73272        0              0              0              0              
121	0	0	202631         1.02051        1.01108        1.0128         1.01101        9.82229        5.99412        696.122        626.137        0              0              
122	0	0	207791         1.03849        1.03685        1.03849        1.03685        0              0              0              0              0              0              
123	0	0	213385         1.06711        1.06509        1.06711        1.06509        0              0              0              0              0              0              
124	0	0	219598         1.09819        1.09616        1.09819        1.09616        0              0              0              0              0              0              
125	0	0	226614         1.13302        1.13057        1.13302        1.13057        0              0              0              0              0              0              
126	0	0	234272         1.17199        1.16896        1.17199        1.16896        0              0              0              0              0              0              
127	0	0	242968         1.21788        1.21218        1.216          1.21217        0              0              461.121        384.126        0              0              
128	0	0	252834         1.26818        1.26139        1.26645        1.26138        0              0              459.436        459.436        0              0              
129	0	0	264320         1.32514        1.31809        1.32514        1.31809        0              0              0              0              0              0              
130	0	0	277656         1.39586        1.38457        1.39346        1.38456        0              0              532.361        430.257        0              0              
131	0	0	293595         1.47725        1.46426        1.47725        1.46426        0              0              0              0              0              0              
132	0	0	313500         1.58496        1.56287        1.58496        1.56287        0              0              0              0              0              0              
133	0	0	339119         1.734          1.69018        1.73191        1.69017        0              0              543.882        401.474        0              0              
134	0	0	374586         1.9863         1.86793        1.98193        1.86792        0              0              493.853        427.483        0              0              
135	0	0	426068         2.47972        2.13569        2.47831        2.13568        2.63237        2.623          510.66         385.935        0              0              
136	0	0	498720         3.46506        2.56119        3.46505        2.56118        3.64047        3.5998         0              0              0              0              
137	0	0	571163         4.99395        3.18849        4.99382        3.18846        12.7712        8.34539        0              0              0              0              
138	0	0	578918         6.82155        3.99992        6.82084        3.99991        0              0              444.351        373.505        0              0              
139	0	0	459992         8.62464        4.9042         8.62464        4.9042         0              0              0              0              0              0              
140	0	0	263481         10.3036        5.85403        10.3019        5.85401        0              0              458.231        383.264        0              0              
141	0	0	99672.3        11.7871        6.76626        11.7871        6.76626        0              0              0              0              0              0              
142	0	0	23964.5        13.0545        7.65841        13.0545        7.65841        0              0              0              0              0              0              
143	0	0	3396.64        14.5628        8.661          14.5628        8.661          0              0              0              0              0              0              
144	0	0	259.435        15.342         9.30361        15.342         9.30361        0              0              0              0              0              0              
145	0	0	12.2349        15.8594        9.52407        15.8594        9.52407        0              0              0              0              0              0              
146	0	0	0              0              0              0              0              0              0              0              0              0              0              
147	0	0	0              0              0              0              0              0              0              0              0              0              0              
148	0	0	0              0              0              0              0              0              0              0              0              0              0              
149	0	0	0              0              0              0              0              0              0              0              0              0              0              
150	0	0	0              0              0              0              0              0              0              0              0              0              0              
151	0	0	0              0              0              0              0              0              0              0              0              0              0              
152	0	0	0              0              0              0              0              0              0              0              0              0              0              
153	0	0	0              0              0              0              0              0              0              0              0              0              0              
154	0	0	0              0              0              0              0              0              0              0              0              0              0              
155	0	0	0              0              0              0              0              0              0              0              0              0              0              
156	0	0	0              0              0              0              0              0              0              0              0              0              0              
157	0	0	0              0              0              0              0              0              0              0              0              0              0              
158	0	0	0              0              0              0              0              0              0              0              0              0              0              
159	0	0	0              0              0              0              0              0              0              0              0              0              0              
160	0	0	0              0              0              0              0              0              0              0              0              0              0              
161	0	0	0              0              0              0              0              0              0              0              0              0              0              
162	0	0	0              0              0              0              0              0              0              0              0              0              0              
163	0	0	0              0              0              0              0              0              0              0              0              0              0              
164	0	0	0              0              0              0              0              0              0              0              0              0              0              
165	0	0	0              0              0              0              0              0              0              0              0              0              0              
166	0	0	0              0              0              0              0              0              0              0              0              0              0              
167	0	0	0              0              0              0              0              0              0              0              0              0              0              
168	0	0	0              0              0              0              0              0              0              0              0              0              0              
169	0	0	0              0              0              0              0              0              0              0              0              0              0              
170	0	0	0              0              0              0              0              0              0              0              0              0              0              
171	0	0	0              0              0              0              0              0              0              0              0              0              0              
172	0	0	0              0              0              0              0              0              0              0              0              0              0              
173	0	0	0              0              0              0              0              0              0              0              0              0              0              
174	0	0	0              0              0              0              0              0              0              0              0              0              0              
175	0	0	0              0              0              0              0              0              0              0              0              0              0              
176	0	0	0              0              0              0              0              0              0              0              0              0              0              
177	0	0	0              0              0              0              0              0              0              0              0              0              0              
178	0	0	0              0              0              0              0              0              0              0              0              0              0              
179	0	0	0              0              0              0              0              0              0              0              0              0              0              
180	0	0	0              0              0              0              0              0              0              0              0              0              0              
181	0	0	0              0              0              0              0              0              0              0              0              0              0              
182	0	0	0              0              0              0              0              0              0              0              0              0              0              
183	0	0	0              0              0              0              0              0              0              0              0              0              0              
184	0	0	0              0              0              0              0              0              0              0              0              0              0              
185	0	0	0              0              0              0              0              0              0              0              0              0              0              
186	0	0	0              0              0              0              0              0              0              0              0              0              0              
187	0	0	0              0              0              0              0              0              0              0              0              0              0              
188	0	0	0              0              0              0              0              0              0              0              0              0              0              
189	0	0	0              0              0              0              0              0              0              0              0              0              0              
190	0	0	0              0              0              0              0              0              0              0              0              0              0              
191	0	0	0              0              0              0              0              0              0              0              0              0              0              
192	0	0	0              0              0              0              0              0              0              0              0              0              0              
193	0	0	0              0              0              0              0              0              0              0              0              0              0              
194	0	0	0              0              0              0              0              0              0              0              0              0              0              
195	0	0	0              0              0              0              0              0              0              0              0              0              0              
196	0	0	0              0              0              0              0              0              0              0              0              0              0              
197	0	0	0              0              0              0              0              0              0              0              0              0              0              
198	0	0	0              0              0              0              0              0              0              0              0              0              0              
199	0	0	0              0              0              0              0              0              0              0              0              0              0              