i	j	k	Dose           LDT            LTT            proton_1_D     proton_1_T     proton_D       proton_T       O16_D          O16_T          

0	0	0	93154.2        0.466631       0.466639       0.466631       0.466639       0              0              0              0              
1	0	0	93460.6        0.468159       0.468168       0.468159       0.468168       0              0              0              0              
2	0	0	93808.7        0.469708       0.469716       0.469708       0.469716       0              0              0              0              
3	0	0	94083.3        0.471276       0.471285       0.471276       0.471285       0              0              0              0              
4	0	0	94415.3        0.484898       0.472884       0.472866       0.472875       0              0              642.874        573.081        
5	0	0	94765.3        0.474477       0.474486       0.474477       0.474486       0              0              0              0              
6	0	0	95074          0.47611        0.476118       0.47611        0.476118       0              0              0              0              
7	0	0	95451.6        0.477765       0.477774       0.477765       0.477774       0              0              0              0              
8	0	0	95749.4        0.498266       0.479464       0.479444       0.479453       0              0              749.755        610.45         
9	0	0	96139.7        0.481146       0.481154       0.481146       0.481154       0              0              0              0              
10	0	0	96446.3        0.482871       0.48288        0.482871       0.48288        0              0              0              0              
11	0	0	96784.9        0.48462        0.484629       0.48462        0.484629       0              0              0              0              
12	0	0	97133.6        0.486395       0.486404       0.486395       0.486404       0              0              0              0              
13	0	0	97462.4        0.488194       0.488204       0.488194       0.488204       0              0              0              0              
14	0	0	97868.5        0.490021       0.49003        0.490021       0.49003        0              0              0              0              
15	0	0	98250.3        0.491874       0.491883       0.491874       0.491883       0              0              0              0              
16	0	0	98601.3        0.493754       0.493763       0.493754       0.493763       0              0              0              0              
17	0	0	98891.5        0.495662       0.49567        0.495662       0.49567        0              0              0              0              
18	0	0	99402          0.497599       0.497608       0.497599       0.497608       0              0              0              0              
19	0	0	99795.1        0.499567       0.499575       0.499567       0.499575       0              0              0              0              
20	0	0	100199         0.501564       0.501573       0.501564       0.501573       0              0              0              0              
21	0	0	100509         0.503592       0.503601       0.503592       0.503601       0              0              0              0              
22	0	0	100969         0.505652       0.50566        0.505652       0.50566        0              0              0              0              
23	0	0	101413         0.507744       0.507754       0.507744       0.507754       0              0              0              0              
24	0	0	101875         0.509872       0.509881       0.509872       0.509881       0              0              0              0              
25	0	0	102294         0.512034       0.512043       0.512034       0.512043       0              0              0              0              
26	0	0	102784         0.515637       0.514321       0.514233       0.514242       8.73676        5.21537        0              0              
27	0	0	103177         0.516468       0.516476       0.516468       0.516476       0              0              0              0              
28	0	0	103702         0.51874        0.518748       0.51874        0.518748       0              0              0              0              
29	0	0	104084         0.52105        0.521059       0.52105        0.521059       0              0              0              0              
30	0	0	104545         0.523399       0.523408       0.523399       0.523408       0              0              0              0              
31	0	0	104938         0.525789       0.525797       0.525789       0.525797       0              0              0              0              
32	0	0	105393         0.540396       0.528237       0.528219       0.528227       0              0              669.174        549.326        
33	0	0	105950         0.530691       0.5307         0.530691       0.5307         0              0              0              0              
34	0	0	106442         0.533212       0.533219       0.533212       0.533219       0              0              0              0              
35	0	0	106966         0.535774       0.535783       0.535774       0.535783       0              0              0              0              
36	0	0	107463         0.538386       0.538394       0.538386       0.538394       0              0              0              0              
37	0	0	108027         0.541047       0.541054       0.541047       0.541054       0              0              0              0              
38	0	0	108564         0.543757       0.543764       0.543757       0.543764       0              0              0              0              
39	0	0	109100         0.546519       0.546527       0.546519       0.546527       0              0              0              0              
40	0	0	109695         0.549336       0.549342       0.549336       0.549342       0              0              0              0              
41	0	0	110367         0.558081       0.552222       0.552207       0.552215       0              0              525.185        473.07         
42	0	0	110874         0.555137       0.555145       0.555137       0.555145       0              0              0              0              
43	0	0	111479         0.558126       0.558133       0.558126       0.558133       0              0              0              0              
44	0	0	112066         0.568805       0.561191       0.561174       0.561182       0              0              579.202        494.24         
45	0	0	112639         0.573495       0.5643         0.564287       0.564292       0              0              623.531        538.425        
46	0	0	113360         0.567463       0.567469       0.567463       0.567469       0              0              0              0              
47	0	0	113966         0.570706       0.570714       0.570706       0.570714       0              0              0              0              
48	0	0	114597         0.574023       0.574027       0.574023       0.574027       0              0              0              0              
49	0	0	115316         0.577408       0.577414       0.577408       0.577414       0              0              0              0              
50	0	0	115947         0.580871       0.580875       0.580871       0.580875       0              0              0              0              
51	0	0	116637         0.584409       0.584412       0.584409       0.584412       0              0              0              0              
52	0	0	117366         0.595255       0.588039       0.588028       0.588031       0              0              578.546        457.409        
53	0	0	118106         0.59641        0.59174        0.591733       0.591734       0              0              495.191        444.09         
54	0	0	118871         0.595525       0.595524       0.595525       0.595524       0              0              0              0              
55	0	0	119739         0.599407       0.599407       0.599407       0.599407       0              0              0              0              
56	0	0	120441         0.603385       0.603385       0.603385       0.603385       0              0              0              0              
57	0	0	121218         0.614257       0.607467       0.607458       0.607458       0              0              570.987        481.785        
58	0	0	122064         0.611637       0.611634       0.611637       0.611634       0              0              0              0              
59	0	0	122950         0.615923       0.615917       0.615923       0.615917       0              0              0              0              
60	0	0	123842         0.620318       0.620313       0.620318       0.620313       0              0              0              0              
61	0	0	124704         0.624829       0.624824       0.624829       0.624824       0              0              0              0              
62	0	0	125628         0.629465       0.629457       0.629465       0.629457       0              0              0              0              
63	0	0	126558         0.637613       0.634223       0.634227       0.634217       0              0              449.492        381.497        
64	0	0	127561         0.639123       0.639109       0.639123       0.639109       0              0              0              0              
65	0	0	128733         0.648574       0.644152       0.644162       0.644145       0              0              499.207        404.777        
66	0	0	129780         0.649347       0.64933        0.649347       0.64933        0              0              0              0              
67	0	0	130902         0.654688       0.654672       0.654688       0.654672       0              0              0              0              
68	0	0	132032         0.660196       0.660178       0.660196       0.660178       0              0              0              0              
69	0	0	133079         0.669873       0.665856       0.66587        0.665851       0              0              489.134        403.034        
70	0	0	134344         0.671727       0.671704       0.671727       0.671704       0              0              0              0              
71	0	0	135521         0.681367       0.677754       0.677773       0.677747       0              0              472.835        439.972        
72	0	0	136778         0.684022       0.68399        0.684022       0.68399        0              0              0              0              
73	0	0	138104         0.690476       0.690444       0.690476       0.690444       0              0              0              0              
74	0	0	139429         0.702547       0.69713        0.697162       0.69712        0              0              551.737        445.191        
75	0	0	140848         0.704075       0.704034       0.704075       0.704034       0              0              0              0              
76	0	0	142294         0.711248       0.711198       0.711248       0.711198       0              0              0              0              
77	0	0	143835         0.718685       0.718633       0.718685       0.718633       0              0              0              0              
78	0	0	145291         0.726408       0.726345       0.726408       0.726345       0              0              0              0              
79	0	0	146955         0.734432       0.73436        0.734432       0.73436        0              0              0              0              
80	0	0	148639         0.742772       0.742699       0.742772       0.742699       0              0              0              0              
81	0	0	150283         0.751465       0.751378       0.751465       0.751378       0              0              0              0              
82	0	0	152112         0.760521       0.760423       0.760521       0.760423       0              0              0              0              
83	0	0	153982         0.769979       0.769863       0.769979       0.769863       0              0              0              0              
84	0	0	156051         0.77985        0.77973        0.77985        0.77973        0              0              0              0              
85	0	0	158072         0.790194       0.790055       0.790194       0.790055       0              0              0              0              
86	0	0	160199         0.801025       0.800872       0.801025       0.800872       0              0              0              0              
87	0	0	162503         0.812391       0.812226       0.812391       0.812226       0              0              0              0              
88	0	0	164979         0.824358       0.824164       0.824358       0.824164       0              0              0              0              
89	0	0	167442         0.84093        0.836741       0.83695        0.836734       0              0              531.512        439.985        
90	0	0	170212         0.852875       0.850005       0.850243       0.85           0              0              458.05         398.033        
91	0	0	173008         0.864304       0.864027       0.864304       0.864027       0              0              0              0              
92	0	0	175914         0.879195       0.878885       0.879195       0.878885       0              0              0              0              
93	0	0	179161         0.895025       0.894665       0.895025       0.894665       0              0              0              0              
94	0	0	182583         0.911898       0.911474       0.911898       0.911474       0              0              0              0              
95	0	0	186124         0.929911       0.929419       0.929911       0.929419       0              0              0              0              
96	0	0	189939         0.949242       0.94864        0.949242       0.94864        0              0              0              0              
97	0	0	194139         0.973993       0.96931        0.970476       0.969304       0              0              536.999        434.89         
98	0	0	198664         0.992241       0.991528       0.992241       0.991528       0              0              0              0              
99	0	0	203451         1.01649        1.01565        1.01649        1.01565        0              0              0              0              
100	0	0	208778         1.04641        1.04191        1.04291        1.0419         0              0              546.756        451.9          
101	0	0	214556         1.07948        1.07063        1.07184        1.07062        0              0              725.566        593.291        
102	0	0	220845         1.10419        1.10224        1.10419        1.10224        0              0              0              0              
103	0	0	227875         1.1389         1.13717        1.1389         1.13717        0              0              0              0              
104	0	0	235850         1.17839        1.17624        1.17839        1.17624        0              0              0              0              
105	0	0	244669         1.22297        1.22026        1.22297        1.22026        0              0              0              0              
106	0	0	254617         1.27387        1.27039        1.27387        1.27039        3.52836        3.52836        0              0              
107	0	0	266304         1.34075        1.32831        1.33292        1.32825        10.0644        6.34727        771.244        603.958        
108	0	0	279905         1.40306        1.39614        1.40306        1.39614        0              0              0              0              
109	0	0	296270         1.49164        1.4774         1.48664        1.47738        0              0              551.581        452.044        
110	0	0	316459         1.59537        1.57771        1.59227        1.5777         0              0              475.232        379.44         
111	0	0	342392         1.73254        1.70655        1.73254        1.70655        0              0              0              0              
112	0	0	377968         1.94369        1.88378        1.94369        1.88378        0              0              0              0              
113	0	0	431837         2.37914        2.15676        2.37914        2.15676        0              0              0              0              
114	0	0	515642         3.39177        2.62136        3.38779        2.62134        3.92139        3.91572        625.64         531.485        
115	0	0	609558         5.18896        3.36998        5.18808        3.36994        11.9297        7.46582        468.008        403.938        
116	0	0	616540         7.46327        4.39788        7.45661        4.39784        0              0              657.322        534.553        
117	0	0	439861         9.66525        5.55897        9.66525        5.55897        0              0              0              0              
118	0	0	191811         11.6623        6.74955        11.6593        6.7495         0              0              509.881        446.219        
119	0	0	45523.8        13.3805        7.85491        13.3805        7.85491        0              0              0              0              
120	0	0	5821.21        14.9701        8.9604         14.9701        8.9604         0              0              0              0              
121	0	0	359.454        16.0842        9.78147        16.0842        9.78147        0              0              0              0              
122	0	0	8.38957        13.8965        9.33196        13.8965        9.33196        0              0              0              0              
123	0	0	0              0              0              0              0              0              0              0              0              
124	0	0	0              0              0              0              0              0              0              0              0              
125	0	0	0              0              0              0              0              0              0              0              0              
126	0	0	0              0              0              0              0              0              0              0              0              
127	0	0	0              0              0              0              0              0              0              0              0              
128	0	0	0              0              0              0              0              0              0              0              0              
129	0	0	0              0              0              0              0              0              0              0              0              
130	0	0	0              0              0              0              0              0              0              0              0              
131	0	0	0              0              0              0              0              0              0              0              0              
132	0	0	0              0              0              0              0              0              0              0              0              
133	0	0	0              0              0              0              0              0              0              0              0              
134	0	0	0              0              0              0              0              0              0              0              0              
135	0	0	0              0              0              0              0              0              0              0              0              
136	0	0	0              0              0              0              0              0              0              0              0              
137	0	0	0              0              0              0              0              0              0              0              0              
138	0	0	0              0              0              0              0              0              0              0              0              
139	0	0	0              0              0              0              0              0              0              0              0              
140	0	0	0              0              0              0              0              0              0              0              0              
141	0	0	0              0              0              0              0              0              0              0              0              
142	0	0	0              0              0              0              0              0              0              0              0              
143	0	0	0              0              0              0              0              0              0              0              0              
144	0	0	0              0              0              0              0              0              0              0              0              
145	0	0	0              0              0              0              0              0              0              0              0              
146	0	0	0              0              0              0              0              0              0              0              0              
147	0	0	0              0              0              0              0              0              0              0              0              
148	0	0	0              0              0              0              0              0              0              0              0              
149	0	0	0              0              0              0              0              0              0              0              0              
150	0	0	0              0              0              0              0              0              0              0              0              
151	0	0	0              0              0              0              0              0              0              0              0              
152	0	0	0              0              0              0              0              0              0              0              0              
153	0	0	0              0              0              0              0              0              0              0              0              
154	0	0	0              0              0              0              0              0              0              0              0              
155	0	0	0              0              0              0              0              0              0              0              0              
156	0	0	0              0              0              0              0              0              0              0              0              
157	0	0	0              0              0              0              0              0              0              0              0              
158	0	0	0              0              0              0              0              0              0              0              0              
159	0	0	0              0              0              0              0              0              0              0              0              
160	0	0	0              0              0              0              0              0              0              0              0              
161	0	0	0              0              0              0              0              0              0              0              0              
162	0	0	0              0              0              0              0              0              0              0              0              
163	0	0	0              0              0              0              0              0              0              0              0              
164	0	0	0              0              0              0              0              0              0              0              0              
165	0	0	0              0              0              0              0              0              0              0              0              
166	0	0	0              0              0              0              0              0              0              0              0              
167	0	0	0              0              0              0              0              0              0              0              0              
168	0	0	0              0              0              0              0              0              0              0              0              
169	0	0	0              0              0              0              0              0              0              0              0              
170	0	0	0              0              0              0              0              0              0              0              0              
171	0	0	0              0              0              0              0              0              0              0              0              
172	0	0	0              0              0              0              0              0              0              0              0              
173	0	0	0              0              0              0              0              0              0              0              0              
174	0	0	0              0              0              0              0              0              0              0              0              
175	0	0	0              0              0              0              0              0              0              0              0              
176	0	0	0              0              0              0              0              0              0              0              0              
177	0	0	0              0              0              0              0              0              0              0              0              
178	0	0	0              0              0              0              0              0              0              0              0              
179	0	0	0              0              0              0              0              0              0              0              0              
180	0	0	0              0              0              0              0              0              0              0              0              
181	0	0	0              0              0              0              0              0              0              0              0              
182	0	0	0              0              0              0              0              0              0              0              0              
183	0	0	0              0              0              0              0              0              0              0              0              
184	0	0	0              0              0              0              0              0              0              0              0              
185	0	0	0              0              0              0              0              0              0              0              0              
186	0	0	0              0              0              0              0              0              0              0              0              
187	0	0	0              0              0              0              0              0              0              0              0              
188	0	0	0              0              0              0              0              0              0              0              0              
189	0	0	0              0              0              0              0              0              0              0              0              
190	0	0	0              0              0              0              0              0              0              0              0              
191	0	0	0              0              0              0              0              0              0              0              0              
192	0	0	0              0              0              0              0              0              0              0              0              
193	0	0	0              0              0              0              0              0              0              0              0              
194	0	0	0              0              0              0              0              0              0              0              0              
195	0	0	0              0              0              0              0              0              0              0              0              
196	0	0	0              0              0              0              0              0              0              0              0              
197	0	0	0              0              0              0              0              0              0              0              0              
198	0	0	0              0              0              0              0              0              0              0              0              
199	0	0	0              0              0              0              0              0              0              0              0              