i	j	k	Dose           LDT            LTT            proton_1_D     proton_1_T     proton_D       proton_T       O16_D          O16_T          

0	0	0	81625          0.408114       0.408117       0.408114       0.408117       0              0              0              0              
1	0	0	81789.9        0.409001       0.409004       0.409001       0.409004       0              0              0              0              
2	0	0	81872.3        0.409895       0.409898       0.409895       0.409898       0              0              0              0              
3	0	0	82073.9        0.410797       0.4108         0.410797       0.4108         0              0              0              0              
4	0	0	82156.7        0.411707       0.41171        0.411707       0.41171        0              0              0              0              
5	0	0	82479.4        0.412626       0.412629       0.412626       0.412629       0              0              0              0              
6	0	0	82662.8        0.413554       0.413557       0.413554       0.413557       0              0              0              0              
7	0	0	82824          0.414491       0.414494       0.414491       0.414494       0              0              0              0              
8	0	0	82967.7        0.415436       0.415439       0.415436       0.415439       0              0              0              0              
9	0	0	83166.2        0.41639        0.416393       0.41639        0.416393       0              0              0              0              
10	0	0	83388.4        0.417355       0.417357       0.417355       0.417357       0              0              0              0              
11	0	0	83634.9        0.418327       0.41833        0.418327       0.41833        0              0              0              0              
12	0	0	83800          0.419309       0.419313       0.419309       0.419313       0              0              0              0              
13	0	0	84024.5        0.420302       0.420305       0.420302       0.420305       0              0              0              0              
14	0	0	84151.7        0.421305       0.421307       0.421305       0.421307       0              0              0              0              
15	0	0	84387.1        0.422315       0.422319       0.422315       0.422319       0              0              0              0              
16	0	0	84593.9        0.423337       0.42334        0.423337       0.42334        0              0              0              0              
17	0	0	84753.1        0.424369       0.424372       0.424369       0.424372       0              0              0              0              
18	0	0	84985.9        0.425412       0.425414       0.425412       0.425414       0              0              0              0              
19	0	0	85283.4        0.426465       0.426468       0.426465       0.426468       0              0              0              0              
20	0	0	85451.7        0.427529       0.427532       0.427529       0.427532       0              0              0              0              
21	0	0	85685.5        0.428604       0.428607       0.428604       0.428607       0              0              0              0              
22	0	0	85879.9        0.42969        0.429693       0.42969        0.429693       0              0              0              0              
23	0	0	86097.4        0.430789       0.430791       0.430789       0.430791       0              0              0              0              
24	0	0	86306.3        0.431897       0.431899       0.431897       0.431899       0              0              0              0              
25	0	0	86543.5        0.433018       0.43302        0.433018       0.43302        0              0              0              0              
26	0	0	86836.1        0.434151       0.434154       0.434151       0.434154       0              0              0              0              
27	0	0	86969.6        0.435294       0.435298       0.435294       0.435298       0              0              0              0              
28	0	0	87187.6        0.436452       0.436455       0.436452       0.436455       0              0              0              0              
29	0	0	87569.9        0.437622       0.437625       0.437622       0.437625       0              0              0              0              
30	0	0	87689.9        0.453327       0.438818       0.438806       0.438808       0              0              667.387        617.16         
31	0	0	87911.4        0.440001       0.440003       0.440001       0.440003       0              0              0              0              
32	0	0	88079.3        0.457742       0.441221       0.441208       0.441211       0              0              699.558        563.984        
33	0	0	88434.8        0.44243        0.442433       0.44243        0.442433       0              0              0              0              
34	0	0	88695.3        0.443667       0.443669       0.443667       0.443669       0              0              0              0              
35	0	0	88957.1        0.444918       0.44492        0.444918       0.44492        0              0              0              0              
36	0	0	89173.2        0.446182       0.446185       0.446182       0.446185       0              0              0              0              
37	0	0	89333.3        0.44746        0.447463       0.44746        0.447463       0              0              0              0              
38	0	0	89658.5        0.448754       0.448756       0.448754       0.448756       0              0              0              0              
39	0	0	90000.8        0.450063       0.450065       0.450063       0.450065       0              0              0              0              
40	0	0	90154.6        0.451387       0.451389       0.451387       0.451389       0              0              0              0              
41	0	0	90456.1        0.452727       0.452729       0.452727       0.452729       0              0              0              0              
42	0	0	90818.4        0.454083       0.454085       0.454083       0.454085       0              0              0              0              
43	0	0	90965.8        0.455455       0.455457       0.455455       0.455457       0              0              0              0              
44	0	0	91274.9        0.456844       0.456846       0.456844       0.456846       0              0              0              0              
45	0	0	91584.6        0.458249       0.458252       0.458249       0.458252       0              0              0              0              
46	0	0	91836.1        0.459672       0.459675       0.459672       0.459675       0              0              0              0              
47	0	0	92164.2        0.461115       0.461117       0.461115       0.461117       0              0              0              0              
48	0	0	92506.4        0.462574       0.462577       0.462574       0.462577       0              0              0              0              
49	0	0	92697          0.464053       0.464054       0.464053       0.464054       0              0              0              0              
50	0	0	93002.5        0.465548       0.46555        0.465548       0.46555        0              0              0              0              
51	0	0	93321.5        0.467064       0.467066       0.467064       0.467066       0              0              0              0              
52	0	0	93623.9        0.4686         0.468601       0.4686         0.468601       0              0              0              0              
53	0	0	93878.9        0.470154       0.470155       0.470154       0.470155       0              0              0              0              
54	0	0	94287.9        0.471731       0.471731       0.471731       0.471731       0              0              0              0              
55	0	0	94567.7        0.473329       0.473328       0.473329       0.473328       0              0              0              0              
56	0	0	94943.6        0.474949       0.474947       0.474949       0.474947       0              0              0              0              
57	0	0	95200.4        0.476588       0.476587       0.476588       0.476587       0              0              0              0              
58	0	0	95586.4        0.478251       0.47825        0.478251       0.47825        0              0              0              0              
59	0	0	95934.2        0.479936       0.479936       0.479936       0.479936       0              0              0              0              
60	0	0	96221.1        0.481646       0.481646       0.481646       0.481646       0              0              0              0              
61	0	0	96515.8        0.48338        0.483378       0.48338        0.483378       0              0              0              0              
62	0	0	96938.8        0.485136       0.485135       0.485136       0.485135       0              0              0              0              
63	0	0	97231          0.48692        0.486917       0.48692        0.486917       0              0              0              0              
64	0	0	97585.4        0.488724       0.488724       0.488724       0.488724       0              0              0              0              
65	0	0	97979.4        0.490558       0.490559       0.490558       0.490559       0              0              0              0              
66	0	0	98417.3        0.492422       0.492421       0.492422       0.492421       0              0              0              0              
67	0	0	98740.8        0.494313       0.49431        0.494313       0.49431        0              0              0              0              
68	0	0	99142.1        0.578238       0.496268       0.496229       0.496228       0              0              1056.1         919.967        
69	0	0	99514.3        0.498177       0.498175       0.498177       0.498175       0              0              0              0              
70	0	0	99939.7        0.507302       0.500158       0.500155       0.500151       0              0              544.526        472.278        
71	0	0	100364         0.522787       0.502176       0.502163       0.50216        0              0              627.997        513.914        
72	0	0	100712         0.509942       0.504204       0.5042         0.504199       0              0              503.904        423.818        
73	0	0	101209         0.506275       0.50627        0.506275       0.50627        0              0              0              0              
74	0	0	101523         0.508377       0.508374       0.508377       0.508374       0              0              0              0              
75	0	0	101949         0.510517       0.510511       0.510517       0.510511       0              0              0              0              
76	0	0	102396         0.512686       0.512683       0.512686       0.512683       0              0              0              0              
77	0	0	102871         0.514895       0.514891       0.514895       0.514891       0              0              0              0              
78	0	0	103294         0.517141       0.517136       0.517141       0.517136       0              0              0              0              
79	0	0	103791         0.519426       0.519419       0.519426       0.519419       0              0              0              0              
80	0	0	104240         0.521745       0.521742       0.521745       0.521742       0              0              0              0              
81	0	0	104713         0.524112       0.524103       0.524112       0.524103       0              0              0              0              
82	0	0	105169         0.534152       0.526603       0.526513       0.526507       7.85751        4.67615        527.77         464.524        
83	0	0	105655         0.528963       0.528952       0.528963       0.528952       0              0              0              0              
84	0	0	106177         0.531451       0.531441       0.531451       0.531441       0              0              0              0              
85	0	0	106611         0.533984       0.533974       0.533984       0.533974       0              0              0              0              
86	0	0	107134         0.536564       0.536553       0.536564       0.536553       0              0              0              0              
87	0	0	107713         0.539192       0.539181       0.539192       0.539181       0              0              0              0              
88	0	0	108286         0.54187        0.541858       0.54187        0.541858       0              0              0              0              
89	0	0	108778         0.544599       0.544587       0.544599       0.544587       0              0              0              0              
90	0	0	109267         0.547381       0.547365       0.547381       0.547365       0              0              0              0              
91	0	0	109932         0.550213       0.550199       0.550213       0.550199       0              0              0              0              
92	0	0	110456         0.558817       0.553094       0.553103       0.553088       0              0              520.669        434.894        
93	0	0	111113         0.556054       0.556036       0.556054       0.556036       0              0              0              0              
94	0	0	111669         0.559062       0.559044       0.559062       0.559044       0              0              0              0              
95	0	0	112332         0.562133       0.562113       0.562133       0.562113       0              0              0              0              
96	0	0	112882         0.56979        0.565255       0.565268       0.565246       0              0              479.36         428.218        
97	0	0	113495         0.568465       0.568443       0.568465       0.568443       0              0              0              0              
98	0	0	114175         0.571734       0.571709       0.571734       0.571709       0              0              0              0              
99	0	0	114954         0.575073       0.575048       0.575073       0.575048       0              0              0              0              
100	0	0	115473         0.578484       0.578459       0.578484       0.578459       0              0              0              0              
101	0	0	116220         0.581975       0.581944       0.581975       0.581944       0              0              0              0              
102	0	0	116887         0.58554        0.585509       0.58554        0.585509       0              0              0              0              
103	0	0	117661         0.58919        0.589156       0.58919        0.589156       0              0              0              0              
104	0	0	118411         0.59292        0.592888       0.59292        0.592888       0              0              0              0              
105	0	0	119066         0.596744       0.596707       0.596744       0.596707       0              0              0              0              
106	0	0	119958         0.600659       0.60062        0.600659       0.60062        0              0              0              0              
107	0	0	120734         0.604667       0.604628       0.604667       0.604628       0              0              0              0              
108	0	0	121612         0.609908       0.608816       0.608785       0.608741       8.3328         3.67583        0              0              
109	0	0	122433         0.613024       0.612965       0.613007       0.612956       1.22051        1.22036        0              0              
110	0	0	123221         0.61735        0.617287       0.617328       0.617277       1.29542        1.29526        0              0              
111	0	0	124089         0.621796       0.621721       0.621769       0.62171        1.39378        1.39412        0              0              
112	0	0	125073         0.631101       0.62628        0.626322       0.626261       1.5206         1.51836        509.029        373.387        
113	0	0	125903         0.631042       0.630951       0.631002       0.630936       1.68637        1.68554        0              0              
114	0	0	127069         0.639366       0.635767       0.635824       0.635743       1.9306         1.92878        456.191        410.938        
115	0	0	128061         0.640854       0.640714       0.640765       0.640689       2.35043        2.34139        0              0              
116	0	0	129077         0.646095       0.645818       0.64587        0.645777       3.50814        3.42585        0              0              
117	0	0	130272         0.658894       0.65107        0.651116       0.651018       13.1537        8.72707        589.868        558.124        
118	0	0	131262         0.656524       0.656417       0.656524       0.656417       0              0              0              0              
119	0	0	132446         0.6621         0.661981       0.6621         0.661981       0              0              0              0              
120	0	0	133613         0.67733        0.66773        0.667852       0.667722       0              0              669.478        574.48         
121	0	0	134805         0.677771       0.673652       0.673795       0.673647       0              0              491.132        405.046        
122	0	0	136003         0.679959       0.679766       0.679959       0.679766       0              0              0              0              
123	0	0	137308         0.686557       0.686109       0.686557       0.686109       0              0              0              0              
124	0	0	138510         0.693334       0.692609       0.693334       0.692609       0              0              0              0              
125	0	0	139911         0.719686       0.699373       0.699502       0.699347       0              0              602.958        531.031        
126	0	0	141306         0.70652        0.706347       0.70652        0.706347       0              0              0              0              
127	0	0	142788         0.713809       0.713607       0.713809       0.713607       0              0              0              0              
128	0	0	144235         0.725766       0.721147       0.721391       0.72114        0              0              519.989        458.945        
129	0	0	145842         0.729444       0.728981       0.729444       0.728981       0              0              0              0              
130	0	0	147517         0.737922       0.737081       0.737922       0.737081       0              0              0              0              
131	0	0	149282         0.745746       0.745513       0.745746       0.745513       0              0              0              0              
132	0	0	150957         0.75458        0.754324       0.75458        0.754324       0              0              0              0              
133	0	0	152798         0.763789       0.763511       0.763789       0.763511       0              0              0              0              
134	0	0	154804         0.773418       0.773106       0.773418       0.773106       0              0              0              0              
135	0	0	156842         0.783481       0.783143       0.783481       0.783143       0              0              0              0              
136	0	0	158867         0.79402        0.793649       0.79402        0.793649       0              0              0              0              
137	0	0	161085         0.805074       0.804663       0.805074       0.804663       0              0              0              0              
138	0	0	163460         0.816692       0.816235       0.816692       0.816235       0              0              0              0              
139	0	0	165838         0.828924       0.828408       0.828924       0.828408       0              0              0              0              
140	0	0	168465         0.841844       0.841242       0.841844       0.841242       0              0              0              0              
141	0	0	171168         0.856075       0.854817       0.856075       0.854817       0              0              0              0              
142	0	0	174110         0.869766       0.869096       0.869766       0.869096       0              0              0              0              
143	0	0	177116         0.88504        0.884302       0.88504        0.884302       0              0              0              0              
144	0	0	180366         0.901308       0.90047        0.901308       0.90047        0              0              0              0              
145	0	0	183758         0.924135       0.917709       0.91866        0.9177         0              0              615.917        461.154        
146	0	0	187561         0.937226       0.936127       0.937226       0.936127       0              0              0              0              
147	0	0	191492         0.957152       0.955899       0.957152       0.955899       0              0              0              0              
148	0	0	195754         0.978634       0.977179       0.978634       0.977179       0              0              0              0              
149	0	0	200441         1.00185        1.00019        1.00185        1.00019        0              0              0              0              
150	0	0	205473         1.02711        1.02517        1.02711        1.02517        0              0              0              0              
151	0	0	210850         1.0616         1.05243        1.05472        1.05242        0              0              697.743        531.592        
152	0	0	216933         1.08506        1.08232        1.08506        1.08232        0              0              0              0              
153	0	0	223526         1.1187         1.11535        1.1187         1.11535        0              0              0              0              
154	0	0	230990         1.16079        1.15215        1.15672        1.15214        0              0              600.918        538.409        
155	0	0	239260         1.1993         1.19339        1.1993         1.19339        0              0              0              0              
156	0	0	248647         1.24652        1.2401         1.24652        1.2401         0              0              0              0              
157	0	0	259445         1.30432        1.29391        1.3027         1.29391        0              0              446.502        376.158        
158	0	0	272095         1.37534        1.35674        1.36837        1.35673        0              0              607.558        525.476        
159	0	0	287246         1.45207        1.43189        1.45049        1.43188        0              0              459.016        376.81         
160	0	0	305780         1.55618        1.52435        1.55618        1.52435        2.86831        2.86831        0              0              
161	0	0	329659         1.70706        1.64317        1.70562        1.64314        3.84387        3.74035        465.71         465.71         
162	0	0	361812         1.96447        1.8065         1.96413        1.80644        9.13474        5.84915        0              0              
163	0	0	406823         2.43531        2.04367        2.4351         2.04365        16.9439        12.0927        0              0              
164	0	0	465919         3.28364        2.39598        3.28161        2.39597        0              0              469.856        410.719        
165	0	0	522609         4.4764         2.87642        4.47531        2.87641        0              0              502.439        445.159        
166	0	0	545755         5.90839        3.49304        5.90839        3.49304        0              0              0              0              
167	0	0	488791         7.38683        4.18838        7.38516        4.18837        0              0              568.043        482.118        
168	0	0	355848         8.80675        4.94269        8.80675        4.94269        0              0              0              0              
169	0	0	196561         10.1695        5.70848        10.1674        5.70845        0              0              450.279        397.375        
170	0	0	78893.3        11.3114        6.40934        11.3114        6.40934        0              0              0              0              
171	0	0	23124.8        12.3957        7.1434         12.3957        7.1434         0              0              0              0              
172	0	0	4532.93        13.3477        7.797          13.3477        7.797          0              0              0              0              
173	0	0	615.301        14.2506        8.71018        14.2506        8.71018        0              0              0              0              
174	0	0	39.3993        16.6503        10.6233        16.6503        10.6233        0              0              0              0              
175	0	0	0              0              0              0              0              0              0              0              0              
176	0	0	0              0              0              0              0              0              0              0              0              
177	0	0	0              0              0              0              0              0              0              0              0              
178	0	0	0              0              0              0              0              0              0              0              0              
179	0	0	0              0              0              0              0              0              0              0              0              
180	0	0	0              0              0              0              0              0              0              0              0              
181	0	0	0              0              0              0              0              0              0              0              0              
182	0	0	0              0              0              0              0              0              0              0              0              
183	0	0	0              0              0              0              0              0              0              0              0              
184	0	0	0              0              0              0              0              0              0              0              0              
185	0	0	0              0              0              0              0              0              0              0              0              
186	0	0	0              0              0              0              0              0              0              0              0              
187	0	0	0              0              0              0              0              0              0              0              0              
188	0	0	0              0              0              0              0              0              0              0              0              
189	0	0	0              0              0              0              0              0              0              0              0              
190	0	0	0              0              0              0              0              0              0              0              0              
191	0	0	0              0              0              0              0              0              0              0              0              
192	0	0	0              0              0              0              0              0              0              0              0              
193	0	0	0              0              0              0              0              0              0              0              0              
194	0	0	0              0              0              0              0              0              0              0              0              
195	0	0	0              0              0              0              0              0              0              0              0              
196	0	0	0              0              0              0              0              0              0              0              0              
197	0	0	0              0              0              0              0              0              0              0              0              
198	0	0	0              0              0              0              0              0              0              0              0              
199	0	0	0              0              0              0              0              0              0              0              0              