i	j	k	Dose           LDT            LTT            proton_1_D     proton_1_T     proton_D       proton_T       O16_D          O16_T          

0	0	0	80273.4        0.401777       0.401779       0.401777       0.401779       0              0              0              0              
1	0	0	80460          0.402606       0.402609       0.402606       0.402609       0              0              0              0              
2	0	0	80642.1        0.403444       0.403446       0.403444       0.403446       0              0              0              0              
3	0	0	80773.2        0.404288       0.40429        0.404288       0.40429        0              0              0              0              
4	0	0	81029.4        0.40514        0.405142       0.40514        0.405142       0              0              0              0              
5	0	0	81157.5        0.406          0.406002       0.406          0.406002       0              0              0              0              
6	0	0	81275.5        0.406867       0.406869       0.406867       0.406869       0              0              0              0              
7	0	0	81456          0.407742       0.407744       0.407742       0.407744       0              0              0              0              
8	0	0	81653.8        0.414982       0.408634       0.408624       0.408627       0              0              482.084        390.876        
9	0	0	81910.4        0.417144       0.409524       0.409515       0.409518       0              0              518.425        444.191        
10	0	0	82028          0.419613       0.410425       0.410415       0.410418       0              0              554.594        515.991        
11	0	0	82275.9        0.411323       0.411325       0.411323       0.411325       0              0              0              0              
12	0	0	82343.9        0.41224        0.412241       0.41224        0.412241       0              0              0              0              
13	0	0	82483.1        0.413162       0.413165       0.413162       0.413165       0              0              0              0              
14	0	0	82782.9        0.414095       0.414098       0.414095       0.414098       0              0              0              0              
15	0	0	82893.4        0.415038       0.415039       0.415038       0.415039       0              0              0              0              
16	0	0	83102.3        0.415988       0.41599        0.415988       0.41599        0              0              0              0              
17	0	0	83254.4        0.416946       0.416949       0.416946       0.416949       0              0              0              0              
18	0	0	83557.8        0.417916       0.417918       0.417916       0.417918       0              0              0              0              
19	0	0	83702.1        0.418895       0.418897       0.418895       0.418897       0              0              0              0              
20	0	0	83916.6        0.419883       0.419885       0.419883       0.419885       0              0              0              0              
21	0	0	84114.6        0.42088        0.420883       0.42088        0.420883       0              0              0              0              
22	0	0	84366.8        0.421889       0.421891       0.421889       0.421891       0              0              0              0              
23	0	0	84568.8        0.422907       0.422909       0.422907       0.422909       0              0              0              0              
24	0	0	84796.4        0.423935       0.423938       0.423935       0.423938       0              0              0              0              
25	0	0	84915.6        0.424973       0.424976       0.424973       0.424976       0              0              0              0              
26	0	0	85118.6        0.426022       0.426025       0.426022       0.426025       0              0              0              0              
27	0	0	85362.6        0.427083       0.427084       0.427083       0.427084       0              0              0              0              
28	0	0	85525.1        0.428152       0.428154       0.428152       0.428154       0              0              0              0              
29	0	0	85789.8        0.429234       0.429236       0.429234       0.429236       0              0              0              0              
30	0	0	85960.9        0.430326       0.430328       0.430326       0.430328       0              0              0              0              
31	0	0	86229.3        0.431429       0.431432       0.431429       0.431432       0              0              0              0              
32	0	0	86560.3        0.432545       0.432548       0.432545       0.432548       0              0              0              0              
33	0	0	86569.9        0.433673       0.433676       0.433673       0.433676       0              0              0              0              
34	0	0	86843.2        0.434813       0.434814       0.434813       0.434814       0              0              0              0              
35	0	0	87081.9        0.435964       0.435965       0.435964       0.435965       0              0              0              0              
36	0	0	87433.1        0.437129       0.43713        0.437129       0.43713        0              0              0              0              
37	0	0	87592.4        0.438305       0.438307       0.438305       0.438307       0              0              0              0              
38	0	0	87822.9        0.439495       0.439497       0.439495       0.439497       0              0              0              0              
39	0	0	88074          0.441214       0.440766       0.4407         0.4407         3.44894        3.25038        0              0              
40	0	0	88265.9        0.443184       0.441953       0.441915       0.441916       14.9377        9.91781        0              0              
41	0	0	88629.4        0.443145       0.443147       0.443145       0.443147       0              0              0              0              
42	0	0	88813.7        0.44439        0.444391       0.44439        0.444391       0              0              0              0              
43	0	0	89099.4        0.445648       0.44565        0.445648       0.44565        0              0              0              0              
44	0	0	89265.6        0.460381       0.446931       0.446922       0.446923       0              0              657.66         556.862        
45	0	0	89611.1        0.44821        0.44821        0.44821        0.44821        0              0              0              0              
46	0	0	89846.3        0.449511       0.449513       0.449511       0.449513       0              0              0              0              
47	0	0	90087.9        0.457915       0.450837       0.450831       0.450831       0              0              522.772        436.392        
48	0	0	90326.4        0.452163       0.452164       0.452163       0.452164       0              0              0              0              
49	0	0	90666.7        0.453512       0.453514       0.453512       0.453514       0              0              0              0              
50	0	0	90904.6        0.454878       0.454879       0.454878       0.454879       0              0              0              0              
51	0	0	91236.6        0.45626        0.456261       0.45626        0.456261       0              0              0              0              
52	0	0	91445.7        0.45766        0.457661       0.45766        0.457661       0              0              0              0              
53	0	0	91746.4        0.459076       0.459077       0.459076       0.459077       0              0              0              0              
54	0	0	92046.2        0.460511       0.460511       0.460511       0.460511       0              0              0              0              
55	0	0	92209.9        0.461962       0.461961       0.461962       0.461961       0              0              0              0              
56	0	0	92535.3        0.463432       0.46343        0.463432       0.46343        0              0              0              0              
57	0	0	92808.7        0.464919       0.464917       0.464919       0.464917       0              0              0              0              
58	0	0	93251          0.466424       0.466424       0.466424       0.466424       0              0              0              0              
59	0	0	93442.5        0.473765       0.467956       0.467951       0.467951       0              0              493.26         405.257        
60	0	0	93807.5        0.473988       0.469503       0.469498       0.469498       0              0              447.626        401.759        
61	0	0	94099.9        0.488155       0.471081       0.471067       0.471065       0              0              575.675        439.763        
62	0	0	94373.3        0.472654       0.472652       0.472654       0.472652       0              0              0              0              
63	0	0	94749.7        0.474263       0.474261       0.474263       0.474261       0              0              0              0              
64	0	0	95096.5        0.475893       0.475892       0.475893       0.475892       0              0              0              0              
65	0	0	95395.1        0.477546       0.477544       0.477546       0.477544       0              0              0              0              
66	0	0	95753.1        0.479224       0.47922        0.479224       0.47922        0              0              0              0              
67	0	0	96132.3        0.480921       0.48092        0.480921       0.48092        0              0              0              0              
68	0	0	96447.4        0.482645       0.482643       0.482645       0.482643       0              0              0              0              
69	0	0	96861.8        0.484394       0.484391       0.484394       0.484391       0              0              0              0              
70	0	0	97088.4        0.486166       0.486164       0.486166       0.486164       0              0              0              0              
71	0	0	97490.9        0.487964       0.487961       0.487964       0.487961       0              0              0              0              
72	0	0	97849.3        0.528222       0.489804       0.489786       0.489784       0              0              921.763        813.533        
73	0	0	98132.7        0.491636       0.491634       0.491636       0.491634       0              0              0              0              
74	0	0	98655.7        0.493517       0.493512       0.493517       0.493512       0              0              0              0              
75	0	0	99019.7        0.495421       0.495418       0.495421       0.495418       0              0              0              0              
76	0	0	99374.5        0.497357       0.497353       0.497357       0.497353       0              0              0              0              
77	0	0	99729.2        0.516565       0.499333       0.499322       0.499317       0              0              585.714        513.848        
78	0	0	100062         0.501318       0.50131        0.501318       0.50131        0              0              0              0              
79	0	0	100570         0.50334        0.503335       0.50334        0.503335       0              0              0              0              
80	0	0	100940         0.505401       0.505392       0.505401       0.505392       0              0              0              0              
81	0	0	101349         0.507489       0.507482       0.507489       0.507482       0              0              0              0              
82	0	0	101807         0.509611       0.509605       0.509611       0.509605       0              0              0              0              
83	0	0	102174         0.51177        0.511761       0.51177        0.511761       0              0              0              0              
84	0	0	102776         0.521735       0.513963       0.513964       0.513956       0              0              566.375        456.299        
85	0	0	103131         0.516197       0.516187       0.516197       0.516187       0              0              0              0              
86	0	0	103631         0.518464       0.518454       0.518464       0.518454       0              0              0              0              
87	0	0	104097         0.520771       0.520761       0.520771       0.520761       0              0              0              0              
88	0	0	104502         0.523117       0.523107       0.523117       0.523107       0              0              0              0              
89	0	0	104947         0.525502       0.525492       0.525502       0.525492       0              0              0              0              
90	0	0	105493         0.527931       0.527919       0.527931       0.527919       0              0              0              0              
91	0	0	105994         0.536586       0.530397       0.530405       0.530391       0              0              527.877        441.688        
92	0	0	106467         0.532922       0.532907       0.532922       0.532907       0              0              0              0              
93	0	0	107011         0.539757       0.535473       0.535481       0.535467       0              0              461.557        387.287        
94	0	0	107450         0.538093       0.538075       0.538093       0.538075       0              0              0              0              
95	0	0	108086         0.540751       0.540733       0.540751       0.540733       0              0              0              0              
96	0	0	108551         0.543458       0.543439       0.543458       0.543439       0              0              0              0              
97	0	0	109164         0.560355       0.546212       0.546216       0.546198       0              0              572.028        445.172        
98	0	0	109612         0.549028       0.54901        0.549028       0.54901        0              0              0              0              
99	0	0	110223         0.551895       0.551875       0.551895       0.551875       0              0              0              0              
100	0	0	110798         0.562163       0.554807       0.554822       0.554798       0              0              567.251        459.056        
101	0	0	111478         0.557801       0.557781       0.557801       0.557781       0              0              0              0              
102	0	0	112002         0.560843       0.560823       0.560843       0.560823       0              0              0              0              
103	0	0	112659         0.563953       0.563929       0.563953       0.563929       0              0              0              0              
104	0	0	113413         0.567129       0.567102       0.567129       0.567102       0              0              0              0              
105	0	0	113946         0.570371       0.570343       0.570371       0.570343       0              0              0              0              
106	0	0	114576         0.573678       0.57365        0.573678       0.57365        0              0              0              0              
107	0	0	115275         0.577063       0.57703        0.577063       0.57703        0              0              0              0              
108	0	0	115925         0.580521       0.580486       0.580521       0.580486       0              0              0              0              
109	0	0	116654         0.584055       0.584018       0.584055       0.584018       0              0              0              0              
110	0	0	117335         0.587668       0.587631       0.587668       0.587631       0              0              0              0              
111	0	0	118041         0.591372       0.591327       0.591372       0.591327       0              0              0              0              
112	0	0	118786         0.601029       0.595114       0.595147       0.595109       0              0              543.688        443.309        
113	0	0	119607         0.599027       0.598983       0.599027       0.598983       0              0              0              0              
114	0	0	120400         0.602999       0.602951       0.602999       0.602951       0              0              0              0              
115	0	0	121218         0.607244       0.607056       0.607067       0.607019       2.81445        2.76289        0              0              
116	0	0	121896         0.612312       0.611244       0.611239       0.611183       10.2177        6.41086        0              0              
117	0	0	122984         0.624704       0.615467       0.615516       0.615458       0              0              641.135        580.901        
118	0	0	123768         0.623321       0.619851       0.619909       0.619846       0              0              447.797        379.888        
119	0	0	124671         0.624417       0.624349       0.624417       0.624349       0              0              0              0              
120	0	0	125654         0.629044       0.628974       0.629044       0.628974       0              0              0              0              
121	0	0	126596         0.638507       0.633733       0.633804       0.633728       0              0              509.895        418.477        
122	0	0	127581         0.638697       0.638613       0.638697       0.638613       0              0              0              0              
123	0	0	128632         0.643734       0.64364        0.643734       0.64364        0              0              0              0              
124	0	0	129732         0.648911       0.648815       0.648911       0.648815       0              0              0              0              
125	0	0	130823         0.654246       0.654145       0.654246       0.654145       0              0              0              0              
126	0	0	131939         0.659747       0.659638       0.659747       0.659638       0              0              0              0              
127	0	0	133165         0.66542        0.665304       0.66542        0.665304       0              0              0              0              
128	0	0	134216         0.671259       0.671147       0.671259       0.671147       0              0              0              0              
129	0	0	135492         0.677308       0.677178       0.677308       0.677178       0              0              0              0              
130	0	0	136708         0.686723       0.683413       0.683548       0.683408       0              0              452.439        383.92         
131	0	0	138034         0.698082       0.689857       0.690001       0.689849       0              0              639.407        560.427        
132	0	0	139381         0.696671       0.696514       0.696671       0.696514       0              0              0              0              
133	0	0	140724         0.703589       0.703412       0.703589       0.703412       0              0              0              0              
134	0	0	142119         0.713905       0.710564       0.710747       0.710559       0              0              458.28         399.522        
135	0	0	143708         0.718179       0.717973       0.718179       0.717973       0              0              0              0              
136	0	0	145230         0.725891       0.725671       0.725891       0.725671       0              0              0              0              
137	0	0	146874         0.73391        0.733672       0.73391        0.733672       0              0              0              0              
138	0	0	148594         0.742253       0.741995       0.742253       0.741995       0              0              0              0              
139	0	0	150288         0.750943       0.750662       0.750943       0.750662       0              0              0              0              
140	0	0	152076         0.765002       0.759702       0.760016       0.759695       0              0              557.891        452.713        
141	0	0	154008         0.769482       0.769126       0.769482       0.769126       0              0              0              0              
142	0	0	155960         0.779373       0.778984       0.779373       0.778984       0              0              0              0              
143	0	0	157997         0.792532       0.789303       0.789763       0.789298       0              0              454.056        379.924        
144	0	0	160244         0.801284       0.800132       0.801284       0.800132       0              0              0              0              
145	0	0	162501         0.811897       0.81142        0.811897       0.81142        0              0              0              0              
146	0	0	164840         0.823865       0.823342       0.823865       0.823342       0              0              0              0              
147	0	0	167422         0.836485       0.835899       0.836485       0.835899       0              0              0              0              
148	0	0	170053         0.84981        0.849151       0.84981        0.849151       0              0              0              0              
149	0	0	172935         0.866717       0.863169       0.863895       0.863164       0              0              473.216        393.435        
150	0	0	175900         0.87884        0.878017       0.87884        0.878017       0              0              0              0              
151	0	0	179054         0.897414       0.893803       0.894754       0.893798       0              0              468.842        390.312        
152	0	0	182387         0.915317       0.910633       0.912301       0.910627       0              0              494.637        387.526        
153	0	0	186059         0.942195       0.928534       0.929702       0.928515       0              0              646.413        550.755        
154	0	0	189848         0.949694       0.94778        0.949685       0.947774       1.54736        1.54804        0              0              
155	0	0	193988         0.973358       0.968399       0.969897       0.968382       1.68192        1.68288        529.888        415            
156	0	0	198602         0.992529       0.990708       0.992505       0.990695       1.90557        1.90509        0              0              
157	0	0	203435         1.01744        1.01489        1.0174         1.01487        2.27535        2.26779        0              0              
158	0	0	208692         1.04648        1.04118        1.04349        1.04115        3.05714        3.00701        512.826        455.236        
159	0	0	214458         1.07333        1.07001        1.07275        1.06996        10.8552        6.77044        0              0              
160	0	0	220814         1.10505        1.1017         1.10505        1.1017         0              0              0              0              
161	0	0	227895         1.14622        1.13693        1.14102        1.13692        0              0              508.776        448.595        
162	0	0	235822         1.18138        1.17633        1.18138        1.17633        0              0              0              0              
163	0	0	244829         1.22735        1.22088        1.22735        1.22088        0              0              0              0              
164	0	0	255045         1.28133        1.27187        1.28133        1.27187        0              0              0              0              
165	0	0	266858         1.34233        1.33088        1.34233        1.33088        0              0              0              0              
166	0	0	281010         1.41752        1.40093        1.41752        1.40093        0              0              0              0              
167	0	0	298092         1.51456        1.48625        1.51253        1.48624        0              0              512.388        459.505        
168	0	0	319887         1.64658        1.59459        1.64658        1.59459        0              0              0              0              
169	0	0	348820         1.86372        1.74021        1.86372        1.74021        0              0              0              0              
170	0	0	388885         2.27904        1.94913        2.27904        1.94913        0              0              0              0              
171	0	0	441002         2.96341        2.24812        2.96341        2.24812        0              0              0              0              
172	0	0	499346         4.03048        2.67301        4.03048        2.67301        0              0              0              0              
173	0	0	534499         5.32564        3.21149        5.32471        3.21148        0              0              478.748        429.178        
174	0	0	510598         6.75106        3.84684        6.75023        3.84683        0              0              450.048        377.603        
175	0	0	407934         8.04616        4.50887        8.04616        4.50887        0              0              0              0              
176	0	0	263172         9.37317        5.22325        9.37317        5.22325        0              0              0              0              
177	0	0	130077         10.5156        5.91294        10.5156        5.91294        0              0              0              0              
178	0	0	47885.1        11.5987        6.60011        11.5987        6.60011        0              0              0              0              
179	0	0	12810.1        12.6646        7.33652        12.6646        7.33652        0              0              0              0              
180	0	0	2163.44        13.3737        7.66168        13.3737        7.66168        0              0              0              0              
181	0	0	331.606        14.2198        8.46251        14.2198        8.46251        0              0              0              0              
182	0	0	30.7332        11.7444        6.9717         11.7444        6.9717         0              0              0              0              
183	0	0	8.30532        14.05          9.33856        14.05          9.33856        0              0              0              0              
184	0	0	0              0              0              0              0              0              0              0              0              
185	0	0	0              0              0              0              0              0              0              0              0              
186	0	0	0              0              0              0              0              0              0              0              0              
187	0	0	0              0              0              0              0              0              0              0              0              
188	0	0	0              0              0              0              0              0              0              0              0              
189	0	0	0              0              0              0              0              0              0              0              0              
190	0	0	0              0              0              0              0              0              0              0              0              
191	0	0	0              0              0              0              0              0              0              0              0              
192	0	0	0              0              0              0              0              0              0              0              0              
193	0	0	0              0              0              0              0              0              0              0              0              
194	0	0	0              0              0              0              0              0              0              0              0              
195	0	0	0              0              0              0              0              0              0              0              0              
196	0	0	0              0              0              0              0              0              0              0              0              
197	0	0	0              0              0              0              0              0              0              0              0              
198	0	0	0              0              0              0              0              0              0              0              0              
199	0	0	0              0              0              0              0              0              0              0              0              