i	j	k	Dose           LDT            LTT            proton_1_D     proton_1_T     proton_D       proton_T       O16_D          O16_T          O18_D          O18_T          

0	0	0	82856.2        0.427211       0.414793       0.41478        0.414783       0              0              616.581        500.767        0              0              
1	0	0	83019.5        0.415728       0.415731       0.415728       0.415731       0              0              0              0              0              0              
2	0	0	83277.3        0.422715       0.416694       0.416685       0.416688       0              0              477.924        419.037        0              0              
3	0	0	83418          0.417651       0.417655       0.417651       0.417655       0              0              0              0              0              0              
4	0	0	83714.4        0.418627       0.41863        0.418627       0.41863        0              0              0              0              0              0              
5	0	0	83821.8        0.419612       0.419616       0.419612       0.419616       0              0              0              0              0              0              
6	0	0	84041.7        0.420608       0.420611       0.420608       0.420611       0              0              0              0              0              0              
7	0	0	84329.9        0.421613       0.421617       0.421613       0.421617       0              0              0              0              0              0              
8	0	0	84466.1        0.422629       0.422632       0.422629       0.422632       0              0              0              0              0              0              
9	0	0	84651.7        0.423654       0.423657       0.423654       0.423657       0              0              0              0              0              0              
10	0	0	84816.3        0.424688       0.424692       0.424688       0.424692       0              0              0              0              0              0              
11	0	0	85060.5        0.425734       0.425737       0.425734       0.425737       0              0              0              0              0              0              
12	0	0	85292.5        0.42679        0.426793       0.42679        0.426793       0              0              0              0              0              0              
13	0	0	85524.8        0.427857       0.427861       0.427857       0.427861       0              0              0              0              0              0              
14	0	0	85793.3        0.428937       0.428939       0.428937       0.428939       0              0              0              0              0              0              
15	0	0	85964.1        0.430026       0.43003        0.430026       0.43003        0              0              0              0              0              0              
16	0	0	86034.4        0.438464       0.431138       0.431126       0.43113        0              0              516.76         436.201        0              0              
17	0	0	86342.3        0.432238       0.432241       0.432238       0.432241       0              0              0              0              0              0              
18	0	0	86515.6        0.43336        0.433364       0.43336        0.433364       0              0              0              0              0              0              
19	0	0	86726.6        0.434496       0.434499       0.434496       0.434499       0              0              0              0              0              0              
20	0	0	87036.1        0.435643       0.435647       0.435643       0.435647       0              0              0              0              0              0              
21	0	0	87199.6        0.436804       0.436807       0.436804       0.436807       0              0              0              0              0              0              
22	0	0	87534.6        0.437976       0.43798        0.437976       0.43798        0              0              0              0              0              0              
23	0	0	87727.4        0.439163       0.439166       0.439163       0.439166       0              0              0              0              0              0              
24	0	0	87998.2        0.440362       0.440365       0.440362       0.440365       0              0              0              0              0              0              
25	0	0	88172.6        0.441574       0.441577       0.441574       0.441577       0              0              0              0              0              0              
26	0	0	88477.7        0.442799       0.442803       0.442799       0.442803       0              0              0              0              0              0              
27	0	0	88738.2        0.44404        0.444043       0.44404        0.444043       0              0              0              0              0              0              
28	0	0	88967.3        0.445294       0.445297       0.445294       0.445297       0              0              0              0              0              0              
29	0	0	89303.8        0.446562       0.446566       0.446562       0.446566       0              0              0              0              0              0              
30	0	0	89422.8        0.447845       0.447849       0.447845       0.447849       0              0              0              0              0              0              
31	0	0	89693.1        0.449144       0.449146       0.449144       0.449146       0              0              0              0              0              0              
32	0	0	90015.3        0.450457       0.450459       0.450457       0.450459       0              0              0              0              0              0              
33	0	0	90229.2        0.451784       0.451788       0.451784       0.451788       0              0              0              0              0              0              
34	0	0	90483.5        0.45313        0.453131       0.45313        0.453131       0              0              0              0              0              0              
35	0	0	90789.4        0.464586       0.454498       0.454489       0.454491       0              0              598.853        475.163        0              0              
36	0	0	91119          0.455866       0.455869       0.455866       0.455869       0              0              0              0              0              0              
37	0	0	91431.6        0.45726        0.457264       0.45726        0.457264       0              0              0              0              0              0              
38	0	0	91647.2        0.465224       0.458681       0.458673       0.458675       0              0              510.801        437.528        0              0              
39	0	0	91908          0.460101       0.460103       0.460101       0.460103       0              0              0              0              0              0              
40	0	0	92233.5        0.461547       0.461549       0.461547       0.461549       0              0              0              0              0              0              
41	0	0	92463.4        0.46301        0.463013       0.46301        0.463013       0              0              0              0              0              0              
42	0	0	92731.6        0.464493       0.464495       0.464493       0.464495       0              0              0              0              0              0              
43	0	0	93137.8        0.465996       0.465997       0.465996       0.465997       0              0              0              0              0              0              
44	0	0	93413.1        0.467517       0.467519       0.467517       0.467519       0              0              0              0              0              0              
45	0	0	93725.1        0.469059       0.46906        0.469059       0.46906        0              0              0              0              0              0              
46	0	0	94069.3        0.470619       0.470621       0.470619       0.470621       0              0              0              0              0              0              
47	0	0	94354.9        0.483271       0.472215       0.472202       0.472204       0              0              486.266        408.374        0              0              
48	0	0	94618.9        0.473803       0.473807       0.473803       0.473807       0              0              0              0              0              0              
49	0	0	94957          0.475429       0.47543        0.475429       0.47543        0              0              0              0              0              0              
50	0	0	95439.1        0.477076       0.477078       0.477076       0.477078       0              0              0              0              0              0              
51	0	0	95765.6        0.478747       0.47875        0.478747       0.47875        0              0              0              0              0              0              
52	0	0	95939          0.48044        0.480442       0.48044        0.480442       0              0              0              0              0              0              
53	0	0	96307.6        0.482157       0.482157       0.482157       0.482157       0              0              0              0              0              0              
54	0	0	96649.5        0.483895       0.483897       0.483895       0.483897       0              0              0              0              0              0              
55	0	0	97024.4        0.485658       0.485662       0.485658       0.485662       0              0              0              0              0              0              
56	0	0	97392.2        0.487453       0.487452       0.487453       0.487452       0              0              0              0              0              0              
57	0	0	97836          0.48927        0.489269       0.48927        0.489269       0              0              0              0              0              0              
58	0	0	98126.9        0.495676       0.491117       0.491115       0.491113       0              0              458.448        382.925        0              0              
59	0	0	98365.7        0.492981       0.492981       0.492981       0.492981       0              0              0              0              0              0              
60	0	0	98777          0.494878       0.494877       0.494878       0.494877       0              0              0              0              0              0              
61	0	0	99283.2        0.496803       0.496803       0.496803       0.496803       0              0              0              0              0              0              
62	0	0	99641.5        0.498761       0.498759       0.498761       0.498759       0              0              0              0              0              0              
63	0	0	100016         0.500747       0.500744       0.500747       0.500744       0              0              0              0              0              0              
64	0	0	100428         0.50276        0.50276        0.50276        0.50276        0              0              0              0              0              0              
65	0	0	100850         0.504808       0.504808       0.504808       0.504808       0              0              0              0              0              0              
66	0	0	101304         0.506889       0.506889       0.506889       0.506889       0              0              0              0              0              0              
67	0	0	101667         0.509008       0.509003       0.509008       0.509003       0              0              0              0              0              0              
68	0	0	102044         0.511153       0.51115        0.511153       0.51115        0              0              0              0              0              0              
69	0	0	102541         0.513337       0.513332       0.513337       0.513332       0              0              0              0              0              0              
70	0	0	103033         0.515553       0.515552       0.515553       0.515552       0              0              0              0              0              0              
71	0	0	103435         0.522207       0.517814       0.51781        0.517808       0              0              460.569        403.564        0              0              
72	0	0	103826         0.520107       0.520101       0.520107       0.520101       0              0              0              0              0              0              
73	0	0	104397         0.522441       0.522435       0.522441       0.522435       0              0              0              0              0              0              
74	0	0	104775         0.530569       0.524815       0.524813       0.524808       0              0              0              0              488.37         413.114        
75	0	0	105334         0.527229       0.527223       0.527229       0.527223       0              0              0              0              0              0              
76	0	0	105864         0.535072       0.529688       0.529687       0.529682       0              0              500.672        398.035        0              0              
77	0	0	106358         0.532189       0.532185       0.532189       0.532185       0              0              0              0              0              0              
78	0	0	106867         0.534736       0.534733       0.534736       0.534733       0              0              0              0              0              0              
79	0	0	107284         0.537334       0.537327       0.537334       0.537327       0              0              0              0              0              0              
80	0	0	107851         0.539976       0.539968       0.539976       0.539968       0              0              0              0              0              0              
81	0	0	108528         0.542673       0.542662       0.542673       0.542662       0              0              0              0              0              0              
82	0	0	108893         0.545415       0.545405       0.545415       0.545405       0              0              0              0              0              0              
83	0	0	109488         0.548213       0.5482         0.548213       0.5482         0              0              0              0              0              0              
84	0	0	110104         0.551062       0.551051       0.551062       0.551051       0              0              0              0              0              0              
85	0	0	110606         0.55397        0.553957       0.55397        0.553957       0              0              0              0              0              0              
86	0	0	111163         0.556929       0.55692        0.556929       0.55692        0              0              0              0              0              0              
87	0	0	111832         0.559959       0.559944       0.559959       0.559944       0              0              0              0              0              0              
88	0	0	112422         0.563049       0.56303        0.563049       0.56303        0              0              0              0              0              0              
89	0	0	113066         0.566198       0.56618        0.566198       0.56618        0              0              0              0              0              0              
90	0	0	113653         0.569417       0.569397       0.569417       0.569397       0              0              0              0              0              0              
91	0	0	114392         0.572701       0.572683       0.572701       0.572683       0              0              0              0              0              0              
92	0	0	115038         0.579735       0.576045       0.576063       0.576041       0              0              452.824        452.824        0              0              
93	0	0	115740         0.579498       0.579474       0.579498       0.579474       0              0              0              0              0              0              
94	0	0	116403         0.583005       0.582982       0.583005       0.582982       0              0              0              0              0              0              
95	0	0	117131         0.586595       0.586571       0.586595       0.586571       0              0              0              0              0              0              
96	0	0	117864         0.590271       0.590242       0.590271       0.590242       0              0              0              0              0              0              
97	0	0	118565         0.59764        0.594005       0.594029       0.593999       0              0              450.253        394.731        0              0              
98	0	0	119386         0.597873       0.597845       0.597873       0.597845       0              0              0              0              0              0              
99	0	0	120120         0.601819       0.601784       0.601819       0.601784       0              0              0              0              0              0              
100	0	0	120917         0.605854       0.605819       0.605854       0.605819       0              0              0              0              0              0              
101	0	0	121797         0.609996       0.609956       0.609996       0.609956       0              0              0              0              0              0              
102	0	0	122571         0.614242       0.614198       0.614242       0.614198       0              0              0              0              0              0              
103	0	0	123500         0.618597       0.61855        0.618597       0.61855        0              0              0              0              0              0              
104	0	0	124350         0.627712       0.623021       0.623058       0.623016       0              0              505.398        413.348        0              0              
105	0	0	125254         0.627658       0.627601       0.627658       0.627601       0              0              0              0              0              0              
106	0	0	126263         0.632445       0.632327       0.632366       0.632313       3.49813        3.47885        0              0              0              0              
107	0	0	127265         0.638238       0.637213       0.637223       0.637157       11.2713        6.97918        0              0              0              0              
108	0	0	128296         0.646361       0.642145       0.642206       0.642139       0              0              489.386        402.69         0              0              
109	0	0	129431         0.647346       0.64727        0.647346       0.64727        0              0              0              0              0              0              
110	0	0	130545         0.652627       0.652555       0.652627       0.652555       0              0              0              0              0              0              
111	0	0	131638         0.658076       0.657999       0.658076       0.657999       0              0              0              0              0              0              
112	0	0	132817         0.663693       0.663613       0.663693       0.663613       0              0              0              0              0              0              
113	0	0	133889         0.669491       0.669401       0.669491       0.669401       0              0              0              0              0              0              
114	0	0	135104         0.680477       0.675382       0.675465       0.675373       0              0              530.669        423.365        0              0              
115	0	0	136310         0.681647       0.681541       0.681647       0.681541       0              0              0              0              0              0              
116	0	0	137605         0.688028       0.687917       0.688025       0.687916       1.89439        1.89439        0              0              0              0              
117	0	0	138986         0.694707       0.694537       0.694634       0.694514       2.12203        2.11709        0              0              0              0              
118	0	0	140343         0.701619       0.701375       0.701468       0.701339       2.94527        2.89024        0              0              0              0              
119	0	0	141747         0.709453       0.708468       0.708549       0.70841        10.7552        6.64795        0              0              0              0              
120	0	0	143173         0.715894       0.71574        0.715894       0.71574        0              0              0              0              0              0              
121	0	0	144816         0.723513       0.72335        0.723513       0.72335        0              0              0              0              0              0              
122	0	0	146376         0.731438       0.731257       0.731438       0.731257       0              0              0              0              0              0              
123	0	0	148036         0.740577       0.739544       0.739674       0.739478       9.53631        5.86569        0              0              0              0              
124	0	0	149729         0.748248       0.748035       0.748248       0.748035       0              0              0              0              0              0              
125	0	0	151608         0.760506       0.756961       0.75719        0.756955       0              0              478.02         427.852        0              0              
126	0	0	153294         0.773579       0.766265       0.766514       0.766256       0              0              629.671        494.507        0              0              
127	0	0	155334         0.776253       0.775969       0.776253       0.775969       0              0              0              0              0              0              
128	0	0	157383         0.786442       0.786134       0.786442       0.786134       0              0              0              0              0              0              
129	0	0	159533         0.797122       0.79678        0.797122       0.79678        0              0              0              0              0              0              
130	0	0	161802         0.808334       0.807952       0.808334       0.807952       0              0              0              0              0              0              
131	0	0	164078         0.820119       0.819688       0.820119       0.819688       0              0              0              0              0              0              
132	0	0	166583         0.832527       0.832043       0.83252        0.832041       2.45794        2.45794        0              0              0              0              
133	0	0	169221         0.846469       0.845156       0.84562        0.845071       7.67518        4.49054        0              0              0              0              
134	0	0	172028         0.859747       0.858864       0.859747       0.858864       0              0              0              0              0              0              
135	0	0	174853         0.878709       0.873399       0.874379       0.873392       0              0              556.34         485.517        0              0              
136	0	0	177973         0.889541       0.88884        0.889541       0.88884        0              0              0              0              0              0              
137	0	0	181319         0.906098       0.905293       0.906098       0.905293       0              0              0              0              0              0              
138	0	0	184831         0.92375        0.922845       0.92375        0.922845       0              0              0              0              0              0              
139	0	0	188687         0.942674       0.941635       0.942674       0.941635       0              0              0              0              0              0              
140	0	0	192732         0.963009       0.961815       0.963009       0.961815       0              0              0              0              0              0              
141	0	0	196985         0.984938       0.983554       0.984938       0.983554       0              0              0              0              0              0              
142	0	0	201826         1.00873        1.00708        1.00873        1.00708        0              0              0              0              0              0              
143	0	0	206915         1.03507        1.03268        1.03507        1.03268        0              0              0              0              0              0              
144	0	0	212560         1.06276        1.06057        1.06276        1.06057        0              0              0              0              0              0              
145	0	0	218741         1.0939         1.09127        1.0939         1.09127        0              0              0              0              0              0              
146	0	0	225608         1.12848        1.12526        1.12848        1.12526        0              0              0              0              0              0              
147	0	0	233277         1.16717        1.16317        1.16717        1.16317        0              0              0              0              0              0              
148	0	0	241828         1.21157        1.20584        1.21157        1.20584        0              0              0              0              0              0              
149	0	0	251566         1.26063        1.25428        1.26063        1.25428        0              0              0              0              0              0              
150	0	0	262720         1.31936        1.31024        1.31936        1.31024        0              0              0              0              0              0              
151	0	0	275867         1.39413        1.37578        1.38761        1.37577        0              0              749.255        579.962        0              0              
152	0	0	291757         1.47961        1.45453        1.47205        1.45451        0              0              654.935        511.638        0              0              
153	0	0	311457         1.58403        1.55236        1.5823         1.55235        0              0              489.321        387.888        0              0              
154	0	0	336960         1.75217        1.67994        1.75082        1.67993        0              0              462.443        434.257        0              0              
155	0	0	371775         2.02554        1.85602        2.02554        1.85602        0              0              0              0              0              0              
156	0	0	421031         2.55317        2.11832        2.55316        2.11831        3.35664        3.33716        0              0              0              0              
157	0	0	485525         3.52154        2.51432        3.52053        2.51427        10.8064        6.96659        442.186        421.198        0              0              
158	0	0	543277         4.85177        3.05767        4.85177        3.05767        0              0              0              0              0              0              
159	0	0	549346         6.40028        3.73306        6.40019        3.73302        10.6652        6.75754        0              0              0              0              
160	0	0	463281         7.93551        4.4842         7.93446        4.48418        0              0              472.866        391.73         0              0              
161	0	0	305030         9.42344        5.27922        9.42179        5.27921        0              0              481.822        397.604        0              0              
162	0	0	147963         10.6579        6.03211        10.6579        6.03211        0              0              0              0              0              0              
163	0	0	51515          11.8818        6.82728        11.8818        6.82728        0              0              0              0              0              0              
164	0	0	11945.1        13.1451        7.59346        13.1451        7.59346        0              0              0              0              0              0              
165	0	0	1927.81        13.7514        8.1354         13.7514        8.1354         0              0              0              0              0              0              
166	0	0	191.144        14.5092        8.26893        14.5092        8.26893        0              0              0              0              0              0              
167	0	0	23.6116        13.8272        8.17586        13.8272        8.17586        0              0              0              0              0              0              
168	0	0	0              0              0              0              0              0              0              0              0              0              0              
169	0	0	0              0              0              0              0              0              0              0              0              0              0              
170	0	0	0              0              0              0              0              0              0              0              0              0              0              
171	0	0	0              0              0              0              0              0              0              0              0              0              0              
172	0	0	0              0              0              0              0              0              0              0              0              0              0              
173	0	0	0              0              0              0              0              0              0              0              0              0              0              
174	0	0	0              0              0              0              0              0              0              0              0              0              0              
175	0	0	0              0              0              0              0              0              0              0              0              0              0              
176	0	0	0              0              0              0              0              0              0              0              0              0              0              
177	0	0	0              0              0              0              0              0              0              0              0              0              0              
178	0	0	0              0              0              0              0              0              0              0              0              0              0              
179	0	0	0              0              0              0              0              0              0              0              0              0              0              
180	0	0	0              0              0              0              0              0              0              0              0              0              0              
181	0	0	0              0              0              0              0              0              0              0              0              0              0              
182	0	0	0              0              0              0              0              0              0              0              0              0              0              
183	0	0	0              0              0              0              0              0              0              0              0              0              0              
184	0	0	0              0              0              0              0              0              0              0              0              0              0              
185	0	0	0              0              0              0              0              0              0              0              0              0              0              
186	0	0	0              0              0              0              0              0              0              0              0              0              0              
187	0	0	0              0              0              0              0              0              0              0              0              0              0              
188	0	0	0              0              0              0              0              0              0              0              0              0              0              
189	0	0	0              0              0              0              0              0              0              0              0              0              0              
190	0	0	0              0              0              0              0              0              0              0              0              0              0              
191	0	0	0              0              0              0              0              0              0              0              0              0              0              
192	0	0	0              0              0              0              0              0              0              0              0              0              0              
193	0	0	0              0              0              0              0              0              0              0              0              0              0              
194	0	0	0              0              0              0              0              0              0              0              0              0              0              
195	0	0	0              0              0              0              0              0              0              0              0              0              0              
196	0	0	0              0              0              0              0              0              0              0              0              0              0              
197	0	0	0              0              0              0              0              0              0              0              0              0              0              
198	0	0	0              0              0              0              0              0              0              0              0              0              0              
199	0	0	0              0              0              0              0              0              0              0              0              0              0              