i	j	k	Dose(Gy)       proton_1       proton_1       proton         proton         O16            O16            

0	0	0	2.56028e-09    2.48985e-09    22             0              0              0              0              
1	0	0	2.74124e-09    2.74124e-09    22             0              0              0              0              
2	0	0	2.81246e-09    2.65653e-09    22             0              0              0              0              
3	0	0	2.55129e-09    2.41728e-09    22             0              0              0              0              
4	0	0	2.72936e-09    2.72936e-09    22             0              0              0              0              
5	0	0	3.00965e-09    3.00965e-09    22             0              0              0              0              
6	0	0	2.75753e-09    2.69663e-09    22             0              0              0              0              
7	0	0	2.40194e-09    2.35128e-09    22             0              0              0              0              
8	0	0	2.81038e-09    2.73897e-09    22             0              0              0              0              
9	0	0	2.86217e-09    2.7124e-09     22             0              0              0              0              
10	0	0	2.85124e-09    2.85124e-09    22             0              0              0              0              
11	0	0	2.60072e-09    2.60072e-09    22             0              0              0              0              
12	0	0	2.63178e-09    2.59836e-09    22             0              0              0              0              
13	0	0	2.77532e-09    2.69254e-09    22             0              0              0              0              
14	0	0	2.66711e-09    2.66711e-09    22             0              0              0              0              
15	0	0	2.79896e-09    2.79896e-09    22             0              0              0              0              
16	0	0	2.49665e-09    2.49665e-09    22             0              0              0              0              
17	0	0	2.71829e-09    2.66812e-09    22             0              0              0              0              
18	0	0	2.92892e-09    2.75938e-09    22             0              0              0              0              
19	0	0	2.60167e-09    2.60167e-09    22             0              0              0              0              
20	0	0	2.60151e-09    2.4871e-09     22             0              0              0              0              
21	0	0	2.78282e-09    2.68798e-09    22             0              0              0              0              
22	0	0	2.96342e-09    2.77639e-09    22             0              0              0              0              
23	0	0	2.84287e-09    2.6811e-09     22             0              0              0              0              
24	0	0	2.74464e-09    2.71329e-09    22             0              0              0              0              
25	0	0	2.94761e-09    2.94761e-09    22             0              0              0              0              
26	0	0	2.65905e-09    2.65905e-09    22             0              0              0              0              
27	0	0	2.57849e-09    2.57841e-09    22             0              0              0              0              
28	0	0	2.75268e-09    2.63614e-09    22             0              0              0              0              
29	0	0	2.81551e-09    2.73001e-09    22             0              0              0              0              
30	0	0	2.91284e-09    2.88813e-09    22             0              0              0              0              
31	0	0	3.17904e-09    3.08306e-09    22             0              0              0              0              
32	0	0	2.88427e-09    2.78946e-09    22             0              0              0              0              
33	0	0	2.63422e-09    2.63422e-09    22             0              0              0              0              
34	0	0	2.8252e-09     2.81321e-09    22             0              0              0              0              
35	0	0	3.07313e-09    2.98595e-09    22             0              0              0              0              
36	0	0	2.84807e-09    2.84807e-09    22             0              0              0              0              
37	0	0	3.11338e-09    2.95839e-09    22             0              0              0              0              
38	0	0	2.96522e-09    2.81747e-09    22             0              0              0              0              
39	0	0	2.57185e-09    2.57185e-09    22             0              0              0              0              
40	0	0	2.92576e-09    2.91126e-09    22             0              0              0              0              
41	0	0	2.8843e-09     2.79583e-09    22             0              0              0              0              
42	0	0	2.9806e-09     2.9806e-09     22             0              0              0              0              
43	0	0	2.96846e-09    2.96846e-09    22             0              0              0              0              
44	0	0	2.93986e-09    2.84513e-09    22             0              0              0              0              
45	0	0	2.89499e-09    2.88502e-09    22             0              0              0              0              
46	0	0	2.93476e-09    2.93476e-09    22             0              0              0              0              
47	0	0	2.98511e-09    2.88865e-09    22             0              0              0              0              
48	0	0	3.05564e-09    3.03111e-09    22             0              0              0              0              
49	0	0	3.24664e-09    2.98235e-09    22             0              0              0              0              
50	0	0	3.12772e-09    3.03949e-09    22             0              0              0              0              
51	0	0	2.93142e-09    2.93129e-09    22             0              0              0              0              
52	0	0	3.09109e-09    3.00628e-09    22             0              0              0              0              
53	0	0	3.09854e-09    3.07497e-09    22             0              0              0              0              
54	0	0	3.01933e-09    3.01933e-09    22             0              0              0              0              
55	0	0	3.03373e-09    3.03373e-09    22             0              0              0              0              
56	0	0	3.24748e-09    3.15278e-09    22             0              0              0              0              
57	0	0	3.31637e-09    3.31637e-09    22             0              0              0              0              
58	0	0	3.06616e-09    3.06616e-09    22             0              0              0              0              
59	0	0	2.90092e-09    2.90092e-09    22             0              0              0              0              
60	0	0	3.1222e-09     3.03392e-09    22             0              0              0              0              
61	0	0	2.98702e-09    2.98702e-09    22             0              0              0              0              
62	0	0	2.97261e-09    2.97261e-09    22             0              0              0              0              
63	0	0	3.30769e-09    3.30769e-09    22             0              0              0              0              
64	0	0	3.4077e-09     3.30551e-09    22             0              0              0              0              
65	0	0	3.26745e-09    3.18259e-09    22             0              0              0              0              
66	0	0	3.11261e-09    3.11261e-09    22             0              0              0              0              
67	0	0	3.18549e-09    3.18549e-09    22             0              0              0              0              
68	0	0	3.18506e-09    3.18506e-09    22             0              0              0              0              
69	0	0	3.16365e-09    3.16365e-09    22             0              0              0              0              
70	0	0	3.25502e-09    3.25502e-09    22             0              0              0              0              
71	0	0	3.33455e-09    3.33455e-09    22             0              0              0              0              
72	0	0	3.26375e-09    3.26375e-09    22             0              0              0              0              
73	0	0	3.47497e-09    3.47497e-09    22             0              0              0              0              
74	0	0	3.68614e-09    3.68536e-09    22             0              0              0              0              
75	0	0	4.2549e-09     4.16093e-09    22             0              0              0              0              
76	0	0	4.91885e-09    4.91885e-09    22             0              0              0              0              
77	0	0	2.74423e-09    2.74423e-09    21             0              0              0              0              
78	0	0	2.79627e-09    2.79627e-09    21             0              0              0              0              
79	0	0	2.84931e-09    2.84931e-09    21             0              0              0              0              
80	0	0	2.8467e-09     2.8467e-09     21             0              0              0              0              
81	0	0	3.10013e-09    3.10013e-09    21             0              0              0              0              
82	0	0	2.72118e-09    2.62441e-09    21             0              0              0              0              
83	0	0	3.09624e-09    3.09624e-09    21             0              0              0              0              
84	0	0	2.83699e-09    2.83699e-09    21             0              0              0              0              
85	0	0	3.11997e-09    2.96288e-09    21             0              0              0              0              
86	0	0	3.07215e-09    2.87111e-09    21             0              0              0              0              
87	0	0	3.27023e-09    3.11931e-09    21             0              0              0              0              
88	0	0	3.02724e-09    2.99899e-09    21             0              0              0              0              
89	0	0	2.87522e-09    2.78028e-09    21             0              0              0              0              
90	0	0	2.99376e-09    2.90741e-09    21             0              0              0              0              
91	0	0	3.16906e-09    3.08303e-09    21             0              0              0              0              
92	0	0	3.06201e-09    3.06201e-09    21             0              0              0              0              
93	0	0	2.97443e-09    2.97443e-09    21             0              0              0              0              
94	0	0	2.98747e-09    2.9368e-09     21             0              0              0              0              
95	0	0	3.11299e-09    3.07235e-09    21             0              0              0              0              
96	0	0	3.11753e-09    2.95199e-09    21             0              0              0              0              
97	0	0	3.13616e-09    3.12075e-09    21             0              0              0              0              
98	0	0	2.80937e-09    2.80937e-09    21             0              0              0              0              
99	0	0	3.00997e-09    3.00997e-09    21             0              0              0              0              
100	0	0	3.03857e-09    3.03857e-09    21             0              0              0              0              
101	0	0	2.73058e-09    2.73058e-09    21             0              0              0              0              
102	0	0	3.26765e-09    3.26765e-09    21             0              0              0              0              
103	0	0	2.97629e-09    2.97629e-09    21             0              0              0              0              
104	0	0	2.91397e-09    2.91397e-09    21             0              0              0              0              
105	0	0	3.13478e-09    3.13478e-09    21             0              0              0              0              
106	0	0	3.39673e-09    3.39673e-09    21             0              0              0              0              
107	0	0	3.06194e-09    3.06066e-09    21             0              0              0              0              
108	0	0	3.14709e-09    3.05665e-09    21             0              0              0              0              
109	0	0	3.0164e-09     3.0164e-09     21             0              0              0              0              
110	0	0	2.89697e-09    2.89697e-09    21             0              0              0              0              
111	0	0	3.04939e-09    3.04939e-09    21             0              0              0              0              
112	0	0	3.168e-09      3.168e-09      21             0              0              0              0              
113	0	0	2.96342e-09    2.96342e-09    21             0              0              0              0              
114	0	0	3.17697e-09    3.08782e-09    21             0              0              0              0              
115	0	0	3.01932e-09    3.01932e-09    21             0              0              0              0              
116	0	0	2.94511e-09    2.94511e-09    21             0              0              0              0              
117	0	0	3.39059e-09    3.39059e-09    21             0              0              0              0              
118	0	0	3.22896e-09    3.22896e-09    21             0              0              0              0              
119	0	0	3.12059e-09    3.03462e-09    21             0              0              0              0              
120	0	0	3.2339e-09     3.2339e-09     21             0              0              0              0              
121	0	0	3.34774e-09    3.34774e-09    21             0              0              0              0              
122	0	0	3.17091e-09    3.17091e-09    21             0              0              0              0              
123	0	0	3.03756e-09    3.03756e-09    21             0              0              0              0              
124	0	0	3.32907e-09    3.32907e-09    21             0              0              0              0              
125	0	0	3.48909e-09    3.48909e-09    21             0              0              0              0              
126	0	0	3.05107e-09    3.05107e-09    21             0              0              0              0              
127	0	0	3.1669e-09     3.1669e-09     21             0              0              0              0              
128	0	0	3.13269e-09    3.13269e-09    21             0              0              0              0              
129	0	0	3.24224e-09    3.24224e-09    21             0              0              0              0              
130	0	0	3.43761e-09    3.43761e-09    21             0              0              0              0              
131	0	0	3.21479e-09    3.21479e-09    21             0              0              0              0              
132	0	0	3.4025e-09     3.4025e-09     21             0              0              0              0              
133	0	0	3.31748e-09    3.31748e-09    21             0              0              0              0              
134	0	0	3.50184e-09    3.50184e-09    21             0              0              0              0              
135	0	0	3.47073e-09    3.47073e-09    21             0              0              0              0              
136	0	0	3.43871e-09    3.43871e-09    21             0              0              0              0              
137	0	0	3.43213e-09    3.43213e-09    21             0              0              0              0              
138	0	0	3.23587e-09    3.23587e-09    21             0              0              0              0              
139	0	0	3.39067e-09    3.39067e-09    21             0              0              0              0              
140	0	0	3.42662e-09    3.42662e-09    21             0              0              0              0              
141	0	0	3.53236e-09    3.53236e-09    21             0              0              0              0              
142	0	0	3.44441e-09    3.44441e-09    21             0              0              0              0              
143	0	0	3.48379e-09    3.48379e-09    21             0              0              0              0              
144	0	0	3.71041e-09    3.71041e-09    21             0              0              0              0              
145	0	0	3.56106e-09    3.56106e-09    21             0              0              0              0              
146	0	0	3.68372e-09    3.68372e-09    21             0              0              0              0              
147	0	0	3.58764e-09    3.58764e-09    21             0              0              0              0              
148	0	0	3.66003e-09    3.66003e-09    21             0              0              0              0              
149	0	0	3.60183e-09    3.60183e-09    21             0              0              0              0              
150	0	0	3.56332e-09    3.56332e-09    21             0              0              0              0              
151	0	0	3.54105e-09    3.54105e-09    21             0              0              0              0              
152	0	0	3.72843e-09    3.72843e-09    21             0              0              0              0              
153	0	0	3.53591e-09    3.53591e-09    21             0              0              0              0              
154	0	0	3.68292e-09    3.68292e-09    21             0              0              0              0              
155	0	0	3.74497e-09    3.74497e-09    21             0              0              0              0              
156	0	0	3.70647e-09    3.70647e-09    21             0              0              0              0              
157	0	0	3.67408e-09    3.67408e-09    21             0              0              0              0              
158	0	0	3.97468e-09    3.97468e-09    21             0              0              0              0              
159	0	0	3.69749e-09    3.69749e-09    21             0              0              0              0              
160	0	0	4.60681e-09    4.00622e-09    21             0              0              6.00594e-10    1              
161	0	0	4.22212e-09    4.22212e-09    21             0              0              0              0              
162	0	0	4.0347e-09     4.0347e-09     21             0              0              0              0              
163	0	0	3.97405e-09    3.97405e-09    21             0              0              0              0              
164	0	0	4.17771e-09    4.17771e-09    21             0              0              0              0              
165	0	0	3.91186e-09    3.91186e-09    21             0              0              0              0              
166	0	0	4.0917e-09     4.0917e-09     21             0              0              0              0              
167	0	0	4.35504e-09    4.35504e-09    21             0              0              0              0              
168	0	0	4.39691e-09    4.39691e-09    21             0              0              0              0              
169	0	0	4.40804e-09    4.40804e-09    21             0              0              0              0              
170	0	0	4.46795e-09    4.46795e-09    21             0              0              0              0              
171	0	0	4.58673e-09    4.58673e-09    21             0              0              0              0              
172	0	0	4.60859e-09    4.60859e-09    21             0              0              0              0              
173	0	0	5.27107e-09    5.27107e-09    21             0              0              0              0              
174	0	0	5.17608e-09    5.17608e-09    21             0              0              0              0              
175	0	0	3.8637e-09     3.8637e-09     20             0              0              0              0              
176	0	0	3.6405e-09     3.6405e-09     20             0              0              0              0              
177	0	0	3.64932e-09    3.64932e-09    20             0              0              0              0              
178	0	0	3.80706e-09    3.80706e-09    20             0              0              0              0              
179	0	0	3.96539e-09    3.96539e-09    20             0              0              0              0              
180	0	0	3.91877e-09    3.91877e-09    20             0              0              0              0              
181	0	0	3.83535e-09    3.83535e-09    20             0              0              0              0              
182	0	0	3.98363e-09    3.98363e-09    20             0              0              0              0              
183	0	0	3.78427e-09    3.78427e-09    20             0              0              0              0              
184	0	0	4.07522e-09    4.07522e-09    20             0              0              0              0              
185	0	0	4.03048e-09    4.03048e-09    20             0              0              0              0              
186	0	0	4.09297e-09    4.09297e-09    20             0              0              0              0              
187	0	0	4.01721e-09    4.01721e-09    20             0              0              0              0              
188	0	0	3.82275e-09    3.82275e-09    20             0              0              0              0              
189	0	0	3.93708e-09    3.93708e-09    20             0              0              0              0              
190	0	0	4.12315e-09    4.12315e-09    20             0              0              0              0              
191	0	0	4.14398e-09    4.14398e-09    20             0              0              0              0              
192	0	0	4.25048e-09    4.25048e-09    20             0              0              0              0              
193	0	0	4.14221e-09    4.14221e-09    20             0              0              0              0              
194	0	0	4.11548e-09    4.11548e-09    20             0              0              0              0              
195	0	0	4.4995e-09     4.4995e-09     20             0              0              0              0              
196	0	0	4.40027e-09    4.40027e-09    20             0              0              0              0              
197	0	0	4.34683e-09    4.34683e-09    20             0              0              0              0              
198	0	0	4.54197e-09    4.54197e-09    20             0              0              0              0              
199	0	0	4.5393e-09     4.5393e-09     20             0              0              0              0              
200	0	0	4.6866e-09     4.6866e-09     20             0              0              0              0              
201	0	0	4.95914e-09    4.95914e-09    20             0              0              0              0              
202	0	0	4.69677e-09    4.69677e-09    20             0              0              0              0              
203	0	0	4.89086e-09    4.89086e-09    20             0              0              0              0              
204	0	0	5.32183e-09    5.32183e-09    20             0              0              0              0              
205	0	0	5.78639e-09    5.78639e-09    20             0              0              0              0              
206	0	0	3.97817e-09    3.97817e-09    19             0              0              0              0              
207	0	0	4.23984e-09    4.23984e-09    19             0              0              0              0              
208	0	0	4.1176e-09     4.1176e-09     19             0              0              0              0              
209	0	0	4.03839e-09    4.03839e-09    19             0              0              0              0              
210	0	0	4.17849e-09    4.17849e-09    19             0              0              0              0              
211	0	0	4.24209e-09    4.24209e-09    19             0              0              0              0              
212	0	0	4.30669e-09    4.30669e-09    19             0              0              0              0              
213	0	0	4.40001e-09    4.40001e-09    19             0              0              0              0              
214	0	0	4.56698e-09    4.56698e-09    19             0              0              0              0              
215	0	0	4.47334e-09    4.47334e-09    19             0              0              0              0              
216	0	0	4.27003e-09    4.27003e-09    19             0              0              0              0              
217	0	0	4.63487e-09    4.63487e-09    19             0              0              0              0              
218	0	0	4.51166e-09    4.51166e-09    19             0              0              0              0              
219	0	0	4.37625e-09    4.37625e-09    19             0              0              0              0              
220	0	0	4.51525e-09    4.51525e-09    19             0              0              0              0              
221	0	0	4.57997e-09    4.57997e-09    19             0              0              0              0              
222	0	0	4.84599e-09    4.84599e-09    19             0              0              0              0              
223	0	0	4.75333e-09    4.75333e-09    19             0              0              0              0              
224	0	0	4.84703e-09    4.84703e-09    19             0              0              0              0              
225	0	0	5.03616e-09    5.03616e-09    19             0              0              0              0              
226	0	0	4.94167e-09    4.94167e-09    19             0              0              0              0              
227	0	0	4.87441e-09    4.87441e-09    19             0              0              0              0              
228	0	0	4.88754e-09    4.88754e-09    19             0              0              0              0              
229	0	0	5.00614e-09    5.00614e-09    19             0              0              0              0              
230	0	0	5.01377e-09    5.01377e-09    19             0              0              0              0              
231	0	0	5.21387e-09    5.21387e-09    19             0              0              0              0              
232	0	0	5.19838e-09    5.19838e-09    19             0              0              0              0              
233	0	0	5.7571e-09     5.60868e-09    19             1.4842e-10     1              0              0              
234	0	0	7.35164e-09    6.81341e-09    19             5.38234e-10    1              0              0              
235	0	0	9.24358e-09    8.7043e-09     19             5.39275e-10    1              0              0              
236	0	0	5.60501e-09    5.08822e-09    18             5.16792e-10    1              0              0              
237	0	0	5.91548e-09    5.32211e-09    18             5.93368e-10    1              0              0              
238	0	0	5.88741e-09    5.29339e-09    18             5.94022e-10    1              0              0              
239	0	0	5.94802e-09    5.3449e-09     18             6.03121e-10    1              0              0              
240	0	0	6.22526e-09    5.54376e-09    18             6.81509e-10    1              0              0              
241	0	0	6.42956e-09    5.68068e-09    18             7.4888e-10     1              0              0              
242	0	0	6.37709e-09    5.54536e-09    18             8.31738e-10    1              0              0              
243	0	0	6.55354e-09    5.68428e-09    18             8.69265e-10    1              0              0              
244	0	0	6.83252e-09    5.79464e-09    18             1.03788e-09    1              0              0              
245	0	0	7.47298e-09    6.1865e-09     18             1.28648e-09    1              0              0              
246	0	0	8.59794e-09    6.06336e-09    18             2.53457e-09    1              0              0              
247	0	0	6.21898e-09    6.21898e-09    18             0              0              0              0              
248	0	0	6.10396e-09    6.10396e-09    18             0              0              0              0              
249	0	0	6.3692e-09     6.3692e-09     18             0              0              0              0              
250	0	0	6.48139e-09    6.48139e-09    18             0              0              0              0              
251	0	0	6.71407e-09    6.71407e-09    18             0              0              0              0              
252	0	0	6.79231e-09    6.79231e-09    18             0              0              0              0              
253	0	0	6.92441e-09    6.92441e-09    18             0              0              0              0              
254	0	0	7.48916e-09    7.48916e-09    18             0              0              0              0              
255	0	0	7.83789e-09    7.83789e-09    18             0              0              0              0              
256	0	0	8.06485e-09    8.06485e-09    18             0              0              0              0              
257	0	0	9.36416e-09    9.36416e-09    18             0              0              0              0              
258	0	0	7.87655e-09    7.87655e-09    18             0              0              0              0              
259	0	0	7.76833e-09    7.76833e-09    17             0              0              0              0              
260	0	0	8.01576e-09    8.01576e-09    17             0              0              0              0              
261	0	0	8.25502e-09    8.25502e-09    17             0              0              0              0              
262	0	0	8.75858e-09    8.75858e-09    17             0              0              0              0              
263	0	0	9.21694e-09    9.21694e-09    17             0              0              0              0              
264	0	0	9.87272e-09    9.87272e-09    17             0              0              0              0              
265	0	0	1.05135e-08    1.05135e-08    17             0              0              0              0              
266	0	0	1.16324e-08    1.16324e-08    17             0              0              0              0              
267	0	0	1.31906e-08    1.31906e-08    17             0              0              0              0              
268	0	0	1.43306e-08    1.43306e-08    17             0              0              0              0              
269	0	0	1.6522e-08     1.6522e-08     16             0              0              0              0              
270	0	0	1.43646e-08    1.43646e-08    15             0              0              0              0              
271	0	0	1.1846e-08     1.1846e-08     11             0              0              0              0              
272	0	0	1.21597e-08    1.21597e-08    10             0              0              0              0              
273	0	0	7.1608e-09     7.1608e-09     6              0              0              0              0              
274	0	0	4.90304e-09    4.90304e-09    5              0              0              0              0              
275	0	0	6.17341e-09    6.17341e-09    4              0              0              0              0              
276	0	0	3.41888e-09    3.41888e-09    2              0              0              0              0              
277	0	0	1.73653e-09    1.73653e-09    1              0              0              0              0              