i	j	k	LDT            LTT            proton_1_D     proton_1_T     proton_D       proton_T       O16_D          O16_T          

0	0	0	1.23817        1.19365        1.23817        1.19365        0              0              0              0              
1	0	0	1.23851        1.19613        1.23851        1.19613        0              0              0              0              
2	0	0	1.22875        1.19883        1.22875        1.19883        0              0              0              0              
3	0	0	1.23925        1.20128        1.23925        1.20128        0              0              0              0              
4	0	0	1.22082        1.20367        1.22082        1.20367        0              0              0              0              
5	0	0	1.24095        1.20634        1.24095        1.20634        0              0              0              0              
6	0	0	1.23268        1.20913        1.23268        1.20913        0              0              0              0              
7	0	0	1.24002        1.2115         1.24002        1.2115         0              0              0              0              
8	0	0	1.23683        1.21407        1.23683        1.21407        0              0              0              0              
9	0	0	1.25264        1.21671        1.25264        1.21671        0              0              0              0              
10	0	0	1.23621        1.21938        1.23621        1.21938        0              0              0              0              
11	0	0	1.27938        1.22206        1.27938        1.22206        0              0              0              0              
12	0	0	1.24921        1.22475        1.24921        1.22475        0              0              0              0              
13	0	0	1.27634        1.22741        1.27634        1.22741        0              0              0              0              
14	0	0	1.26486        1.23013        1.26486        1.23013        0              0              0              0              
15	0	0	1.275          1.2329         1.275          1.2329         0              0              0              0              
16	0	0	1.28646        1.23565        1.28646        1.23565        0              0              0              0              
17	0	0	1.26411        1.23846        1.26411        1.23846        0              0              0              0              
18	0	0	1.28385        1.24131        1.28385        1.24131        0              0              0              0              
19	0	0	1.29554        1.24417        1.29554        1.24417        0              0              0              0              
20	0	0	1.2856         1.24704        1.2856         1.24704        0              0              0              0              
21	0	0	1.32583        1.24994        1.32583        1.24994        0              0              0              0              
22	0	0	1.30628        1.25323        1.30628        1.25323        0              0              0              0              
23	0	0	1.32407        1.25649        1.32407        1.25649        0              0              0              0              
24	0	0	1.30316        1.25956        1.30316        1.25956        0              0              0              0              
25	0	0	1.30197        1.26264        1.30197        1.26264        0              0              0              0              
26	0	0	1.30839        1.26571        1.30839        1.26571        0              0              0              0              
27	0	0	1.31543        1.2687         1.31543        1.2687         0              0              0              0              
28	0	0	1.33296        1.27176        1.33296        1.27176        0              0              0              0              
29	0	0	1.34853        1.27505        1.34853        1.27505        0              0              0              0              
30	0	0	1.32301        1.27849        1.32301        1.27849        0              0              0              0              
31	0	0	1.34187        1.28211        1.34187        1.28211        0              0              0              0              
32	0	0	1.34825        1.28572        1.34825        1.28572        0              0              0              0              
33	0	0	1.36996        1.2891         1.36996        1.2891         0              0              0              0              
34	0	0	1.36205        1.29264        1.36205        1.29264        0              0              0              0              
35	0	0	1.36382        1.29635        1.36382        1.29635        0              0              0              0              
36	0	0	1.38212        1.30013        1.38212        1.30013        0              0              0              0              
37	0	0	1.35917        1.30413        1.35917        1.30413        0              0              0              0              
38	0	0	1.38602        1.30798        1.38602        1.30798        0              0              0              0              
39	0	0	1.39836        1.31163        1.39836        1.31163        0              0              0              0              
40	0	0	1.40759        1.31554        1.40759        1.31554        0              0              0              0              
41	0	0	1.40307        1.3196         1.40307        1.3196         0              0              0              0              
42	0	0	1.41496        1.32368        1.41496        1.32368        0              0              0              0              
43	0	0	1.44269        1.32809        1.44269        1.32809        0              0              0              0              
44	0	0	1.41799        1.33247        1.41799        1.33247        0              0              0              0              
45	0	0	1.43017        1.33677        1.43017        1.33677        0              0              0              0              
46	0	0	1.44712        1.34123        1.44712        1.34123        0              0              0              0              
47	0	0	1.43505        1.34579        1.43505        1.34579        0              0              0              0              
48	0	0	1.45381        1.35053        1.45381        1.35053        0              0              0              0              
49	0	0	1.46148        1.35552        1.46148        1.35552        0              0              0              0              
50	0	0	1.44609        1.36045        1.44609        1.36045        0              0              0              0              
51	0	0	1.51244        1.36556        1.51244        1.36556        0              0              0              0              
52	0	0	1.49977        1.37092        1.49977        1.37092        0              0              0              0              
53	0	0	1.54176        1.37659        1.54176        1.37659        0              0              0              0              
54	0	0	1.5476         1.38257        1.5476         1.38257        0              0              0              0              
55	0	0	1.56219        1.38865        1.56219        1.38865        0              0              0              0              
56	0	0	1.5382         1.39491        1.5382         1.39491        0              0              0              0              
57	0	0	1.59745        1.40165        1.59745        1.40165        0              0              0              0              
58	0	0	1.60402        1.40878        1.60402        1.40878        0              0              0              0              
59	0	0	1.62251        1.41575        1.62251        1.41575        0              0              0              0              
60	0	0	1.63829        1.42286        1.63829        1.42286        0              0              0              0              
61	0	0	1.67529        1.43066        1.67529        1.43066        0              0              0              0              
62	0	0	1.71602        1.43886        1.71602        1.43886        0              0              0              0              
63	0	0	1.75447        1.44816        1.75447        1.44816        0              0              0              0              
64	0	0	1.75341        1.45891        1.75341        1.45891        0              0              0              0              
65	0	0	1.81449        1.47016        1.81449        1.47016        0              0              0              0              
66	0	0	1.88894        1.48203        1.88894        1.48203        0              0              0              0              
67	0	0	1.99945        1.49609        1.99945        1.49609        0              0              0              0              
68	0	0	1.99299        1.51136        1.99299        1.51136        0              0              0              0              
69	0	0	2.13356        1.52844        2.13356        1.52844        0              0              0              0              
70	0	0	2.20989        1.54819        2.20989        1.54819        0              0              0              0              
71	0	0	2.34613        1.57319        2.34613        1.57319        0              0              0              0              
72	0	0	2.57301        1.60332        2.57301        1.60332        0              0              0              0              
73	0	0	3.02066        1.64606        3.02066        1.64606        0              0              0              0              
74	0	0	3.46711        1.71373        3.46711        1.71373        0              0              0              0              
75	0	0	4.6848         1.84269        4.6848         1.84269        0              0              0              0              
76	0	0	14.2436        2.32084        14.2436        2.32084        0              0              0              0              
77	0	0	1.36637        1.3517         1.36637        1.3517         0              0              0              0              
78	0	0	1.36612        1.355          1.36612        1.355          0              0              0              0              
79	0	0	1.37193        1.35837        1.37193        1.35837        0              0              0              0              
80	0	0	1.36976        1.36179        1.36976        1.36179        0              0              0              0              
81	0	0	1.37316        1.36536        1.37316        1.36536        0              0              0              0              
82	0	0	1.37299        1.36891        1.37299        1.36891        0              0              0              0              
83	0	0	1.38348        1.3724         1.38348        1.3724         0              0              0              0              
84	0	0	1.38294        1.37603        1.38294        1.37603        0              0              0              0              
85	0	0	1.3992         1.37988        1.3992         1.37988        0              0              0              0              
86	0	0	1.40107        1.38377        1.40107        1.38377        0              0              0              0              
87	0	0	1.39392        1.38771        1.39392        1.38771        0              0              0              0              
88	0	0	1.42087        1.39173        1.42087        1.39173        0              0              0              0              
89	0	0	1.41412        1.39562        1.41412        1.39562        0              0              0              0              
90	0	0	1.40867        1.39939        1.40867        1.39939        0              0              0              0              
91	0	0	1.41013        1.40328        1.41013        1.40328        0              0              0              0              
92	0	0	1.42639        1.40728        1.42639        1.40728        0              0              0              0              
93	0	0	1.41902        1.41125        1.41902        1.41125        0              0              0              0              
94	0	0	1.4233         1.41518        1.4233         1.41518        0              0              0              0              
95	0	0	1.42909        1.41919        1.42909        1.41919        0              0              0              0              
96	0	0	1.43509        1.42341        1.43509        1.42341        0              0              0              0              
97	0	0	1.44373        1.42754        1.44373        1.42754        0              0              0              0              
98	0	0	1.44085        1.43156        1.44085        1.43156        0              0              0              0              
99	0	0	1.44713        1.43552        1.44713        1.43552        0              0              0              0              
100	0	0	1.44976        1.43968        1.44976        1.43968        0              0              0              0              
101	0	0	1.46728        1.44367        1.46728        1.44367        0              0              0              0              
102	0	0	1.4567         1.44786        1.4567         1.44786        0              0              0              0              
103	0	0	1.47199        1.45225        1.47199        1.45225        0              0              0              0              
104	0	0	1.47266        1.45644        1.47266        1.45644        0              0              0              0              
105	0	0	1.48319        1.46079        1.48319        1.46079        0              0              0              0              
106	0	0	1.48179        1.46553        1.48179        1.46553        0              0              0              0              
107	0	0	1.48584        1.47029        1.48584        1.47029        0              0              0              0              
108	0	0	1.49393        1.47484        1.49393        1.47484        0              0              0              0              
109	0	0	1.48862        1.4793         1.48862        1.4793         0              0              0              0              
110	0	0	1.49818        1.48366        1.49818        1.48366        0              0              0              0              
111	0	0	1.50376        1.4881         1.50376        1.4881         0              0              0              0              
112	0	0	1.5163         1.49283        1.5163         1.49283        0              0              0              0              
113	0	0	1.52986        1.49759        1.52986        1.49759        0              0              0              0              
114	0	0	1.51982        1.50242        1.51982        1.50242        0              0              0              0              
115	0	0	1.52813        1.50718        1.52813        1.50718        0              0              0              0              
116	0	0	1.53312        1.51187        1.53312        1.51187        0              0              0              0              
117	0	0	1.5444         1.51693        1.5444         1.51693        0              0              0              0              
118	0	0	1.53961        1.52223        1.53961        1.52223        0              0              0              0              
119	0	0	1.55414        1.52738        1.55414        1.52738        0              0              0              0              
120	0	0	1.56477        1.53257        1.56477        1.53257        0              0              0              0              
121	0	0	1.55449        1.53799        1.55449        1.53799        0              0              0              0              
122	0	0	1.57002        1.54339        1.57002        1.54339        0              0              0              0              
123	0	0	1.58072        1.54864        1.58072        1.54864        0              0              0              0              
124	0	0	1.58173        1.55407        1.58173        1.55407        0              0              0              0              
125	0	0	1.60736        1.56003        1.60736        1.56003        0              0              0              0              
126	0	0	1.59857        1.56584        1.59857        1.56584        0              0              0              0              
127	0	0	1.6132         1.57138        1.6132         1.57138        0              0              0              0              
128	0	0	1.6158         1.57706        1.6158         1.57706        0              0              0              0              
129	0	0	1.61144        1.58279        1.61144        1.58279        0              0              0              0              
130	0	0	1.62702        1.58888        1.62702        1.58888        0              0              0              0              
131	0	0	1.64239        1.59506        1.64239        1.59506        0              0              0              0              
132	0	0	1.63794        1.60129        1.63794        1.60129        0              0              0              0              
133	0	0	1.6468         1.60757        1.6468         1.60757        0              0              0              0              
134	0	0	1.65656        1.61406        1.65656        1.61406        0              0              0              0              
135	0	0	1.67643        1.62088        1.67643        1.62088        0              0              0              0              
136	0	0	1.66833        1.62771        1.66833        1.62771        0              0              0              0              
137	0	0	1.69366        1.63457        1.69366        1.63457        0              0              0              0              
138	0	0	1.69185        1.6414         1.69185        1.6414         0              0              0              0              
139	0	0	1.70398        1.64823        1.70398        1.64823        0              0              0              0              
140	0	0	1.69417        1.65523        1.69417        1.65523        0              0              0              0              
141	0	0	1.71617        1.66243        1.71617        1.66243        0              0              0              0              
142	0	0	1.73687        1.66995        1.73687        1.66995        0              0              0              0              
143	0	0	1.72041        1.67748        1.72041        1.67748        0              0              0              0              
144	0	0	1.74921        1.6853         1.74921        1.6853         0              0              0              0              
145	0	0	1.75247        1.69351        1.75247        1.69351        0              0              0              0              
146	0	0	1.76544        1.70177        1.76544        1.70177        0              0              0              0              
147	0	0	1.76999        1.71016        1.76999        1.71016        0              0              0              0              
148	0	0	1.81669        1.71891        1.81669        1.71891        0              0              0              0              
149	0	0	1.81326        1.72792        1.81326        1.72792        0              0              0              0              
150	0	0	1.83503        1.73696        1.83503        1.73696        0              0              0              0              
151	0	0	1.82889        1.74608        1.82889        1.74608        0              0              0              0              
152	0	0	1.86312        1.75573        1.86312        1.75573        0              0              0              0              
153	0	0	1.88335        1.76581        1.88335        1.76581        0              0              0              0              
154	0	0	1.87743        1.77584        1.87743        1.77584        0              0              0              0              
155	0	0	1.94561        1.78697        1.94561        1.78697        0              0              0              0              
156	0	0	1.94315        1.79861        1.94315        1.79861        0              0              0              0              
157	0	0	1.93085        1.81002        1.93085        1.81002        0              0              0              0              
158	0	0	1.98573        1.82226        1.98573        1.82226        0              0              0              0              
159	0	0	2.00642        1.83518        2.00642        1.83518        0              0              0              0              
160	0	0	48.257         2.09487        1.99168        1.84877        0              0              356.866        356.866        
161	0	0	2.06255        1.8634         2.06255        1.8634         0              0              0              0              
162	0	0	2.12521        1.88004        2.12521        1.88004        0              0              0              0              
163	0	0	2.14838        1.89706        2.14838        1.89706        0              0              0              0              
164	0	0	2.21239        1.91584        2.21239        1.91584        0              0              0              0              
165	0	0	2.23453        1.93532        2.23453        1.93532        0              0              0              0              
166	0	0	2.30378        1.95648        2.30378        1.95648        0              0              0              0              
167	0	0	2.39312        1.98182        2.39312        1.98182        0              0              0              0              
168	0	0	2.52353        2.01279        2.52353        2.01279        0              0              0              0              
169	0	0	2.61654        2.04861        2.61654        2.04861        0              0              0              0              
170	0	0	2.79978        2.09219        2.79978        2.09219        0              0              0              0              
171	0	0	3.22382        2.15351        3.22382        2.15351        0              0              0              0              
172	0	0	3.96363        2.25592        3.96363        2.25592        0              0              0              0              
173	0	0	6.15644        2.50722        6.15644        2.50722        0              0              0              0              
174	0	0	10.6148        2.39934        10.6148        2.39934        0              0              0              0              
175	0	0	1.88684        1.86061        1.88684        1.86061        0              0              0              0              
176	0	0	1.90403        1.87079        1.90403        1.87079        0              0              0              0              
177	0	0	1.92453        1.88097        1.92453        1.88097        0              0              0              0              
178	0	0	1.93111        1.8916         1.93111        1.8916         0              0              0              0              
179	0	0	1.9611         1.90294        1.9611         1.90294        0              0              0              0              
180	0	0	1.94682        1.91462        1.94682        1.91462        0              0              0              0              
181	0	0	2.0023         1.92634        2.0023         1.92634        0              0              0              0              
182	0	0	1.98906        1.93861        1.98906        1.93861        0              0              0              0              
183	0	0	2.0113         1.95087        2.0113         1.95087        0              0              0              0              
184	0	0	2.02941        1.96362        2.02941        1.96362        0              0              0              0              
185	0	0	2.04785        1.97714        2.04785        1.97714        0              0              0              0              
186	0	0	2.05653        1.99083        2.05653        1.99083        0              0              0              0              
187	0	0	2.08881        2.00491        2.08881        2.00491        0              0              0              0              
188	0	0	2.12242        2.0192         2.12242        2.0192         0              0              0              0              
189	0	0	2.13101        2.03388        2.13101        2.03388        0              0              0              0              
190	0	0	2.16608        2.0495         2.16608        2.0495         0              0              0              0              
191	0	0	2.19854        2.06635        2.19854        2.06635        0              0              0              0              
192	0	0	2.22491        2.08403        2.22491        2.08403        0              0              0              0              
193	0	0	2.2889         2.10318        2.2889         2.10318        0              0              0              0              
194	0	0	2.27796        2.12286        2.27796        2.12286        0              0              0              0              
195	0	0	2.30005        2.14343        2.30005        2.14343        0              0              0              0              
196	0	0	2.40718        2.16686        2.40718        2.16686        0              0              0              0              
197	0	0	2.44359        2.19226        2.44359        2.19226        0              0              0              0              
198	0	0	2.48803        2.2198         2.48803        2.2198         0              0              0              0              
199	0	0	2.62268        2.25219        2.62268        2.25219        0              0              0              0              
200	0	0	2.72925        2.2904         2.72925        2.2904         0              0              0              0              
201	0	0	2.92565        2.3388         2.92565        2.3388         0              0              0              0              
202	0	0	3.17782        2.40142        3.17782        2.40142        0              0              0              0              
203	0	0	3.74829        2.49043        3.74829        2.49043        0              0              0              0              
204	0	0	5.1858         2.68244        5.1858         2.68244        0              0              0              0              
205	0	0	11.2556        3.00187        11.2556        3.00187        0              0              0              0              
206	0	0	2.14322        2.14104        2.14322        2.14104        0              0              0              0              
207	0	0	2.15708        2.15605        2.15708        2.15605        0              0              0              0              
208	0	0	2.17296        2.17154        2.17296        2.17154        0              0              0              0              
209	0	0	2.18867        2.1869         2.18867        2.1869         0              0              0              0              
210	0	0	2.20344        2.20263        2.20344        2.20263        0              0              0              0              
211	0	0	2.22043        2.21901        2.22043        2.21901        0              0              0              0              
212	0	0	2.23767        2.23592        2.23767        2.23592        0              0              0              0              
213	0	0	2.25619        2.2535         2.25619        2.2535         0              0              0              0              
214	0	0	2.27328        2.2719         2.27328        2.2719         0              0              0              0              
215	0	0	2.28882        2.29076        2.28882        2.29076        0              0              0              0              
216	0	0	2.31444        2.30934        2.31444        2.30934        0              0              0              0              
217	0	0	2.32952        2.32866        2.32952        2.32866        0              0              0              0              
218	0	0	2.35104        2.34889        2.35104        2.34889        0              0              0              0              
219	0	0	2.37146        2.36896        2.37146        2.36896        0              0              0              0              
220	0	0	2.3947         2.38947        2.3947         2.38947        0              0              0              0              
221	0	0	2.41289        2.41082        2.41289        2.41082        0              0              0              0              
222	0	0	2.43776        2.4334         2.43776        2.4334         0              0              0              0              
223	0	0	2.45975        2.45691        2.45975        2.45691        0              0              0              0              
224	0	0	2.48832        2.48099        2.48832        2.48099        0              0              0              0              
225	0	0	2.50743        2.50629        2.50743        2.50629        0              0              0              0              
226	0	0	2.53556        2.53243        2.53556        2.53243        0              0              0              0              
227	0	0	2.56029        2.55867        2.56029        2.55867        0              0              0              0              
228	0	0	2.5906         2.5854         2.5906         2.5854         0              0              0              0              
229	0	0	2.61811        2.61321        2.61811        2.61321        0              0              0              0              
230	0	0	2.64954        2.64209        2.64954        2.64209        0              0              0              0              
231	0	0	2.67999        2.67253        2.67999        2.67253        0              0              0              0              
232	0	0	2.70903        2.70429        2.70903        2.70429        0              0              0              0              
233	0	0	3.19086        2.94387        3.16733        2.92163        4.08024        4.08024        0              0              
234	0	0	4.35488        3.39557        4.36856        3.34997        4.18176        4.18176        0              0              
235	0	0	10.636         4.27798        11.0253        4.27363        4.35288        4.35288        0              0              
236	0	0	2.99483        2.93504        2.83846        2.83227        4.53449        4.53449        0              0              
237	0	0	3.06955        2.98443        2.88258        2.87043        4.74654        4.74654        0              0              
238	0	0	3.13632        3.03788        2.92728        2.91102        4.99913        4.99913        0              0              
239	0	0	3.19687        3.09446        2.96115        2.95299        5.28591        5.28591        0              0              
240	0	0	3.29855        3.1577         3.01105        2.99685        5.63726        5.63726        0              0              
241	0	0	3.40701        3.22809        3.05297        3.04384        6.09255        6.09272        0              0              
242	0	0	3.58315        3.30984        3.11464        3.0928         6.70681        6.69029        0              0              
243	0	0	3.7482         3.40789        3.16803        3.14429        7.54204        7.53202        0              0              
244	0	0	4.07866        3.5346         3.23189        3.19905        8.80632        8.79533        0              0              
245	0	0	4.65661        3.73221        3.28952        3.25847        11.2307        11.1562        0              0              
246	0	0	10.9191        4.48086        3.34405        3.32156        29.0406        23.0612        0              0              
247	0	0	3.41906        3.38805        3.41906        3.38805        0              0              0              0              
248	0	0	3.48829        3.45883        3.48829        3.45883        0              0              0              0              
249	0	0	3.58279        3.53434        3.58279        3.53434        0              0              0              0              
250	0	0	3.68201        3.61653        3.68201        3.61653        0              0              0              0              
251	0	0	3.77974        3.70849        3.77974        3.70849        0              0              0              0              
252	0	0	3.92681        3.80945        3.92681        3.80945        0              0              0              0              
253	0	0	4.0654         3.92243        4.0654         3.92243        0              0              0              0              
254	0	0	4.29473        4.05825        4.29473        4.05825        0              0              0              0              
255	0	0	4.56053        4.23296        4.56053        4.23296        0              0              0              0              
256	0	0	5.09499        4.47108        5.09499        4.47108        0              0              0              0              
257	0	0	8.09842        5.11378        8.09842        5.11378        0              0              0              0              
258	0	0	7.71386        4.63111        7.71386        4.63111        0              0              0              0              
259	0	0	4.50209        4.46434        4.50209        4.46434        0              0              0              0              
260	0	0	4.68163        4.63945        4.68163        4.63945        0              0              0              0              
261	0	0	4.89346        4.83792        4.89346        4.83792        0              0              0              0              
262	0	0	5.14765        5.06911        5.14765        5.06911        0              0              0              0              
263	0	0	5.43326        5.34332        5.43326        5.34332        0              0              0              0              
264	0	0	5.82536        5.68006        5.82536        5.68006        0              0              0              0              
265	0	0	6.3126         6.10777        6.3126         6.10777        0              0              0              0              
266	0	0	7.05471        6.69453        7.05471        6.69453        0              0              0              0              
267	0	0	8.84621        7.70474        8.84621        7.70474        0              0              0              0              
268	0	0	11.3944        8.73621        11.3944        8.73621        0              0              0              0              
269	0	0	14.9988        10.6754        14.9988        10.6754        0              0              0              0              
270	0	0	18.3042        11.449         18.3042        11.449         0              0              0              0              
271	0	0	15.0945        11.4711        15.0945        11.4711        0              0              0              0              
272	0	0	23.3629        14.8752        23.3629        14.8752        0              0              0              0              
273	0	0	18.2464        12.8705        18.2464        12.8705        0              0              0              0              
274	0	0	16.3203        12.177         16.3203        12.177         0              0              0              0              
275	0	0	24.9168        18.3039        24.9168        18.3039        0              0              0              0              
276	0	0	24.8705        19.3896        24.8705        19.3896        0              0              0              0              
277	0	0	34.1083        29.5671        34.1083        29.5671        0              0              0              0              
278	0	0	0              0              0              0              0              0              0              0              
279	0	0	0              0              0              0              0              0              0              0              
280	0	0	0              0              0              0              0              0              0              0              
281	0	0	0              0              0              0              0              0              0              0              
282	0	0	0              0              0              0              0              0              0              0              
283	0	0	0              0              0              0              0              0              0              0              
284	0	0	0              0              0              0              0              0              0              0              
285	0	0	0              0              0              0              0              0              0              0              
286	0	0	0              0              0              0              0              0              0              0              
287	0	0	0              0              0              0              0              0              0              0              
288	0	0	0              0              0              0              0              0              0              0              
289	0	0	0              0              0              0              0              0              0              0              
290	0	0	0              0              0              0              0              0              0              0              
291	0	0	0              0              0              0              0              0              0              0              
292	0	0	0              0              0              0              0              0              0              0              
293	0	0	0              0              0              0              0              0              0              0              
294	0	0	0              0              0              0              0              0              0              0              
295	0	0	0              0              0              0              0              0              0              0              
296	0	0	0              0              0              0              0              0              0              0              
297	0	0	0              0              0              0              0              0              0              0              
298	0	0	0              0              0              0              0              0              0              0              
299	0	0	0              0              0              0              0              0              0              0              
300	0	0	0              0              0              0              0              0              0              0              
301	0	0	0              0              0              0              0              0              0              0              
302	0	0	0              0              0              0              0              0              0              0              
303	0	0	0              0              0              0              0              0              0              0              
304	0	0	0              0              0              0              0              0              0              0              
305	0	0	0              0              0              0              0              0              0              0              
306	0	0	0              0              0              0              0              0              0              0              
307	0	0	0              0              0              0              0              0              0              0              
308	0	0	0              0              0              0              0              0              0              0              
309	0	0	0              0              0              0              0              0              0              0              
310	0	0	0              0              0              0              0              0              0              0              
311	0	0	0              0              0              0              0              0              0              0              
312	0	0	0              0              0              0              0              0              0              0              
313	0	0	0              0              0              0              0              0              0              0              
314	0	0	0              0              0              0              0              0              0              0              
315	0	0	0              0              0              0              0              0              0              0              
316	0	0	0              0              0              0              0              0              0              0              
317	0	0	0              0              0              0              0              0              0              0              
318	0	0	0              0              0              0              0              0              0              0              
319	0	0	0              0              0              0              0              0              0              0              
320	0	0	0              0              0              0              0              0              0              0              
321	0	0	0              0              0              0              0              0              0              0              
322	0	0	0              0              0              0              0              0              0              0              
323	0	0	0              0              0              0              0              0              0              0              
324	0	0	0              0              0              0              0              0              0              0              
325	0	0	0              0              0              0              0              0              0              0              
326	0	0	0              0              0              0              0              0              0              0              
327	0	0	0              0              0              0              0              0              0              0              
328	0	0	0              0              0              0              0              0              0              0              
329	0	0	0              0              0              0              0              0              0              0              
330	0	0	0              0              0              0              0              0              0              0              
331	0	0	0              0              0              0              0              0              0              0              
332	0	0	0              0              0              0              0              0              0              0              
333	0	0	0              0              0              0              0              0              0              0              
334	0	0	0              0              0              0              0              0              0              0              
335	0	0	0              0              0              0              0              0              0              0              
336	0	0	0              0              0              0              0              0              0              0              
337	0	0	0              0              0              0              0              0              0              0              
338	0	0	0              0              0              0              0              0              0              0              
339	0	0	0              0              0              0              0              0              0              0              
340	0	0	0              0              0              0              0              0              0              0              
341	0	0	0              0              0              0              0              0              0              0              
342	0	0	0              0              0              0              0              0              0              0              
343	0	0	0              0              0              0              0              0              0              0              
344	0	0	0              0              0              0              0              0              0              0              
345	0	0	0              0              0              0              0              0              0              0              
346	0	0	0              0              0              0              0              0              0              0              
347	0	0	0              0              0              0              0              0              0              0              
348	0	0	0              0              0              0              0              0              0              0              
349	0	0	0              0              0              0              0              0              0              0              
350	0	0	0              0              0              0              0              0              0              0              
351	0	0	0              0              0              0              0              0              0              0              
352	0	0	0              0              0              0              0              0              0              0              
353	0	0	0              0              0              0              0              0              0              0              
354	0	0	0              0              0              0              0              0              0              0              
355	0	0	0              0              0              0              0              0              0              0              
356	0	0	0              0              0              0              0              0              0              0              
357	0	0	0              0              0              0              0              0              0              0              
358	0	0	0              0              0              0              0              0              0              0              
359	0	0	0              0              0              0              0              0              0              0              
360	0	0	0              0              0              0              0              0              0              0              
361	0	0	0              0              0              0              0              0              0              0              
362	0	0	0              0              0              0              0              0              0              0              
363	0	0	0              0              0              0              0              0              0              0              
364	0	0	0              0              0              0              0              0              0              0              
365	0	0	0              0              0              0              0              0              0              0              
366	0	0	0              0              0              0              0              0              0              0              
367	0	0	0              0              0              0              0              0              0              0              
368	0	0	0              0              0              0              0              0              0              0              
369	0	0	0              0              0              0              0              0              0              0              
370	0	0	0              0              0              0              0              0              0              0              
371	0	0	0              0              0              0              0              0              0              0              
372	0	0	0              0              0              0              0              0              0              0              
373	0	0	0              0              0              0              0              0              0              0              
374	0	0	0              0              0              0              0              0              0              0              
375	0	0	0              0              0              0              0              0              0              0              
376	0	0	0              0              0              0              0              0              0              0              
377	0	0	0              0              0              0              0              0              0              0              
378	0	0	0              0              0              0              0              0              0              0              
379	0	0	0              0              0              0              0              0              0              0              
380	0	0	0              0              0              0              0              0              0              0              
381	0	0	0              0              0              0              0              0              0              0              
382	0	0	0              0              0              0              0              0              0              0              
383	0	0	0              0              0              0              0              0              0              0              
384	0	0	0              0              0              0              0              0              0              0              
385	0	0	0              0              0              0              0              0              0              0              
386	0	0	0              0              0              0              0              0              0              0              
387	0	0	0              0              0              0              0              0              0              0              
388	0	0	0              0              0              0              0              0              0              0              
389	0	0	0              0              0              0              0              0              0              0              
390	0	0	0              0              0              0              0              0              0              0              
391	0	0	0              0              0              0              0              0              0              0              
392	0	0	0              0              0              0              0              0              0              0              
393	0	0	0              0              0              0              0              0              0              0              
394	0	0	0              0              0              0              0              0              0              0              
395	0	0	0              0              0              0              0              0              0              0              
396	0	0	0              0              0              0              0              0              0              0              
397	0	0	0              0              0              0              0              0              0              0              
398	0	0	0              0              0              0              0              0              0              0              
399	0	0	0              0              0              0              0              0              0              0              