i	j	k	Dose(Gy)       
0	0	0	8.58758e-08    
1	0	0	8.48256e-08    
2	0	0	8.07742e-08    
3	0	0	7.99042e-08    
4	0	0	7.89619e-08    
5	0	0	7.97248e-08    
6	0	0	8.11691e-08    
7	0	0	7.8579e-08     
8	0	0	8.09634e-08    
9	0	0	8.27927e-08    
10	0	0	7.82156e-08    
11	0	0	7.68083e-08    
12	0	0	7.68848e-08    
13	0	0	7.77789e-08    
14	0	0	8.00367e-08    
15	0	0	8.01206e-08    
16	0	0	7.86615e-08    
17	0	0	7.93949e-08    
18	0	0	8.03086e-08    
19	0	0	8.03479e-08    
20	0	0	7.79702e-08    
21	0	0	7.94326e-08    
22	0	0	7.86983e-08    
23	0	0	8.05497e-08    
24	0	0	7.96604e-08    
25	0	0	7.85152e-08    
26	0	0	7.85867e-08    
27	0	0	8.13172e-08    
28	0	0	8.06905e-08    
29	0	0	7.89545e-08    
30	0	0	8.01853e-08    
31	0	0	8.13601e-08    
32	0	0	8.11088e-08    
33	0	0	8.13348e-08    
34	0	0	8.08413e-08    
35	0	0	7.63566e-08    
36	0	0	8.19496e-08    
37	0	0	8.05337e-08    
38	0	0	7.9436e-08     
39	0	0	8.04481e-08    
40	0	0	8.07244e-08    
41	0	0	7.72885e-08    
42	0	0	7.9391e-08     
43	0	0	7.88246e-08    
44	0	0	7.64706e-08    
45	0	0	7.98152e-08    
46	0	0	8.12415e-08    
47	0	0	8.12403e-08    
48	0	0	7.74584e-08    
49	0	0	8.09474e-08    
50	0	0	8.08263e-08    
51	0	0	8.14362e-08    
52	0	0	8.13374e-08    
53	0	0	8.2678e-08     
54	0	0	7.95275e-08    
55	0	0	7.8971e-08     
56	0	0	8.18989e-08    
57	0	0	8.11418e-08    
58	0	0	8.25861e-08    
59	0	0	8.18984e-08    
60	0	0	7.93774e-08    
61	0	0	8.1761e-08     
62	0	0	8.4815e-08     
63	0	0	8.25864e-08    
64	0	0	7.86453e-08    
65	0	0	8.25149e-08    
66	0	0	7.90409e-08    
67	0	0	7.66465e-08    
68	0	0	7.77958e-08    
69	0	0	7.66384e-08    
70	0	0	7.57311e-08    
71	0	0	7.63121e-08    
72	0	0	7.75077e-08    
73	0	0	7.61491e-08    
74	0	0	7.69886e-08    
75	0	0	7.84815e-08    
76	0	0	7.94694e-08    
77	0	0	7.82699e-08    
78	0	0	8.01369e-08    
79	0	0	7.90969e-08    
80	0	0	7.60756e-08    
81	0	0	7.82094e-08    
82	0	0	7.69872e-08    
83	0	0	7.70928e-08    
84	0	0	7.97478e-08    
85	0	0	7.46074e-08    
86	0	0	7.84684e-08    
87	0	0	7.9321e-08     
88	0	0	7.72509e-08    
89	0	0	7.76364e-08    
90	0	0	7.62468e-08    
91	0	0	7.85764e-08    
92	0	0	7.53302e-08    
93	0	0	8.12523e-08    
94	0	0	7.84765e-08    
95	0	0	8.02929e-08    
96	0	0	7.95662e-08    
97	0	0	7.65962e-08    
98	0	0	8.0202e-08     
99	0	0	7.50047e-08    
100	0	0	7.85275e-08    
101	0	0	7.82379e-08    
102	0	0	7.86124e-08    
103	0	0	8.0424e-08     
104	0	0	7.61097e-08    
105	0	0	7.9195e-08     
106	0	0	7.88954e-08    
107	0	0	7.97563e-08    
108	0	0	8.05453e-08    
109	0	0	7.93628e-08    
110	0	0	7.98413e-08    
111	0	0	7.94027e-08    
112	0	0	8.06887e-08    
113	0	0	7.98552e-08    
114	0	0	8.18129e-08    
115	0	0	8.0535e-08     
116	0	0	8.22405e-08    
117	0	0	7.82397e-08    
118	0	0	7.71165e-08    
119	0	0	7.81015e-08    
120	0	0	7.7807e-08     
121	0	0	7.90566e-08    
122	0	0	8.09887e-08    
123	0	0	7.78497e-08    
124	0	0	8.0816e-08     
125	0	0	7.7617e-08     
126	0	0	8.07201e-08    
127	0	0	8.03572e-08    
128	0	0	8.10175e-08    
129	0	0	8.18684e-08    
130	0	0	8.07309e-08    
131	0	0	8.03599e-08    
132	0	0	7.76846e-08    
133	0	0	8.16782e-08    
134	0	0	7.99698e-08    
135	0	0	8.34407e-08    
136	0	0	7.98458e-08    
137	0	0	8.33881e-08    
138	0	0	7.98467e-08    
139	0	0	7.86264e-08    
140	0	0	8.05561e-08    
141	0	0	8.11151e-08    
142	0	0	7.89084e-08    
143	0	0	7.78119e-08    
144	0	0	7.75085e-08    
145	0	0	8.136e-08      
146	0	0	8.26177e-08    
147	0	0	7.98846e-08    
148	0	0	7.87515e-08    
149	0	0	8.08032e-08    
150	0	0	7.97945e-08    
151	0	0	8.35306e-08    
152	0	0	8.12939e-08    
153	0	0	8.24716e-08    
154	0	0	8.62784e-08    
155	0	0	7.88142e-08    
156	0	0	8.04063e-08    
157	0	0	8.02181e-08    
158	0	0	8.01996e-08    
159	0	0	8.1909e-08     
160	0	0	8.16491e-08    
161	0	0	8.24717e-08    
162	0	0	8.05835e-08    
163	0	0	8.63678e-08    
164	0	0	8.17655e-08    
165	0	0	8.24048e-08    
166	0	0	8.15339e-08    
167	0	0	7.95794e-08    
168	0	0	8.27985e-08    
169	0	0	8.53398e-08    
170	0	0	8.31725e-08    
171	0	0	8.18545e-08    
172	0	0	8.52372e-08    
173	0	0	8.04779e-08    
174	0	0	8.16393e-08    
175	0	0	8.41825e-08    
176	0	0	8.67125e-08    
177	0	0	8.22772e-08    
178	0	0	8.43371e-08    
179	0	0	8.14234e-08    
180	0	0	8.40591e-08    
181	0	0	8.51454e-08    
182	0	0	8.11459e-08    
183	0	0	8.49856e-08    
184	0	0	8.49821e-08    
185	0	0	8.23159e-08    
186	0	0	8.44074e-08    
187	0	0	8.42515e-08    
188	0	0	8.20722e-08    
189	0	0	8.17311e-08    
190	0	0	8.35841e-08    
191	0	0	8.29969e-08    
192	0	0	8.20103e-08    
193	0	0	8.08101e-08    
194	0	0	8.65553e-08    
195	0	0	8.17868e-08    
196	0	0	8.3375e-08     
197	0	0	8.09044e-08    
198	0	0	8.48762e-08    
199	0	0	8.22431e-08    
200	0	0	8.12032e-08    
201	0	0	8.09054e-08    
202	0	0	8.31317e-08    
203	0	0	8.161e-08      
204	0	0	8.36661e-08    
205	0	0	8.25041e-08    
206	0	0	8.28472e-08    
207	0	0	8.25927e-08    
208	0	0	8.17549e-08    
209	0	0	8.22057e-08    
210	0	0	8.3066e-08     
211	0	0	8.52698e-08    
212	0	0	8.45506e-08    
213	0	0	8.44922e-08    
214	0	0	8.23342e-08    
215	0	0	8.5672e-08     
216	0	0	8.64374e-08    
217	0	0	8.5857e-08     
218	0	0	8.39395e-08    
219	0	0	8.32024e-08    
220	0	0	8.24092e-08    
221	0	0	8.15226e-08    
222	0	0	8.49664e-08    
223	0	0	8.30296e-08    
224	0	0	8.33134e-08    
225	0	0	8.3231e-08     
226	0	0	8.65256e-08    
227	0	0	8.12259e-08    
228	0	0	8.37125e-08    
229	0	0	8.49879e-08    
230	0	0	8.66698e-08    
231	0	0	8.34509e-08    
232	0	0	8.25544e-08    
233	0	0	8.35952e-08    
234	0	0	8.25216e-08    
235	0	0	8.29792e-08    
236	0	0	8.50829e-08    
237	0	0	8.5189e-08     
238	0	0	8.63821e-08    
239	0	0	8.41165e-08    
240	0	0	8.51199e-08    
241	0	0	8.25731e-08    
242	0	0	8.55628e-08    
243	0	0	8.28276e-08    
244	0	0	8.23707e-08    
245	0	0	8.52038e-08    
246	0	0	8.81353e-08    
247	0	0	8.37392e-08    
248	0	0	8.51724e-08    
249	0	0	8.3363e-08     
250	0	0	8.65179e-08    
251	0	0	8.79483e-08    
252	0	0	8.7558e-08     
253	0	0	8.64034e-08    
254	0	0	8.26205e-08    
255	0	0	8.42169e-08    
256	0	0	8.70782e-08    
257	0	0	8.33447e-08    
258	0	0	8.41799e-08    
259	0	0	8.50435e-08    
260	0	0	8.49074e-08    
261	0	0	8.47572e-08    
262	0	0	8.33781e-08    
263	0	0	8.49206e-08    
264	0	0	8.78715e-08    
265	0	0	8.65922e-08    
266	0	0	8.48058e-08    
267	0	0	8.65477e-08    
268	0	0	8.36489e-08    
269	0	0	8.43171e-08    
270	0	0	8.496e-08      
271	0	0	8.6457e-08     
272	0	0	8.53657e-08    
273	0	0	8.60476e-08    
274	0	0	8.45719e-08    
275	0	0	8.56652e-08    
276	0	0	8.74413e-08    
277	0	0	8.60134e-08    
278	0	0	8.77653e-08    
279	0	0	8.68145e-08    
280	0	0	8.90665e-08    
281	0	0	8.75036e-08    
282	0	0	8.76236e-08    
283	0	0	8.38691e-08    
284	0	0	8.55515e-08    
285	0	0	8.52013e-08    
286	0	0	8.46944e-08    
287	0	0	8.79105e-08    
288	0	0	8.35012e-08    
289	0	0	8.45848e-08    
290	0	0	8.27984e-08    
291	0	0	8.17178e-08    
292	0	0	8.72423e-08    
293	0	0	8.41527e-08    
294	0	0	8.75279e-08    
295	0	0	8.50562e-08    
296	0	0	8.29939e-08    
297	0	0	8.49302e-08    
298	0	0	8.71155e-08    
299	0	0	8.66962e-08    
300	0	0	8.43354e-08    
301	0	0	8.63953e-08    
302	0	0	8.48408e-08    
303	0	0	8.62629e-08    
304	0	0	8.4327e-08     
305	0	0	8.67603e-08    
306	0	0	8.8773e-08     
307	0	0	8.5704e-08     
308	0	0	8.53039e-08    
309	0	0	8.51488e-08    
310	0	0	8.75118e-08    
311	0	0	8.39134e-08    
312	0	0	8.99618e-08    
313	0	0	8.74649e-08    
314	0	0	8.40343e-08    
315	0	0	8.79232e-08    
316	0	0	8.5131e-08     
317	0	0	8.53416e-08    
318	0	0	8.66407e-08    
319	0	0	8.56944e-08    
320	0	0	8.68156e-08    
321	0	0	8.59236e-08    
322	0	0	8.66824e-08    
323	0	0	8.61848e-08    
324	0	0	8.77188e-08    
325	0	0	8.83829e-08    
326	0	0	9.0357e-08     
327	0	0	8.63696e-08    
328	0	0	8.724e-08      
329	0	0	8.5024e-08     
330	0	0	8.66302e-08    
331	0	0	8.70515e-08    
332	0	0	8.85416e-08    
333	0	0	8.78411e-08    
334	0	0	8.62951e-08    
335	0	0	8.58178e-08    
336	0	0	8.88007e-08    
337	0	0	8.79306e-08    
338	0	0	8.73031e-08    
339	0	0	8.74086e-08    
340	0	0	8.75009e-08    
341	0	0	8.932e-08      
342	0	0	8.8222e-08     
343	0	0	9.23986e-08    
344	0	0	9.03309e-08    
345	0	0	8.81316e-08    
346	0	0	8.86863e-08    
347	0	0	9.05806e-08    
348	0	0	8.94425e-08    
349	0	0	9.2623e-08     
350	0	0	9.03657e-08    
351	0	0	8.87167e-08    
352	0	0	8.98075e-08    
353	0	0	8.8674e-08     
354	0	0	8.70613e-08    
355	0	0	8.92958e-08    
356	0	0	8.89074e-08    
357	0	0	9.0428e-08     
358	0	0	8.46363e-08    
359	0	0	9.09531e-08    
360	0	0	8.68663e-08    
361	0	0	8.98659e-08    
362	0	0	8.85636e-08    
363	0	0	8.85883e-08    
364	0	0	9.29071e-08    
365	0	0	9.22795e-08    
366	0	0	8.86643e-08    
367	0	0	8.7136e-08     
368	0	0	8.7188e-08     
369	0	0	8.91509e-08    
370	0	0	8.59454e-08    
371	0	0	8.95419e-08    
372	0	0	8.88453e-08    
373	0	0	9.01508e-08    
374	0	0	9.00824e-08    
375	0	0	9.10026e-08    
376	0	0	8.91868e-08    
377	0	0	8.8675e-08     
378	0	0	8.99586e-08    
379	0	0	8.68255e-08    
380	0	0	8.94973e-08    
381	0	0	9.02652e-08    
382	0	0	8.87854e-08    
383	0	0	8.95907e-08    
384	0	0	9.24743e-08    
385	0	0	8.88218e-08    
386	0	0	9.00782e-08    
387	0	0	8.87345e-08    
388	0	0	8.7026e-08     
389	0	0	8.83251e-08    
390	0	0	8.84504e-08    
391	0	0	9.00678e-08    
392	0	0	9.11158e-08    
393	0	0	9.00062e-08    
394	0	0	8.87902e-08    
395	0	0	9.06977e-08    
396	0	0	8.96757e-08    
397	0	0	9.0521e-08     
398	0	0	8.87266e-08    
399	0	0	9.20185e-08    
400	0	0	9.25471e-08    
401	0	0	8.93652e-08    
402	0	0	9.47078e-08    
403	0	0	8.91029e-08    
404	0	0	9.06385e-08    
405	0	0	9.25004e-08    
406	0	0	8.84139e-08    
407	0	0	8.97098e-08    
408	0	0	9.0695e-08     
409	0	0	9.20035e-08    
410	0	0	9.06201e-08    
411	0	0	9.04781e-08    
412	0	0	9.20286e-08    
413	0	0	8.83608e-08    
414	0	0	9.0061e-08     
415	0	0	8.94096e-08    
416	0	0	9.34047e-08    
417	0	0	8.85396e-08    
418	0	0	9.34593e-08    
419	0	0	9.39558e-08    
420	0	0	8.95955e-08    
421	0	0	9.50888e-08    
422	0	0	9.15563e-08    
423	0	0	9.12337e-08    
424	0	0	9.2577e-08     
425	0	0	9.32331e-08    
426	0	0	9.67584e-08    
427	0	0	9.25242e-08    
428	0	0	9.112e-08      
429	0	0	9.23851e-08    
430	0	0	9.45523e-08    
431	0	0	8.98361e-08    
432	0	0	9.13292e-08    
433	0	0	9.21739e-08    
434	0	0	9.23294e-08    
435	0	0	9.19468e-08    
436	0	0	9.12135e-08    
437	0	0	9.10624e-08    
438	0	0	9.26282e-08    
439	0	0	9.59639e-08    
440	0	0	9.25657e-08    
441	0	0	9.35085e-08    
442	0	0	9.32462e-08    
443	0	0	9.0649e-08     
444	0	0	9.46309e-08    
445	0	0	9.58828e-08    
446	0	0	9.27235e-08    
447	0	0	9.59556e-08    
448	0	0	9.38795e-08    
449	0	0	9.31257e-08    
450	0	0	9.06871e-08    
451	0	0	9.359e-08      
452	0	0	9.25093e-08    
453	0	0	9.33073e-08    
454	0	0	9.35751e-08    
455	0	0	9.44568e-08    
456	0	0	9.22745e-08    
457	0	0	9.48369e-08    
458	0	0	9.2531e-08     
459	0	0	9.63974e-08    
460	0	0	9.04544e-08    
461	0	0	9.1769e-08     
462	0	0	9.33928e-08    
463	0	0	9.30196e-08    
464	0	0	9.40221e-08    
465	0	0	9.07356e-08    
466	0	0	9.56095e-08    
467	0	0	9.54079e-08    
468	0	0	9.82116e-08    
469	0	0	9.20238e-08    
470	0	0	8.87136e-08    
471	0	0	9.3295e-08     
472	0	0	9.2857e-08     
473	0	0	9.1113e-08     
474	0	0	9.13257e-08    
475	0	0	9.38556e-08    
476	0	0	9.09799e-08    
477	0	0	9.4134e-08     
478	0	0	9.1912e-08     
479	0	0	9.45847e-08    
480	0	0	9.62159e-08    
481	0	0	9.13682e-08    
482	0	0	9.22752e-08    
483	0	0	9.24772e-08    
484	0	0	9.35289e-08    
485	0	0	9.38009e-08    
486	0	0	9.07954e-08    
487	0	0	9.12173e-08    
488	0	0	9.33378e-08    
489	0	0	9.47706e-08    
490	0	0	9.45105e-08    
491	0	0	9.3219e-08     
492	0	0	9.72843e-08    
493	0	0	9.63397e-08    
494	0	0	9.50796e-08    
495	0	0	9.63269e-08    
496	0	0	9.51474e-08    
497	0	0	9.71292e-08    
498	0	0	9.80237e-08    
499	0	0	9.54243e-08    
500	0	0	9.19276e-08    
501	0	0	9.58845e-08    
502	0	0	9.57072e-08    
503	0	0	9.43468e-08    
504	0	0	9.37654e-08    
505	0	0	9.85902e-08    
506	0	0	9.47976e-08    
507	0	0	9.5905e-08     
508	0	0	9.3723e-08     
509	0	0	9.42704e-08    
510	0	0	9.5631e-08     
511	0	0	9.25274e-08    
512	0	0	9.64811e-08    
513	0	0	9.24407e-08    
514	0	0	9.20532e-08    
515	0	0	9.37135e-08    
516	0	0	9.54406e-08    
517	0	0	9.44497e-08    
518	0	0	9.59852e-08    
519	0	0	9.52689e-08    
520	0	0	9.41446e-08    
521	0	0	9.6578e-08     
522	0	0	9.34918e-08    
523	0	0	9.35409e-08    
524	0	0	9.48136e-08    
525	0	0	9.54892e-08    
526	0	0	9.32644e-08    
527	0	0	9.5802e-08     
528	0	0	1.00527e-07    
529	0	0	9.60631e-08    
530	0	0	9.44855e-08    
531	0	0	9.48273e-08    
532	0	0	9.38131e-08    
533	0	0	9.67005e-08    
534	0	0	9.65021e-08    
535	0	0	9.35768e-08    
536	0	0	9.85289e-08    
537	0	0	9.59093e-08    
538	0	0	9.75466e-08    
539	0	0	9.67331e-08    
540	0	0	9.64779e-08    
541	0	0	9.69603e-08    
542	0	0	9.63104e-08    
543	0	0	9.521e-08      
544	0	0	9.87525e-08    
545	0	0	9.97496e-08    
546	0	0	9.57182e-08    
547	0	0	9.50119e-08    
548	0	0	9.55672e-08    
549	0	0	9.901e-08      
550	0	0	9.73185e-08    
551	0	0	9.83546e-08    
552	0	0	9.94293e-08    
553	0	0	9.71525e-08    
554	0	0	9.97438e-08    
555	0	0	9.80346e-08    
556	0	0	9.68112e-08    
557	0	0	9.64622e-08    
558	0	0	9.55102e-08    
559	0	0	9.87171e-08    
560	0	0	9.79848e-08    
561	0	0	9.68928e-08    
562	0	0	9.66852e-08    
563	0	0	9.78734e-08    
564	0	0	9.72023e-08    
565	0	0	9.64949e-08    
566	0	0	9.68199e-08    
567	0	0	9.61185e-08    
568	0	0	9.61681e-08    
569	0	0	9.88938e-08    
570	0	0	9.71072e-08    
571	0	0	9.59993e-08    
572	0	0	9.95287e-08    
573	0	0	9.80764e-08    
574	0	0	9.74389e-08    
575	0	0	1.00445e-07    
576	0	0	9.73985e-08    
577	0	0	1.02705e-07    
578	0	0	9.74289e-08    
579	0	0	1.0004e-07     
580	0	0	9.83013e-08    
581	0	0	9.88952e-08    
582	0	0	9.88613e-08    
583	0	0	9.88229e-08    
584	0	0	9.93269e-08    
585	0	0	1.00355e-07    
586	0	0	9.84739e-08    
587	0	0	9.84469e-08    
588	0	0	9.62672e-08    
589	0	0	9.93975e-08    
590	0	0	9.78552e-08    
591	0	0	9.89628e-08    
592	0	0	9.93272e-08    
593	0	0	1.00077e-07    
594	0	0	9.86854e-08    
595	0	0	9.92579e-08    
596	0	0	9.97519e-08    
597	0	0	1.00138e-07    
598	0	0	1.00479e-07    
599	0	0	9.98892e-08    
600	0	0	9.94497e-08    
601	0	0	1.00602e-07    
602	0	0	1.00753e-07    
603	0	0	9.85584e-08    
604	0	0	1.00592e-07    
605	0	0	1.0053e-07     
606	0	0	9.91127e-08    
607	0	0	9.96727e-08    
608	0	0	1.0132e-07     
609	0	0	9.95387e-08    
610	0	0	1.00849e-07    
611	0	0	1.01986e-07    
612	0	0	1.01029e-07    
613	0	0	9.90959e-08    
614	0	0	1.02829e-07    
615	0	0	1.0262e-07     
616	0	0	1.01941e-07    
617	0	0	9.81596e-08    
618	0	0	1.00604e-07    
619	0	0	1.01541e-07    
620	0	0	1.01459e-07    
621	0	0	1.03732e-07    
622	0	0	1.00424e-07    
623	0	0	1.00091e-07    
624	0	0	1.0475e-07     
625	0	0	1.02835e-07    
626	0	0	1.01505e-07    
627	0	0	1.02168e-07    
628	0	0	1.03325e-07    
629	0	0	1.01379e-07    
630	0	0	1.02057e-07    
631	0	0	1.02446e-07    
632	0	0	1.02013e-07    
633	0	0	1.01385e-07    
634	0	0	1.02418e-07    
635	0	0	1.04423e-07    
636	0	0	1.00818e-07    
637	0	0	1.07173e-07    
638	0	0	1.05146e-07    
639	0	0	1.06176e-07    
640	0	0	1.04107e-07    
641	0	0	1.03509e-07    
642	0	0	1.03617e-07    
643	0	0	1.03296e-07    
644	0	0	1.03629e-07    
645	0	0	1.02576e-07    
646	0	0	1.03963e-07    
647	0	0	1.0531e-07     
648	0	0	1.06068e-07    
649	0	0	1.04962e-07    
650	0	0	1.07199e-07    
651	0	0	1.03319e-07    
652	0	0	1.09123e-07    
653	0	0	1.06881e-07    
654	0	0	1.07705e-07    
655	0	0	1.0246e-07     
656	0	0	1.07162e-07    
657	0	0	1.03631e-07    
658	0	0	1.05899e-07    
659	0	0	1.07459e-07    
660	0	0	1.03882e-07    
661	0	0	1.07268e-07    
662	0	0	1.06284e-07    
663	0	0	1.04655e-07    
664	0	0	1.05416e-07    
665	0	0	1.06065e-07    
666	0	0	1.05161e-07    
667	0	0	1.04581e-07    
668	0	0	1.0423e-07     
669	0	0	1.05527e-07    
670	0	0	1.04108e-07    
671	0	0	1.08852e-07    
672	0	0	1.08267e-07    
673	0	0	1.08607e-07    
674	0	0	1.08214e-07    
675	0	0	1.0745e-07     
676	0	0	1.0627e-07     
677	0	0	1.08185e-07    
678	0	0	1.06945e-07    
679	0	0	1.08203e-07    
680	0	0	1.08659e-07    
681	0	0	1.0974e-07     
682	0	0	1.10742e-07    
683	0	0	1.06015e-07    
684	0	0	1.06977e-07    
685	0	0	1.07818e-07    
686	0	0	1.06998e-07    
687	0	0	1.06565e-07    
688	0	0	1.09744e-07    
689	0	0	1.08621e-07    
690	0	0	1.05124e-07    
691	0	0	1.07591e-07    
692	0	0	1.05641e-07    
693	0	0	1.06017e-07    
694	0	0	1.1046e-07     
695	0	0	1.07794e-07    
696	0	0	1.0687e-07     
697	0	0	1.08626e-07    
698	0	0	1.09998e-07    
699	0	0	1.06478e-07    
700	0	0	1.07601e-07    
701	0	0	1.08717e-07    
702	0	0	1.09138e-07    
703	0	0	1.06919e-07    
704	0	0	1.05963e-07    
705	0	0	1.12352e-07    
706	0	0	1.08816e-07    
707	0	0	1.10523e-07    
708	0	0	1.09151e-07    
709	0	0	1.10046e-07    
710	0	0	1.11471e-07    
711	0	0	1.10926e-07    
712	0	0	1.10281e-07    
713	0	0	1.1077e-07     
714	0	0	1.10288e-07    
715	0	0	1.09562e-07    
716	0	0	1.10693e-07    
717	0	0	1.07386e-07    
718	0	0	1.09876e-07    
719	0	0	1.12251e-07    
720	0	0	1.09846e-07    
721	0	0	1.09553e-07    
722	0	0	1.1032e-07     
723	0	0	1.15355e-07    
724	0	0	1.13449e-07    
725	0	0	1.10823e-07    
726	0	0	1.13369e-07    
727	0	0	1.134e-07      
728	0	0	1.11082e-07    
729	0	0	1.07995e-07    
730	0	0	1.09677e-07    
731	0	0	1.10929e-07    
732	0	0	1.10377e-07    
733	0	0	1.10741e-07    
734	0	0	1.13793e-07    
735	0	0	1.13977e-07    
736	0	0	1.10772e-07    
737	0	0	1.12305e-07    
738	0	0	1.12025e-07    
739	0	0	1.14712e-07    
740	0	0	1.13948e-07    
741	0	0	1.12889e-07    
742	0	0	1.13598e-07    
743	0	0	1.15788e-07    
744	0	0	1.12897e-07    
745	0	0	1.12899e-07    
746	0	0	1.1427e-07     
747	0	0	1.14928e-07    
748	0	0	1.14195e-07    
749	0	0	1.14681e-07    
750	0	0	1.17192e-07    
751	0	0	1.12337e-07    
752	0	0	1.13869e-07    
753	0	0	1.12478e-07    
754	0	0	1.1378e-07     
755	0	0	1.13595e-07    
756	0	0	1.15883e-07    
757	0	0	1.13477e-07    
758	0	0	1.1688e-07     
759	0	0	1.17995e-07    
760	0	0	1.15741e-07    
761	0	0	1.15446e-07    
762	0	0	1.1664e-07     
763	0	0	1.17887e-07    
764	0	0	1.18111e-07    
765	0	0	1.14175e-07    
766	0	0	1.16605e-07    
767	0	0	1.17136e-07    
768	0	0	1.16024e-07    
769	0	0	1.21874e-07    
770	0	0	1.19778e-07    
771	0	0	1.27323e-07    
772	0	0	1.16406e-07    
773	0	0	1.1549e-07     
774	0	0	1.1892e-07     
775	0	0	1.18475e-07    
776	0	0	1.16464e-07    
777	0	0	1.12265e-07    
778	0	0	1.13386e-07    
779	0	0	1.16033e-07    
780	0	0	1.16317e-07    
781	0	0	1.13631e-07    
782	0	0	1.13355e-07    
783	0	0	1.17531e-07    
784	0	0	1.10231e-07    
785	0	0	1.13128e-07    
786	0	0	1.17672e-07    
787	0	0	1.1307e-07     
788	0	0	1.1424e-07     
789	0	0	1.14104e-07    
790	0	0	1.16108e-07    
791	0	0	1.19281e-07    
792	0	0	1.17427e-07    
793	0	0	1.15739e-07    
794	0	0	1.14712e-07    
795	0	0	1.15485e-07    
796	0	0	1.14599e-07    
797	0	0	1.17428e-07    
798	0	0	1.17768e-07    
799	0	0	1.16161e-07    
800	0	0	1.16704e-07    
801	0	0	1.16072e-07    
802	0	0	1.1681e-07     
803	0	0	1.15785e-07    
804	0	0	1.16029e-07    
805	0	0	1.1559e-07     
806	0	0	1.16431e-07    
807	0	0	1.20742e-07    
808	0	0	1.19574e-07    
809	0	0	1.18585e-07    
810	0	0	1.17602e-07    
811	0	0	1.18573e-07    
812	0	0	1.18936e-07    
813	0	0	1.20498e-07    
814	0	0	1.17648e-07    
815	0	0	1.19159e-07    
816	0	0	1.1765e-07     
817	0	0	1.1994e-07     
818	0	0	1.21282e-07    
819	0	0	1.21745e-07    
820	0	0	1.1921e-07     
821	0	0	1.20955e-07    
822	0	0	1.19157e-07    
823	0	0	1.20196e-07    
824	0	0	1.20301e-07    
825	0	0	1.21367e-07    
826	0	0	1.20865e-07    
827	0	0	1.21765e-07    
828	0	0	1.19624e-07    
829	0	0	1.24097e-07    
830	0	0	1.24471e-07    
831	0	0	1.23555e-07    
832	0	0	1.25056e-07    
833	0	0	1.25414e-07    
834	0	0	1.23671e-07    
835	0	0	1.25785e-07    
836	0	0	1.25706e-07    
837	0	0	1.26175e-07    
838	0	0	1.28399e-07    
839	0	0	1.23706e-07    
840	0	0	1.2352e-07     
841	0	0	1.2288e-07     
842	0	0	1.21897e-07    
843	0	0	1.22164e-07    
844	0	0	1.23218e-07    
845	0	0	1.25058e-07    
846	0	0	1.24747e-07    
847	0	0	1.25005e-07    
848	0	0	1.23169e-07    
849	0	0	1.24581e-07    
850	0	0	1.25021e-07    
851	0	0	1.24805e-07    
852	0	0	1.28633e-07    
853	0	0	1.27924e-07    
854	0	0	1.22014e-07    
855	0	0	1.27742e-07    
856	0	0	1.25171e-07    
857	0	0	1.2843e-07     
858	0	0	1.26108e-07    
859	0	0	1.30007e-07    
860	0	0	1.29296e-07    
861	0	0	1.28663e-07    
862	0	0	1.29276e-07    
863	0	0	1.28968e-07    
864	0	0	1.26716e-07    
865	0	0	1.2833e-07     
866	0	0	1.32269e-07    
867	0	0	1.3194e-07     
868	0	0	1.3455e-07     
869	0	0	1.30061e-07    
870	0	0	1.30641e-07    
871	0	0	1.31208e-07    
872	0	0	1.29545e-07    
873	0	0	1.32489e-07    
874	0	0	1.31886e-07    
875	0	0	1.30954e-07    
876	0	0	1.32573e-07    
877	0	0	1.35129e-07    
878	0	0	1.34495e-07    
879	0	0	1.3369e-07     
880	0	0	1.35535e-07    
881	0	0	1.33424e-07    
882	0	0	1.3254e-07     
883	0	0	1.35796e-07    
884	0	0	1.3313e-07     
885	0	0	1.33227e-07    
886	0	0	1.32886e-07    
887	0	0	1.35122e-07    
888	0	0	1.35979e-07    
889	0	0	1.32015e-07    
890	0	0	1.38061e-07    
891	0	0	1.36837e-07    
892	0	0	1.4026e-07     
893	0	0	1.37427e-07    
894	0	0	1.38669e-07    
895	0	0	1.38305e-07    
896	0	0	1.36253e-07    
897	0	0	1.36857e-07    
898	0	0	1.33085e-07    
899	0	0	1.36696e-07    
900	0	0	1.36707e-07    
901	0	0	1.33987e-07    
902	0	0	1.35828e-07    
903	0	0	1.34788e-07    
904	0	0	1.37679e-07    
905	0	0	1.39678e-07    
906	0	0	1.39217e-07    
907	0	0	1.3684e-07     
908	0	0	1.40829e-07    
909	0	0	1.42468e-07    
910	0	0	1.42709e-07    
911	0	0	1.45277e-07    
912	0	0	1.4236e-07     
913	0	0	1.3828e-07     
914	0	0	1.41017e-07    
915	0	0	1.40062e-07    
916	0	0	1.41524e-07    
917	0	0	1.40757e-07    
918	0	0	1.42864e-07    
919	0	0	1.37848e-07    
920	0	0	1.40757e-07    
921	0	0	1.40563e-07    
922	0	0	1.44105e-07    
923	0	0	1.43467e-07    
924	0	0	1.48977e-07    
925	0	0	1.44936e-07    
926	0	0	1.43003e-07    
927	0	0	1.43334e-07    
928	0	0	1.44431e-07    
929	0	0	1.49255e-07    
930	0	0	1.42703e-07    
931	0	0	1.46946e-07    
932	0	0	1.48133e-07    
933	0	0	1.51945e-07    
934	0	0	1.52259e-07    
935	0	0	1.43907e-07    
936	0	0	1.45364e-07    
937	0	0	1.50301e-07    
938	0	0	1.50544e-07    
939	0	0	1.49067e-07    
940	0	0	1.45573e-07    
941	0	0	1.45343e-07    
942	0	0	1.50758e-07    
943	0	0	1.49658e-07    
944	0	0	1.43126e-07    
945	0	0	1.43446e-07    
946	0	0	1.45177e-07    
947	0	0	1.42872e-07    
948	0	0	1.42014e-07    
949	0	0	1.42607e-07    
950	0	0	1.427e-07      
951	0	0	1.44611e-07    
952	0	0	1.42684e-07    
953	0	0	1.42516e-07    
954	0	0	1.41576e-07    
955	0	0	1.44393e-07    
956	0	0	1.44801e-07    
957	0	0	1.49028e-07    
958	0	0	1.42309e-07    
959	0	0	1.4452e-07     
960	0	0	1.43193e-07    
961	0	0	1.43282e-07    
962	0	0	1.43996e-07    
963	0	0	1.4666e-07     
964	0	0	1.4663e-07     
965	0	0	1.51109e-07    
966	0	0	1.43502e-07    
967	0	0	1.44747e-07    
968	0	0	1.45308e-07    
969	0	0	1.49497e-07    
970	0	0	1.43643e-07    
971	0	0	1.48034e-07    
972	0	0	1.51041e-07    
973	0	0	1.4732e-07     
974	0	0	1.48639e-07    
975	0	0	1.56084e-07    
976	0	0	1.59873e-07    
977	0	0	1.53549e-07    
978	0	0	1.45542e-07    
979	0	0	1.40892e-07    
980	0	0	1.42905e-07    
981	0	0	1.42354e-07    
982	0	0	1.43496e-07    
983	0	0	1.45619e-07    
984	0	0	1.44922e-07    
985	0	0	1.48557e-07    
986	0	0	1.44445e-07    
987	0	0	1.48016e-07    
988	0	0	1.46098e-07    
989	0	0	1.46311e-07    
990	0	0	1.42824e-07    
991	0	0	1.41612e-07    
992	0	0	1.47413e-07    
993	0	0	1.371e-07      
994	0	0	1.43742e-07    
995	0	0	1.40307e-07    
996	0	0	1.38842e-07    
997	0	0	1.39366e-07    
998	0	0	1.40531e-07    
999	0	0	1.43541e-07    
1000	0	0	1.43608e-07    
1001	0	0	1.4635e-07     
1002	0	0	1.45895e-07    
1003	0	0	1.39606e-07    
1004	0	0	1.39161e-07    
1005	0	0	1.39453e-07    
1006	0	0	1.40441e-07    
1007	0	0	1.42032e-07    
1008	0	0	1.36434e-07    
1009	0	0	1.39135e-07    
1010	0	0	1.40973e-07    
1011	0	0	1.42087e-07    
1012	0	0	1.47214e-07    
1013	0	0	1.48512e-07    
1014	0	0	1.41839e-07    
1015	0	0	1.42734e-07    
1016	0	0	1.40298e-07    
1017	0	0	1.40884e-07    
1018	0	0	1.46634e-07    
1019	0	0	1.41032e-07    
1020	0	0	1.39115e-07    
1021	0	0	1.42672e-07    
1022	0	0	1.44649e-07    
1023	0	0	1.40168e-07    
1024	0	0	1.4245e-07     
1025	0	0	1.38659e-07    
1026	0	0	1.40877e-07    
1027	0	0	1.41699e-07    
1028	0	0	1.40739e-07    
1029	0	0	1.44837e-07    
1030	0	0	1.44913e-07    
1031	0	0	1.47328e-07    
1032	0	0	1.48111e-07    
1033	0	0	1.48676e-07    
1034	0	0	1.42095e-07    
1035	0	0	1.41835e-07    
1036	0	0	1.44395e-07    
1037	0	0	1.43258e-07    
1038	0	0	1.47103e-07    
1039	0	0	1.44166e-07    
1040	0	0	1.45765e-07    
1041	0	0	1.46336e-07    
1042	0	0	1.49243e-07    
1043	0	0	1.46069e-07    
1044	0	0	1.51248e-07    
1045	0	0	1.49813e-07    
1046	0	0	1.52825e-07    
1047	0	0	1.54033e-07    
1048	0	0	1.45395e-07    
1049	0	0	1.49244e-07    
1050	0	0	1.50571e-07    
1051	0	0	1.54503e-07    
1052	0	0	1.51738e-07    
1053	0	0	1.49438e-07    
1054	0	0	1.51438e-07    
1055	0	0	1.47563e-07    
1056	0	0	1.48017e-07    
1057	0	0	1.43422e-07    
1058	0	0	1.39229e-07    
1059	0	0	1.44923e-07    
1060	0	0	1.43438e-07    
1061	0	0	1.44676e-07    
1062	0	0	1.48461e-07    
1063	0	0	1.48564e-07    
1064	0	0	1.44619e-07    
1065	0	0	1.44612e-07    
1066	0	0	1.46356e-07    
1067	0	0	1.452e-07      
1068	0	0	1.46606e-07    
1069	0	0	1.52408e-07    
1070	0	0	1.4844e-07     
1071	0	0	1.44027e-07    
1072	0	0	1.45365e-07    
1073	0	0	1.44587e-07    
1074	0	0	1.44507e-07    
1075	0	0	1.43929e-07    
1076	0	0	1.46163e-07    
1077	0	0	1.4553e-07     
1078	0	0	1.4314e-07     
1079	0	0	1.44946e-07    
1080	0	0	1.43451e-07    
1081	0	0	1.46405e-07    
1082	0	0	1.46407e-07    
1083	0	0	1.47292e-07    
1084	0	0	1.48282e-07    
1085	0	0	1.53643e-07    
1086	0	0	1.47875e-07    
1087	0	0	1.51555e-07    
1088	0	0	1.49829e-07    
1089	0	0	1.51956e-07    
1090	0	0	1.53205e-07    
1091	0	0	1.55826e-07    
1092	0	0	1.56357e-07    
1093	0	0	1.56518e-07    
1094	0	0	1.53804e-07    
1095	0	0	1.57046e-07    
1096	0	0	1.53521e-07    
1097	0	0	1.53793e-07    
1098	0	0	1.46134e-07    
1099	0	0	1.48769e-07    
1100	0	0	1.44449e-07    
1101	0	0	1.47528e-07    
1102	0	0	1.45656e-07    
1103	0	0	1.49161e-07    
1104	0	0	1.46013e-07    
1105	0	0	1.44587e-07    
1106	0	0	1.47065e-07    
1107	0	0	1.45141e-07    
1108	0	0	1.46271e-07    
1109	0	0	1.44515e-07    
1110	0	0	1.47958e-07    
1111	0	0	1.47671e-07    
1112	0	0	1.45159e-07    
1113	0	0	1.4885e-07     
1114	0	0	1.5008e-07     
1115	0	0	1.53409e-07    
1116	0	0	1.54117e-07    
1117	0	0	1.54347e-07    
1118	0	0	1.53596e-07    
1119	0	0	1.48975e-07    
1120	0	0	1.51236e-07    
1121	0	0	1.51614e-07    
1122	0	0	1.54082e-07    
1123	0	0	1.58244e-07    
1124	0	0	1.54865e-07    
1125	0	0	1.53943e-07    
1126	0	0	1.52334e-07    
1127	0	0	1.49194e-07    
1128	0	0	1.44782e-07    
1129	0	0	1.49144e-07    
1130	0	0	1.4944e-07     
1131	0	0	1.45928e-07    
1132	0	0	1.47593e-07    
1133	0	0	1.53627e-07    
1134	0	0	1.51746e-07    
1135	0	0	1.55119e-07    
1136	0	0	1.60043e-07    
1137	0	0	1.54855e-07    
1138	0	0	1.45768e-07    
1139	0	0	1.49897e-07    
1140	0	0	1.4836e-07     
1141	0	0	1.49056e-07    
1142	0	0	1.50545e-07    
1143	0	0	1.56333e-07    
1144	0	0	1.53703e-07    
1145	0	0	1.48169e-07    
1146	0	0	1.49768e-07    
1147	0	0	1.52308e-07    
1148	0	0	1.57799e-07    
1149	0	0	1.6147e-07     
1150	0	0	1.5451e-07     
1151	0	0	1.48511e-07    
1152	0	0	1.50066e-07    
1153	0	0	1.46264e-07    
1154	0	0	1.49206e-07    
1155	0	0	1.49487e-07    
1156	0	0	1.47473e-07    
1157	0	0	1.48073e-07    
1158	0	0	1.52402e-07    
1159	0	0	1.50108e-07    
1160	0	0	1.51314e-07    
1161	0	0	1.52662e-07    
1162	0	0	1.5617e-07     
1163	0	0	1.51995e-07    
1164	0	0	1.47452e-07    
1165	0	0	1.46928e-07    
1166	0	0	1.48995e-07    
1167	0	0	1.48523e-07    
1168	0	0	1.4728e-07     
1169	0	0	1.51521e-07    
1170	0	0	1.45024e-07    
1171	0	0	1.51135e-07    
1172	0	0	1.5039e-07     
1173	0	0	1.44713e-07    
1174	0	0	1.43094e-07    
1175	0	0	1.50626e-07    
1176	0	0	1.46868e-07    
1177	0	0	1.46496e-07    
1178	0	0	1.5183e-07     
1179	0	0	1.51501e-07    
1180	0	0	1.50724e-07    
1181	0	0	1.52432e-07    
1182	0	0	1.57191e-07    
1183	0	0	1.51312e-07    
1184	0	0	1.48898e-07    
1185	0	0	1.48567e-07    
1186	0	0	1.51093e-07    
1187	0	0	1.46767e-07    
1188	0	0	1.48512e-07    
1189	0	0	1.44497e-07    
1190	0	0	1.4601e-07     
1191	0	0	1.47928e-07    
1192	0	0	1.5192e-07     
1193	0	0	1.57336e-07    
1194	0	0	1.53845e-07    
1195	0	0	1.59934e-07    
1196	0	0	1.61821e-07    
1197	0	0	1.53369e-07    
1198	0	0	1.49185e-07    
1199	0	0	1.50064e-07    
1200	0	0	1.54989e-07    
1201	0	0	1.54462e-07    
1202	0	0	1.51291e-07    
1203	0	0	1.52936e-07    
1204	0	0	1.48882e-07    
1205	0	0	1.53112e-07    
1206	0	0	1.48068e-07    
1207	0	0	1.47924e-07    
1208	0	0	1.40902e-07    
1209	0	0	1.47506e-07    
1210	0	0	1.45981e-07    
1211	0	0	1.46892e-07    
1212	0	0	1.51088e-07    
1213	0	0	1.51102e-07    
1214	0	0	1.50877e-07    
1215	0	0	1.50477e-07    
1216	0	0	1.50229e-07    
1217	0	0	1.43088e-07    
1218	0	0	1.45522e-07    
1219	0	0	1.52593e-07    
1220	0	0	1.4777e-07     
1221	0	0	1.47643e-07    
1222	0	0	1.4854e-07     
1223	0	0	1.48504e-07    
1224	0	0	1.50109e-07    
1225	0	0	1.42761e-07    
1226	0	0	1.45072e-07    
1227	0	0	1.44742e-07    
1228	0	0	1.33724e-07    
1229	0	0	1.32999e-07    
1230	0	0	1.35597e-07    
1231	0	0	1.3604e-07     
1232	0	0	1.40415e-07    
1233	0	0	1.37991e-07    
1234	0	0	1.35295e-07    
1235	0	0	1.31639e-07    
1236	0	0	1.37641e-07    
1237	0	0	1.30849e-07    
1238	0	0	1.32046e-07    
1239	0	0	1.28855e-07    
1240	0	0	1.28599e-07    
1241	0	0	1.3101e-07     
1242	0	0	1.3044e-07     
1243	0	0	1.30839e-07    
1244	0	0	1.3281e-07     
1245	0	0	1.33766e-07    
1246	0	0	1.35062e-07    
1247	0	0	1.39282e-07    
1248	0	0	1.41087e-07    
1249	0	0	1.46581e-07    
1250	0	0	1.39897e-07    
1251	0	0	1.39632e-07    
1252	0	0	1.43389e-07    
1253	0	0	1.4031e-07     
1254	0	0	1.40526e-07    
1255	0	0	1.4521e-07     
1256	0	0	1.44094e-07    
1257	0	0	1.38684e-07    
1258	0	0	1.4477e-07     
1259	0	0	1.47399e-07    
1260	0	0	1.36748e-07    
1261	0	0	1.35262e-07    
1262	0	0	1.3901e-07     
1263	0	0	1.34456e-07    
1264	0	0	1.34857e-07    
1265	0	0	1.36809e-07    
1266	0	0	1.39007e-07    
1267	0	0	1.40946e-07    
1268	0	0	1.42205e-07    
1269	0	0	1.45324e-07    
1270	0	0	1.42664e-07    
1271	0	0	1.39593e-07    
1272	0	0	1.39845e-07    
1273	0	0	1.35692e-07    
1274	0	0	1.40804e-07    
1275	0	0	1.40082e-07    
1276	0	0	1.33928e-07    
1277	0	0	1.36854e-07    
1278	0	0	1.33205e-07    
1279	0	0	1.34534e-07    
1280	0	0	1.41564e-07    
1281	0	0	1.38493e-07    
1282	0	0	1.33635e-07    
1283	0	0	1.35808e-07    
1284	0	0	1.36396e-07    
1285	0	0	1.37545e-07    
1286	0	0	1.39644e-07    
1287	0	0	1.39634e-07    
1288	0	0	1.38753e-07    
1289	0	0	1.40205e-07    
1290	0	0	1.41386e-07    
1291	0	0	1.43659e-07    
1292	0	0	1.3538e-07     
1293	0	0	1.37108e-07    
1294	0	0	1.39284e-07    
1295	0	0	1.38066e-07    
1296	0	0	1.33663e-07    
1297	0	0	1.34122e-07    
1298	0	0	1.36994e-07    
1299	0	0	1.33362e-07    
1300	0	0	1.36077e-07    
1301	0	0	1.36519e-07    
1302	0	0	1.39966e-07    
1303	0	0	1.41338e-07    
1304	0	0	1.45887e-07    
1305	0	0	1.46818e-07    
1306	0	0	1.43571e-07    
1307	0	0	1.39021e-07    
1308	0	0	1.44201e-07    
1309	0	0	1.48846e-07    
1310	0	0	1.43751e-07    
1311	0	0	1.39539e-07    
1312	0	0	1.38922e-07    
1313	0	0	1.43212e-07    
1314	0	0	1.41478e-07    
1315	0	0	1.38715e-07    
1316	0	0	1.40957e-07    
1317	0	0	1.41459e-07    
1318	0	0	1.42498e-07    
1319	0	0	1.46269e-07    
1320	0	0	1.42485e-07    
1321	0	0	1.47319e-07    
1322	0	0	1.46661e-07    
1323	0	0	1.44725e-07    
1324	0	0	1.4028e-07     
1325	0	0	1.43425e-07    
1326	0	0	1.43918e-07    
1327	0	0	1.47359e-07    
1328	0	0	1.45046e-07    
1329	0	0	1.49751e-07    
1330	0	0	1.47359e-07    
1331	0	0	1.44318e-07    
1332	0	0	1.49174e-07    
1333	0	0	1.52361e-07    
1334	0	0	1.50123e-07    
1335	0	0	1.5375e-07     
1336	0	0	1.49057e-07    
1337	0	0	1.44405e-07    
1338	0	0	1.51726e-07    
1339	0	0	1.51508e-07    
1340	0	0	1.49268e-07    
1341	0	0	1.48885e-07    
1342	0	0	1.48013e-07    
1343	0	0	1.45671e-07    
1344	0	0	1.51132e-07    
1345	0	0	1.53367e-07    
1346	0	0	1.53665e-07    
1347	0	0	1.50792e-07    
1348	0	0	1.46794e-07    
1349	0	0	1.45965e-07    
1350	0	0	1.44473e-07    
1351	0	0	1.44358e-07    
1352	0	0	1.48045e-07    
1353	0	0	1.51433e-07    
1354	0	0	1.53312e-07    
1355	0	0	1.47041e-07    
1356	0	0	1.49808e-07    
1357	0	0	1.55618e-07    
1358	0	0	1.50515e-07    
1359	0	0	1.4657e-07     
1360	0	0	1.48794e-07    
1361	0	0	1.46328e-07    
1362	0	0	1.46693e-07    
1363	0	0	1.51677e-07    
1364	0	0	1.45512e-07    
1365	0	0	1.37965e-07    
1366	0	0	1.41244e-07    
1367	0	0	1.44806e-07    
1368	0	0	1.4644e-07     
1369	0	0	1.38887e-07    
1370	0	0	1.41477e-07    
1371	0	0	1.47827e-07    
1372	0	0	1.47409e-07    
1373	0	0	1.43697e-07    
1374	0	0	1.49788e-07    
1375	0	0	1.43792e-07    
1376	0	0	1.40065e-07    
1377	0	0	1.44861e-07    
1378	0	0	1.4318e-07     
1379	0	0	1.44141e-07    
1380	0	0	1.3776e-07     
1381	0	0	1.35628e-07    
1382	0	0	1.38994e-07    
1383	0	0	1.35288e-07    
1384	0	0	1.39824e-07    
1385	0	0	1.45494e-07    
1386	0	0	1.45918e-07    
1387	0	0	1.40497e-07    
1388	0	0	1.41219e-07    
1389	0	0	1.39608e-07    
1390	0	0	1.33762e-07    
1391	0	0	1.37612e-07    
1392	0	0	1.30931e-07    
1393	0	0	1.28146e-07    
1394	0	0	1.32615e-07    
1395	0	0	1.34987e-07    
1396	0	0	1.3835e-07     
1397	0	0	1.3752e-07     
1398	0	0	1.39239e-07    
1399	0	0	1.45409e-07    
1400	0	0	1.46254e-07    
1401	0	0	1.43688e-07    
1402	0	0	1.39945e-07    
1403	0	0	1.45068e-07    
1404	0	0	1.43071e-07    
1405	0	0	1.42465e-07    
1406	0	0	1.40503e-07    
1407	0	0	1.42217e-07    
1408	0	0	1.39135e-07    
1409	0	0	1.40183e-07    
1410	0	0	1.42877e-07    
1411	0	0	1.4058e-07     
1412	0	0	1.39782e-07    
1413	0	0	1.36225e-07    
1414	0	0	1.41774e-07    
1415	0	0	1.40322e-07    
1416	0	0	1.44877e-07    
1417	0	0	1.42251e-07    
1418	0	0	1.46005e-07    
1419	0	0	1.41574e-07    
1420	0	0	1.43761e-07    
1421	0	0	1.44768e-07    
1422	0	0	1.53294e-07    
1423	0	0	1.47718e-07    
1424	0	0	1.50092e-07    
1425	0	0	1.48915e-07    
1426	0	0	1.43464e-07    
1427	0	0	1.4048e-07     
1428	0	0	1.43402e-07    
1429	0	0	1.5027e-07     
1430	0	0	1.5035e-07     
1431	0	0	1.51821e-07    
1432	0	0	1.51768e-07    
1433	0	0	1.5163e-07     
1434	0	0	1.40446e-07    
1435	0	0	1.46384e-07    
1436	0	0	1.44761e-07    
1437	0	0	1.559e-07      
1438	0	0	1.46582e-07    
1439	0	0	1.37798e-07    
1440	0	0	1.4064e-07     
1441	0	0	1.54751e-07    
1442	0	0	1.46717e-07    
1443	0	0	1.43858e-07    
1444	0	0	1.32735e-07    
1445	0	0	1.27977e-07    
1446	0	0	1.22642e-07    
1447	0	0	1.27802e-07    
1448	0	0	1.34785e-07    
1449	0	0	1.36477e-07    
1450	0	0	1.27985e-07    
1451	0	0	1.1451e-07     
1452	0	0	1.12107e-07    
1453	0	0	1.12717e-07    
1454	0	0	1.22349e-07    
1455	0	0	1.0533e-07     
1456	0	0	1.15635e-07    
1457	0	0	1.13325e-07    
1458	0	0	1.12042e-07    
1459	0	0	1.05169e-07    
1460	0	0	9.99243e-08    
1461	0	0	1.06491e-07    
1462	0	0	1.03221e-07    
1463	0	0	9.71756e-08    
1464	0	0	8.77355e-08    
1465	0	0	9.99932e-08    
1466	0	0	9.12425e-08    
1467	0	0	8.2797e-08     
1468	0	0	7.27033e-08    
1469	0	0	7.42807e-08    
1470	0	0	7.74979e-08    
1471	0	0	7.78904e-08    
1472	0	0	7.71507e-08    
1473	0	0	7.82832e-08    
1474	0	0	6.98326e-08    
1475	0	0	5.86361e-08    
1476	0	0	5.86724e-08    
1477	0	0	5.89593e-08    
1478	0	0	5.8017e-08     
1479	0	0	4.11275e-08    
1480	0	0	4.05783e-08    
1481	0	0	4.01977e-08    
1482	0	0	3.22888e-08    
1483	0	0	2.91763e-08    
1484	0	0	2.89684e-08    
1485	0	0	3.71197e-08    
1486	0	0	3.13096e-08    
1487	0	0	2.33161e-08    
1488	0	0	1.52351e-08    
1489	0	0	1.3568e-08     
1490	0	0	1.50425e-08    
1491	0	0	1.76846e-08    
1492	0	0	1.75212e-08    
1493	0	0	1.30251e-08    
1494	0	0	1.18189e-08    
1495	0	0	1.52929e-08    
1496	0	0	1.27616e-08    
1497	0	0	1.44314e-08    
1498	0	0	9.28922e-09    
1499	0	0	6.35514e-09    
1500	0	0	7.82431e-09    
1501	0	0	4.59276e-09    
1502	0	0	4.57429e-09    
1503	0	0	5.12805e-09    
1504	0	0	5.82559e-09    
1505	0	0	6.93729e-09    
1506	0	0	6.46436e-09    
1507	0	0	4.75085e-09    
1508	0	0	7.05136e-09    
1509	0	0	3.78764e-09    
1510	0	0	3.44069e-09    
1511	0	0	4.11298e-09    
1512	0	0	5.29745e-09    
1513	0	0	6.56858e-09    
1514	0	0	1.37015e-09    