i	j	k	Dose      LDT       LTT       proton_1_Dproton_1_T

0	0	0	941.904   0.471609  0.47162   0.471609  0.47162   
1	0	0	941.137   0.473202  0.473212  0.473202  0.473212  
2	0	0	944.181   0.474805  0.474815  0.474805  0.474815  
3	0	0	955.708   0.476449  0.476457  0.476449  0.476457  
4	0	0	954.213   0.478108  0.478122  0.478108  0.478122  
5	0	0	949.833   0.479787  0.479792  0.479787  0.479792  
6	0	0	957.74    0.481477  0.481485  0.481477  0.481485  
7	0	0	954.192   0.483193  0.483201  0.483193  0.483201  
8	0	0	965.241   0.484934  0.484944  0.484934  0.484944  
9	0	0	971.647   0.486702  0.486723  0.486702  0.486723  
10	0	0	976.48    0.488521  0.488529  0.488521  0.488529  
11	0	0	976.854   0.490348  0.490356  0.490348  0.490356  
12	0	0	984.288   0.492202  0.492214  0.492202  0.492214  
13	0	0	982.572   0.494086  0.494096  0.494086  0.494096  
14	0	0	1000.05   0.496008  0.496019  0.496008  0.496019  
15	0	0	998.313   0.497962  0.49797   0.497962  0.49797   
16	0	0	999.631   0.499935  0.499949  0.499935  0.499949  
17	0	0	1004.99   0.501949  0.501958  0.501949  0.501958  
18	0	0	1006.07   0.503976  0.503989  0.503976  0.503989  
19	0	0	1020.29   0.50605   0.506068  0.50605   0.506068  
20	0	0	1022.58   0.508164  0.508185  0.508164  0.508185  
21	0	0	1014.74   0.510311  0.510319  0.510311  0.510319  
22	0	0	1018.76   0.512469  0.512481  0.512469  0.512481  
23	0	0	1035.96   0.514685  0.51469   0.514685  0.51469   
24	0	0	1029.36   0.516928  0.516935  0.516928  0.516935  
25	0	0	1037.39   0.519202  0.519213  0.519202  0.519213  
26	0	0	1041.98   0.521522  0.521528  0.521522  0.521528  
27	0	0	1041.61   0.523875  0.523883  0.523875  0.523883  
28	0	0	1060.19   0.526272  0.526286  0.526272  0.526286  
29	0	0	1054.29   0.528718  0.528735  0.528718  0.528735  
30	0	0	1048.28   0.531179  0.531199  0.531179  0.531199  
31	0	0	1059.02   0.533702  0.533707  0.533702  0.533707  
32	0	0	1069.88   0.536263  0.536271  0.536263  0.536271  
33	0	0	1080.57   0.538875  0.538897  0.538875  0.538897  
34	0	0	1086.94   0.541562  0.541585  0.541562  0.541585  
35	0	0	1088.86   0.544304  0.54431   0.544304  0.54431   
36	0	0	1090.77   0.547067  0.54708   0.547067  0.54708   
37	0	0	1099.44   0.549903  0.549904  0.549903  0.549904  
38	0	0	1097.66   0.552772  0.552778  0.552772  0.552778  
39	0	0	1103.16   0.555695  0.555704  0.555695  0.555704  
40	0	0	1123.95   0.558693  0.558713  0.558693  0.558713  
41	0	0	1119.57   0.56176   0.561774  0.56176   0.561774  
42	0	0	1124.68   0.564905  0.56489   0.564905  0.56489   
43	0	0	1127.05   0.568055  0.568064  0.568055  0.568064  
44	0	0	1142.35   0.571304  0.571316  0.571304  0.571316  
45	0	0	1146.64   0.574626  0.574641  0.574626  0.574641  
46	0	0	1164.95   0.578071  0.578063  0.578071  0.578063  
47	0	0	1153.22   0.581533  0.581533  0.581533  0.581533  
48	0	0	1164.22   0.585055  0.58507   0.585055  0.58507   
49	0	0	1168.89   0.588675  0.588692  0.588675  0.588692  
50	0	0	1183.75   0.59242   0.592398  0.59242   0.592398  
51	0	0	1195.49   0.596209  0.59622   0.596209  0.59622   
52	0	0	1188.53   0.600101  0.600105  0.600101  0.600105  
53	0	0	1216.24   0.604082  0.604107  0.604082  0.604107  
54	0	0	1206.97   0.608216  0.608197  0.608216  0.608197  
55	0	0	1222.1    0.612401  0.612389  0.612401  0.612389  
56	0	0	1227.42   0.616718  0.61668   0.616718  0.61668   
57	0	0	1241.28   0.621091  0.621093  0.621091  0.621093  
58	0	0	1251.28   0.625643  0.625636  0.625643  0.625636  
59	0	0	1259.93   0.630304  0.630295  0.630304  0.630295  
60	0	0	1263.78   0.635091  0.635074  0.635091  0.635074  
61	0	0	1280.37   0.640016  0.639994  0.640016  0.639994  
62	0	0	1289.2    0.645109  0.645065  0.645109  0.645065  
63	0	0	1294.72   0.650276  0.650259  0.650276  0.650259  
64	0	0	1305.15   0.65563   0.655611  0.65563   0.655611  
65	0	0	1327.39   0.661173  0.661147  0.661173  0.661147  
66	0	0	1336.02   0.666886  0.666863  0.666886  0.666863  
67	0	0	1347.42   0.672799  0.67277   0.672799  0.67277   
68	0	0	1361.66   0.678855  0.678857  0.678855  0.678857  
69	0	0	1362.85   0.685132  0.685121  0.685132  0.685121  
70	0	0	1386.87   0.691666  0.691608  0.691666  0.691608  
71	0	0	1392.85   0.698333  0.698328  0.698333  0.698328  
72	0	0	1407.25   0.705287  0.705266  0.705287  0.705266  
73	0	0	1430.12   0.71251   0.712475  0.71251   0.712475  
74	0	0	1444.74   0.720049  0.719983  0.720049  0.719983  
75	0	0	1455.63   0.727823  0.72775   0.727823  0.72775   
76	0	0	1479.11   0.735854  0.735842  0.735854  0.735842  
77	0	0	1494.19   0.744307  0.744277  0.744307  0.744277  
78	0	0	1504.32   0.753126  0.753027  0.753126  0.753027  
79	0	0	1527.84   0.762174  0.762145  0.762174  0.762145  
80	0	0	1549.95   0.771717  0.7717    0.771717  0.7717    
81	0	0	1567.63   0.781752  0.781675  0.781752  0.781675  
82	0	0	1589.69   0.792257  0.792115  0.792257  0.792115  
83	0	0	1605.44   0.803205  0.803037  0.803205  0.803037  
84	0	0	1628.83   0.814643  0.814498  0.814643  0.814498  
85	0	0	1654.17   0.826777  0.826552  0.826777  0.826552  
86	0	0	1687.56   0.839518  0.839291  0.839518  0.839291  
87	0	0	1704.23   0.852924  0.852712  0.852924  0.852712  
88	0	0	1728.54   0.867106  0.866833  0.867106  0.866833  
89	0	0	1776.92   0.882115  0.881905  0.882115  0.881905  
90	0	0	1789.54   0.898248  0.897874  0.898248  0.897874  
91	0	0	1833.33   0.915243  0.914858  0.915243  0.914858  
92	0	0	1867.52   0.933414  0.933022  0.933414  0.933022  
93	0	0	1912.95   0.952995  0.952518  0.952995  0.952518  
94	0	0	1947.67   0.973926  0.973475  0.973926  0.973475  
95	0	0	1987.82   0.996623  0.996019  0.996623  0.996019  
96	0	0	2044.6    1.02121   1.02048   1.02121   1.02048   
97	0	0	2098.88   1.04808   1.04714   1.04808   1.04714   
98	0	0	2154.41   1.0774    1.07632   1.0774    1.07632   
99	0	0	2224.65   1.1099    1.10852   1.1099    1.10852   
100	0	0	2284.66   1.14567   1.14412   1.14567   1.14412   
101	0	0	2363.15   1.1857    1.18383   1.1857    1.18383   
102	0	0	2471.12   1.23128   1.22881   1.23128   1.22881   
103	0	0	2567.63   1.28321   1.28022   1.28321   1.28022   
104	0	0	2687.51   1.3438    1.3396    1.3438    1.3396    
105	0	0	2822.87   1.41514   1.40936   1.41514   1.40936   
106	0	0	2988.59   1.50158   1.4931    1.50158   1.4931    
107	0	0	3197.99   1.60935   1.59673   1.60935   1.59673   
108	0	0	3470.85   1.75205   1.73043   1.75205   1.73043   
109	0	0	3839.96   1.96474   1.91635   1.96474   1.91635   
110	0	0	4398.8    2.38126   2.19715   2.38126   2.19715   
111	0	0	5360.14   3.48538   2.7191    3.48538   2.7191    
112	0	0	6448.86   5.72619   3.6125    5.72619   3.6125    
113	0	0	6073.21   8.02621   4.70934   8.02621   4.70934   
114	0	0	3799.01   10.3452   5.89719   10.3452   5.89719   
115	0	0	1399.31   11.7307   6.76332   11.7307   6.76332   
116	0	0	349.427   13.8581   8.31853   13.8581   8.31853   
117	0	0	32.8944   15.8533   9.58239   15.8533   9.58239   
118	0	0	0         0         0         0         0         
119	0	0	0         0         0         0         0         
120	0	0	0         0         0         0         0         
121	0	0	0         0         0         0         0         
122	0	0	0         0         0         0         0         
123	0	0	0         0         0         0         0         
124	0	0	0         0         0         0         0         
125	0	0	0         0         0         0         0         
126	0	0	0         0         0         0         0         
127	0	0	0         0         0         0         0         
128	0	0	0         0         0         0         0         
129	0	0	0         0         0         0         0         
130	0	0	0         0         0         0         0         
131	0	0	0         0         0         0         0         
132	0	0	0         0         0         0         0         
133	0	0	0         0         0         0         0         
134	0	0	0         0         0         0         0         
135	0	0	0         0         0         0         0         
136	0	0	0         0         0         0         0         
137	0	0	0         0         0         0         0         
138	0	0	0         0         0         0         0         
139	0	0	0         0         0         0         0         
140	0	0	0         0         0         0         0         
141	0	0	0         0         0         0         0         
142	0	0	0         0         0         0         0         
143	0	0	0         0         0         0         0         
144	0	0	0         0         0         0         0         
145	0	0	0         0         0         0         0         
146	0	0	0         0         0         0         0         
147	0	0	0         0         0         0         0         
148	0	0	0         0         0         0         0         
149	0	0	0         0         0         0         0         
150	0	0	0         0         0         0         0         
151	0	0	0         0         0         0         0         
152	0	0	0         0         0         0         0         
153	0	0	0         0         0         0         0         
154	0	0	0         0         0         0         0         
155	0	0	0         0         0         0         0         
156	0	0	0         0         0         0         0         
157	0	0	0         0         0         0         0         
158	0	0	0         0         0         0         0         
159	0	0	0         0         0         0         0         
160	0	0	0         0         0         0         0         
161	0	0	0         0         0         0         0         
162	0	0	0         0         0         0         0         
163	0	0	0         0         0         0         0         
164	0	0	0         0         0         0         0         
165	0	0	0         0         0         0         0         
166	0	0	0         0         0         0         0         
167	0	0	0         0         0         0         0         
168	0	0	0         0         0         0         0         
169	0	0	0         0         0         0         0         
170	0	0	0         0         0         0         0         
171	0	0	0         0         0         0         0         
172	0	0	0         0         0         0         0         
173	0	0	0         0         0         0         0         
174	0	0	0         0         0         0         0         
175	0	0	0         0         0         0         0         
176	0	0	0         0         0         0         0         
177	0	0	0         0         0         0         0         
178	0	0	0         0         0         0         0         
179	0	0	0         0         0         0         0         
180	0	0	0         0         0         0         0         
181	0	0	0         0         0         0         0         
182	0	0	0         0         0         0         0         
183	0	0	0         0         0         0         0         
184	0	0	0         0         0         0         0         
185	0	0	0         0         0         0         0         
186	0	0	0         0         0         0         0         
187	0	0	0         0         0         0         0         
188	0	0	0         0         0         0         0         
189	0	0	0         0         0         0         0         
190	0	0	0         0         0         0         0         
191	0	0	0         0         0         0         0         
192	0	0	0         0         0         0         0         
193	0	0	0         0         0         0         0         
194	0	0	0         0         0         0         0         
195	0	0	0         0         0         0         0         
196	0	0	0         0         0         0         0         
197	0	0	0         0         0         0         0         
198	0	0	0         0         0         0         0         
199	0	0	0         0         0         0         0         