i	j	k	Dose      LDT       LTT       proton_1_Dproton_1_T

0	0	0	910.824   0.455602  0.455608  0.455602  0.455608  
1	0	0	917.161   0.456994  0.457003  0.456994  0.457003  
2	0	0	913.618   0.458406  0.458411  0.458406  0.458411  
3	0	0	917.744   0.459832  0.459832  0.459832  0.459832  
4	0	0	921.901   0.461271  0.461277  0.461271  0.461277  
5	0	0	921.394   0.462728  0.462734  0.462728  0.462734  
6	0	0	931.441   0.464215  0.464216  0.464215  0.464216  
7	0	0	936.175   0.465707  0.465723  0.465707  0.465723  
8	0	0	933.235   0.467237  0.467245  0.467237  0.467245  
9	0	0	940.887   0.468778  0.468782  0.468778  0.468782  
10	0	0	934.491   0.470328  0.47034   0.470328  0.47034   
11	0	0	942.478   0.471895  0.471915  0.471895  0.471915  
12	0	0	944.281   0.473505  0.473513  0.473505  0.473513  
13	0	0	952.57    0.475134  0.475131  0.475134  0.475131  
14	0	0	947.641   0.47677   0.476773  0.47677   0.476773  
15	0	0	961.284   0.478431  0.47844   0.478431  0.47844   
16	0	0	959.112   0.480118  0.480131  0.480118  0.480131  
17	0	0	965.221   0.481835  0.481848  0.481835  0.481848  
18	0	0	966.174   0.483589  0.483581  0.483589  0.483581  
19	0	0	971.15    0.485342  0.485348  0.485342  0.485348  
20	0	0	974.062   0.487122  0.487135  0.487122  0.487135  
21	0	0	972.957   0.488931  0.48894   0.488931  0.48894   
22	0	0	976.059   0.49077   0.490771  0.49077   0.490771  
23	0	0	979.28    0.49261   0.492629  0.49261   0.492629  
24	0	0	987.72    0.494512  0.494515  0.494512  0.494515  
25	0	0	990.177   0.496436  0.496429  0.496436  0.496429  
26	0	0	999.883   0.498376  0.498386  0.498376  0.498386  
27	0	0	1005.01   0.500367  0.500376  0.500367  0.500376  
28	0	0	1001.86   0.502381  0.502393  0.502381  0.502393  
29	0	0	1007.42   0.504428  0.504428  0.504428  0.504428  
30	0	0	1010.17   0.506498  0.506501  0.506498  0.506501  
31	0	0	1011.54   0.508597  0.5086    0.508597  0.5086    
32	0	0	1019      0.510741  0.51074   0.510741  0.51074   
33	0	0	1024.31   0.512904  0.512913  0.512904  0.512913  
34	0	0	1032.48   0.515113  0.51513   0.515113  0.51513   
35	0	0	1039.36   0.517367  0.517387  0.517367  0.517387  
36	0	0	1039.91   0.51967   0.519683  0.51967   0.519683  
37	0	0	1048.37   0.522014  0.522019  0.522014  0.522019  
38	0	0	1052.56   0.524399  0.524395  0.524399  0.524395  
39	0	0	1055.22   0.52679   0.52681   0.52679   0.52681   
40	0	0	1057.75   0.529259  0.529266  0.529259  0.529266  
41	0	0	1065.7    0.531747  0.531763  0.531747  0.531763  
42	0	0	1068.18   0.534284  0.534307  0.534284  0.534307  
43	0	0	1073.37   0.53689   0.536894  0.53689   0.536894  
44	0	0	1076.97   0.539507  0.539526  0.539507  0.539526  
45	0	0	1070.66   0.542155  0.542191  0.542155  0.542191  
46	0	0	1086.37   0.544906  0.544911  0.544906  0.544911  
47	0	0	1099.66   0.547705  0.547703  0.547705  0.547703  
48	0	0	1093.16   0.550553  0.550536  0.550553  0.550536  
49	0	0	1112.04   0.553444  0.553436  0.553444  0.553436  
50	0	0	1106.68   0.556361  0.556391  0.556361  0.556391  
51	0	0	1117.77   0.559391  0.559403  0.559391  0.559403  
52	0	0	1118.71   0.562457  0.562467  0.562457  0.562467  
53	0	0	1129.81   0.56559   0.565603  0.56559   0.565603  
54	0	0	1130.84   0.568807  0.568797  0.568807  0.568797  
55	0	0	1143.04   0.572093  0.572066  0.572093  0.572066  
56	0	0	1150.63   0.575375  0.575415  0.575375  0.575415  
57	0	0	1157.04   0.5788    0.578833  0.5788    0.578833  
58	0	0	1159.72   0.582299  0.582322  0.582299  0.582322  
59	0	0	1163.37   0.585883  0.585879  0.585883  0.585879  
60	0	0	1182.91   0.589505  0.589538  0.589505  0.589538  
61	0	0	1187.91   0.593274  0.593289  0.593274  0.593289  
62	0	0	1194.39   0.597124  0.597126  0.597124  0.597126  
63	0	0	1203.22   0.601062  0.601059  0.601062  0.601059  
64	0	0	1206.57   0.60509   0.605078  0.60509   0.605078  
65	0	0	1213.07   0.60921   0.609184  0.60921   0.609184  
66	0	0	1228.91   0.613374  0.613412  0.613374  0.613412  
67	0	0	1234.02   0.617756  0.617747  0.617756  0.617747  
68	0	0	1239.95   0.622172  0.622187  0.622172  0.622187  
69	0	0	1255.01   0.62675   0.626759  0.62675   0.626759  
70	0	0	1258.28   0.631485  0.631444  0.631485  0.631444  
71	0	0	1274.93   0.636315  0.636272  0.636315  0.636272  
72	0	0	1276.65   0.641227  0.641223  0.641227  0.641223  
73	0	0	1284.6    0.646334  0.646295  0.646334  0.646295  
74	0	0	1310.21   0.651601  0.651558  0.651601  0.651558  
75	0	0	1311.31   0.656955  0.656962  0.656955  0.656962  
76	0	0	1325.83   0.662562  0.662545  0.662562  0.662545  
77	0	0	1342.79   0.668351  0.668312  0.668351  0.668312  
78	0	0	1348.56   0.674306  0.674254  0.674306  0.674254  
79	0	0	1366.27   0.68043   0.680402  0.68043   0.680402  
80	0	0	1374.72   0.686815  0.686746  0.686815  0.686746  
81	0	0	1392.41   0.693335  0.693313  0.693335  0.693313  
82	0	0	1398.44   0.700198  0.700095  0.700198  0.700095  
83	0	0	1417.47   0.707167  0.707128  0.707167  0.707128  
84	0	0	1428.15   0.714459  0.714397  0.714459  0.714397  
85	0	0	1441.51   0.721989  0.721941  0.721989  0.721941  
86	0	0	1464.89   0.729904  0.72979   0.729904  0.72979   
87	0	0	1475.94   0.738069  0.737957  0.738069  0.737957  
88	0	0	1489.81   0.746509  0.746428  0.746509  0.746428  
89	0	0	1511.49   0.755372  0.755263  0.755372  0.755263  
90	0	0	1533.09   0.764607  0.764496  0.764607  0.764496  
91	0	0	1543.17   0.77425   0.774099  0.77425   0.774099  
92	0	0	1567.43   0.784276  0.784149  0.784276  0.784149  
93	0	0	1594.18   0.794892  0.794698  0.794892  0.794698  
94	0	0	1607.58   0.805876  0.80572   0.805876  0.80572   
95	0	0	1636.19   0.817476  0.817331  0.817476  0.817331  
96	0	0	1660.81   0.829706  0.82953   0.829706  0.82953   
97	0	0	1688.42   0.842717  0.842414  0.842717  0.842414  
98	0	0	1717.05   0.856314  0.856017  0.856314  0.856017  
99	0	0	1749.03   0.870813  0.870434  0.870813  0.870434  
100	0	0	1775.75   0.886289  0.885745  0.886289  0.885745  
101	0	0	1797.01   0.902343  0.901927  0.902343  0.901927  
102	0	0	1835.21   0.919588  0.919155  0.919588  0.919155  
103	0	0	1888.09   0.938251  0.937667  0.938251  0.937667  
104	0	0	1920.45   0.958185  0.957581  0.958185  0.957581  
105	0	0	1960.35   0.979556  0.978904  0.979556  0.978904  
106	0	0	2007.58   1.00285   1.00197   1.00285   1.00197   
107	0	0	2065.49   1.0282    1.02708   1.0282    1.02708   
108	0	0	2108.36   1.05563   1.05439   1.05563   1.05439   
109	0	0	2173.51   1.08569   1.08433   1.08569   1.08433   
110	0	0	2242.26   1.11912   1.11742   1.11912   1.11742   
111	0	0	2314.09   1.15621   1.15417   1.15621   1.15417   
112	0	0	2396.12   1.19776   1.19536   1.19776   1.19536   
113	0	0	2489.02   1.24539   1.24198   1.24539   1.24198   
114	0	0	2603.27   1.29974   1.29546   1.29974   1.29546   
115	0	0	2719.57   1.36337   1.35762   1.36337   1.35762   
116	0	0	2874.34   1.43919   1.43125   1.43919   1.43125   
117	0	0	3049.53   1.53185   1.52049   1.53185   1.52049   
118	0	0	3278.34   1.65153   1.6326    1.65153   1.6326    
119	0	0	3571.08   1.83985   1.7826    1.83985   1.7826    
120	0	0	3991.02   2.07342   1.98904   2.07342   1.98904   
121	0	0	4690.82   2.81497   2.35148   2.81497   2.35148   
122	0	0	5662.79   4.09977   2.9454    4.09977   2.9454    
123	0	0	6250.27   6.52837   3.84438   6.52837   3.84438   
124	0	0	5347.31   8.0948    4.75245   8.0948    4.75245   
125	0	0	3248.37   10.6215   5.98952   10.6215   5.98952   
126	0	0	1140.93   11.7073   6.67      11.7073   6.67      
127	0	0	325.653   12.9252   7.52784   12.9252   7.52784   
128	0	0	35.8219   12.9431   7.8771    12.9431   7.8771    
129	0	0	4.83592   18.9564   14.0891   18.9564   14.0891   
130	0	0	0         0         0         0         0         
131	0	0	0         0         0         0         0         
132	0	0	0         0         0         0         0         
133	0	0	0         0         0         0         0         
134	0	0	0         0         0         0         0         
135	0	0	0         0         0         0         0         
136	0	0	0         0         0         0         0         
137	0	0	0         0         0         0         0         
138	0	0	0         0         0         0         0         
139	0	0	0         0         0         0         0         
140	0	0	0         0         0         0         0         
141	0	0	0         0         0         0         0         
142	0	0	0         0         0         0         0         
143	0	0	0         0         0         0         0         
144	0	0	0         0         0         0         0         
145	0	0	0         0         0         0         0         
146	0	0	0         0         0         0         0         
147	0	0	0         0         0         0         0         
148	0	0	0         0         0         0         0         
149	0	0	0         0         0         0         0         
150	0	0	0         0         0         0         0         
151	0	0	0         0         0         0         0         
152	0	0	0         0         0         0         0         
153	0	0	0         0         0         0         0         
154	0	0	0         0         0         0         0         
155	0	0	0         0         0         0         0         
156	0	0	0         0         0         0         0         
157	0	0	0         0         0         0         0         
158	0	0	0         0         0         0         0         
159	0	0	0         0         0         0         0         
160	0	0	0         0         0         0         0         
161	0	0	0         0         0         0         0         
162	0	0	0         0         0         0         0         
163	0	0	0         0         0         0         0         
164	0	0	0         0         0         0         0         
165	0	0	0         0         0         0         0         
166	0	0	0         0         0         0         0         
167	0	0	0         0         0         0         0         
168	0	0	0         0         0         0         0         
169	0	0	0         0         0         0         0         
170	0	0	0         0         0         0         0         
171	0	0	0         0         0         0         0         
172	0	0	0         0         0         0         0         
173	0	0	0         0         0         0         0         
174	0	0	0         0         0         0         0         
175	0	0	0         0         0         0         0         
176	0	0	0         0         0         0         0         
177	0	0	0         0         0         0         0         
178	0	0	0         0         0         0         0         
179	0	0	0         0         0         0         0         
180	0	0	0         0         0         0         0         
181	0	0	0         0         0         0         0         
182	0	0	0         0         0         0         0         
183	0	0	0         0         0         0         0         
184	0	0	0         0         0         0         0         
185	0	0	0         0         0         0         0         
186	0	0	0         0         0         0         0         
187	0	0	0         0         0         0         0         
188	0	0	0         0         0         0         0         
189	0	0	0         0         0         0         0         
190	0	0	0         0         0         0         0         
191	0	0	0         0         0         0         0         
192	0	0	0         0         0         0         0         
193	0	0	0         0         0         0         0         
194	0	0	0         0         0         0         0         
195	0	0	0         0         0         0         0         
196	0	0	0         0         0         0         0         
197	0	0	0         0         0         0         0         
198	0	0	0         0         0         0         0         
199	0	0	0         0         0         0         0         