i	j	k	Dose      LDT       LTT       proton_1_Dproton_1_T

0	0	0	844.63    0.421804  0.421809  0.421804  0.421809  
1	0	0	836.127   0.422816  0.42282   0.422816  0.42282   
2	0	0	853.963   0.423845  0.423852  0.423845  0.423852  
3	0	0	844.744   0.424879  0.424885  0.424879  0.424885  
4	0	0	857.983   0.42593   0.425936  0.42593   0.425936  
5	0	0	853.307   0.426991  0.426996  0.426991  0.426996  
6	0	0	856.955   0.428065  0.428068  0.428065  0.428068  
7	0	0	861.108   0.429152  0.429151  0.429152  0.429151  
8	0	0	866.29    0.430248  0.430252  0.430248  0.430252  
9	0	0	861.54    0.431352  0.431358  0.431352  0.431358  
10	0	0	863.695   0.432467  0.432471  0.432467  0.432471  
11	0	0	868.94    0.433595  0.4336    0.433595  0.4336    
12	0	0	872.997   0.434738  0.434743  0.434738  0.434743  
13	0	0	872.048   0.435893  0.435898  0.435893  0.435898  
14	0	0	885.303   0.437064  0.437072  0.437064  0.437072  
15	0	0	879.521   0.438245  0.438255  0.438245  0.438255  
16	0	0	877.262   0.439446  0.439446  0.439446  0.439446  
17	0	0	878.698   0.440642  0.440649  0.440642  0.440649  
18	0	0	883.108   0.441858  0.441861  0.441858  0.441861  
19	0	0	885.042   0.44309   0.44309   0.44309   0.44309   
20	0	0	896.956   0.444324  0.444343  0.444324  0.444343  
21	0	0	893.263   0.445599  0.445605  0.445599  0.445605  
22	0	0	885.28    0.446858  0.446872  0.446858  0.446872  
23	0	0	884.897   0.448141  0.448145  0.448141  0.448145  
24	0	0	895.803   0.449435  0.449441  0.449435  0.449441  
25	0	0	899.876   0.450756  0.450754  0.450756  0.450754  
26	0	0	909.024   0.452088  0.452093  0.452088  0.452093  
27	0	0	904.595   0.453433  0.45344   0.453433  0.45344   
28	0	0	906.593   0.454798  0.454802  0.454798  0.454802  
29	0	0	921.922   0.45619   0.456193  0.45619   0.456193  
30	0	0	915.383   0.45759   0.457595  0.45759   0.457595  
31	0	0	921.044   0.459008  0.459016  0.459008  0.459016  
32	0	0	911.141   0.460441  0.460441  0.460441  0.460441  
33	0	0	917.011   0.461879  0.461883  0.461879  0.461883  
34	0	0	924.441   0.463325  0.463346  0.463325  0.463346  
35	0	0	935.624   0.464834  0.46484   0.464834  0.46484   
36	0	0	936.894   0.466354  0.466353  0.466354  0.466353  
37	0	0	941.995   0.467903  0.467892  0.467903  0.467892  
38	0	0	937.751   0.469448  0.469441  0.469448  0.469441  
39	0	0	935.798   0.471009  0.471003  0.471009  0.471003  
40	0	0	937.829   0.472562  0.47258   0.472562  0.47258   
41	0	0	943.836   0.474175  0.474181  0.474175  0.474181  
42	0	0	958.409   0.47581   0.475816  0.47581   0.475816  
43	0	0	953.456   0.477466  0.477472  0.477466  0.477472  
44	0	0	957.221   0.47914   0.479147  0.47914   0.479147  
45	0	0	960.671   0.480847  0.480844  0.480847  0.480844  
46	0	0	964.98    0.482571  0.482565  0.482571  0.482565  
47	0	0	971.895   0.484307  0.484318  0.484307  0.484318  
48	0	0	969.825   0.486094  0.486092  0.486094  0.486092  
49	0	0	974.413   0.487902  0.487885  0.487902  0.487885  
50	0	0	977.715   0.489705  0.489708  0.489705  0.489708  
51	0	0	980.482   0.491547  0.491556  0.491547  0.491556  
52	0	0	983.036   0.493428  0.493423  0.493428  0.493423  
53	0	0	985.068   0.495329  0.495323  0.495329  0.495323  
54	0	0	992.371   0.497251  0.497255  0.497251  0.497255  
55	0	0	1000.1    0.499215  0.499214  0.499215  0.499214  
56	0	0	998.913   0.50122   0.501212  0.50122   0.501212  
57	0	0	1011.25   0.50324   0.503235  0.50324   0.503235  
58	0	0	1009.24   0.505308  0.505298  0.505308  0.505298  
59	0	0	1009.36   0.507357  0.507377  0.507357  0.507377  
60	0	0	1017.89   0.509508  0.509495  0.509508  0.509495  
61	0	0	1025.26   0.511669  0.511662  0.511669  0.511662  
62	0	0	1031.64   0.51386   0.513859  0.51386   0.513859  
63	0	0	1028.58   0.516106  0.516088  0.516106  0.516088  
64	0	0	1033.74   0.518333  0.518351  0.518333  0.518351  
65	0	0	1041.21   0.520622  0.520652  0.520622  0.520652  
66	0	0	1046.91   0.52302   0.523     0.52302   0.523     
67	0	0	1054.74   0.525387  0.525391  0.525387  0.525391  
68	0	0	1051.7    0.527835  0.527817  0.527835  0.527817  
69	0	0	1055.85   0.530259  0.530283  0.530259  0.530283  
70	0	0	1066.53   0.532791  0.53279   0.532791  0.53279   
71	0	0	1077.36   0.53535   0.535361  0.53535   0.535361  
72	0	0	1067.77   0.537963  0.537968  0.537963  0.537968  
73	0	0	1088.46   0.540623  0.540626  0.540623  0.540626  
74	0	0	1079.63   0.543375  0.543329  0.543375  0.543329  
75	0	0	1091.63   0.546066  0.546082  0.546066  0.546082  
76	0	0	1092.56   0.548875  0.548885  0.548875  0.548885  
77	0	0	1106.65   0.551746  0.551752  0.551746  0.551752  
78	0	0	1108.27   0.554663  0.554675  0.554663  0.554675  
79	0	0	1115.71   0.55767   0.55766   0.55767   0.55766   
80	0	0	1117.21   0.560685  0.560695  0.560685  0.560695  
81	0	0	1116.39   0.563777  0.563784  0.563777  0.563784  
82	0	0	1134.04   0.566975  0.566938  0.566975  0.566938  
83	0	0	1141.82   0.570213  0.570183  0.570213  0.570183  
84	0	0	1145.27   0.57351   0.57349   0.57351   0.57349   
85	0	0	1149.92   0.576888  0.576865  0.576888  0.576865  
86	0	0	1164.61   0.580351  0.580318  0.580351  0.580318  
87	0	0	1165.16   0.583837  0.583851  0.583837  0.583851  
88	0	0	1167.19   0.58746   0.58744   0.58746   0.58744   
89	0	0	1175.74   0.591091  0.591124  0.591091  0.591124  
90	0	0	1183.83   0.594909  0.594881  0.594909  0.594881  
91	0	0	1200.7    0.59877   0.598762  0.59877   0.598762  
92	0	0	1202.88   0.602747  0.602722  0.602747  0.602722  
93	0	0	1212.9    0.6068    0.606789  0.6068    0.606789  
94	0	0	1225.3    0.610995  0.610961  0.610995  0.610961  
95	0	0	1235.25   0.615246  0.61525   0.615246  0.61525   
96	0	0	1228.71   0.619677  0.61962   0.619677  0.61962   
97	0	0	1244.14   0.62413   0.624109  0.62413   0.624109  
98	0	0	1259.57   0.628759  0.628728  0.628759  0.628728  
99	0	0	1264.11   0.633491  0.633469  0.633491  0.633469  
100	0	0	1275.13   0.638409  0.638347  0.638409  0.638347  
101	0	0	1289.2    0.643423  0.643378  0.643423  0.643378  
102	0	0	1301.96   0.648602  0.648567  0.648602  0.648567  
103	0	0	1308.74   0.653918  0.653885  0.653918  0.653885  
104	0	0	1323.67   0.659429  0.659391  0.659429  0.659391  
105	0	0	1335.15   0.665103  0.665061  0.665103  0.665061  
106	0	0	1345.41   0.671025  0.670904  0.671025  0.670904  
107	0	0	1348.49   0.676981  0.676925  0.676981  0.676925  
108	0	0	1377.03   0.68322   0.683161  0.68322   0.683161  
109	0	0	1382.15   0.689721  0.689629  0.689721  0.689629  
110	0	0	1393.68   0.696365  0.69628   0.696365  0.69628   
111	0	0	1406.49   0.703296  0.70316   0.703296  0.70316   
112	0	0	1417.64   0.710406  0.710291  0.710406  0.710291  
113	0	0	1435.77   0.71779   0.717683  0.71779   0.717683  
114	0	0	1450.5    0.725567  0.72536   0.725567  0.72536   
115	0	0	1462.16   0.733501  0.733316  0.733501  0.733316  
116	0	0	1474.43   0.741747  0.741578  0.741747  0.741578  
117	0	0	1501.8    0.750333  0.750202  0.750333  0.750202  
118	0	0	1519.75   0.759406  0.759199  0.759406  0.759199  
119	0	0	1541.68   0.768912  0.768617  0.768912  0.768617  
120	0	0	1560.73   0.778642  0.778447  0.778642  0.778447  
121	0	0	1584.2    0.789004  0.788752  0.789004  0.788752  
122	0	0	1609.99   0.799789  0.799583  0.799789  0.799583  
123	0	0	1624.12   0.811195  0.810908  0.811195  0.810908  
124	0	0	1652.2    0.823171  0.822817  0.823171  0.822817  
125	0	0	1669.47   0.835724  0.835338  0.835724  0.835338  
126	0	0	1701.44   0.848927  0.848524  0.848927  0.848524  
127	0	0	1731.16   0.86298   0.862521  0.86298   0.862521  
128	0	0	1755.49   0.877867  0.877315  0.877867  0.877315  
129	0	0	1786.3    0.893643  0.893003  0.893643  0.893003  
130	0	0	1822.87   0.910462  0.90972   0.910462  0.90972   
131	0	0	1862.17   0.928398  0.927596  0.928398  0.927596  
132	0	0	1890.33   0.947602  0.946703  0.947602  0.946703  
133	0	0	1951.2    0.968324  0.96728   0.968324  0.96728   
134	0	0	1981.59   0.990712  0.989515  0.990712  0.989515  
135	0	0	2030.87   1.01499   1.01353   1.01499   1.01353   
136	0	0	2085.61   1.04118   1.03967   1.04118   1.03967   
137	0	0	2140.06   1.07037   1.06825   1.07037   1.06825   
138	0	0	2200.32   1.10195   1.09968   1.10195   1.09968   
139	0	0	2266.47   1.13738   1.13445   1.13738   1.13445   
140	0	0	2345.5    1.17689   1.17326   1.17689   1.17326   
141	0	0	2451.42   1.2217    1.21721   1.2217    1.21721   
142	0	0	2541.48   1.27346   1.26738   1.27346   1.26738   
143	0	0	2666.97   1.33353   1.32547   1.33353   1.32547   
144	0	0	2801      1.40517   1.39397   1.40517   1.39397   
145	0	0	2959.23   1.49596   1.47691   1.49596   1.47691   
146	0	0	3158.88   1.63291   1.57964   1.63291   1.57964   
147	0	0	3429.83   1.75384   1.70949   1.75384   1.70949   
148	0	0	3813.03   2.10126   1.90421   2.10126   1.90421   
149	0	0	4316.55   2.59326   2.17833   2.59326   2.17833   
150	0	0	5040.93   3.78914   2.6268    3.78914   2.6268    
151	0	0	5680.5    5.10622   3.24413   5.10622   3.24413   
152	0	0	5505.85   6.89914   3.98767   6.89914   3.98767   
153	0	0	4469.7    8.55067   4.90604   8.55067   4.90604   
154	0	0	2410.12   10.4263   5.69949   10.4263   5.69949   
155	0	0	1066.75   11.2634   6.57135   11.2634   6.57135   
156	0	0	253.566   12.4546   6.98948   12.4546   6.98948   
157	0	0	63.1068   13.2407   8.44515   13.2407   8.44515   
158	0	0	0         0         0         0         0         
159	0	0	0         0         0         0         0         
160	0	0	0         0         0         0         0         
161	0	0	0         0         0         0         0         
162	0	0	0         0         0         0         0         
163	0	0	0         0         0         0         0         
164	0	0	0         0         0         0         0         
165	0	0	0         0         0         0         0         
166	0	0	0         0         0         0         0         
167	0	0	0         0         0         0         0         
168	0	0	0         0         0         0         0         
169	0	0	0         0         0         0         0         
170	0	0	0         0         0         0         0         
171	0	0	0         0         0         0         0         
172	0	0	0         0         0         0         0         
173	0	0	0         0         0         0         0         
174	0	0	0         0         0         0         0         
175	0	0	0         0         0         0         0         
176	0	0	0         0         0         0         0         
177	0	0	0         0         0         0         0         
178	0	0	0         0         0         0         0         
179	0	0	0         0         0         0         0         
180	0	0	0         0         0         0         0         
181	0	0	0         0         0         0         0         
182	0	0	0         0         0         0         0         
183	0	0	0         0         0         0         0         
184	0	0	0         0         0         0         0         
185	0	0	0         0         0         0         0         
186	0	0	0         0         0         0         0         
187	0	0	0         0         0         0         0         
188	0	0	0         0         0         0         0         
189	0	0	0         0         0         0         0         
190	0	0	0         0         0         0         0         
191	0	0	0         0         0         0         0         
192	0	0	0         0         0         0         0         
193	0	0	0         0         0         0         0         
194	0	0	0         0         0         0         0         
195	0	0	0         0         0         0         0         
196	0	0	0         0         0         0         0         
197	0	0	0         0         0         0         0         
198	0	0	0         0         0         0         0         
199	0	0	0         0         0         0         0         